Built target ament_cmake_python_symlink_asitlorbotsix_localization
running egg_info
writing asitlorbotsix_localization.egg-info/PKG-INFO
writing dependency_links to asitlorbotsix_localization.egg-info/dependency_links.txt
writing top-level names to asitlorbotsix_localization.egg-info/top_level.txt
reading manifest file 'asitlorbotsix_localization.egg-info/SOURCES.txt'
writing manifest file 'asitlorbotsix_localization.egg-info/SOURCES.txt'
Built target ament_cmake_python_build_asitlorbotsix_localization_egg
-- Install configuration: ""
-- Execute custom install script
-- Up-to-date symlink: /home/asimkumar/asitlorbotsix_ws/install/asitlorbotsix_localization/share/asitlorbotsix_localization/environment/pythonpath.sh
-- Up-to-date symlink: /home/asimkumar/asitlorbotsix_ws/install/asitlorbotsix_localization/share/asitlorbotsix_localization/environment/pythonpath.dsv
-- Up-to-date symlink: /home/asimkumar/asitlorbotsix_ws/install/asitlorbotsix_localization/local/lib/python3.10/dist-packages/asitlorbotsix_localization-0.0.0-py3.10.egg-info/PKG-INFO
-- Up-to-date symlink: /home/asimkumar/asitlorbotsix_ws/install/asitlorbotsix_localization/local/lib/python3.10/dist-packages/asitlorbotsix_localization-0.0.0-py3.10.egg-info/SOURCES.txt
-- Up-to-date symlink: /home/asimkumar/asitlorbotsix_ws/install/asitlorbotsix_localization/local/lib/python3.10/dist-packages/asitlorbotsix_localization-0.0.0-py3.10.egg-info/dependency_links.txt
-- Up-to-date symlink: /home/asimkumar/asitlorbotsix_ws/install/asitlorbotsix_localization/local/lib/python3.10/dist-packages/asitlorbotsix_localization-0.0.0-py3.10.egg-info/top_level.txt
-- Up-to-date symlink: /home/asimkumar/asitlorbotsix_ws/install/asitlorbotsix_localization/local/lib/python3.10/dist-packages/asitlorbotsix_localization/__init__.py
-- Up-to-date symlink: /home/asimkumar/asitlorbotsix_ws/install/asitlorbotsix_localization/local/lib/python3.10/dist-packages/asitlorbotsix_localization/bayesian_optimization.py
-- Up-to-date symlink: /home/asimkumar/asitlorbotsix_ws/install/asitlorbotsix_localization/local/lib/python3.10/dist-packages/asitlorbotsix_localization/imu_republisher.py
-- Up-to-date symlink: /home/asimkumar/asitlorbotsix_ws/install/asitlorbotsix_localization/local/lib/python3.10/dist-packages/asitlorbotsix_localization/rmse.py
-- Up-to-date symlink: /home/asimkumar/asitlorbotsix_ws/install/asitlorbotsix_localization/local/lib/python3.10/dist-packages/asitlorbotsix_localization/set_init_amcl_pose.py
-- Up-to-date symlink: /home/asimkumar/asitlorbotsix_ws/install/asitlorbotsix_localization/local/lib/python3.10/dist-packages/asitlorbotsix_localization/test.py
-- Up-to-date symlink: /home/asimkumar/asitlorbotsix_ws/install/asitlorbotsix_localization/share/asitlorbotsix_localization/launch/amcl.launch
-- Up-to-date symlink: /home/asimkumar/asitlorbotsix_ws/install/asitlorbotsix_localization/share/asitlorbotsix_localization/launch/local_localization.launch.py
-- Up-to-date symlink: /home/asimkumar/asitlorbotsix_ws/install/asitlorbotsix_localization/share/asitlorbotsix_localization/launch/nav2.launch.py
-- Up-to-date symlink: /home/asimkumar/asitlorbotsix_ws/install/asitlorbotsix_localization/share/asitlorbotsix_localization/config/ekf.yaml
-- Up-to-date symlink: /home/asimkumar/asitlorbotsix_ws/install/asitlorbotsix_localization/share/asitlorbotsix_localization/maps/my_map_save_1_may.pgm
-- Up-to-date symlink: /home/asimkumar/asitlorbotsix_ws/install/asitlorbotsix_localization/share/asitlorbotsix_localization/maps/my_map_save_1_may.yaml
-- Up-to-date symlink: /home/asimkumar/asitlorbotsix_ws/install/asitlorbotsix_localization/share/asitlorbotsix_localization/maps/my_map_serial_1_may.data
-- Up-to-date symlink: /home/asimkumar/asitlorbotsix_ws/install/asitlorbotsix_localization/share/asitlorbotsix_localization/maps/my_map_serial_1_may.posegraph
-- Up-to-date symlink: /home/asimkumar/asitlorbotsix_ws/install/asitlorbotsix_localization/lib/asitlorbotsix_localization/imu_republisher.py
-- Up-to-date symlink: /home/asimkumar/asitlorbotsix_ws/install/asitlorbotsix_localization/lib/asitlorbotsix_localization/rmse.py
-- Up-to-date symlink: /home/asimkumar/asitlorbotsix_ws/install/asitlorbotsix_localization/lib/asitlorbotsix_localization/set_init_amcl_pose.py
-- Up-to-date symlink: /home/asimkumar/asitlorbotsix_ws/install/asitlorbotsix_localization/share/ament_index/resource_index/package_run_dependencies/asitlorbotsix_localization
-- Up-to-date symlink: /home/asimkumar/asitlorbotsix_ws/install/asitlorbotsix_localization/share/ament_index/resource_index/parent_prefix_path/asitlorbotsix_localization
-- Up-to-date symlink: /home/asimkumar/asitlorbotsix_ws/install/asitlorbotsix_localization/share/asitlorbotsix_localization/environment/ament_prefix_path.sh
-- Up-to-date symlink: /home/asimkumar/asitlorbotsix_ws/install/asitlorbotsix_localization/share/asitlorbotsix_localization/environment/ament_prefix_path.dsv
-- Up-to-date symlink: /home/asimkumar/asitlorbotsix_ws/install/asitlorbotsix_localization/share/asitlorbotsix_localization/environment/path.sh
-- Up-to-date symlink: /home/asimkumar/asitlorbotsix_ws/install/asitlorbotsix_localization/share/asitlorbotsix_localization/environment/path.dsv
-- Up-to-date symlink: /home/asimkumar/asitlorbotsix_ws/install/asitlorbotsix_localization/share/asitlorbotsix_localization/local_setup.bash
-- Up-to-date symlink: /home/asimkumar/asitlorbotsix_ws/install/asitlorbotsix_localization/share/asitlorbotsix_localization/local_setup.sh
-- Up-to-date symlink: /home/asimkumar/asitlorbotsix_ws/install/asitlorbotsix_localization/share/asitlorbotsix_localization/local_setup.zsh
-- Up-to-date symlink: /home/asimkumar/asitlorbotsix_ws/install/asitlorbotsix_localization/share/asitlorbotsix_localization/local_setup.dsv
-- Symlinking: /home/asimkumar/asitlorbotsix_ws/install/asitlorbotsix_localization/share/asitlorbotsix_localization/package.dsv
-- Up-to-date symlink: /home/asimkumar/asitlorbotsix_ws/install/asitlorbotsix_localization/share/ament_index/resource_index/packages/asitlorbotsix_localization
-- Up-to-date symlink: /home/asimkumar/asitlorbotsix_ws/install/asitlorbotsix_localization/share/asitlorbotsix_localization/cmake/asitlorbotsix_localizationConfig.cmake
-- Up-to-date symlink: /home/asimkumar/asitlorbotsix_ws/install/asitlorbotsix_localization/share/asitlorbotsix_localization/cmake/asitlorbotsix_localizationConfig-version.cmake
-- Up-to-date symlink: /home/asimkumar/asitlorbotsix_ws/install/asitlorbotsix_localization/share/asitlorbotsix_localization/package.xml
Listing '/home/asimkumar/asitlorbotsix_ws/install/asitlorbotsix_localization/local/lib/python3.10/dist-packages/asitlorbotsix_localization'...
