[0.338s] Invoking command in '/home/asimkumar/asitlorbotsix_ws/build/asitlorbotsix_cpp_examples': CMAKE_PREFIX_PATH=${CMAKE_PREFIX_PATH}:/home/asimkumar/asitlorbotsix_ws/install/asitlorbot_six:/opt/ros/humble /usr/bin/cmake --build /home/asimkumar/asitlorbotsix_ws/build/asitlorbotsix_cpp_examples -- -j8 -l8
[0.460s] [100%] Built target simple_lifecycle_node
[0.511s] Invoked command in '/home/asimkumar/asitlorbotsix_ws/build/asitlorbotsix_cpp_examples' returned '0': CMAKE_PREFIX_PATH=${CMAKE_PREFIX_PATH}:/home/asimkumar/asitlorbotsix_ws/install/asitlorbot_six:/opt/ros/humble /usr/bin/cmake --build /home/asimkumar/asitlorbotsix_ws/build/asitlorbotsix_cpp_examples -- -j8 -l8
[0.591s] Invoking command in '/home/asimkumar/asitlorbotsix_ws/build/asitlorbotsix_cpp_examples': CMAKE_PREFIX_PATH=${CMAKE_PREFIX_PATH}:/home/asimkumar/asitlorbotsix_ws/install/asitlorbot_six:/opt/ros/humble /usr/bin/cmake --install /home/asimkumar/asitlorbotsix_ws/build/asitlorbotsix_cpp_examples
[0.606s] -- Install configuration: ""
[0.608s] -- Execute custom install script
[0.613s] -- Up-to-date symlink: /home/asimkumar/asitlorbotsix_ws/install/asitlorbotsix_cpp_examples/lib/asitlorbotsix_cpp_examples/simple_lifecycle_node
[0.615s] -- Up-to-date symlink: /home/asimkumar/asitlorbotsix_ws/install/asitlorbotsix_cpp_examples/share/ament_index/resource_index/package_run_dependencies/asitlorbotsix_cpp_examples
[0.616s] -- Up-to-date symlink: /home/asimkumar/asitlorbotsix_ws/install/asitlorbotsix_cpp_examples/share/ament_index/resource_index/parent_prefix_path/asitlorbotsix_cpp_examples
[0.618s] -- Up-to-date symlink: /home/asimkumar/asitlorbotsix_ws/install/asitlorbotsix_cpp_examples/share/asitlorbotsix_cpp_examples/environment/ament_prefix_path.sh
[0.622s] -- Up-to-date symlink: /home/asimkumar/asitlorbotsix_ws/install/asitlorbotsix_cpp_examples/share/asitlorbotsix_cpp_examples/environment/ament_prefix_path.dsv
[0.623s] -- Up-to-date symlink: /home/asimkumar/asitlorbotsix_ws/install/asitlorbotsix_cpp_examples/share/asitlorbotsix_cpp_examples/environment/path.sh
[0.624s] -- Up-to-date symlink: /home/asimkumar/asitlorbotsix_ws/install/asitlorbotsix_cpp_examples/share/asitlorbotsix_cpp_examples/environment/path.dsv
[0.626s] -- Up-to-date symlink: /home/asimkumar/asitlorbotsix_ws/install/asitlorbotsix_cpp_examples/share/asitlorbotsix_cpp_examples/local_setup.bash
[0.628s] -- Up-to-date symlink: /home/asimkumar/asitlorbotsix_ws/install/asitlorbotsix_cpp_examples/share/asitlorbotsix_cpp_examples/local_setup.sh
[0.629s] -- Up-to-date symlink: /home/asimkumar/asitlorbotsix_ws/install/asitlorbotsix_cpp_examples/share/asitlorbotsix_cpp_examples/local_setup.zsh
[0.631s] -- Up-to-date symlink: /home/asimkumar/asitlorbotsix_ws/install/asitlorbotsix_cpp_examples/share/asitlorbotsix_cpp_examples/local_setup.dsv
[0.632s] -- Symlinking: /home/asimkumar/asitlorbotsix_ws/install/asitlorbotsix_cpp_examples/share/asitlorbotsix_cpp_examples/package.dsv
[0.654s] -- Up-to-date symlink: /home/asimkumar/asitlorbotsix_ws/install/asitlorbotsix_cpp_examples/share/ament_index/resource_index/packages/asitlorbotsix_cpp_examples
[0.655s] -- Up-to-date symlink: /home/asimkumar/asitlorbotsix_ws/install/asitlorbotsix_cpp_examples/share/asitlorbotsix_cpp_examples/cmake/asitlorbotsix_cpp_examplesConfig.cmake
[0.658s] -- Up-to-date symlink: /home/asimkumar/asitlorbotsix_ws/install/asitlorbotsix_cpp_examples/share/asitlorbotsix_cpp_examples/cmake/asitlorbotsix_cpp_examplesConfig-version.cmake
[0.658s] -- Up-to-date symlink: /home/asimkumar/asitlorbotsix_ws/install/asitlorbotsix_cpp_examples/share/asitlorbotsix_cpp_examples/package.xml
[0.674s] Invoked command in '/home/asimkumar/asitlorbotsix_ws/build/asitlorbotsix_cpp_examples' returned '0': CMAKE_PREFIX_PATH=${CMAKE_PREFIX_PATH}:/home/asimkumar/asitlorbotsix_ws/install/asitlorbot_six:/opt/ros/humble /usr/bin/cmake --install /home/asimkumar/asitlorbotsix_ws/build/asitlorbotsix_cpp_examples
