[0.502s] Invoking command in '/home/asimkumar/asitlorbotsix_ws/build/asitlorbotsix_localization': CMAKE_PREFIX_PATH=${CMAKE_PREFIX_PATH}:/home/asimkumar/asitlorbotsix_ws/install/asitlorbot_six:/opt/ros/humble /usr/bin/cmake --build /home/asimkumar/asitlorbotsix_ws/build/asitlorbotsix_localization -- -j8 -l8
[0.649s] Built target ament_cmake_python_symlink_asitlorbotsix_localization
[1.288s] running egg_info
[1.291s] writing asitlorbotsix_localization.egg-info/PKG-INFO
[1.291s] writing dependency_links to asitlorbotsix_localization.egg-info/dependency_links.txt
[1.291s] writing top-level names to asitlorbotsix_localization.egg-info/top_level.txt
[1.294s] reading manifest file 'asitlorbotsix_localization.egg-info/SOURCES.txt'
[1.296s] writing manifest file 'asitlorbotsix_localization.egg-info/SOURCES.txt'
[1.356s] Built target ament_cmake_python_build_asitlorbotsix_localization_egg
[1.377s] Invoked command in '/home/asimkumar/asitlorbotsix_ws/build/asitlorbotsix_localization' returned '0': CMAKE_PREFIX_PATH=${CMAKE_PREFIX_PATH}:/home/asimkumar/asitlorbotsix_ws/install/asitlorbot_six:/opt/ros/humble /usr/bin/cmake --build /home/asimkumar/asitlorbotsix_ws/build/asitlorbotsix_localization -- -j8 -l8
[1.443s] Invoking command in '/home/asimkumar/asitlorbotsix_ws/build/asitlorbotsix_localization': CMAKE_PREFIX_PATH=${CMAKE_PREFIX_PATH}:/home/asimkumar/asitlorbotsix_ws/install/asitlorbot_six:/opt/ros/humble /usr/bin/cmake --install /home/asimkumar/asitlorbotsix_ws/build/asitlorbotsix_localization
[1.461s] -- Install configuration: ""
[1.464s] -- Execute custom install script
[1.466s] -- Up-to-date symlink: /home/asimkumar/asitlorbotsix_ws/install/asitlorbotsix_localization/share/asitlorbotsix_localization/environment/pythonpath.sh
[1.470s] -- Up-to-date symlink: /home/asimkumar/asitlorbotsix_ws/install/asitlorbotsix_localization/share/asitlorbotsix_localization/environment/pythonpath.dsv
[1.473s] -- Up-to-date symlink: /home/asimkumar/asitlorbotsix_ws/install/asitlorbotsix_localization/local/lib/python3.10/dist-packages/asitlorbotsix_localization-0.0.0-py3.10.egg-info/PKG-INFO
[1.475s] -- Up-to-date symlink: /home/asimkumar/asitlorbotsix_ws/install/asitlorbotsix_localization/local/lib/python3.10/dist-packages/asitlorbotsix_localization-0.0.0-py3.10.egg-info/SOURCES.txt
[1.477s] -- Up-to-date symlink: /home/asimkumar/asitlorbotsix_ws/install/asitlorbotsix_localization/local/lib/python3.10/dist-packages/asitlorbotsix_localization-0.0.0-py3.10.egg-info/dependency_links.txt
[1.479s] -- Up-to-date symlink: /home/asimkumar/asitlorbotsix_ws/install/asitlorbotsix_localization/local/lib/python3.10/dist-packages/asitlorbotsix_localization-0.0.0-py3.10.egg-info/top_level.txt
[1.481s] -- Up-to-date symlink: /home/asimkumar/asitlorbotsix_ws/install/asitlorbotsix_localization/local/lib/python3.10/dist-packages/asitlorbotsix_localization/__init__.py
[1.482s] -- Up-to-date symlink: /home/asimkumar/asitlorbotsix_ws/install/asitlorbotsix_localization/local/lib/python3.10/dist-packages/asitlorbotsix_localization/bayesian_optimization.py
[1.484s] -- Up-to-date symlink: /home/asimkumar/asitlorbotsix_ws/install/asitlorbotsix_localization/local/lib/python3.10/dist-packages/asitlorbotsix_localization/imu_republisher.py
[1.485s] -- Up-to-date symlink: /home/asimkumar/asitlorbotsix_ws/install/asitlorbotsix_localization/local/lib/python3.10/dist-packages/asitlorbotsix_localization/rmse.py
[1.487s] -- Up-to-date symlink: /home/asimkumar/asitlorbotsix_ws/install/asitlorbotsix_localization/local/lib/python3.10/dist-packages/asitlorbotsix_localization/set_init_amcl_pose.py
[1.488s] -- Up-to-date symlink: /home/asimkumar/asitlorbotsix_ws/install/asitlorbotsix_localization/local/lib/python3.10/dist-packages/asitlorbotsix_localization/test.py
[1.490s] -- Up-to-date symlink: /home/asimkumar/asitlorbotsix_ws/install/asitlorbotsix_localization/share/asitlorbotsix_localization/launch/amcl.launch
[1.491s] -- Up-to-date symlink: /home/asimkumar/asitlorbotsix_ws/install/asitlorbotsix_localization/share/asitlorbotsix_localization/launch/local_localization.launch.py
[1.493s] -- Up-to-date symlink: /home/asimkumar/asitlorbotsix_ws/install/asitlorbotsix_localization/share/asitlorbotsix_localization/launch/nav2.launch.py
[1.494s] -- Up-to-date symlink: /home/asimkumar/asitlorbotsix_ws/install/asitlorbotsix_localization/share/asitlorbotsix_localization/config/ekf.yaml
[1.496s] -- Up-to-date symlink: /home/asimkumar/asitlorbotsix_ws/install/asitlorbotsix_localization/share/asitlorbotsix_localization/maps/my_map_save_1_may.pgm
[1.497s] -- Up-to-date symlink: /home/asimkumar/asitlorbotsix_ws/install/asitlorbotsix_localization/share/asitlorbotsix_localization/maps/my_map_save_1_may.yaml
[1.499s] -- Up-to-date symlink: /home/asimkumar/asitlorbotsix_ws/install/asitlorbotsix_localization/share/asitlorbotsix_localization/maps/my_map_serial_1_may.data
[1.501s] -- Up-to-date symlink: /home/asimkumar/asitlorbotsix_ws/install/asitlorbotsix_localization/share/asitlorbotsix_localization/maps/my_map_serial_1_may.posegraph
[1.502s] -- Up-to-date symlink: /home/asimkumar/asitlorbotsix_ws/install/asitlorbotsix_localization/lib/asitlorbotsix_localization/imu_republisher.py
[1.504s] -- Up-to-date symlink: /home/asimkumar/asitlorbotsix_ws/install/asitlorbotsix_localization/lib/asitlorbotsix_localization/rmse.py
[1.505s] -- Up-to-date symlink: /home/asimkumar/asitlorbotsix_ws/install/asitlorbotsix_localization/lib/asitlorbotsix_localization/set_init_amcl_pose.py
[1.507s] -- Up-to-date symlink: /home/asimkumar/asitlorbotsix_ws/install/asitlorbotsix_localization/share/ament_index/resource_index/package_run_dependencies/asitlorbotsix_localization
[1.508s] -- Up-to-date symlink: /home/asimkumar/asitlorbotsix_ws/install/asitlorbotsix_localization/share/ament_index/resource_index/parent_prefix_path/asitlorbotsix_localization
[1.510s] -- Up-to-date symlink: /home/asimkumar/asitlorbotsix_ws/install/asitlorbotsix_localization/share/asitlorbotsix_localization/environment/ament_prefix_path.sh
[1.512s] -- Up-to-date symlink: /home/asimkumar/asitlorbotsix_ws/install/asitlorbotsix_localization/share/asitlorbotsix_localization/environment/ament_prefix_path.dsv
[1.514s] -- Up-to-date symlink: /home/asimkumar/asitlorbotsix_ws/install/asitlorbotsix_localization/share/asitlorbotsix_localization/environment/path.sh
[1.515s] -- Up-to-date symlink: /home/asimkumar/asitlorbotsix_ws/install/asitlorbotsix_localization/share/asitlorbotsix_localization/environment/path.dsv
[1.521s] -- Up-to-date symlink: /home/asimkumar/asitlorbotsix_ws/install/asitlorbotsix_localization/share/asitlorbotsix_localization/local_setup.bash
[1.521s] -- Up-to-date symlink: /home/asimkumar/asitlorbotsix_ws/install/asitlorbotsix_localization/share/asitlorbotsix_localization/local_setup.sh
[1.522s] -- Up-to-date symlink: /home/asimkumar/asitlorbotsix_ws/install/asitlorbotsix_localization/share/asitlorbotsix_localization/local_setup.zsh
[1.522s] -- Up-to-date symlink: /home/asimkumar/asitlorbotsix_ws/install/asitlorbotsix_localization/share/asitlorbotsix_localization/local_setup.dsv
[1.522s] -- Symlinking: /home/asimkumar/asitlorbotsix_ws/install/asitlorbotsix_localization/share/asitlorbotsix_localization/package.dsv
[1.522s] -- Up-to-date symlink: /home/asimkumar/asitlorbotsix_ws/install/asitlorbotsix_localization/share/ament_index/resource_index/packages/asitlorbotsix_localization
[1.523s] -- Up-to-date symlink: /home/asimkumar/asitlorbotsix_ws/install/asitlorbotsix_localization/share/asitlorbotsix_localization/cmake/asitlorbotsix_localizationConfig.cmake
[1.523s] -- Up-to-date symlink: /home/asimkumar/asitlorbotsix_ws/install/asitlorbotsix_localization/share/asitlorbotsix_localization/cmake/asitlorbotsix_localizationConfig-version.cmake
[1.527s] -- Up-to-date symlink: /home/asimkumar/asitlorbotsix_ws/install/asitlorbotsix_localization/share/asitlorbotsix_localization/package.xml
[1.590s] Listing '/home/asimkumar/asitlorbotsix_ws/install/asitlorbotsix_localization/local/lib/python3.10/dist-packages/asitlorbotsix_localization'...
[1.609s] Invoked command in '/home/asimkumar/asitlorbotsix_ws/build/asitlorbotsix_localization' returned '0': CMAKE_PREFIX_PATH=${CMAKE_PREFIX_PATH}:/home/asimkumar/asitlorbotsix_ws/install/asitlorbot_six:/opt/ros/humble /usr/bin/cmake --install /home/asimkumar/asitlorbotsix_ws/build/asitlorbotsix_localization
