[0.280s] Invoking command in '/home/asimkumar/asitlorbotsix_ws/build/asitlotbotsix_controller': CMAKE_PREFIX_PATH=${CMAKE_PREFIX_PATH}:/home/asimkumar/asitlorbotsix_ws/install/asitlorbot_six:/opt/ros/humble /usr/bin/cmake --build /home/asimkumar/asitlorbotsix_ws/build/asitlotbotsix_controller -- -j8 -l8
[0.305s] -- Found ament_cmake: 1.3.8 (/opt/ros/humble/share/ament_cmake/cmake)
[0.438s] -- Override CMake install command with custom implementation using symlinks instead of copying resources
[0.445s] -- Found ament_lint_auto: 0.12.10 (/opt/ros/humble/share/ament_lint_auto/cmake)
[0.519s] -- Added test 'flake8' to check Python code syntax and style conventions
[0.520s] -- Added test 'lint_cmake' to check CMake code style
[0.521s] -- Added test 'pep257' to check Python code against some of the docstring style conventions in PEP 257
[0.523s] -- Added test 'xmllint' to check XML markup files
[0.524s] -- Configuring done
[0.527s] -- Generating done
[0.528s] -- Build files have been written to: /home/asimkumar/asitlorbotsix_ws/build/asitlotbotsix_controller
[0.557s] Invoked command in '/home/asimkumar/asitlorbotsix_ws/build/asitlotbotsix_controller' returned '0': CMAKE_PREFIX_PATH=${CMAKE_PREFIX_PATH}:/home/asimkumar/asitlorbotsix_ws/install/asitlorbot_six:/opt/ros/humble /usr/bin/cmake --build /home/asimkumar/asitlorbotsix_ws/build/asitlotbotsix_controller -- -j8 -l8
[0.592s] Invoking command in '/home/asimkumar/asitlorbotsix_ws/build/asitlotbotsix_controller': CMAKE_PREFIX_PATH=${CMAKE_PREFIX_PATH}:/home/asimkumar/asitlorbotsix_ws/install/asitlorbot_six:/opt/ros/humble /usr/bin/cmake --install /home/asimkumar/asitlorbotsix_ws/build/asitlotbotsix_controller
[0.601s] -- Install configuration: ""
[0.602s] -- Execute custom install script
[0.602s] -- Up-to-date symlink: /home/asimkumar/asitlorbotsix_ws/install/asitlotbotsix_controller/share/asitlotbotsix_controller/config/asitlorbotsix_controllers.yaml
[0.603s] [31mCMake Error at ament_cmake_symlink_install/ament_cmake_symlink_install.cmake:204 (message):
[0.603s]   ament_cmake_symlink_install_programs() can't find
[0.603s]   '/home/asimkumar/asitlorbotsix_ws/src/asitlotbotsix_controller/asitlorbot_five_controller/noisy_controller.py'
[0.603s] Call Stack (most recent call first):
[0.603s]   ament_cmake_symlink_install/ament_cmake_symlink_install.cmake:320 (ament_cmake_symlink_install_programs)
[0.603s]   cmake_install.cmake:46 (include)
[0.603s] 
[0.603s] [0m
[0.604s] Invoked command in '/home/asimkumar/asitlorbotsix_ws/build/asitlotbotsix_controller' returned '1': CMAKE_PREFIX_PATH=${CMAKE_PREFIX_PATH}:/home/asimkumar/asitlorbotsix_ws/install/asitlorbot_six:/opt/ros/humble /usr/bin/cmake --install /home/asimkumar/asitlorbotsix_ws/build/asitlotbotsix_controller
