[0.323s] Invoking command in '/home/asimkumar/asitlorbotsix_ws/build/asitlorbotsix_description': CMAKE_PREFIX_PATH=${CMAKE_PREFIX_PATH}:/home/asimkumar/asitlorbotsix_ws/install/asitlorbot_six:/opt/ros/humble /usr/bin/cmake --build /home/asimkumar/asitlorbotsix_ws/build/asitlorbotsix_description -- -j8 -l8
[0.385s] Invoked command in '/home/asimkumar/asitlorbotsix_ws/build/asitlorbotsix_description' returned '0': CMAKE_PREFIX_PATH=${CMAKE_PREFIX_PATH}:/home/asimkumar/asitlorbotsix_ws/install/asitlorbot_six:/opt/ros/humble /usr/bin/cmake --build /home/asimkumar/asitlorbotsix_ws/build/asitlorbotsix_description -- -j8 -l8
[0.491s] Invoking command in '/home/asimkumar/asitlorbotsix_ws/build/asitlorbotsix_description': CMAKE_PREFIX_PATH=${CMAKE_PREFIX_PATH}:/home/asimkumar/asitlorbotsix_ws/install/asitlorbot_six:/opt/ros/humble /usr/bin/cmake --install /home/asimkumar/asitlorbotsix_ws/build/asitlorbotsix_description
[0.507s] -- Install configuration: ""
[0.509s] -- Execute custom install script
[0.511s] -- Up-to-date symlink: /home/asimkumar/asitlorbotsix_ws/install/asitlorbotsix_description/share/asitlorbotsix_description/urdf/asitlorbotsix.urdf.xacro
[0.514s] -- Up-to-date symlink: /home/asimkumar/asitlorbotsix_ws/install/asitlorbotsix_description/share/asitlorbotsix_description/urdf/gazebo_control.xacro
[0.517s] -- Up-to-date symlink: /home/asimkumar/asitlorbotsix_ws/install/asitlorbotsix_description/share/asitlorbotsix_description/urdf/imu.xacro
[0.519s] -- Up-to-date symlink: /home/asimkumar/asitlorbotsix_ws/install/asitlorbotsix_description/share/asitlorbotsix_description/urdf/inertial_macros.xacro
[0.522s] -- Up-to-date symlink: /home/asimkumar/asitlorbotsix_ws/install/asitlorbotsix_description/share/asitlorbotsix_description/urdf/lidar.xacro
[0.524s] -- Up-to-date symlink: /home/asimkumar/asitlorbotsix_ws/install/asitlorbotsix_description/share/asitlorbotsix_description/urdf/robot_core.xacro
[0.527s] -- Up-to-date symlink: /home/asimkumar/asitlorbotsix_ws/install/asitlorbotsix_description/share/asitlorbotsix_description/urdf/ros2_control.xacro
[0.530s] -- Up-to-date symlink: /home/asimkumar/asitlorbotsix_ws/install/asitlorbotsix_description/share/asitlorbotsix_description/urdf/transmission.xacro
[0.534s] -- Up-to-date symlink: /home/asimkumar/asitlorbotsix_ws/install/asitlorbotsix_description/share/asitlorbotsix_description/launch/display.launch.py
[0.535s] -- Up-to-date symlink: /home/asimkumar/asitlorbotsix_ws/install/asitlorbotsix_description/share/asitlorbotsix_description/launch/gazebo.launch.py
[0.537s] -- Up-to-date symlink: /home/asimkumar/asitlorbotsix_ws/install/asitlorbotsix_description/share/asitlorbotsix_description/launch/rsp.launch.py
[0.539s] -- Up-to-date symlink: /home/asimkumar/asitlorbotsix_ws/install/asitlorbotsix_description/share/asitlorbotsix_description/rviz/display.rviz
[0.541s] -- Up-to-date symlink: /home/asimkumar/asitlorbotsix_ws/install/asitlorbotsix_description/share/ament_index/resource_index/package_run_dependencies/asitlorbotsix_description
[0.542s] -- Up-to-date symlink: /home/asimkumar/asitlorbotsix_ws/install/asitlorbotsix_description/share/ament_index/resource_index/parent_prefix_path/asitlorbotsix_description
[0.544s] -- Up-to-date symlink: /home/asimkumar/asitlorbotsix_ws/install/asitlorbotsix_description/share/asitlorbotsix_description/environment/ament_prefix_path.sh
[0.548s] -- Up-to-date symlink: /home/asimkumar/asitlorbotsix_ws/install/asitlorbotsix_description/share/asitlorbotsix_description/environment/ament_prefix_path.dsv
[0.550s] -- Up-to-date symlink: /home/asimkumar/asitlorbotsix_ws/install/asitlorbotsix_description/share/asitlorbotsix_description/environment/path.sh
[0.552s] -- Up-to-date symlink: /home/asimkumar/asitlorbotsix_ws/install/asitlorbotsix_description/share/asitlorbotsix_description/environment/path.dsv
[0.553s] -- Up-to-date symlink: /home/asimkumar/asitlorbotsix_ws/install/asitlorbotsix_description/share/asitlorbotsix_description/local_setup.bash
[0.554s] -- Up-to-date symlink: /home/asimkumar/asitlorbotsix_ws/install/asitlorbotsix_description/share/asitlorbotsix_description/local_setup.sh
[0.556s] -- Up-to-date symlink: /home/asimkumar/asitlorbotsix_ws/install/asitlorbotsix_description/share/asitlorbotsix_description/local_setup.zsh
[0.558s] -- Up-to-date symlink: /home/asimkumar/asitlorbotsix_ws/install/asitlorbotsix_description/share/asitlorbotsix_description/local_setup.dsv
[0.561s] -- Symlinking: /home/asimkumar/asitlorbotsix_ws/install/asitlorbotsix_description/share/asitlorbotsix_description/package.dsv
[0.566s] -- Up-to-date symlink: /home/asimkumar/asitlorbotsix_ws/install/asitlorbotsix_description/share/ament_index/resource_index/packages/asitlorbotsix_description
[0.571s] -- Up-to-date symlink: /home/asimkumar/asitlorbotsix_ws/install/asitlorbotsix_description/share/asitlorbotsix_description/cmake/asitlorbotsix_descriptionConfig.cmake
[0.571s] -- Up-to-date symlink: /home/asimkumar/asitlorbotsix_ws/install/asitlorbotsix_description/share/asitlorbotsix_description/cmake/asitlorbotsix_descriptionConfig-version.cmake
[0.572s] -- Up-to-date symlink: /home/asimkumar/asitlorbotsix_ws/install/asitlorbotsix_description/share/asitlorbotsix_description/package.xml
[0.572s] Invoked command in '/home/asimkumar/asitlorbotsix_ws/build/asitlorbotsix_description' returned '0': CMAKE_PREFIX_PATH=${CMAKE_PREFIX_PATH}:/home/asimkumar/asitlorbotsix_ws/install/asitlorbot_six:/opt/ros/humble /usr/bin/cmake --install /home/asimkumar/asitlorbotsix_ws/build/asitlorbotsix_description
