[0.451s] Invoking command in '/home/asimkumar/asitlorbotsix_ws/build/asitlotbotsix_controller': CMAKE_PREFIX_PATH=${CMAKE_PREFIX_PATH}:/home/asimkumar/asitlorbotsix_ws/install/asitlorbot_six:/opt/ros/humble /usr/bin/cmake --build /home/asimkumar/asitlorbotsix_ws/build/asitlotbotsix_controller -- -j8 -l8
[0.569s] Built target ament_cmake_python_symlink_asitlotbotsix_controller
[1.015s] running egg_info
[1.016s] writing asitlotbotsix_controller.egg-info/PKG-INFO
[1.017s] writing dependency_links to asitlotbotsix_controller.egg-info/dependency_links.txt
[1.017s] writing top-level names to asitlotbotsix_controller.egg-info/top_level.txt
[1.021s] reading manifest file 'asitlotbotsix_controller.egg-info/SOURCES.txt'
[1.022s] writing manifest file 'asitlotbotsix_controller.egg-info/SOURCES.txt'
[1.081s] Built target ament_cmake_python_build_asitlotbotsix_controller_egg
[1.104s] Invoked command in '/home/asimkumar/asitlorbotsix_ws/build/asitlotbotsix_controller' returned '0': CMAKE_PREFIX_PATH=${CMAKE_PREFIX_PATH}:/home/asimkumar/asitlorbotsix_ws/install/asitlorbot_six:/opt/ros/humble /usr/bin/cmake --build /home/asimkumar/asitlorbotsix_ws/build/asitlotbotsix_controller -- -j8 -l8
[1.154s] Invoking command in '/home/asimkumar/asitlorbotsix_ws/build/asitlotbotsix_controller': CMAKE_PREFIX_PATH=${CMAKE_PREFIX_PATH}:/home/asimkumar/asitlorbotsix_ws/install/asitlorbot_six:/opt/ros/humble /usr/bin/cmake --install /home/asimkumar/asitlorbotsix_ws/build/asitlotbotsix_controller
[1.167s] -- Install configuration: ""
[1.168s] -- Execute custom install script
[1.168s] -- Up-to-date symlink: /home/asimkumar/asitlorbotsix_ws/install/asitlotbotsix_controller/share/asitlotbotsix_controller/environment/pythonpath.sh
[1.169s] -- Up-to-date symlink: /home/asimkumar/asitlorbotsix_ws/install/asitlotbotsix_controller/share/asitlotbotsix_controller/environment/pythonpath.dsv
[1.169s] -- Up-to-date symlink: /home/asimkumar/asitlorbotsix_ws/install/asitlotbotsix_controller/local/lib/python3.10/dist-packages/asitlotbotsix_controller-0.0.0-py3.10.egg-info/PKG-INFO
[1.169s] -- Up-to-date symlink: /home/asimkumar/asitlorbotsix_ws/install/asitlotbotsix_controller/local/lib/python3.10/dist-packages/asitlotbotsix_controller-0.0.0-py3.10.egg-info/SOURCES.txt
[1.169s] -- Up-to-date symlink: /home/asimkumar/asitlorbotsix_ws/install/asitlotbotsix_controller/local/lib/python3.10/dist-packages/asitlotbotsix_controller-0.0.0-py3.10.egg-info/dependency_links.txt
[1.170s] -- Up-to-date symlink: /home/asimkumar/asitlorbotsix_ws/install/asitlotbotsix_controller/local/lib/python3.10/dist-packages/asitlotbotsix_controller-0.0.0-py3.10.egg-info/top_level.txt
[1.171s] -- Up-to-date symlink: /home/asimkumar/asitlorbotsix_ws/install/asitlotbotsix_controller/local/lib/python3.10/dist-packages/asitlotbotsix_controller/__init__.py
[1.171s] -- Up-to-date symlink: /home/asimkumar/asitlorbotsix_ws/install/asitlotbotsix_controller/local/lib/python3.10/dist-packages/asitlotbotsix_controller/circular_motion.py
[1.171s] -- Up-to-date symlink: /home/asimkumar/asitlorbotsix_ws/install/asitlotbotsix_controller/local/lib/python3.10/dist-packages/asitlotbotsix_controller/noisy_controller.py
[1.172s] -- Up-to-date symlink: /home/asimkumar/asitlorbotsix_ws/install/asitlotbotsix_controller/share/asitlotbotsix_controller/config/asitlorbotsix_controllers.yaml
[1.172s] -- Up-to-date symlink: /home/asimkumar/asitlorbotsix_ws/install/asitlotbotsix_controller/share/asitlotbotsix_controller/launch/controller.launch.py
[1.172s] -- Up-to-date symlink: /home/asimkumar/asitlorbotsix_ws/install/asitlotbotsix_controller/lib/asitlotbotsix_controller/noisy_controller.py
[1.172s] -- Up-to-date symlink: /home/asimkumar/asitlorbotsix_ws/install/asitlotbotsix_controller/lib/asitlotbotsix_controller/circular_motion.py
[1.173s] -- Up-to-date symlink: /home/asimkumar/asitlorbotsix_ws/install/asitlotbotsix_controller/share/ament_index/resource_index/package_run_dependencies/asitlotbotsix_controller
[1.173s] -- Up-to-date symlink: /home/asimkumar/asitlorbotsix_ws/install/asitlotbotsix_controller/share/ament_index/resource_index/parent_prefix_path/asitlotbotsix_controller
[1.173s] -- Up-to-date symlink: /home/asimkumar/asitlorbotsix_ws/install/asitlotbotsix_controller/share/asitlotbotsix_controller/environment/ament_prefix_path.sh
[1.173s] -- Up-to-date symlink: /home/asimkumar/asitlorbotsix_ws/install/asitlotbotsix_controller/share/asitlotbotsix_controller/environment/ament_prefix_path.dsv
[1.174s] -- Up-to-date symlink: /home/asimkumar/asitlorbotsix_ws/install/asitlotbotsix_controller/share/asitlotbotsix_controller/environment/path.sh
[1.174s] -- Up-to-date symlink: /home/asimkumar/asitlorbotsix_ws/install/asitlotbotsix_controller/share/asitlotbotsix_controller/environment/path.dsv
[1.174s] -- Up-to-date symlink: /home/asimkumar/asitlorbotsix_ws/install/asitlotbotsix_controller/share/asitlotbotsix_controller/local_setup.bash
[1.174s] -- Up-to-date symlink: /home/asimkumar/asitlorbotsix_ws/install/asitlotbotsix_controller/share/asitlotbotsix_controller/local_setup.sh
[1.175s] -- Up-to-date symlink: /home/asimkumar/asitlorbotsix_ws/install/asitlotbotsix_controller/share/asitlotbotsix_controller/local_setup.zsh
[1.175s] -- Up-to-date symlink: /home/asimkumar/asitlorbotsix_ws/install/asitlotbotsix_controller/share/asitlotbotsix_controller/local_setup.dsv
[1.175s] -- Symlinking: /home/asimkumar/asitlorbotsix_ws/install/asitlotbotsix_controller/share/asitlotbotsix_controller/package.dsv
[1.198s] -- Up-to-date symlink: /home/asimkumar/asitlorbotsix_ws/install/asitlotbotsix_controller/share/ament_index/resource_index/packages/asitlotbotsix_controller
[1.198s] -- Up-to-date symlink: /home/asimkumar/asitlorbotsix_ws/install/asitlotbotsix_controller/share/asitlotbotsix_controller/cmake/asitlotbotsix_controllerConfig.cmake
[1.198s] -- Up-to-date symlink: /home/asimkumar/asitlorbotsix_ws/install/asitlotbotsix_controller/share/asitlotbotsix_controller/cmake/asitlotbotsix_controllerConfig-version.cmake
[1.199s] -- Up-to-date symlink: /home/asimkumar/asitlorbotsix_ws/install/asitlotbotsix_controller/share/asitlotbotsix_controller/package.xml
[1.265s] Listing '/home/asimkumar/asitlorbotsix_ws/install/asitlotbotsix_controller/local/lib/python3.10/dist-packages/asitlotbotsix_controller'...
[1.280s] Invoked command in '/home/asimkumar/asitlorbotsix_ws/build/asitlotbotsix_controller' returned '0': CMAKE_PREFIX_PATH=${CMAKE_PREFIX_PATH}:/home/asimkumar/asitlorbotsix_ws/install/asitlorbot_six:/opt/ros/humble /usr/bin/cmake --install /home/asimkumar/asitlorbotsix_ws/build/asitlotbotsix_controller
