[0.094s] DEBUG:colcon:Command line arguments: ['/usr/bin/colcon', 'build', '--symlink-install']
[0.094s] DEBUG:colcon:Parsed command line arguments: Namespace(log_base=None, log_level=None, verb_name='build', build_base='build', install_base='install', merge_install=False, symlink_install=True, test_result_base=None, continue_on_error=False, executor='parallel', parallel_workers=8, event_handlers=None, ignore_user_meta=False, metas=['./colcon.meta'], base_paths=['.'], packages_ignore=None, packages_ignore_regex=None, paths=None, packages_up_to=None, packages_up_to_regex=None, packages_above=None, packages_above_and_dependencies=None, packages_above_depth=None, packages_select_by_dep=None, packages_skip_by_dep=None, packages_skip_up_to=None, packages_select_build_failed=False, packages_skip_build_finished=False, packages_select_test_failures=False, packages_skip_test_passed=False, packages_select=None, packages_skip=None, packages_select_regex=None, packages_skip_regex=None, packages_start=None, packages_end=None, allow_overriding=[], cmake_args=None, cmake_target=None, cmake_target_skip_unavailable=False, cmake_clean_cache=False, cmake_clean_first=False, cmake_force_configure=False, ament_cmake_args=None, catkin_cmake_args=None, catkin_skip_building_tests=False, verb_parser=<colcon_defaults.argument_parser.defaults.DefaultArgumentsDecorator object at 0x70bc7c1f8f70>, verb_extension=<colcon_core.verb.build.BuildVerb object at 0x70bc7c35e830>, main=<bound method BuildVerb.main of <colcon_core.verb.build.BuildVerb object at 0x70bc7c35e830>>)
[0.263s] Level 1:colcon.colcon_core.package_discovery:discover_packages(colcon_meta) check parameters
[0.263s] Level 1:colcon.colcon_core.package_discovery:discover_packages(recursive) check parameters
[0.263s] Level 1:colcon.colcon_core.package_discovery:discover_packages(ignore) check parameters
[0.263s] Level 1:colcon.colcon_core.package_discovery:discover_packages(path) check parameters
[0.263s] Level 1:colcon.colcon_core.package_discovery:discover_packages(colcon_meta) discover
[0.263s] Level 1:colcon.colcon_core.package_discovery:discover_packages(recursive) discover
[0.263s] INFO:colcon.colcon_core.package_discovery:Crawling recursively for packages in '/home/asimkumar/asitlorbotsix_ws'
[0.263s] Level 1:colcon.colcon_core.package_identification:_identify(.) by extensions ['ignore', 'ignore_ament_install']
[0.263s] Level 1:colcon.colcon_core.package_identification:_identify(.) by extension 'ignore'
[0.263s] Level 1:colcon.colcon_core.package_identification:_identify(.) by extension 'ignore_ament_install'
[0.263s] Level 1:colcon.colcon_core.package_identification:_identify(.) by extensions ['colcon_pkg']
[0.263s] Level 1:colcon.colcon_core.package_identification:_identify(.) by extension 'colcon_pkg'
[0.263s] Level 1:colcon.colcon_core.package_identification:_identify(.) by extensions ['colcon_meta']
[0.263s] Level 1:colcon.colcon_core.package_identification:_identify(.) by extension 'colcon_meta'
[0.263s] Level 1:colcon.colcon_core.package_identification:_identify(.) by extensions ['ros']
[0.263s] Level 1:colcon.colcon_core.package_identification:_identify(.) by extension 'ros'
[0.272s] Level 1:colcon.colcon_core.package_identification:_identify(.) by extensions ['cmake', 'python']
[0.273s] Level 1:colcon.colcon_core.package_identification:_identify(.) by extension 'cmake'
[0.273s] Level 1:colcon.colcon_core.package_identification:_identify(.) by extension 'python'
[0.273s] Level 1:colcon.colcon_core.package_identification:_identify(.) by extensions ['python_setup_py']
[0.273s] Level 1:colcon.colcon_core.package_identification:_identify(.) by extension 'python_setup_py'
[0.273s] Level 1:colcon.colcon_core.package_identification:_identify(build) by extensions ['ignore', 'ignore_ament_install']
[0.273s] Level 1:colcon.colcon_core.package_identification:_identify(build) by extension 'ignore'
[0.273s] Level 1:colcon.colcon_core.package_identification:_identify(build) ignored
[0.273s] Level 1:colcon.colcon_core.package_identification:_identify(install) by extensions ['ignore', 'ignore_ament_install']
[0.273s] Level 1:colcon.colcon_core.package_identification:_identify(install) by extension 'ignore'
[0.273s] Level 1:colcon.colcon_core.package_identification:_identify(install) ignored
[0.273s] Level 1:colcon.colcon_core.package_identification:_identify(log) by extensions ['ignore', 'ignore_ament_install']
[0.273s] Level 1:colcon.colcon_core.package_identification:_identify(log) by extension 'ignore'
[0.273s] Level 1:colcon.colcon_core.package_identification:_identify(log) ignored
[0.273s] Level 1:colcon.colcon_core.package_identification:_identify(src) by extensions ['ignore', 'ignore_ament_install']
[0.273s] Level 1:colcon.colcon_core.package_identification:_identify(src) by extension 'ignore'
[0.274s] Level 1:colcon.colcon_core.package_identification:_identify(src) by extension 'ignore_ament_install'
[0.274s] Level 1:colcon.colcon_core.package_identification:_identify(src) by extensions ['colcon_pkg']
[0.274s] Level 1:colcon.colcon_core.package_identification:_identify(src) by extension 'colcon_pkg'
[0.274s] Level 1:colcon.colcon_core.package_identification:_identify(src) by extensions ['colcon_meta']
[0.274s] Level 1:colcon.colcon_core.package_identification:_identify(src) by extension 'colcon_meta'
[0.274s] Level 1:colcon.colcon_core.package_identification:_identify(src) by extensions ['ros']
[0.274s] Level 1:colcon.colcon_core.package_identification:_identify(src) by extension 'ros'
[0.274s] Level 1:colcon.colcon_core.package_identification:_identify(src) by extensions ['cmake', 'python']
[0.274s] Level 1:colcon.colcon_core.package_identification:_identify(src) by extension 'cmake'
[0.274s] Level 1:colcon.colcon_core.package_identification:_identify(src) by extension 'python'
[0.274s] Level 1:colcon.colcon_core.package_identification:_identify(src) by extensions ['python_setup_py']
[0.274s] Level 1:colcon.colcon_core.package_identification:_identify(src) by extension 'python_setup_py'
[0.274s] Level 1:colcon.colcon_core.package_identification:_identify(src/asitlorbot_six) by extensions ['ignore', 'ignore_ament_install']
[0.274s] Level 1:colcon.colcon_core.package_identification:_identify(src/asitlorbot_six) by extension 'ignore'
[0.274s] Level 1:colcon.colcon_core.package_identification:_identify(src/asitlorbot_six) by extension 'ignore_ament_install'
[0.274s] Level 1:colcon.colcon_core.package_identification:_identify(src/asitlorbot_six) by extensions ['colcon_pkg']
[0.274s] Level 1:colcon.colcon_core.package_identification:_identify(src/asitlorbot_six) by extension 'colcon_pkg'
[0.274s] Level 1:colcon.colcon_core.package_identification:_identify(src/asitlorbot_six) by extensions ['colcon_meta']
[0.274s] Level 1:colcon.colcon_core.package_identification:_identify(src/asitlorbot_six) by extension 'colcon_meta'
[0.274s] Level 1:colcon.colcon_core.package_identification:_identify(src/asitlorbot_six) by extensions ['ros']
[0.274s] Level 1:colcon.colcon_core.package_identification:_identify(src/asitlorbot_six) by extension 'ros'
[0.276s] DEBUG:colcon.colcon_core.package_identification:Package 'src/asitlorbot_six' with type 'ros.ament_python' and name 'asitlorbot_six'
[0.276s] Level 1:colcon.colcon_core.package_identification:_identify(src/asitlorbotsix_description) by extensions ['ignore', 'ignore_ament_install']
[0.276s] Level 1:colcon.colcon_core.package_identification:_identify(src/asitlorbotsix_description) by extension 'ignore'
[0.276s] Level 1:colcon.colcon_core.package_identification:_identify(src/asitlorbotsix_description) by extension 'ignore_ament_install'
[0.277s] Level 1:colcon.colcon_core.package_identification:_identify(src/asitlorbotsix_description) by extensions ['colcon_pkg']
[0.277s] Level 1:colcon.colcon_core.package_identification:_identify(src/asitlorbotsix_description) by extension 'colcon_pkg'
[0.277s] Level 1:colcon.colcon_core.package_identification:_identify(src/asitlorbotsix_description) by extensions ['colcon_meta']
[0.277s] Level 1:colcon.colcon_core.package_identification:_identify(src/asitlorbotsix_description) by extension 'colcon_meta'
[0.277s] Level 1:colcon.colcon_core.package_identification:_identify(src/asitlorbotsix_description) by extensions ['ros']
[0.277s] Level 1:colcon.colcon_core.package_identification:_identify(src/asitlorbotsix_description) by extension 'ros'
[0.278s] DEBUG:colcon.colcon_core.package_identification:Package 'src/asitlorbotsix_description' with type 'ros.ament_cmake' and name 'asitlorbotsix_description'
[0.278s] Level 1:colcon.colcon_core.package_identification:_identify(src/asitlotbotsix_controller) by extensions ['ignore', 'ignore_ament_install']
[0.279s] Level 1:colcon.colcon_core.package_identification:_identify(src/asitlotbotsix_controller) by extension 'ignore'
[0.279s] Level 1:colcon.colcon_core.package_identification:_identify(src/asitlotbotsix_controller) by extension 'ignore_ament_install'
[0.279s] Level 1:colcon.colcon_core.package_identification:_identify(src/asitlotbotsix_controller) by extensions ['colcon_pkg']
[0.279s] Level 1:colcon.colcon_core.package_identification:_identify(src/asitlotbotsix_controller) by extension 'colcon_pkg'
[0.279s] Level 1:colcon.colcon_core.package_identification:_identify(src/asitlotbotsix_controller) by extensions ['colcon_meta']
[0.279s] Level 1:colcon.colcon_core.package_identification:_identify(src/asitlotbotsix_controller) by extension 'colcon_meta'
[0.279s] Level 1:colcon.colcon_core.package_identification:_identify(src/asitlotbotsix_controller) by extensions ['ros']
[0.279s] Level 1:colcon.colcon_core.package_identification:_identify(src/asitlotbotsix_controller) by extension 'ros'
[0.280s] DEBUG:colcon.colcon_core.package_identification:Package 'src/asitlotbotsix_controller' with type 'ros.ament_cmake' and name 'asitlotbotsix_controller'
[0.280s] Level 1:colcon.colcon_core.package_discovery:discover_packages(recursive) using defaults
[0.280s] Level 1:colcon.colcon_core.package_discovery:discover_packages(ignore) discover
[0.280s] Level 1:colcon.colcon_core.package_discovery:discover_packages(ignore) using defaults
[0.280s] Level 1:colcon.colcon_core.package_discovery:discover_packages(path) discover
[0.280s] Level 1:colcon.colcon_core.package_discovery:discover_packages(path) using defaults
[0.309s] Level 1:colcon.colcon_core.package_discovery:discover_packages(prefix_path) check parameters
[0.309s] Level 1:colcon.colcon_core.package_discovery:discover_packages(prefix_path) discover
[0.311s] DEBUG:colcon.colcon_installed_package_information.package_discovery:Found 3 installed packages in /home/asimkumar/asitlorbotsix_ws/install
[0.312s] DEBUG:colcon.colcon_installed_package_information.package_discovery:Found 20 installed packages in /home/asimkumar/asitlor_ws/install
[0.312s] DEBUG:colcon.colcon_installed_package_information.package_discovery:Found 1 installed packages in /home/asimkumar/turtlebot3_1/install
[0.314s] DEBUG:colcon.colcon_installed_package_information.package_discovery:Found 347 installed packages in /opt/ros/humble
[0.315s] Level 1:colcon.colcon_core.package_discovery:discover_packages(prefix_path) using defaults
[0.355s] Level 5:colcon.colcon_core.verb:set package 'asitlorbot_six' build argument 'cmake_args' from command line to 'None'
[0.355s] Level 5:colcon.colcon_core.verb:set package 'asitlorbot_six' build argument 'cmake_target' from command line to 'None'
[0.355s] Level 5:colcon.colcon_core.verb:set package 'asitlorbot_six' build argument 'cmake_target_skip_unavailable' from command line to 'False'
[0.355s] Level 5:colcon.colcon_core.verb:set package 'asitlorbot_six' build argument 'cmake_clean_cache' from command line to 'False'
[0.355s] Level 5:colcon.colcon_core.verb:set package 'asitlorbot_six' build argument 'cmake_clean_first' from command line to 'False'
[0.355s] Level 5:colcon.colcon_core.verb:set package 'asitlorbot_six' build argument 'cmake_force_configure' from command line to 'False'
[0.355s] Level 5:colcon.colcon_core.verb:set package 'asitlorbot_six' build argument 'ament_cmake_args' from command line to 'None'
[0.355s] Level 5:colcon.colcon_core.verb:set package 'asitlorbot_six' build argument 'catkin_cmake_args' from command line to 'None'
[0.355s] Level 5:colcon.colcon_core.verb:set package 'asitlorbot_six' build argument 'catkin_skip_building_tests' from command line to 'False'
[0.355s] DEBUG:colcon.colcon_core.verb:Building package 'asitlorbot_six' with the following arguments: {'ament_cmake_args': None, 'build_base': '/home/asimkumar/asitlorbotsix_ws/build/asitlorbot_six', 'catkin_cmake_args': None, 'catkin_skip_building_tests': False, 'cmake_args': None, 'cmake_clean_cache': False, 'cmake_clean_first': False, 'cmake_force_configure': False, 'cmake_target': None, 'cmake_target_skip_unavailable': False, 'install_base': '/home/asimkumar/asitlorbotsix_ws/install/asitlorbot_six', 'merge_install': False, 'path': '/home/asimkumar/asitlorbotsix_ws/src/asitlorbot_six', 'symlink_install': True, 'test_result_base': None}
[0.356s] Level 5:colcon.colcon_core.verb:set package 'asitlorbotsix_description' build argument 'cmake_args' from command line to 'None'
[0.356s] Level 5:colcon.colcon_core.verb:set package 'asitlorbotsix_description' build argument 'cmake_target' from command line to 'None'
[0.356s] Level 5:colcon.colcon_core.verb:set package 'asitlorbotsix_description' build argument 'cmake_target_skip_unavailable' from command line to 'False'
[0.356s] Level 5:colcon.colcon_core.verb:set package 'asitlorbotsix_description' build argument 'cmake_clean_cache' from command line to 'False'
[0.356s] Level 5:colcon.colcon_core.verb:set package 'asitlorbotsix_description' build argument 'cmake_clean_first' from command line to 'False'
[0.356s] Level 5:colcon.colcon_core.verb:set package 'asitlorbotsix_description' build argument 'cmake_force_configure' from command line to 'False'
[0.356s] Level 5:colcon.colcon_core.verb:set package 'asitlorbotsix_description' build argument 'ament_cmake_args' from command line to 'None'
[0.356s] Level 5:colcon.colcon_core.verb:set package 'asitlorbotsix_description' build argument 'catkin_cmake_args' from command line to 'None'
[0.356s] Level 5:colcon.colcon_core.verb:set package 'asitlorbotsix_description' build argument 'catkin_skip_building_tests' from command line to 'False'
[0.356s] DEBUG:colcon.colcon_core.verb:Building package 'asitlorbotsix_description' with the following arguments: {'ament_cmake_args': None, 'build_base': '/home/asimkumar/asitlorbotsix_ws/build/asitlorbotsix_description', 'catkin_cmake_args': None, 'catkin_skip_building_tests': False, 'cmake_args': None, 'cmake_clean_cache': False, 'cmake_clean_first': False, 'cmake_force_configure': False, 'cmake_target': None, 'cmake_target_skip_unavailable': False, 'install_base': '/home/asimkumar/asitlorbotsix_ws/install/asitlorbotsix_description', 'merge_install': False, 'path': '/home/asimkumar/asitlorbotsix_ws/src/asitlorbotsix_description', 'symlink_install': True, 'test_result_base': None}
[0.356s] Level 5:colcon.colcon_core.verb:set package 'asitlotbotsix_controller' build argument 'cmake_args' from command line to 'None'
[0.356s] Level 5:colcon.colcon_core.verb:set package 'asitlotbotsix_controller' build argument 'cmake_target' from command line to 'None'
[0.356s] Level 5:colcon.colcon_core.verb:set package 'asitlotbotsix_controller' build argument 'cmake_target_skip_unavailable' from command line to 'False'
[0.356s] Level 5:colcon.colcon_core.verb:set package 'asitlotbotsix_controller' build argument 'cmake_clean_cache' from command line to 'False'
[0.356s] Level 5:colcon.colcon_core.verb:set package 'asitlotbotsix_controller' build argument 'cmake_clean_first' from command line to 'False'
[0.356s] Level 5:colcon.colcon_core.verb:set package 'asitlotbotsix_controller' build argument 'cmake_force_configure' from command line to 'False'
[0.356s] Level 5:colcon.colcon_core.verb:set package 'asitlotbotsix_controller' build argument 'ament_cmake_args' from command line to 'None'
[0.356s] Level 5:colcon.colcon_core.verb:set package 'asitlotbotsix_controller' build argument 'catkin_cmake_args' from command line to 'None'
[0.356s] Level 5:colcon.colcon_core.verb:set package 'asitlotbotsix_controller' build argument 'catkin_skip_building_tests' from command line to 'False'
[0.356s] DEBUG:colcon.colcon_core.verb:Building package 'asitlotbotsix_controller' with the following arguments: {'ament_cmake_args': None, 'build_base': '/home/asimkumar/asitlorbotsix_ws/build/asitlotbotsix_controller', 'catkin_cmake_args': None, 'catkin_skip_building_tests': False, 'cmake_args': None, 'cmake_clean_cache': False, 'cmake_clean_first': False, 'cmake_force_configure': False, 'cmake_target': None, 'cmake_target_skip_unavailable': False, 'install_base': '/home/asimkumar/asitlorbotsix_ws/install/asitlotbotsix_controller', 'merge_install': False, 'path': '/home/asimkumar/asitlorbotsix_ws/src/asitlotbotsix_controller', 'symlink_install': True, 'test_result_base': None}
[0.356s] INFO:colcon.colcon_core.executor:Executing jobs using 'parallel' executor
[0.357s] DEBUG:colcon.colcon_parallel_executor.executor.parallel:run_until_complete
[0.358s] INFO:colcon.colcon_ros.task.ament_python.build:Building ROS package in '/home/asimkumar/asitlorbotsix_ws/src/asitlorbot_six' with build type 'ament_python'
[0.358s] Level 1:colcon.colcon_core.shell:create_environment_hook('asitlorbot_six', 'ament_prefix_path')
[0.360s] INFO:colcon.colcon_core.plugin_system:Skipping extension 'colcon_core.shell.bat': Not used on non-Windows systems
[0.360s] INFO:colcon.colcon_core.shell:Creating environment hook '/home/asimkumar/asitlorbotsix_ws/install/asitlorbot_six/share/asitlorbot_six/hook/ament_prefix_path.ps1'
[0.360s] INFO:colcon.colcon_core.shell:Creating environment descriptor '/home/asimkumar/asitlorbotsix_ws/install/asitlorbot_six/share/asitlorbot_six/hook/ament_prefix_path.dsv'
[0.361s] INFO:colcon.colcon_core.shell:Creating environment hook '/home/asimkumar/asitlorbotsix_ws/install/asitlorbot_six/share/asitlorbot_six/hook/ament_prefix_path.sh'
[0.362s] INFO:colcon.colcon_core.shell:Skip shell extension 'powershell' for command environment: Not usable outside of PowerShell
[0.362s] DEBUG:colcon.colcon_core.shell:Skip shell extension 'dsv' for command environment
[0.367s] INFO:colcon.colcon_ros.task.ament_cmake.build:Building ROS package in '/home/asimkumar/asitlorbotsix_ws/src/asitlorbotsix_description' with build type 'ament_cmake'
[0.367s] INFO:colcon.colcon_cmake.task.cmake.build:Building CMake package in '/home/asimkumar/asitlorbotsix_ws/src/asitlorbotsix_description'
[0.367s] INFO:colcon.colcon_core.shell:Skip shell extension 'powershell' for command environment: Not usable outside of PowerShell
[0.367s] DEBUG:colcon.colcon_core.shell:Skip shell extension 'dsv' for command environment
[0.373s] INFO:colcon.colcon_ros.task.ament_cmake.build:Building ROS package in '/home/asimkumar/asitlorbotsix_ws/src/asitlotbotsix_controller' with build type 'ament_cmake'
[0.374s] INFO:colcon.colcon_cmake.task.cmake.build:Building CMake package in '/home/asimkumar/asitlorbotsix_ws/src/asitlotbotsix_controller'
[0.374s] INFO:colcon.colcon_core.shell:Skip shell extension 'powershell' for command environment: Not usable outside of PowerShell
[0.374s] DEBUG:colcon.colcon_core.shell:Skip shell extension 'dsv' for command environment
[0.638s] INFO:colcon.colcon_core.task.python.build:Building Python package in '/home/asimkumar/asitlorbotsix_ws/src/asitlorbot_six'
[0.638s] INFO:colcon.colcon_core.shell:Skip shell extension 'powershell' for command environment: Not usable outside of PowerShell
[0.638s] DEBUG:colcon.colcon_core.shell:Skip shell extension 'dsv' for command environment
[0.647s] DEBUG:colcon.colcon_core.event_handler.log_command:Invoking command in '/home/asimkumar/asitlorbotsix_ws/build/asitlorbotsix_description': CMAKE_PREFIX_PATH=${CMAKE_PREFIX_PATH}:/home/asimkumar/asitlorbotsix_ws/install/asitlorbot_six:/opt/ros/humble /usr/bin/cmake --build /home/asimkumar/asitlorbotsix_ws/build/asitlorbotsix_description -- -j8 -l8
[0.653s] DEBUG:colcon.colcon_core.event_handler.log_command:Invoking command in '/home/asimkumar/asitlorbotsix_ws/build/asitlotbotsix_controller': CMAKE_PREFIX_PATH=${CMAKE_PREFIX_PATH}:/home/asimkumar/asitlorbotsix_ws/install/asitlorbot_six:/opt/ros/humble /usr/bin/cmake --build /home/asimkumar/asitlorbotsix_ws/build/asitlotbotsix_controller -- -j8 -l8
[0.697s] DEBUG:colcon.colcon_core.event_handler.log_command:Invoked command in '/home/asimkumar/asitlorbotsix_ws/build/asitlorbotsix_description' returned '0': CMAKE_PREFIX_PATH=${CMAKE_PREFIX_PATH}:/home/asimkumar/asitlorbotsix_ws/install/asitlorbot_six:/opt/ros/humble /usr/bin/cmake --build /home/asimkumar/asitlorbotsix_ws/build/asitlorbotsix_description -- -j8 -l8
[0.744s] DEBUG:colcon.colcon_core.event_handler.log_command:Invoking command in '/home/asimkumar/asitlorbotsix_ws/build/asitlorbotsix_description': CMAKE_PREFIX_PATH=${CMAKE_PREFIX_PATH}:/home/asimkumar/asitlorbotsix_ws/install/asitlorbot_six:/opt/ros/humble /usr/bin/cmake --install /home/asimkumar/asitlorbotsix_ws/build/asitlorbotsix_description
[0.773s] Level 1:colcon.colcon_core.environment:create_environment_scripts_only(asitlorbotsix_description)
[0.774s] DEBUG:colcon.colcon_core.event_handler.log_command:Invoked command in '/home/asimkumar/asitlorbotsix_ws/build/asitlorbotsix_description' returned '0': CMAKE_PREFIX_PATH=${CMAKE_PREFIX_PATH}:/home/asimkumar/asitlorbotsix_ws/install/asitlorbot_six:/opt/ros/humble /usr/bin/cmake --install /home/asimkumar/asitlorbotsix_ws/build/asitlorbotsix_description
[0.776s] Level 1:colcon.colcon_core.environment:checking '/home/asimkumar/asitlorbotsix_ws/install/asitlorbotsix_description' for CMake module files
[0.776s] Level 1:colcon.colcon_core.environment:checking '/home/asimkumar/asitlorbotsix_ws/install/asitlorbotsix_description' for CMake config files
[0.777s] Level 1:colcon.colcon_core.shell:create_environment_hook('asitlorbotsix_description', 'cmake_prefix_path')
[0.777s] INFO:colcon.colcon_core.shell:Creating environment hook '/home/asimkumar/asitlorbotsix_ws/install/asitlorbotsix_description/share/asitlorbotsix_description/hook/cmake_prefix_path.ps1'
[0.777s] INFO:colcon.colcon_core.shell:Creating environment descriptor '/home/asimkumar/asitlorbotsix_ws/install/asitlorbotsix_description/share/asitlorbotsix_description/hook/cmake_prefix_path.dsv'
[0.778s] INFO:colcon.colcon_core.shell:Creating environment hook '/home/asimkumar/asitlorbotsix_ws/install/asitlorbotsix_description/share/asitlorbotsix_description/hook/cmake_prefix_path.sh'
[0.778s] Level 1:colcon.colcon_core.environment:checking '/home/asimkumar/asitlorbotsix_ws/install/asitlorbotsix_description/bin'
[0.778s] Level 1:colcon.colcon_core.environment:checking '/home/asimkumar/asitlorbotsix_ws/install/asitlorbotsix_description/lib/pkgconfig/asitlorbotsix_description.pc'
[0.778s] Level 1:colcon.colcon_core.environment:checking '/home/asimkumar/asitlorbotsix_ws/install/asitlorbotsix_description/lib/python3.10/site-packages'
[0.779s] Level 1:colcon.colcon_core.environment:checking '/home/asimkumar/asitlorbotsix_ws/install/asitlorbotsix_description/bin'
[0.779s] INFO:colcon.colcon_core.shell:Creating package script '/home/asimkumar/asitlorbotsix_ws/install/asitlorbotsix_description/share/asitlorbotsix_description/package.ps1'
[0.780s] INFO:colcon.colcon_core.shell:Creating package descriptor '/home/asimkumar/asitlorbotsix_ws/install/asitlorbotsix_description/share/asitlorbotsix_description/package.dsv'
[0.780s] INFO:colcon.colcon_core.shell:Creating package script '/home/asimkumar/asitlorbotsix_ws/install/asitlorbotsix_description/share/asitlorbotsix_description/package.sh'
[0.781s] INFO:colcon.colcon_core.shell:Creating package script '/home/asimkumar/asitlorbotsix_ws/install/asitlorbotsix_description/share/asitlorbotsix_description/package.bash'
[0.781s] INFO:colcon.colcon_core.shell:Creating package script '/home/asimkumar/asitlorbotsix_ws/install/asitlorbotsix_description/share/asitlorbotsix_description/package.zsh'
[0.782s] Level 1:colcon.colcon_core.environment:create_file_with_runtime_dependencies(/home/asimkumar/asitlorbotsix_ws/install/asitlorbotsix_description/share/colcon-core/packages/asitlorbotsix_description)
[0.815s] Level 1:colcon.colcon_core.environment:create_environment_scripts_only(asitlorbotsix_description)
[0.815s] Level 1:colcon.colcon_core.environment:checking '/home/asimkumar/asitlorbotsix_ws/install/asitlorbotsix_description' for CMake module files
[0.816s] Level 1:colcon.colcon_core.environment:checking '/home/asimkumar/asitlorbotsix_ws/install/asitlorbotsix_description' for CMake config files
[0.817s] Level 1:colcon.colcon_core.shell:create_environment_hook('asitlorbotsix_description', 'cmake_prefix_path')
[0.817s] INFO:colcon.colcon_core.shell:Creating environment hook '/home/asimkumar/asitlorbotsix_ws/install/asitlorbotsix_description/share/asitlorbotsix_description/hook/cmake_prefix_path.ps1'
[0.817s] INFO:colcon.colcon_core.shell:Creating environment descriptor '/home/asimkumar/asitlorbotsix_ws/install/asitlorbotsix_description/share/asitlorbotsix_description/hook/cmake_prefix_path.dsv'
[0.818s] INFO:colcon.colcon_core.shell:Creating environment hook '/home/asimkumar/asitlorbotsix_ws/install/asitlorbotsix_description/share/asitlorbotsix_description/hook/cmake_prefix_path.sh'
[0.818s] Level 1:colcon.colcon_core.environment:checking '/home/asimkumar/asitlorbotsix_ws/install/asitlorbotsix_description/bin'
[0.818s] Level 1:colcon.colcon_core.environment:checking '/home/asimkumar/asitlorbotsix_ws/install/asitlorbotsix_description/lib/pkgconfig/asitlorbotsix_description.pc'
[0.819s] Level 1:colcon.colcon_core.environment:checking '/home/asimkumar/asitlorbotsix_ws/install/asitlorbotsix_description/lib/python3.10/site-packages'
[0.819s] Level 1:colcon.colcon_core.environment:checking '/home/asimkumar/asitlorbotsix_ws/install/asitlorbotsix_description/bin'
[0.819s] INFO:colcon.colcon_core.shell:Creating package script '/home/asimkumar/asitlorbotsix_ws/install/asitlorbotsix_description/share/asitlorbotsix_description/package.ps1'
[0.820s] INFO:colcon.colcon_core.shell:Creating package descriptor '/home/asimkumar/asitlorbotsix_ws/install/asitlorbotsix_description/share/asitlorbotsix_description/package.dsv'
[0.820s] INFO:colcon.colcon_core.shell:Creating package script '/home/asimkumar/asitlorbotsix_ws/install/asitlorbotsix_description/share/asitlorbotsix_description/package.sh'
[0.821s] INFO:colcon.colcon_core.shell:Creating package script '/home/asimkumar/asitlorbotsix_ws/install/asitlorbotsix_description/share/asitlorbotsix_description/package.bash'
[0.822s] INFO:colcon.colcon_core.shell:Creating package script '/home/asimkumar/asitlorbotsix_ws/install/asitlorbotsix_description/share/asitlorbotsix_description/package.zsh'
[0.822s] Level 1:colcon.colcon_core.environment:create_file_with_runtime_dependencies(/home/asimkumar/asitlorbotsix_ws/install/asitlorbotsix_description/share/colcon-core/packages/asitlorbotsix_description)
[1.072s] DEBUG:colcon.colcon_core.event_handler.log_command:Invoking command in '/home/asimkumar/asitlorbotsix_ws/build/asitlorbot_six': PYTHONPATH=/home/asimkumar/asitlorbotsix_ws/build/asitlorbot_six/prefix_override:/home/asimkumar/asitlorbotsix_ws/install/asitlorbot_six/lib/python3.10/site-packages:${PYTHONPATH} /usr/bin/python3 -W ignore:setup.py install is deprecated setup.py develop --editable --build-directory /home/asimkumar/asitlorbotsix_ws/build/asitlorbot_six/build --no-deps symlink_data
[1.605s] Level 1:colcon.colcon_core.shell:create_environment_hook('asitlorbot_six', 'pythonpath_develop')
[1.605s] INFO:colcon.colcon_core.shell:Creating environment hook '/home/asimkumar/asitlorbotsix_ws/build/asitlorbot_six/share/asitlorbot_six/hook/pythonpath_develop.ps1'
[1.606s] DEBUG:colcon.colcon_core.event_handler.log_command:Invoked command in '/home/asimkumar/asitlorbotsix_ws/build/asitlorbot_six' returned '0': PYTHONPATH=/home/asimkumar/asitlorbotsix_ws/build/asitlorbot_six/prefix_override:/home/asimkumar/asitlorbotsix_ws/install/asitlorbot_six/lib/python3.10/site-packages:${PYTHONPATH} /usr/bin/python3 -W ignore:setup.py install is deprecated setup.py develop --editable --build-directory /home/asimkumar/asitlorbotsix_ws/build/asitlorbot_six/build --no-deps symlink_data
[1.606s] INFO:colcon.colcon_core.shell:Creating environment descriptor '/home/asimkumar/asitlorbotsix_ws/build/asitlorbot_six/share/asitlorbot_six/hook/pythonpath_develop.dsv'
[1.607s] INFO:colcon.colcon_core.shell:Creating environment hook '/home/asimkumar/asitlorbotsix_ws/build/asitlorbot_six/share/asitlorbot_six/hook/pythonpath_develop.sh'
[1.607s] Level 1:colcon.colcon_core.environment:checking '/home/asimkumar/asitlorbotsix_ws/install/asitlorbot_six' for CMake module files
[1.608s] Level 1:colcon.colcon_core.environment:checking '/home/asimkumar/asitlorbotsix_ws/install/asitlorbot_six' for CMake config files
[1.608s] Level 1:colcon.colcon_core.environment:checking '/home/asimkumar/asitlorbotsix_ws/install/asitlorbot_six/lib'
[1.608s] Level 1:colcon.colcon_core.environment:checking '/home/asimkumar/asitlorbotsix_ws/install/asitlorbot_six/bin'
[1.608s] Level 1:colcon.colcon_core.environment:checking '/home/asimkumar/asitlorbotsix_ws/install/asitlorbot_six/lib/pkgconfig/asitlorbot_six.pc'
[1.609s] Level 1:colcon.colcon_core.environment:checking '/home/asimkumar/asitlorbotsix_ws/install/asitlorbot_six/lib/python3.10/site-packages'
[1.609s] Level 1:colcon.colcon_core.shell:create_environment_hook('asitlorbot_six', 'pythonpath')
[1.609s] INFO:colcon.colcon_core.shell:Creating environment hook '/home/asimkumar/asitlorbotsix_ws/install/asitlorbot_six/share/asitlorbot_six/hook/pythonpath.ps1'
[1.609s] INFO:colcon.colcon_core.shell:Creating environment descriptor '/home/asimkumar/asitlorbotsix_ws/install/asitlorbot_six/share/asitlorbot_six/hook/pythonpath.dsv'
[1.609s] INFO:colcon.colcon_core.shell:Creating environment hook '/home/asimkumar/asitlorbotsix_ws/install/asitlorbot_six/share/asitlorbot_six/hook/pythonpath.sh'
[1.610s] Level 1:colcon.colcon_core.environment:checking '/home/asimkumar/asitlorbotsix_ws/install/asitlorbot_six/bin'
[1.610s] Level 1:colcon.colcon_core.environment:create_environment_scripts_only(asitlorbot_six)
[1.610s] INFO:colcon.colcon_core.shell:Creating package script '/home/asimkumar/asitlorbotsix_ws/install/asitlorbot_six/share/asitlorbot_six/package.ps1'
[1.611s] INFO:colcon.colcon_core.shell:Creating package descriptor '/home/asimkumar/asitlorbotsix_ws/install/asitlorbot_six/share/asitlorbot_six/package.dsv'
[1.611s] INFO:colcon.colcon_core.shell:Creating package script '/home/asimkumar/asitlorbotsix_ws/install/asitlorbot_six/share/asitlorbot_six/package.sh'
[1.611s] INFO:colcon.colcon_core.shell:Creating package script '/home/asimkumar/asitlorbotsix_ws/install/asitlorbot_six/share/asitlorbot_six/package.bash'
[1.612s] INFO:colcon.colcon_core.shell:Creating package script '/home/asimkumar/asitlorbotsix_ws/install/asitlorbot_six/share/asitlorbot_six/package.zsh'
[1.612s] Level 1:colcon.colcon_core.environment:create_file_with_runtime_dependencies(/home/asimkumar/asitlorbotsix_ws/install/asitlorbot_six/share/colcon-core/packages/asitlorbot_six)
[2.162s] DEBUG:colcon.colcon_core.event_handler.log_command:Invoked command in '/home/asimkumar/asitlorbotsix_ws/build/asitlotbotsix_controller' returned '2': CMAKE_PREFIX_PATH=${CMAKE_PREFIX_PATH}:/home/asimkumar/asitlorbotsix_ws/install/asitlorbot_six:/opt/ros/humble /usr/bin/cmake --build /home/asimkumar/asitlorbotsix_ws/build/asitlotbotsix_controller -- -j8 -l8
[2.199s] Level 1:colcon.colcon_core.environment:create_environment_scripts_only(asitlotbotsix_controller)
[2.200s] Level 1:colcon.colcon_core.environment:checking '/home/asimkumar/asitlorbotsix_ws/install/asitlotbotsix_controller' for CMake module files
[2.200s] Level 1:colcon.colcon_core.environment:checking '/home/asimkumar/asitlorbotsix_ws/install/asitlotbotsix_controller' for CMake config files
[2.201s] Level 1:colcon.colcon_core.shell:create_environment_hook('asitlotbotsix_controller', 'cmake_prefix_path')
[2.201s] INFO:colcon.colcon_core.shell:Creating environment hook '/home/asimkumar/asitlorbotsix_ws/install/asitlotbotsix_controller/share/asitlotbotsix_controller/hook/cmake_prefix_path.ps1'
[2.201s] INFO:colcon.colcon_core.shell:Creating environment descriptor '/home/asimkumar/asitlorbotsix_ws/install/asitlotbotsix_controller/share/asitlotbotsix_controller/hook/cmake_prefix_path.dsv'
[2.202s] INFO:colcon.colcon_core.shell:Creating environment hook '/home/asimkumar/asitlorbotsix_ws/install/asitlotbotsix_controller/share/asitlotbotsix_controller/hook/cmake_prefix_path.sh'
[2.202s] Level 1:colcon.colcon_core.environment:checking '/home/asimkumar/asitlorbotsix_ws/install/asitlotbotsix_controller/lib'
[2.202s] Level 1:colcon.colcon_core.environment:checking '/home/asimkumar/asitlorbotsix_ws/install/asitlotbotsix_controller/bin'
[2.202s] Level 1:colcon.colcon_core.environment:checking '/home/asimkumar/asitlorbotsix_ws/install/asitlotbotsix_controller/lib/pkgconfig/asitlotbotsix_controller.pc'
[2.202s] Level 1:colcon.colcon_core.environment:checking '/home/asimkumar/asitlorbotsix_ws/install/asitlotbotsix_controller/lib/python3.10/site-packages'
[2.202s] Level 1:colcon.colcon_core.environment:checking '/home/asimkumar/asitlorbotsix_ws/install/asitlotbotsix_controller/bin'
[2.203s] INFO:colcon.colcon_core.shell:Creating package script '/home/asimkumar/asitlorbotsix_ws/install/asitlotbotsix_controller/share/asitlotbotsix_controller/package.ps1'
[2.203s] INFO:colcon.colcon_core.shell:Creating package descriptor '/home/asimkumar/asitlorbotsix_ws/install/asitlotbotsix_controller/share/asitlotbotsix_controller/package.dsv'
[2.204s] INFO:colcon.colcon_core.shell:Creating package script '/home/asimkumar/asitlorbotsix_ws/install/asitlotbotsix_controller/share/asitlotbotsix_controller/package.sh'
[2.204s] INFO:colcon.colcon_core.shell:Creating package script '/home/asimkumar/asitlorbotsix_ws/install/asitlotbotsix_controller/share/asitlotbotsix_controller/package.bash'
[2.204s] INFO:colcon.colcon_core.shell:Creating package script '/home/asimkumar/asitlorbotsix_ws/install/asitlotbotsix_controller/share/asitlotbotsix_controller/package.zsh'
[2.205s] Level 1:colcon.colcon_core.environment:create_file_with_runtime_dependencies(/home/asimkumar/asitlorbotsix_ws/install/asitlotbotsix_controller/share/colcon-core/packages/asitlotbotsix_controller)
[2.215s] DEBUG:colcon.colcon_parallel_executor.executor.parallel:closing loop
[2.215s] DEBUG:colcon.colcon_parallel_executor.executor.parallel:loop closed
[2.215s] DEBUG:colcon.colcon_parallel_executor.executor.parallel:run_until_complete finished with '2'
[2.215s] DEBUG:colcon.colcon_core.event_reactor:joining thread
[2.222s] INFO:colcon.colcon_core.plugin_system:Skipping extension 'colcon_notification.desktop_notification.terminal_notifier': Not used on non-Darwin systems
[2.223s] INFO:colcon.colcon_core.plugin_system:Skipping extension 'colcon_notification.desktop_notification.win32': Not used on non-Windows systems
[2.223s] INFO:colcon.colcon_notification.desktop_notification:Sending desktop notification using 'notify2'
[2.236s] DEBUG:colcon.colcon_core.event_reactor:joined thread
[2.236s] INFO:colcon.colcon_core.shell:Creating prefix script '/home/asimkumar/asitlorbotsix_ws/install/local_setup.ps1'
[2.237s] INFO:colcon.colcon_core.shell:Creating prefix util module '/home/asimkumar/asitlorbotsix_ws/install/_local_setup_util_ps1.py'
[2.239s] INFO:colcon.colcon_core.shell:Creating prefix chain script '/home/asimkumar/asitlorbotsix_ws/install/setup.ps1'
[2.240s] INFO:colcon.colcon_core.shell:Creating prefix script '/home/asimkumar/asitlorbotsix_ws/install/local_setup.sh'
[2.241s] INFO:colcon.colcon_core.shell:Creating prefix util module '/home/asimkumar/asitlorbotsix_ws/install/_local_setup_util_sh.py'
[2.241s] INFO:colcon.colcon_core.shell:Creating prefix chain script '/home/asimkumar/asitlorbotsix_ws/install/setup.sh'
[2.243s] INFO:colcon.colcon_core.shell:Creating prefix script '/home/asimkumar/asitlorbotsix_ws/install/local_setup.bash'
[2.243s] INFO:colcon.colcon_core.shell:Creating prefix chain script '/home/asimkumar/asitlorbotsix_ws/install/setup.bash'
[2.244s] INFO:colcon.colcon_core.shell:Creating prefix script '/home/asimkumar/asitlorbotsix_ws/install/local_setup.zsh'
[2.245s] INFO:colcon.colcon_core.shell:Creating prefix chain script '/home/asimkumar/asitlorbotsix_ws/install/setup.zsh'
