[0.142s] DEBUG:colcon:Command line arguments: ['/usr/bin/colcon', 'build', '--symlink-install']
[0.143s] DEBUG:colcon:Parsed command line arguments: Namespace(log_base=None, log_level=None, verb_name='build', build_base='build', install_base='install', merge_install=False, symlink_install=True, test_result_base=None, continue_on_error=False, executor='parallel', parallel_workers=8, event_handlers=None, ignore_user_meta=False, metas=['./colcon.meta'], base_paths=['.'], packages_ignore=None, packages_ignore_regex=None, paths=None, packages_up_to=None, packages_up_to_regex=None, packages_above=None, packages_above_and_dependencies=None, packages_above_depth=None, packages_select_by_dep=None, packages_skip_by_dep=None, packages_skip_up_to=None, packages_select_build_failed=False, packages_skip_build_finished=False, packages_select_test_failures=False, packages_skip_test_passed=False, packages_select=None, packages_skip=None, packages_select_regex=None, packages_skip_regex=None, packages_start=None, packages_end=None, allow_overriding=[], cmake_args=None, cmake_target=None, cmake_target_skip_unavailable=False, cmake_clean_cache=False, cmake_clean_first=False, cmake_force_configure=False, ament_cmake_args=None, catkin_cmake_args=None, catkin_skip_building_tests=False, verb_parser=<colcon_defaults.argument_parser.defaults.DefaultArgumentsDecorator object at 0x7957c5631450>, verb_extension=<colcon_core.verb.build.BuildVerb object at 0x7957c57a6d10>, main=<bound method BuildVerb.main of <colcon_core.verb.build.BuildVerb object at 0x7957c57a6d10>>)
[0.484s] Level 1:colcon.colcon_core.package_discovery:discover_packages(colcon_meta) check parameters
[0.484s] Level 1:colcon.colcon_core.package_discovery:discover_packages(recursive) check parameters
[0.484s] Level 1:colcon.colcon_core.package_discovery:discover_packages(ignore) check parameters
[0.484s] Level 1:colcon.colcon_core.package_discovery:discover_packages(path) check parameters
[0.484s] Level 1:colcon.colcon_core.package_discovery:discover_packages(colcon_meta) discover
[0.484s] Level 1:colcon.colcon_core.package_discovery:discover_packages(recursive) discover
[0.484s] INFO:colcon.colcon_core.package_discovery:Crawling recursively for packages in '/home/asimkumar/asitlorbotsix_ws'
[0.484s] Level 1:colcon.colcon_core.package_identification:_identify(.) by extensions ['ignore', 'ignore_ament_install']
[0.484s] Level 1:colcon.colcon_core.package_identification:_identify(.) by extension 'ignore'
[0.485s] Level 1:colcon.colcon_core.package_identification:_identify(.) by extension 'ignore_ament_install'
[0.485s] Level 1:colcon.colcon_core.package_identification:_identify(.) by extensions ['colcon_pkg']
[0.485s] Level 1:colcon.colcon_core.package_identification:_identify(.) by extension 'colcon_pkg'
[0.485s] Level 1:colcon.colcon_core.package_identification:_identify(.) by extensions ['colcon_meta']
[0.485s] Level 1:colcon.colcon_core.package_identification:_identify(.) by extension 'colcon_meta'
[0.485s] Level 1:colcon.colcon_core.package_identification:_identify(.) by extensions ['ros']
[0.485s] Level 1:colcon.colcon_core.package_identification:_identify(.) by extension 'ros'
[0.499s] Level 1:colcon.colcon_core.package_identification:_identify(.) by extensions ['cmake', 'python']
[0.500s] Level 1:colcon.colcon_core.package_identification:_identify(.) by extension 'cmake'
[0.500s] Level 1:colcon.colcon_core.package_identification:_identify(.) by extension 'python'
[0.500s] Level 1:colcon.colcon_core.package_identification:_identify(.) by extensions ['python_setup_py']
[0.500s] Level 1:colcon.colcon_core.package_identification:_identify(.) by extension 'python_setup_py'
[0.500s] Level 1:colcon.colcon_core.package_identification:_identify(build) by extensions ['ignore', 'ignore_ament_install']
[0.500s] Level 1:colcon.colcon_core.package_identification:_identify(build) by extension 'ignore'
[0.500s] Level 1:colcon.colcon_core.package_identification:_identify(build) ignored
[0.500s] Level 1:colcon.colcon_core.package_identification:_identify(install) by extensions ['ignore', 'ignore_ament_install']
[0.500s] Level 1:colcon.colcon_core.package_identification:_identify(install) by extension 'ignore'
[0.500s] Level 1:colcon.colcon_core.package_identification:_identify(install) ignored
[0.501s] Level 1:colcon.colcon_core.package_identification:_identify(log) by extensions ['ignore', 'ignore_ament_install']
[0.501s] Level 1:colcon.colcon_core.package_identification:_identify(log) by extension 'ignore'
[0.501s] Level 1:colcon.colcon_core.package_identification:_identify(log) ignored
[0.501s] Level 1:colcon.colcon_core.package_identification:_identify(src) by extensions ['ignore', 'ignore_ament_install']
[0.501s] Level 1:colcon.colcon_core.package_identification:_identify(src) by extension 'ignore'
[0.501s] Level 1:colcon.colcon_core.package_identification:_identify(src) by extension 'ignore_ament_install'
[0.501s] Level 1:colcon.colcon_core.package_identification:_identify(src) by extensions ['colcon_pkg']
[0.501s] Level 1:colcon.colcon_core.package_identification:_identify(src) by extension 'colcon_pkg'
[0.501s] Level 1:colcon.colcon_core.package_identification:_identify(src) by extensions ['colcon_meta']
[0.501s] Level 1:colcon.colcon_core.package_identification:_identify(src) by extension 'colcon_meta'
[0.501s] Level 1:colcon.colcon_core.package_identification:_identify(src) by extensions ['ros']
[0.501s] Level 1:colcon.colcon_core.package_identification:_identify(src) by extension 'ros'
[0.501s] Level 1:colcon.colcon_core.package_identification:_identify(src) by extensions ['cmake', 'python']
[0.501s] Level 1:colcon.colcon_core.package_identification:_identify(src) by extension 'cmake'
[0.502s] Level 1:colcon.colcon_core.package_identification:_identify(src) by extension 'python'
[0.502s] Level 1:colcon.colcon_core.package_identification:_identify(src) by extensions ['python_setup_py']
[0.502s] Level 1:colcon.colcon_core.package_identification:_identify(src) by extension 'python_setup_py'
[0.502s] Level 1:colcon.colcon_core.package_identification:_identify(src/asitlorbot_six) by extensions ['ignore', 'ignore_ament_install']
[0.502s] Level 1:colcon.colcon_core.package_identification:_identify(src/asitlorbot_six) by extension 'ignore'
[0.502s] Level 1:colcon.colcon_core.package_identification:_identify(src/asitlorbot_six) by extension 'ignore_ament_install'
[0.502s] Level 1:colcon.colcon_core.package_identification:_identify(src/asitlorbot_six) by extensions ['colcon_pkg']
[0.502s] Level 1:colcon.colcon_core.package_identification:_identify(src/asitlorbot_six) by extension 'colcon_pkg'
[0.502s] Level 1:colcon.colcon_core.package_identification:_identify(src/asitlorbot_six) by extensions ['colcon_meta']
[0.502s] Level 1:colcon.colcon_core.package_identification:_identify(src/asitlorbot_six) by extension 'colcon_meta'
[0.502s] Level 1:colcon.colcon_core.package_identification:_identify(src/asitlorbot_six) by extensions ['ros']
[0.502s] Level 1:colcon.colcon_core.package_identification:_identify(src/asitlorbot_six) by extension 'ros'
[0.505s] DEBUG:colcon.colcon_core.package_identification:Package 'src/asitlorbot_six' with type 'ros.ament_python' and name 'asitlorbot_six'
[0.505s] Level 1:colcon.colcon_core.package_identification:_identify(src/asitlorbotsix_description) by extensions ['ignore', 'ignore_ament_install']
[0.505s] Level 1:colcon.colcon_core.package_identification:_identify(src/asitlorbotsix_description) by extension 'ignore'
[0.505s] Level 1:colcon.colcon_core.package_identification:_identify(src/asitlorbotsix_description) by extension 'ignore_ament_install'
[0.506s] Level 1:colcon.colcon_core.package_identification:_identify(src/asitlorbotsix_description) by extensions ['colcon_pkg']
[0.506s] Level 1:colcon.colcon_core.package_identification:_identify(src/asitlorbotsix_description) by extension 'colcon_pkg'
[0.506s] Level 1:colcon.colcon_core.package_identification:_identify(src/asitlorbotsix_description) by extensions ['colcon_meta']
[0.506s] Level 1:colcon.colcon_core.package_identification:_identify(src/asitlorbotsix_description) by extension 'colcon_meta'
[0.506s] Level 1:colcon.colcon_core.package_identification:_identify(src/asitlorbotsix_description) by extensions ['ros']
[0.506s] Level 1:colcon.colcon_core.package_identification:_identify(src/asitlorbotsix_description) by extension 'ros'
[0.508s] DEBUG:colcon.colcon_core.package_identification:Package 'src/asitlorbotsix_description' with type 'ros.ament_cmake' and name 'asitlorbotsix_description'
[0.508s] Level 1:colcon.colcon_core.package_identification:_identify(src/asitlorbotsix_localization) by extensions ['ignore', 'ignore_ament_install']
[0.509s] Level 1:colcon.colcon_core.package_identification:_identify(src/asitlorbotsix_localization) by extension 'ignore'
[0.509s] Level 1:colcon.colcon_core.package_identification:_identify(src/asitlorbotsix_localization) by extension 'ignore_ament_install'
[0.509s] Level 1:colcon.colcon_core.package_identification:_identify(src/asitlorbotsix_localization) by extensions ['colcon_pkg']
[0.509s] Level 1:colcon.colcon_core.package_identification:_identify(src/asitlorbotsix_localization) by extension 'colcon_pkg'
[0.509s] Level 1:colcon.colcon_core.package_identification:_identify(src/asitlorbotsix_localization) by extensions ['colcon_meta']
[0.509s] Level 1:colcon.colcon_core.package_identification:_identify(src/asitlorbotsix_localization) by extension 'colcon_meta'
[0.509s] Level 1:colcon.colcon_core.package_identification:_identify(src/asitlorbotsix_localization) by extensions ['ros']
[0.509s] Level 1:colcon.colcon_core.package_identification:_identify(src/asitlorbotsix_localization) by extension 'ros'
[0.510s] DEBUG:colcon.colcon_core.package_identification:Package 'src/asitlorbotsix_localization' with type 'ros.ament_cmake' and name 'asitlorbotsix_localization'
[0.510s] Level 1:colcon.colcon_core.package_identification:_identify(src/asitlotbotsix_controller) by extensions ['ignore', 'ignore_ament_install']
[0.510s] Level 1:colcon.colcon_core.package_identification:_identify(src/asitlotbotsix_controller) by extension 'ignore'
[0.510s] Level 1:colcon.colcon_core.package_identification:_identify(src/asitlotbotsix_controller) by extension 'ignore_ament_install'
[0.510s] Level 1:colcon.colcon_core.package_identification:_identify(src/asitlotbotsix_controller) by extensions ['colcon_pkg']
[0.510s] Level 1:colcon.colcon_core.package_identification:_identify(src/asitlotbotsix_controller) by extension 'colcon_pkg'
[0.511s] Level 1:colcon.colcon_core.package_identification:_identify(src/asitlotbotsix_controller) by extensions ['colcon_meta']
[0.511s] Level 1:colcon.colcon_core.package_identification:_identify(src/asitlotbotsix_controller) by extension 'colcon_meta'
[0.511s] Level 1:colcon.colcon_core.package_identification:_identify(src/asitlotbotsix_controller) by extensions ['ros']
[0.511s] Level 1:colcon.colcon_core.package_identification:_identify(src/asitlotbotsix_controller) by extension 'ros'
[0.512s] DEBUG:colcon.colcon_core.package_identification:Package 'src/asitlotbotsix_controller' with type 'ros.ament_cmake' and name 'asitlotbotsix_controller'
[0.512s] Level 1:colcon.colcon_core.package_discovery:discover_packages(recursive) using defaults
[0.512s] Level 1:colcon.colcon_core.package_discovery:discover_packages(ignore) discover
[0.512s] Level 1:colcon.colcon_core.package_discovery:discover_packages(ignore) using defaults
[0.512s] Level 1:colcon.colcon_core.package_discovery:discover_packages(path) discover
[0.513s] Level 1:colcon.colcon_core.package_discovery:discover_packages(path) using defaults
[0.562s] Level 1:colcon.colcon_core.package_discovery:discover_packages(prefix_path) check parameters
[0.562s] Level 1:colcon.colcon_core.package_discovery:discover_packages(prefix_path) discover
[0.570s] DEBUG:colcon.colcon_installed_package_information.package_discovery:Found 4 installed packages in /home/asimkumar/asitlorbotsix_ws/install
[0.572s] DEBUG:colcon.colcon_installed_package_information.package_discovery:Found 20 installed packages in /home/asimkumar/asitlor_ws/install
[0.572s] DEBUG:colcon.colcon_installed_package_information.package_discovery:Found 1 installed packages in /home/asimkumar/turtlebot3_1/install
[0.574s] DEBUG:colcon.colcon_installed_package_information.package_discovery:Found 347 installed packages in /opt/ros/humble
[0.577s] Level 1:colcon.colcon_core.package_discovery:discover_packages(prefix_path) using defaults
[0.643s] Level 5:colcon.colcon_core.verb:set package 'asitlorbot_six' build argument 'cmake_args' from command line to 'None'
[0.643s] Level 5:colcon.colcon_core.verb:set package 'asitlorbot_six' build argument 'cmake_target' from command line to 'None'
[0.643s] Level 5:colcon.colcon_core.verb:set package 'asitlorbot_six' build argument 'cmake_target_skip_unavailable' from command line to 'False'
[0.643s] Level 5:colcon.colcon_core.verb:set package 'asitlorbot_six' build argument 'cmake_clean_cache' from command line to 'False'
[0.643s] Level 5:colcon.colcon_core.verb:set package 'asitlorbot_six' build argument 'cmake_clean_first' from command line to 'False'
[0.643s] Level 5:colcon.colcon_core.verb:set package 'asitlorbot_six' build argument 'cmake_force_configure' from command line to 'False'
[0.643s] Level 5:colcon.colcon_core.verb:set package 'asitlorbot_six' build argument 'ament_cmake_args' from command line to 'None'
[0.643s] Level 5:colcon.colcon_core.verb:set package 'asitlorbot_six' build argument 'catkin_cmake_args' from command line to 'None'
[0.643s] Level 5:colcon.colcon_core.verb:set package 'asitlorbot_six' build argument 'catkin_skip_building_tests' from command line to 'False'
[0.643s] DEBUG:colcon.colcon_core.verb:Building package 'asitlorbot_six' with the following arguments: {'ament_cmake_args': None, 'build_base': '/home/asimkumar/asitlorbotsix_ws/build/asitlorbot_six', 'catkin_cmake_args': None, 'catkin_skip_building_tests': False, 'cmake_args': None, 'cmake_clean_cache': False, 'cmake_clean_first': False, 'cmake_force_configure': False, 'cmake_target': None, 'cmake_target_skip_unavailable': False, 'install_base': '/home/asimkumar/asitlorbotsix_ws/install/asitlorbot_six', 'merge_install': False, 'path': '/home/asimkumar/asitlorbotsix_ws/src/asitlorbot_six', 'symlink_install': True, 'test_result_base': None}
[0.644s] Level 5:colcon.colcon_core.verb:set package 'asitlorbotsix_description' build argument 'cmake_args' from command line to 'None'
[0.644s] Level 5:colcon.colcon_core.verb:set package 'asitlorbotsix_description' build argument 'cmake_target' from command line to 'None'
[0.644s] Level 5:colcon.colcon_core.verb:set package 'asitlorbotsix_description' build argument 'cmake_target_skip_unavailable' from command line to 'False'
[0.644s] Level 5:colcon.colcon_core.verb:set package 'asitlorbotsix_description' build argument 'cmake_clean_cache' from command line to 'False'
[0.644s] Level 5:colcon.colcon_core.verb:set package 'asitlorbotsix_description' build argument 'cmake_clean_first' from command line to 'False'
[0.644s] Level 5:colcon.colcon_core.verb:set package 'asitlorbotsix_description' build argument 'cmake_force_configure' from command line to 'False'
[0.644s] Level 5:colcon.colcon_core.verb:set package 'asitlorbotsix_description' build argument 'ament_cmake_args' from command line to 'None'
[0.644s] Level 5:colcon.colcon_core.verb:set package 'asitlorbotsix_description' build argument 'catkin_cmake_args' from command line to 'None'
[0.644s] Level 5:colcon.colcon_core.verb:set package 'asitlorbotsix_description' build argument 'catkin_skip_building_tests' from command line to 'False'
[0.644s] DEBUG:colcon.colcon_core.verb:Building package 'asitlorbotsix_description' with the following arguments: {'ament_cmake_args': None, 'build_base': '/home/asimkumar/asitlorbotsix_ws/build/asitlorbotsix_description', 'catkin_cmake_args': None, 'catkin_skip_building_tests': False, 'cmake_args': None, 'cmake_clean_cache': False, 'cmake_clean_first': False, 'cmake_force_configure': False, 'cmake_target': None, 'cmake_target_skip_unavailable': False, 'install_base': '/home/asimkumar/asitlorbotsix_ws/install/asitlorbotsix_description', 'merge_install': False, 'path': '/home/asimkumar/asitlorbotsix_ws/src/asitlorbotsix_description', 'symlink_install': True, 'test_result_base': None}
[0.644s] Level 5:colcon.colcon_core.verb:set package 'asitlorbotsix_localization' build argument 'cmake_args' from command line to 'None'
[0.644s] Level 5:colcon.colcon_core.verb:set package 'asitlorbotsix_localization' build argument 'cmake_target' from command line to 'None'
[0.645s] Level 5:colcon.colcon_core.verb:set package 'asitlorbotsix_localization' build argument 'cmake_target_skip_unavailable' from command line to 'False'
[0.645s] Level 5:colcon.colcon_core.verb:set package 'asitlorbotsix_localization' build argument 'cmake_clean_cache' from command line to 'False'
[0.645s] Level 5:colcon.colcon_core.verb:set package 'asitlorbotsix_localization' build argument 'cmake_clean_first' from command line to 'False'
[0.645s] Level 5:colcon.colcon_core.verb:set package 'asitlorbotsix_localization' build argument 'cmake_force_configure' from command line to 'False'
[0.645s] Level 5:colcon.colcon_core.verb:set package 'asitlorbotsix_localization' build argument 'ament_cmake_args' from command line to 'None'
[0.645s] Level 5:colcon.colcon_core.verb:set package 'asitlorbotsix_localization' build argument 'catkin_cmake_args' from command line to 'None'
[0.645s] Level 5:colcon.colcon_core.verb:set package 'asitlorbotsix_localization' build argument 'catkin_skip_building_tests' from command line to 'False'
[0.645s] DEBUG:colcon.colcon_core.verb:Building package 'asitlorbotsix_localization' with the following arguments: {'ament_cmake_args': None, 'build_base': '/home/asimkumar/asitlorbotsix_ws/build/asitlorbotsix_localization', 'catkin_cmake_args': None, 'catkin_skip_building_tests': False, 'cmake_args': None, 'cmake_clean_cache': False, 'cmake_clean_first': False, 'cmake_force_configure': False, 'cmake_target': None, 'cmake_target_skip_unavailable': False, 'install_base': '/home/asimkumar/asitlorbotsix_ws/install/asitlorbotsix_localization', 'merge_install': False, 'path': '/home/asimkumar/asitlorbotsix_ws/src/asitlorbotsix_localization', 'symlink_install': True, 'test_result_base': None}
[0.645s] Level 5:colcon.colcon_core.verb:set package 'asitlotbotsix_controller' build argument 'cmake_args' from command line to 'None'
[0.645s] Level 5:colcon.colcon_core.verb:set package 'asitlotbotsix_controller' build argument 'cmake_target' from command line to 'None'
[0.645s] Level 5:colcon.colcon_core.verb:set package 'asitlotbotsix_controller' build argument 'cmake_target_skip_unavailable' from command line to 'False'
[0.645s] Level 5:colcon.colcon_core.verb:set package 'asitlotbotsix_controller' build argument 'cmake_clean_cache' from command line to 'False'
[0.645s] Level 5:colcon.colcon_core.verb:set package 'asitlotbotsix_controller' build argument 'cmake_clean_first' from command line to 'False'
[0.645s] Level 5:colcon.colcon_core.verb:set package 'asitlotbotsix_controller' build argument 'cmake_force_configure' from command line to 'False'
[0.645s] Level 5:colcon.colcon_core.verb:set package 'asitlotbotsix_controller' build argument 'ament_cmake_args' from command line to 'None'
[0.645s] Level 5:colcon.colcon_core.verb:set package 'asitlotbotsix_controller' build argument 'catkin_cmake_args' from command line to 'None'
[0.645s] Level 5:colcon.colcon_core.verb:set package 'asitlotbotsix_controller' build argument 'catkin_skip_building_tests' from command line to 'False'
[0.645s] DEBUG:colcon.colcon_core.verb:Building package 'asitlotbotsix_controller' with the following arguments: {'ament_cmake_args': None, 'build_base': '/home/asimkumar/asitlorbotsix_ws/build/asitlotbotsix_controller', 'catkin_cmake_args': None, 'catkin_skip_building_tests': False, 'cmake_args': None, 'cmake_clean_cache': False, 'cmake_clean_first': False, 'cmake_force_configure': False, 'cmake_target': None, 'cmake_target_skip_unavailable': False, 'install_base': '/home/asimkumar/asitlorbotsix_ws/install/asitlotbotsix_controller', 'merge_install': False, 'path': '/home/asimkumar/asitlorbotsix_ws/src/asitlotbotsix_controller', 'symlink_install': True, 'test_result_base': None}
[0.646s] INFO:colcon.colcon_core.executor:Executing jobs using 'parallel' executor
[0.647s] DEBUG:colcon.colcon_parallel_executor.executor.parallel:run_until_complete
[0.647s] INFO:colcon.colcon_ros.task.ament_python.build:Building ROS package in '/home/asimkumar/asitlorbotsix_ws/src/asitlorbot_six' with build type 'ament_python'
[0.647s] Level 1:colcon.colcon_core.shell:create_environment_hook('asitlorbot_six', 'ament_prefix_path')
[0.652s] INFO:colcon.colcon_core.plugin_system:Skipping extension 'colcon_core.shell.bat': Not used on non-Windows systems
[0.652s] INFO:colcon.colcon_core.shell:Creating environment hook '/home/asimkumar/asitlorbotsix_ws/install/asitlorbot_six/share/asitlorbot_six/hook/ament_prefix_path.ps1'
[0.654s] INFO:colcon.colcon_core.shell:Creating environment descriptor '/home/asimkumar/asitlorbotsix_ws/install/asitlorbot_six/share/asitlorbot_six/hook/ament_prefix_path.dsv'
[0.655s] INFO:colcon.colcon_core.shell:Creating environment hook '/home/asimkumar/asitlorbotsix_ws/install/asitlorbot_six/share/asitlorbot_six/hook/ament_prefix_path.sh'
[0.656s] INFO:colcon.colcon_core.shell:Skip shell extension 'powershell' for command environment: Not usable outside of PowerShell
[0.656s] DEBUG:colcon.colcon_core.shell:Skip shell extension 'dsv' for command environment
[0.664s] INFO:colcon.colcon_ros.task.ament_cmake.build:Building ROS package in '/home/asimkumar/asitlorbotsix_ws/src/asitlorbotsix_description' with build type 'ament_cmake'
[0.664s] INFO:colcon.colcon_cmake.task.cmake.build:Building CMake package in '/home/asimkumar/asitlorbotsix_ws/src/asitlorbotsix_description'
[0.665s] INFO:colcon.colcon_core.shell:Skip shell extension 'powershell' for command environment: Not usable outside of PowerShell
[0.665s] DEBUG:colcon.colcon_core.shell:Skip shell extension 'dsv' for command environment
[0.672s] INFO:colcon.colcon_ros.task.ament_cmake.build:Building ROS package in '/home/asimkumar/asitlorbotsix_ws/src/asitlorbotsix_localization' with build type 'ament_cmake'
[0.673s] INFO:colcon.colcon_cmake.task.cmake.build:Building CMake package in '/home/asimkumar/asitlorbotsix_ws/src/asitlorbotsix_localization'
[0.673s] INFO:colcon.colcon_core.shell:Skip shell extension 'powershell' for command environment: Not usable outside of PowerShell
[0.673s] DEBUG:colcon.colcon_core.shell:Skip shell extension 'dsv' for command environment
[0.686s] INFO:colcon.colcon_ros.task.ament_cmake.build:Building ROS package in '/home/asimkumar/asitlorbotsix_ws/src/asitlotbotsix_controller' with build type 'ament_cmake'
[0.686s] INFO:colcon.colcon_cmake.task.cmake.build:Building CMake package in '/home/asimkumar/asitlorbotsix_ws/src/asitlotbotsix_controller'
[0.686s] INFO:colcon.colcon_core.shell:Skip shell extension 'powershell' for command environment: Not usable outside of PowerShell
[0.686s] DEBUG:colcon.colcon_core.shell:Skip shell extension 'dsv' for command environment
[1.133s] INFO:colcon.colcon_core.task.python.build:Building Python package in '/home/asimkumar/asitlorbotsix_ws/src/asitlorbot_six'
[1.134s] INFO:colcon.colcon_core.shell:Skip shell extension 'powershell' for command environment: Not usable outside of PowerShell
[1.134s] DEBUG:colcon.colcon_core.shell:Skip shell extension 'dsv' for command environment
[1.149s] DEBUG:colcon.colcon_core.event_handler.log_command:Invoking command in '/home/asimkumar/asitlorbotsix_ws/build/asitlorbotsix_description': CMAKE_PREFIX_PATH=${CMAKE_PREFIX_PATH}:/home/asimkumar/asitlorbotsix_ws/install/asitlorbot_six:/opt/ros/humble /usr/bin/cmake --build /home/asimkumar/asitlorbotsix_ws/build/asitlorbotsix_description -- -j8 -l8
[1.157s] DEBUG:colcon.colcon_core.event_handler.log_command:Invoking command in '/home/asimkumar/asitlorbotsix_ws/build/asitlorbotsix_localization': CMAKE_PREFIX_PATH=${CMAKE_PREFIX_PATH}:/home/asimkumar/asitlorbotsix_ws/install/asitlorbot_six:/opt/ros/humble /usr/bin/cmake --build /home/asimkumar/asitlorbotsix_ws/build/asitlorbotsix_localization -- -j8 -l8
[1.166s] DEBUG:colcon.colcon_core.event_handler.log_command:Invoking command in '/home/asimkumar/asitlorbotsix_ws/build/asitlotbotsix_controller': CMAKE_PREFIX_PATH=${CMAKE_PREFIX_PATH}:/home/asimkumar/asitlorbotsix_ws/install/asitlorbot_six:/opt/ros/humble /usr/bin/cmake --build /home/asimkumar/asitlorbotsix_ws/build/asitlotbotsix_controller -- -j8 -l8
[1.237s] DEBUG:colcon.colcon_core.event_handler.log_command:Invoked command in '/home/asimkumar/asitlorbotsix_ws/build/asitlorbotsix_description' returned '0': CMAKE_PREFIX_PATH=${CMAKE_PREFIX_PATH}:/home/asimkumar/asitlorbotsix_ws/install/asitlorbot_six:/opt/ros/humble /usr/bin/cmake --build /home/asimkumar/asitlorbotsix_ws/build/asitlorbotsix_description -- -j8 -l8
[1.305s] DEBUG:colcon.colcon_core.event_handler.log_command:Invoking command in '/home/asimkumar/asitlorbotsix_ws/build/asitlorbotsix_description': CMAKE_PREFIX_PATH=${CMAKE_PREFIX_PATH}:/home/asimkumar/asitlorbotsix_ws/install/asitlorbot_six:/opt/ros/humble /usr/bin/cmake --install /home/asimkumar/asitlorbotsix_ws/build/asitlorbotsix_description
[1.361s] Level 1:colcon.colcon_core.environment:create_environment_scripts_only(asitlorbotsix_description)
[1.362s] DEBUG:colcon.colcon_core.event_handler.log_command:Invoked command in '/home/asimkumar/asitlorbotsix_ws/build/asitlorbotsix_description' returned '0': CMAKE_PREFIX_PATH=${CMAKE_PREFIX_PATH}:/home/asimkumar/asitlorbotsix_ws/install/asitlorbot_six:/opt/ros/humble /usr/bin/cmake --install /home/asimkumar/asitlorbotsix_ws/build/asitlorbotsix_description
[1.370s] Level 1:colcon.colcon_core.environment:checking '/home/asimkumar/asitlorbotsix_ws/install/asitlorbotsix_description' for CMake module files
[1.371s] Level 1:colcon.colcon_core.environment:checking '/home/asimkumar/asitlorbotsix_ws/install/asitlorbotsix_description' for CMake config files
[1.371s] Level 1:colcon.colcon_core.shell:create_environment_hook('asitlorbotsix_description', 'cmake_prefix_path')
[1.372s] INFO:colcon.colcon_core.shell:Creating environment hook '/home/asimkumar/asitlorbotsix_ws/install/asitlorbotsix_description/share/asitlorbotsix_description/hook/cmake_prefix_path.ps1'
[1.372s] INFO:colcon.colcon_core.shell:Creating environment descriptor '/home/asimkumar/asitlorbotsix_ws/install/asitlorbotsix_description/share/asitlorbotsix_description/hook/cmake_prefix_path.dsv'
[1.373s] INFO:colcon.colcon_core.shell:Creating environment hook '/home/asimkumar/asitlorbotsix_ws/install/asitlorbotsix_description/share/asitlorbotsix_description/hook/cmake_prefix_path.sh'
[1.374s] Level 1:colcon.colcon_core.environment:checking '/home/asimkumar/asitlorbotsix_ws/install/asitlorbotsix_description/bin'
[1.374s] Level 1:colcon.colcon_core.environment:checking '/home/asimkumar/asitlorbotsix_ws/install/asitlorbotsix_description/lib/pkgconfig/asitlorbotsix_description.pc'
[1.375s] Level 1:colcon.colcon_core.environment:checking '/home/asimkumar/asitlorbotsix_ws/install/asitlorbotsix_description/lib/python3.10/site-packages'
[1.375s] Level 1:colcon.colcon_core.environment:checking '/home/asimkumar/asitlorbotsix_ws/install/asitlorbotsix_description/bin'
[1.375s] INFO:colcon.colcon_core.shell:Creating package script '/home/asimkumar/asitlorbotsix_ws/install/asitlorbotsix_description/share/asitlorbotsix_description/package.ps1'
[1.376s] INFO:colcon.colcon_core.shell:Creating package descriptor '/home/asimkumar/asitlorbotsix_ws/install/asitlorbotsix_description/share/asitlorbotsix_description/package.dsv'
[1.377s] INFO:colcon.colcon_core.shell:Creating package script '/home/asimkumar/asitlorbotsix_ws/install/asitlorbotsix_description/share/asitlorbotsix_description/package.sh'
[1.379s] INFO:colcon.colcon_core.shell:Creating package script '/home/asimkumar/asitlorbotsix_ws/install/asitlorbotsix_description/share/asitlorbotsix_description/package.bash'
[1.380s] INFO:colcon.colcon_core.shell:Creating package script '/home/asimkumar/asitlorbotsix_ws/install/asitlorbotsix_description/share/asitlorbotsix_description/package.zsh'
[1.382s] Level 1:colcon.colcon_core.environment:create_file_with_runtime_dependencies(/home/asimkumar/asitlorbotsix_ws/install/asitlorbotsix_description/share/colcon-core/packages/asitlorbotsix_description)
[1.424s] Level 1:colcon.colcon_core.environment:create_environment_scripts_only(asitlorbotsix_description)
[1.425s] Level 1:colcon.colcon_core.environment:checking '/home/asimkumar/asitlorbotsix_ws/install/asitlorbotsix_description' for CMake module files
[1.425s] Level 1:colcon.colcon_core.environment:checking '/home/asimkumar/asitlorbotsix_ws/install/asitlorbotsix_description' for CMake config files
[1.426s] Level 1:colcon.colcon_core.shell:create_environment_hook('asitlorbotsix_description', 'cmake_prefix_path')
[1.426s] INFO:colcon.colcon_core.shell:Creating environment hook '/home/asimkumar/asitlorbotsix_ws/install/asitlorbotsix_description/share/asitlorbotsix_description/hook/cmake_prefix_path.ps1'
[1.427s] INFO:colcon.colcon_core.shell:Creating environment descriptor '/home/asimkumar/asitlorbotsix_ws/install/asitlorbotsix_description/share/asitlorbotsix_description/hook/cmake_prefix_path.dsv'
[1.427s] INFO:colcon.colcon_core.shell:Creating environment hook '/home/asimkumar/asitlorbotsix_ws/install/asitlorbotsix_description/share/asitlorbotsix_description/hook/cmake_prefix_path.sh'
[1.428s] Level 1:colcon.colcon_core.environment:checking '/home/asimkumar/asitlorbotsix_ws/install/asitlorbotsix_description/bin'
[1.428s] Level 1:colcon.colcon_core.environment:checking '/home/asimkumar/asitlorbotsix_ws/install/asitlorbotsix_description/lib/pkgconfig/asitlorbotsix_description.pc'
[1.428s] Level 1:colcon.colcon_core.environment:checking '/home/asimkumar/asitlorbotsix_ws/install/asitlorbotsix_description/lib/python3.10/site-packages'
[1.428s] Level 1:colcon.colcon_core.environment:checking '/home/asimkumar/asitlorbotsix_ws/install/asitlorbotsix_description/bin'
[1.429s] INFO:colcon.colcon_core.shell:Creating package script '/home/asimkumar/asitlorbotsix_ws/install/asitlorbotsix_description/share/asitlorbotsix_description/package.ps1'
[1.429s] INFO:colcon.colcon_core.shell:Creating package descriptor '/home/asimkumar/asitlorbotsix_ws/install/asitlorbotsix_description/share/asitlorbotsix_description/package.dsv'
[1.430s] INFO:colcon.colcon_core.shell:Creating package script '/home/asimkumar/asitlorbotsix_ws/install/asitlorbotsix_description/share/asitlorbotsix_description/package.sh'
[1.431s] INFO:colcon.colcon_core.shell:Creating package script '/home/asimkumar/asitlorbotsix_ws/install/asitlorbotsix_description/share/asitlorbotsix_description/package.bash'
[1.431s] INFO:colcon.colcon_core.shell:Creating package script '/home/asimkumar/asitlorbotsix_ws/install/asitlorbotsix_description/share/asitlorbotsix_description/package.zsh'
[1.432s] Level 1:colcon.colcon_core.environment:create_file_with_runtime_dependencies(/home/asimkumar/asitlorbotsix_ws/install/asitlorbotsix_description/share/colcon-core/packages/asitlorbotsix_description)
[1.752s] DEBUG:colcon.colcon_core.event_handler.log_command:Invoked command in '/home/asimkumar/asitlorbotsix_ws/build/asitlorbotsix_localization' returned '0': CMAKE_PREFIX_PATH=${CMAKE_PREFIX_PATH}:/home/asimkumar/asitlorbotsix_ws/install/asitlorbot_six:/opt/ros/humble /usr/bin/cmake --build /home/asimkumar/asitlorbotsix_ws/build/asitlorbotsix_localization -- -j8 -l8
[1.765s] DEBUG:colcon.colcon_core.event_handler.log_command:Invoked command in '/home/asimkumar/asitlorbotsix_ws/build/asitlotbotsix_controller' returned '0': CMAKE_PREFIX_PATH=${CMAKE_PREFIX_PATH}:/home/asimkumar/asitlorbotsix_ws/install/asitlorbot_six:/opt/ros/humble /usr/bin/cmake --build /home/asimkumar/asitlorbotsix_ws/build/asitlotbotsix_controller -- -j8 -l8
[1.802s] DEBUG:colcon.colcon_core.event_handler.log_command:Invoking command in '/home/asimkumar/asitlorbotsix_ws/build/asitlorbotsix_localization': CMAKE_PREFIX_PATH=${CMAKE_PREFIX_PATH}:/home/asimkumar/asitlorbotsix_ws/install/asitlorbot_six:/opt/ros/humble /usr/bin/cmake --install /home/asimkumar/asitlorbotsix_ws/build/asitlorbotsix_localization
[1.814s] DEBUG:colcon.colcon_core.event_handler.log_command:Invoking command in '/home/asimkumar/asitlorbotsix_ws/build/asitlotbotsix_controller': CMAKE_PREFIX_PATH=${CMAKE_PREFIX_PATH}:/home/asimkumar/asitlorbotsix_ws/install/asitlorbot_six:/opt/ros/humble /usr/bin/cmake --install /home/asimkumar/asitlorbotsix_ws/build/asitlotbotsix_controller
[1.860s] DEBUG:colcon.colcon_core.event_handler.log_command:Invoking command in '/home/asimkumar/asitlorbotsix_ws/build/asitlorbot_six': PYTHONPATH=/home/asimkumar/asitlorbotsix_ws/build/asitlorbot_six/prefix_override:/home/asimkumar/asitlorbotsix_ws/install/asitlorbot_six/lib/python3.10/site-packages:${PYTHONPATH} /usr/bin/python3 -W ignore:setup.py install is deprecated setup.py develop --editable --build-directory /home/asimkumar/asitlorbotsix_ws/build/asitlorbot_six/build --no-deps symlink_data
[1.906s] Level 1:colcon.colcon_core.environment:create_environment_scripts_only(asitlorbotsix_localization)
[1.906s] Level 1:colcon.colcon_core.environment:checking '/home/asimkumar/asitlorbotsix_ws/install/asitlorbotsix_localization' for CMake module files
[1.907s] DEBUG:colcon.colcon_core.event_handler.log_command:Invoked command in '/home/asimkumar/asitlorbotsix_ws/build/asitlorbotsix_localization' returned '0': CMAKE_PREFIX_PATH=${CMAKE_PREFIX_PATH}:/home/asimkumar/asitlorbotsix_ws/install/asitlorbot_six:/opt/ros/humble /usr/bin/cmake --install /home/asimkumar/asitlorbotsix_ws/build/asitlorbotsix_localization
[1.908s] Level 1:colcon.colcon_core.environment:checking '/home/asimkumar/asitlorbotsix_ws/install/asitlorbotsix_localization' for CMake config files
[1.909s] Level 1:colcon.colcon_core.shell:create_environment_hook('asitlorbotsix_localization', 'cmake_prefix_path')
[1.910s] INFO:colcon.colcon_core.shell:Creating environment hook '/home/asimkumar/asitlorbotsix_ws/install/asitlorbotsix_localization/share/asitlorbotsix_localization/hook/cmake_prefix_path.ps1'
[1.911s] INFO:colcon.colcon_core.shell:Creating environment descriptor '/home/asimkumar/asitlorbotsix_ws/install/asitlorbotsix_localization/share/asitlorbotsix_localization/hook/cmake_prefix_path.dsv'
[1.911s] INFO:colcon.colcon_core.shell:Creating environment hook '/home/asimkumar/asitlorbotsix_ws/install/asitlorbotsix_localization/share/asitlorbotsix_localization/hook/cmake_prefix_path.sh'
[1.912s] Level 1:colcon.colcon_core.environment:checking '/home/asimkumar/asitlorbotsix_ws/install/asitlorbotsix_localization/lib'
[1.912s] Level 1:colcon.colcon_core.environment:checking '/home/asimkumar/asitlorbotsix_ws/install/asitlorbotsix_localization/bin'
[1.912s] Level 1:colcon.colcon_core.environment:checking '/home/asimkumar/asitlorbotsix_ws/install/asitlorbotsix_localization/lib/pkgconfig/asitlorbotsix_localization.pc'
[1.913s] Level 1:colcon.colcon_core.environment:checking '/home/asimkumar/asitlorbotsix_ws/install/asitlorbotsix_localization/lib/python3.10/site-packages'
[1.913s] Level 1:colcon.colcon_core.environment:checking '/home/asimkumar/asitlorbotsix_ws/install/asitlorbotsix_localization/bin'
[1.913s] INFO:colcon.colcon_core.shell:Creating package script '/home/asimkumar/asitlorbotsix_ws/install/asitlorbotsix_localization/share/asitlorbotsix_localization/package.ps1'
[1.914s] INFO:colcon.colcon_core.shell:Creating package descriptor '/home/asimkumar/asitlorbotsix_ws/install/asitlorbotsix_localization/share/asitlorbotsix_localization/package.dsv'
[1.915s] INFO:colcon.colcon_core.shell:Creating package script '/home/asimkumar/asitlorbotsix_ws/install/asitlorbotsix_localization/share/asitlorbotsix_localization/package.sh'
[1.915s] INFO:colcon.colcon_core.shell:Creating package script '/home/asimkumar/asitlorbotsix_ws/install/asitlorbotsix_localization/share/asitlorbotsix_localization/package.bash'
[1.916s] INFO:colcon.colcon_core.shell:Creating package script '/home/asimkumar/asitlorbotsix_ws/install/asitlorbotsix_localization/share/asitlorbotsix_localization/package.zsh'
[1.916s] Level 1:colcon.colcon_core.environment:create_file_with_runtime_dependencies(/home/asimkumar/asitlorbotsix_ws/install/asitlorbotsix_localization/share/colcon-core/packages/asitlorbotsix_localization)
[1.919s] Level 1:colcon.colcon_core.environment:create_environment_scripts_only(asitlotbotsix_controller)
[1.919s] Level 1:colcon.colcon_core.environment:checking '/home/asimkumar/asitlorbotsix_ws/install/asitlotbotsix_controller' for CMake module files
[1.919s] DEBUG:colcon.colcon_core.event_handler.log_command:Invoked command in '/home/asimkumar/asitlorbotsix_ws/build/asitlotbotsix_controller' returned '0': CMAKE_PREFIX_PATH=${CMAKE_PREFIX_PATH}:/home/asimkumar/asitlorbotsix_ws/install/asitlorbot_six:/opt/ros/humble /usr/bin/cmake --install /home/asimkumar/asitlorbotsix_ws/build/asitlotbotsix_controller
[1.920s] Level 1:colcon.colcon_core.environment:checking '/home/asimkumar/asitlorbotsix_ws/install/asitlotbotsix_controller' for CMake config files
[1.922s] Level 1:colcon.colcon_core.shell:create_environment_hook('asitlotbotsix_controller', 'cmake_prefix_path')
[1.922s] INFO:colcon.colcon_core.shell:Creating environment hook '/home/asimkumar/asitlorbotsix_ws/install/asitlotbotsix_controller/share/asitlotbotsix_controller/hook/cmake_prefix_path.ps1'
[1.923s] INFO:colcon.colcon_core.shell:Creating environment descriptor '/home/asimkumar/asitlorbotsix_ws/install/asitlotbotsix_controller/share/asitlotbotsix_controller/hook/cmake_prefix_path.dsv'
[1.923s] INFO:colcon.colcon_core.shell:Creating environment hook '/home/asimkumar/asitlorbotsix_ws/install/asitlotbotsix_controller/share/asitlotbotsix_controller/hook/cmake_prefix_path.sh'
[1.924s] Level 1:colcon.colcon_core.environment:checking '/home/asimkumar/asitlorbotsix_ws/install/asitlotbotsix_controller/lib'
[1.924s] Level 1:colcon.colcon_core.environment:checking '/home/asimkumar/asitlorbotsix_ws/install/asitlotbotsix_controller/bin'
[1.924s] Level 1:colcon.colcon_core.environment:checking '/home/asimkumar/asitlorbotsix_ws/install/asitlotbotsix_controller/lib/pkgconfig/asitlotbotsix_controller.pc'
[1.924s] Level 1:colcon.colcon_core.environment:checking '/home/asimkumar/asitlorbotsix_ws/install/asitlotbotsix_controller/lib/python3.10/site-packages'
[1.924s] Level 1:colcon.colcon_core.environment:checking '/home/asimkumar/asitlorbotsix_ws/install/asitlotbotsix_controller/bin'
[1.925s] INFO:colcon.colcon_core.shell:Creating package script '/home/asimkumar/asitlorbotsix_ws/install/asitlotbotsix_controller/share/asitlotbotsix_controller/package.ps1'
[1.925s] INFO:colcon.colcon_core.shell:Creating package descriptor '/home/asimkumar/asitlorbotsix_ws/install/asitlotbotsix_controller/share/asitlotbotsix_controller/package.dsv'
[1.926s] INFO:colcon.colcon_core.shell:Creating package script '/home/asimkumar/asitlorbotsix_ws/install/asitlotbotsix_controller/share/asitlotbotsix_controller/package.sh'
[1.927s] INFO:colcon.colcon_core.shell:Creating package script '/home/asimkumar/asitlorbotsix_ws/install/asitlotbotsix_controller/share/asitlotbotsix_controller/package.bash'
[1.927s] INFO:colcon.colcon_core.shell:Creating package script '/home/asimkumar/asitlorbotsix_ws/install/asitlotbotsix_controller/share/asitlotbotsix_controller/package.zsh'
[1.928s] Level 1:colcon.colcon_core.environment:create_file_with_runtime_dependencies(/home/asimkumar/asitlorbotsix_ws/install/asitlotbotsix_controller/share/colcon-core/packages/asitlotbotsix_controller)
[1.963s] Level 1:colcon.colcon_core.environment:create_environment_scripts_only(asitlorbotsix_localization)
[1.963s] Level 1:colcon.colcon_core.environment:checking '/home/asimkumar/asitlorbotsix_ws/install/asitlorbotsix_localization' for CMake module files
[1.964s] Level 1:colcon.colcon_core.environment:checking '/home/asimkumar/asitlorbotsix_ws/install/asitlorbotsix_localization' for CMake config files
[1.965s] Level 1:colcon.colcon_core.shell:create_environment_hook('asitlorbotsix_localization', 'cmake_prefix_path')
[1.965s] INFO:colcon.colcon_core.shell:Creating environment hook '/home/asimkumar/asitlorbotsix_ws/install/asitlorbotsix_localization/share/asitlorbotsix_localization/hook/cmake_prefix_path.ps1'
[1.965s] INFO:colcon.colcon_core.shell:Creating environment descriptor '/home/asimkumar/asitlorbotsix_ws/install/asitlorbotsix_localization/share/asitlorbotsix_localization/hook/cmake_prefix_path.dsv'
[1.966s] INFO:colcon.colcon_core.shell:Creating environment hook '/home/asimkumar/asitlorbotsix_ws/install/asitlorbotsix_localization/share/asitlorbotsix_localization/hook/cmake_prefix_path.sh'
[1.967s] Level 1:colcon.colcon_core.environment:checking '/home/asimkumar/asitlorbotsix_ws/install/asitlorbotsix_localization/lib'
[1.967s] Level 1:colcon.colcon_core.environment:checking '/home/asimkumar/asitlorbotsix_ws/install/asitlorbotsix_localization/bin'
[1.967s] Level 1:colcon.colcon_core.environment:checking '/home/asimkumar/asitlorbotsix_ws/install/asitlorbotsix_localization/lib/pkgconfig/asitlorbotsix_localization.pc'
[1.967s] Level 1:colcon.colcon_core.environment:checking '/home/asimkumar/asitlorbotsix_ws/install/asitlorbotsix_localization/lib/python3.10/site-packages'
[1.967s] Level 1:colcon.colcon_core.environment:checking '/home/asimkumar/asitlorbotsix_ws/install/asitlorbotsix_localization/bin'
[1.968s] INFO:colcon.colcon_core.shell:Creating package script '/home/asimkumar/asitlorbotsix_ws/install/asitlorbotsix_localization/share/asitlorbotsix_localization/package.ps1'
[1.968s] INFO:colcon.colcon_core.shell:Creating package descriptor '/home/asimkumar/asitlorbotsix_ws/install/asitlorbotsix_localization/share/asitlorbotsix_localization/package.dsv'
[1.969s] INFO:colcon.colcon_core.shell:Creating package script '/home/asimkumar/asitlorbotsix_ws/install/asitlorbotsix_localization/share/asitlorbotsix_localization/package.sh'
[1.969s] INFO:colcon.colcon_core.shell:Creating package script '/home/asimkumar/asitlorbotsix_ws/install/asitlorbotsix_localization/share/asitlorbotsix_localization/package.bash'
[1.970s] INFO:colcon.colcon_core.shell:Creating package script '/home/asimkumar/asitlorbotsix_ws/install/asitlorbotsix_localization/share/asitlorbotsix_localization/package.zsh'
[1.971s] Level 1:colcon.colcon_core.environment:create_file_with_runtime_dependencies(/home/asimkumar/asitlorbotsix_ws/install/asitlorbotsix_localization/share/colcon-core/packages/asitlorbotsix_localization)
[1.973s] Level 1:colcon.colcon_core.environment:create_environment_scripts_only(asitlotbotsix_controller)
[1.973s] Level 1:colcon.colcon_core.environment:checking '/home/asimkumar/asitlorbotsix_ws/install/asitlotbotsix_controller' for CMake module files
[1.973s] Level 1:colcon.colcon_core.environment:checking '/home/asimkumar/asitlorbotsix_ws/install/asitlotbotsix_controller' for CMake config files
[1.974s] Level 1:colcon.colcon_core.shell:create_environment_hook('asitlotbotsix_controller', 'cmake_prefix_path')
[1.975s] INFO:colcon.colcon_core.shell:Creating environment hook '/home/asimkumar/asitlorbotsix_ws/install/asitlotbotsix_controller/share/asitlotbotsix_controller/hook/cmake_prefix_path.ps1'
[1.975s] INFO:colcon.colcon_core.shell:Creating environment descriptor '/home/asimkumar/asitlorbotsix_ws/install/asitlotbotsix_controller/share/asitlotbotsix_controller/hook/cmake_prefix_path.dsv'
[1.975s] INFO:colcon.colcon_core.shell:Creating environment hook '/home/asimkumar/asitlorbotsix_ws/install/asitlotbotsix_controller/share/asitlotbotsix_controller/hook/cmake_prefix_path.sh'
[1.976s] Level 1:colcon.colcon_core.environment:checking '/home/asimkumar/asitlorbotsix_ws/install/asitlotbotsix_controller/lib'
[1.976s] Level 1:colcon.colcon_core.environment:checking '/home/asimkumar/asitlorbotsix_ws/install/asitlotbotsix_controller/bin'
[1.976s] Level 1:colcon.colcon_core.environment:checking '/home/asimkumar/asitlorbotsix_ws/install/asitlotbotsix_controller/lib/pkgconfig/asitlotbotsix_controller.pc'
[1.976s] Level 1:colcon.colcon_core.environment:checking '/home/asimkumar/asitlorbotsix_ws/install/asitlotbotsix_controller/lib/python3.10/site-packages'
[1.977s] Level 1:colcon.colcon_core.environment:checking '/home/asimkumar/asitlorbotsix_ws/install/asitlotbotsix_controller/bin'
[1.977s] INFO:colcon.colcon_core.shell:Creating package script '/home/asimkumar/asitlorbotsix_ws/install/asitlotbotsix_controller/share/asitlotbotsix_controller/package.ps1'
[1.978s] INFO:colcon.colcon_core.shell:Creating package descriptor '/home/asimkumar/asitlorbotsix_ws/install/asitlotbotsix_controller/share/asitlotbotsix_controller/package.dsv'
[1.979s] INFO:colcon.colcon_core.shell:Creating package script '/home/asimkumar/asitlorbotsix_ws/install/asitlotbotsix_controller/share/asitlotbotsix_controller/package.sh'
[1.980s] INFO:colcon.colcon_core.shell:Creating package script '/home/asimkumar/asitlorbotsix_ws/install/asitlotbotsix_controller/share/asitlotbotsix_controller/package.bash'
[1.981s] INFO:colcon.colcon_core.shell:Creating package script '/home/asimkumar/asitlorbotsix_ws/install/asitlotbotsix_controller/share/asitlotbotsix_controller/package.zsh'
[1.982s] Level 1:colcon.colcon_core.environment:create_file_with_runtime_dependencies(/home/asimkumar/asitlorbotsix_ws/install/asitlotbotsix_controller/share/colcon-core/packages/asitlotbotsix_controller)
[2.620s] Level 1:colcon.colcon_core.shell:create_environment_hook('asitlorbot_six', 'pythonpath_develop')
[2.621s] INFO:colcon.colcon_core.shell:Creating environment hook '/home/asimkumar/asitlorbotsix_ws/build/asitlorbot_six/share/asitlorbot_six/hook/pythonpath_develop.ps1'
[2.621s] DEBUG:colcon.colcon_core.event_handler.log_command:Invoked command in '/home/asimkumar/asitlorbotsix_ws/build/asitlorbot_six' returned '0': PYTHONPATH=/home/asimkumar/asitlorbotsix_ws/build/asitlorbot_six/prefix_override:/home/asimkumar/asitlorbotsix_ws/install/asitlorbot_six/lib/python3.10/site-packages:${PYTHONPATH} /usr/bin/python3 -W ignore:setup.py install is deprecated setup.py develop --editable --build-directory /home/asimkumar/asitlorbotsix_ws/build/asitlorbot_six/build --no-deps symlink_data
[2.622s] INFO:colcon.colcon_core.shell:Creating environment descriptor '/home/asimkumar/asitlorbotsix_ws/build/asitlorbot_six/share/asitlorbot_six/hook/pythonpath_develop.dsv'
[2.623s] INFO:colcon.colcon_core.shell:Creating environment hook '/home/asimkumar/asitlorbotsix_ws/build/asitlorbot_six/share/asitlorbot_six/hook/pythonpath_develop.sh'
[2.623s] Level 1:colcon.colcon_core.environment:checking '/home/asimkumar/asitlorbotsix_ws/install/asitlorbot_six' for CMake module files
[2.624s] Level 1:colcon.colcon_core.environment:checking '/home/asimkumar/asitlorbotsix_ws/install/asitlorbot_six' for CMake config files
[2.625s] Level 1:colcon.colcon_core.environment:checking '/home/asimkumar/asitlorbotsix_ws/install/asitlorbot_six/lib'
[2.625s] Level 1:colcon.colcon_core.environment:checking '/home/asimkumar/asitlorbotsix_ws/install/asitlorbot_six/bin'
[2.625s] Level 1:colcon.colcon_core.environment:checking '/home/asimkumar/asitlorbotsix_ws/install/asitlorbot_six/lib/pkgconfig/asitlorbot_six.pc'
[2.625s] Level 1:colcon.colcon_core.environment:checking '/home/asimkumar/asitlorbotsix_ws/install/asitlorbot_six/lib/python3.10/site-packages'
[2.625s] Level 1:colcon.colcon_core.shell:create_environment_hook('asitlorbot_six', 'pythonpath')
[2.625s] INFO:colcon.colcon_core.shell:Creating environment hook '/home/asimkumar/asitlorbotsix_ws/install/asitlorbot_six/share/asitlorbot_six/hook/pythonpath.ps1'
[2.626s] INFO:colcon.colcon_core.shell:Creating environment descriptor '/home/asimkumar/asitlorbotsix_ws/install/asitlorbot_six/share/asitlorbot_six/hook/pythonpath.dsv'
[2.626s] INFO:colcon.colcon_core.shell:Creating environment hook '/home/asimkumar/asitlorbotsix_ws/install/asitlorbot_six/share/asitlorbot_six/hook/pythonpath.sh'
[2.627s] Level 1:colcon.colcon_core.environment:checking '/home/asimkumar/asitlorbotsix_ws/install/asitlorbot_six/bin'
[2.627s] Level 1:colcon.colcon_core.environment:create_environment_scripts_only(asitlorbot_six)
[2.627s] INFO:colcon.colcon_core.shell:Creating package script '/home/asimkumar/asitlorbotsix_ws/install/asitlorbot_six/share/asitlorbot_six/package.ps1'
[2.628s] INFO:colcon.colcon_core.shell:Creating package descriptor '/home/asimkumar/asitlorbotsix_ws/install/asitlorbot_six/share/asitlorbot_six/package.dsv'
[2.628s] INFO:colcon.colcon_core.shell:Creating package script '/home/asimkumar/asitlorbotsix_ws/install/asitlorbot_six/share/asitlorbot_six/package.sh'
[2.629s] INFO:colcon.colcon_core.shell:Creating package script '/home/asimkumar/asitlorbotsix_ws/install/asitlorbot_six/share/asitlorbot_six/package.bash'
[2.629s] INFO:colcon.colcon_core.shell:Creating package script '/home/asimkumar/asitlorbotsix_ws/install/asitlorbot_six/share/asitlorbot_six/package.zsh'
[2.630s] Level 1:colcon.colcon_core.environment:create_file_with_runtime_dependencies(/home/asimkumar/asitlorbotsix_ws/install/asitlorbot_six/share/colcon-core/packages/asitlorbot_six)
[2.630s] DEBUG:colcon.colcon_parallel_executor.executor.parallel:closing loop
[2.630s] DEBUG:colcon.colcon_parallel_executor.executor.parallel:loop closed
[2.630s] DEBUG:colcon.colcon_parallel_executor.executor.parallel:run_until_complete finished with '0'
[2.631s] DEBUG:colcon.colcon_core.event_reactor:joining thread
[2.639s] INFO:colcon.colcon_core.plugin_system:Skipping extension 'colcon_notification.desktop_notification.terminal_notifier': Not used on non-Darwin systems
[2.639s] INFO:colcon.colcon_core.plugin_system:Skipping extension 'colcon_notification.desktop_notification.win32': Not used on non-Windows systems
[2.639s] INFO:colcon.colcon_notification.desktop_notification:Sending desktop notification using 'notify2'
[2.655s] DEBUG:colcon.colcon_core.event_reactor:joined thread
[2.656s] INFO:colcon.colcon_core.shell:Creating prefix script '/home/asimkumar/asitlorbotsix_ws/install/local_setup.ps1'
[2.657s] INFO:colcon.colcon_core.shell:Creating prefix util module '/home/asimkumar/asitlorbotsix_ws/install/_local_setup_util_ps1.py'
[2.659s] INFO:colcon.colcon_core.shell:Creating prefix chain script '/home/asimkumar/asitlorbotsix_ws/install/setup.ps1'
[2.662s] INFO:colcon.colcon_core.shell:Creating prefix script '/home/asimkumar/asitlorbotsix_ws/install/local_setup.sh'
[2.663s] INFO:colcon.colcon_core.shell:Creating prefix util module '/home/asimkumar/asitlorbotsix_ws/install/_local_setup_util_sh.py'
[2.664s] INFO:colcon.colcon_core.shell:Creating prefix chain script '/home/asimkumar/asitlorbotsix_ws/install/setup.sh'
[2.668s] INFO:colcon.colcon_core.shell:Creating prefix script '/home/asimkumar/asitlorbotsix_ws/install/local_setup.bash'
[2.669s] INFO:colcon.colcon_core.shell:Creating prefix chain script '/home/asimkumar/asitlorbotsix_ws/install/setup.bash'
[2.672s] INFO:colcon.colcon_core.shell:Creating prefix script '/home/asimkumar/asitlorbotsix_ws/install/local_setup.zsh'
[2.672s] INFO:colcon.colcon_core.shell:Creating prefix chain script '/home/asimkumar/asitlorbotsix_ws/install/setup.zsh'
