[0.478s] Invoking command in '/home/asimkumar/asitlorbotsix_ws/build/asitlorbotsix_localization': CMAKE_PREFIX_PATH=${CMAKE_PREFIX_PATH}:/home/asimkumar/asitlorbotsix_ws/install/asitlorbot_six:/opt/ros/humble /usr/bin/cmake --build /home/asimkumar/asitlorbotsix_ws/build/asitlorbotsix_localization -- -j8 -l8
[0.611s] Built target ament_cmake_python_symlink_asitlorbotsix_localization
[1.075s] running egg_info
[1.076s] writing asitlorbotsix_localization.egg-info/PKG-INFO
[1.077s] writing dependency_links to asitlorbotsix_localization.egg-info/dependency_links.txt
[1.078s] writing top-level names to asitlorbotsix_localization.egg-info/top_level.txt
[1.082s] reading manifest file 'asitlorbotsix_localization.egg-info/SOURCES.txt'
[1.083s] writing manifest file 'asitlorbotsix_localization.egg-info/SOURCES.txt'
[1.155s] Built target ament_cmake_python_build_asitlorbotsix_localization_egg
[1.177s] Invoked command in '/home/asimkumar/asitlorbotsix_ws/build/asitlorbotsix_localization' returned '0': CMAKE_PREFIX_PATH=${CMAKE_PREFIX_PATH}:/home/asimkumar/asitlorbotsix_ws/install/asitlorbot_six:/opt/ros/humble /usr/bin/cmake --build /home/asimkumar/asitlorbotsix_ws/build/asitlorbotsix_localization -- -j8 -l8
[1.230s] Invoking command in '/home/asimkumar/asitlorbotsix_ws/build/asitlorbotsix_localization': CMAKE_PREFIX_PATH=${CMAKE_PREFIX_PATH}:/home/asimkumar/asitlorbotsix_ws/install/asitlorbot_six:/opt/ros/humble /usr/bin/cmake --install /home/asimkumar/asitlorbotsix_ws/build/asitlorbotsix_localization
[1.245s] -- Install configuration: ""
[1.245s] -- Execute custom install script
[1.245s] -- Up-to-date symlink: /home/asimkumar/asitlorbotsix_ws/install/asitlorbotsix_localization/share/asitlorbotsix_localization/environment/pythonpath.sh
[1.247s] -- Up-to-date symlink: /home/asimkumar/asitlorbotsix_ws/install/asitlorbotsix_localization/share/asitlorbotsix_localization/environment/pythonpath.dsv
[1.247s] -- Up-to-date symlink: /home/asimkumar/asitlorbotsix_ws/install/asitlorbotsix_localization/local/lib/python3.10/dist-packages/asitlorbotsix_localization-0.0.0-py3.10.egg-info/PKG-INFO
[1.247s] -- Up-to-date symlink: /home/asimkumar/asitlorbotsix_ws/install/asitlorbotsix_localization/local/lib/python3.10/dist-packages/asitlorbotsix_localization-0.0.0-py3.10.egg-info/SOURCES.txt
[1.248s] -- Up-to-date symlink: /home/asimkumar/asitlorbotsix_ws/install/asitlorbotsix_localization/local/lib/python3.10/dist-packages/asitlorbotsix_localization-0.0.0-py3.10.egg-info/dependency_links.txt
[1.249s] -- Up-to-date symlink: /home/asimkumar/asitlorbotsix_ws/install/asitlorbotsix_localization/local/lib/python3.10/dist-packages/asitlorbotsix_localization-0.0.0-py3.10.egg-info/top_level.txt
[1.250s] -- Up-to-date symlink: /home/asimkumar/asitlorbotsix_ws/install/asitlorbotsix_localization/local/lib/python3.10/dist-packages/asitlorbotsix_localization/__init__.py
[1.250s] -- Up-to-date symlink: /home/asimkumar/asitlorbotsix_ws/install/asitlorbotsix_localization/local/lib/python3.10/dist-packages/asitlorbotsix_localization/imu_republisher.py
[1.250s] -- Up-to-date symlink: /home/asimkumar/asitlorbotsix_ws/install/asitlorbotsix_localization/local/lib/python3.10/dist-packages/asitlorbotsix_localization/rmse.py
[1.250s] -- Up-to-date symlink: /home/asimkumar/asitlorbotsix_ws/install/asitlorbotsix_localization/share/asitlorbotsix_localization/launch/local_localization.launch.py
[1.250s] -- Up-to-date symlink: /home/asimkumar/asitlorbotsix_ws/install/asitlorbotsix_localization/share/asitlorbotsix_localization/config/ekf.yaml
[1.250s] -- Up-to-date symlink: /home/asimkumar/asitlorbotsix_ws/install/asitlorbotsix_localization/lib/asitlorbotsix_localization/imu_republisher.py
[1.251s] -- Up-to-date symlink: /home/asimkumar/asitlorbotsix_ws/install/asitlorbotsix_localization/lib/asitlorbotsix_localization/rmse.py
[1.251s] -- Up-to-date symlink: /home/asimkumar/asitlorbotsix_ws/install/asitlorbotsix_localization/share/ament_index/resource_index/package_run_dependencies/asitlorbotsix_localization
[1.251s] -- Up-to-date symlink: /home/asimkumar/asitlorbotsix_ws/install/asitlorbotsix_localization/share/ament_index/resource_index/parent_prefix_path/asitlorbotsix_localization
[1.252s] -- Up-to-date symlink: /home/asimkumar/asitlorbotsix_ws/install/asitlorbotsix_localization/share/asitlorbotsix_localization/environment/ament_prefix_path.sh
[1.252s] -- Up-to-date symlink: /home/asimkumar/asitlorbotsix_ws/install/asitlorbotsix_localization/share/asitlorbotsix_localization/environment/ament_prefix_path.dsv
[1.252s] -- Up-to-date symlink: /home/asimkumar/asitlorbotsix_ws/install/asitlorbotsix_localization/share/asitlorbotsix_localization/environment/path.sh
[1.252s] -- Up-to-date symlink: /home/asimkumar/asitlorbotsix_ws/install/asitlorbotsix_localization/share/asitlorbotsix_localization/environment/path.dsv
[1.252s] -- Up-to-date symlink: /home/asimkumar/asitlorbotsix_ws/install/asitlorbotsix_localization/share/asitlorbotsix_localization/local_setup.bash
[1.252s] -- Up-to-date symlink: /home/asimkumar/asitlorbotsix_ws/install/asitlorbotsix_localization/share/asitlorbotsix_localization/local_setup.sh
[1.252s] -- Up-to-date symlink: /home/asimkumar/asitlorbotsix_ws/install/asitlorbotsix_localization/share/asitlorbotsix_localization/local_setup.zsh
[1.253s] -- Up-to-date symlink: /home/asimkumar/asitlorbotsix_ws/install/asitlorbotsix_localization/share/asitlorbotsix_localization/local_setup.dsv
[1.253s] -- Symlinking: /home/asimkumar/asitlorbotsix_ws/install/asitlorbotsix_localization/share/asitlorbotsix_localization/package.dsv
[1.271s] -- Up-to-date symlink: /home/asimkumar/asitlorbotsix_ws/install/asitlorbotsix_localization/share/ament_index/resource_index/packages/asitlorbotsix_localization
[1.271s] -- Up-to-date symlink: /home/asimkumar/asitlorbotsix_ws/install/asitlorbotsix_localization/share/asitlorbotsix_localization/cmake/asitlorbotsix_localizationConfig.cmake
[1.271s] -- Up-to-date symlink: /home/asimkumar/asitlorbotsix_ws/install/asitlorbotsix_localization/share/asitlorbotsix_localization/cmake/asitlorbotsix_localizationConfig-version.cmake
[1.272s] -- Up-to-date symlink: /home/asimkumar/asitlorbotsix_ws/install/asitlorbotsix_localization/share/asitlorbotsix_localization/package.xml
[1.329s] Listing '/home/asimkumar/asitlorbotsix_ws/install/asitlorbotsix_localization/local/lib/python3.10/dist-packages/asitlorbotsix_localization'...
[1.341s] Invoked command in '/home/asimkumar/asitlorbotsix_ws/build/asitlorbotsix_localization' returned '0': CMAKE_PREFIX_PATH=${CMAKE_PREFIX_PATH}:/home/asimkumar/asitlorbotsix_ws/install/asitlorbot_six:/opt/ros/humble /usr/bin/cmake --install /home/asimkumar/asitlorbotsix_ws/build/asitlorbotsix_localization
