[0.504s] Invoking command in '/home/asimkumar/asitlorbotsix_ws/build/asitlorbotsix_firmware': CMAKE_PREFIX_PATH=${CMAKE_PREFIX_PATH}:/home/asimkumar/asitlorbotsix_ws/install/asitlorbot_six:/opt/ros/humble /usr/bin/cmake --build /home/asimkumar/asitlorbotsix_ws/build/asitlorbotsix_firmware -- -j8 -l8
[0.675s] [ 33%] Built target simple_serial_receiver
[0.701s] [ 66%] Built target asitlorbotsix_firmware
[0.704s] [ 66%] Built target ament_cmake_python_symlink_asitlorbotsix_firmware
[0.711s] [100%] Built target simple_serial_transmitter
[1.240s] running egg_info
[1.241s] writing asitlorbotsix_firmware.egg-info/PKG-INFO
[1.242s] writing dependency_links to asitlorbotsix_firmware.egg-info/dependency_links.txt
[1.242s] writing top-level names to asitlorbotsix_firmware.egg-info/top_level.txt
[1.246s] reading manifest file 'asitlorbotsix_firmware.egg-info/SOURCES.txt'
[1.247s] writing manifest file 'asitlorbotsix_firmware.egg-info/SOURCES.txt'
[1.334s] [100%] Built target ament_cmake_python_build_asitlorbotsix_firmware_egg
[1.359s] Invoked command in '/home/asimkumar/asitlorbotsix_ws/build/asitlorbotsix_firmware' returned '0': CMAKE_PREFIX_PATH=${CMAKE_PREFIX_PATH}:/home/asimkumar/asitlorbotsix_ws/install/asitlorbot_six:/opt/ros/humble /usr/bin/cmake --build /home/asimkumar/asitlorbotsix_ws/build/asitlorbotsix_firmware -- -j8 -l8
[1.457s] Invoking command in '/home/asimkumar/asitlorbotsix_ws/build/asitlorbotsix_firmware': CMAKE_PREFIX_PATH=${CMAKE_PREFIX_PATH}:/home/asimkumar/asitlorbotsix_ws/install/asitlorbot_six:/opt/ros/humble /usr/bin/cmake --install /home/asimkumar/asitlorbotsix_ws/build/asitlorbotsix_firmware
[1.473s] -- Install configuration: ""
[1.474s] -- Execute custom install script
[1.474s] -- Up-to-date symlink: /home/asimkumar/asitlorbotsix_ws/install/asitlorbotsix_firmware/share/asitlorbotsix_firmware/environment/pythonpath.sh
[1.474s] -- Up-to-date symlink: /home/asimkumar/asitlorbotsix_ws/install/asitlorbotsix_firmware/share/asitlorbotsix_firmware/environment/pythonpath.dsv
[1.475s] -- Up-to-date symlink: /home/asimkumar/asitlorbotsix_ws/install/asitlorbotsix_firmware/local/lib/python3.10/dist-packages/asitlorbotsix_firmware-0.0.0-py3.10.egg-info/PKG-INFO
[1.475s] -- Up-to-date symlink: /home/asimkumar/asitlorbotsix_ws/install/asitlorbotsix_firmware/local/lib/python3.10/dist-packages/asitlorbotsix_firmware-0.0.0-py3.10.egg-info/SOURCES.txt
[1.476s] -- Up-to-date symlink: /home/asimkumar/asitlorbotsix_ws/install/asitlorbotsix_firmware/local/lib/python3.10/dist-packages/asitlorbotsix_firmware-0.0.0-py3.10.egg-info/dependency_links.txt
[1.476s] -- Up-to-date symlink: /home/asimkumar/asitlorbotsix_ws/install/asitlorbotsix_firmware/local/lib/python3.10/dist-packages/asitlorbotsix_firmware-0.0.0-py3.10.egg-info/top_level.txt
[1.477s] -- Up-to-date symlink: /home/asimkumar/asitlorbotsix_ws/install/asitlorbotsix_firmware/local/lib/python3.10/dist-packages/asitlorbotsix_firmware/__init__.py
[1.478s] -- Up-to-date symlink: /home/asimkumar/asitlorbotsix_ws/install/asitlorbotsix_firmware/local/lib/python3.10/dist-packages/asitlorbotsix_firmware/simple_serial_receiver.py
[1.478s] -- Up-to-date symlink: /home/asimkumar/asitlorbotsix_ws/install/asitlorbotsix_firmware/local/lib/python3.10/dist-packages/asitlorbotsix_firmware/simple_serial_transmitter.py
[1.478s] -- Up-to-date symlink: /home/asimkumar/asitlorbotsix_ws/install/asitlorbotsix_firmware/share/asitlorbotsix_firmware//asitlorbotsix_interface.xml
[1.478s] -- Up-to-date symlink: /home/asimkumar/asitlorbotsix_ws/install/asitlorbotsix_firmware/lib/libasitlorbotsix_firmware.so
[1.479s] -- Up-to-date symlink: /home/asimkumar/asitlorbotsix_ws/install/asitlorbotsix_firmware/include/include/asitlorbotsix_firmware/asitlorbotsix_interface.hpp
[1.482s] -- Up-to-date symlink: /home/asimkumar/asitlorbotsix_ws/install/asitlorbotsix_firmware/share/asitlorbotsix_firmware/launch/hardware_interface.launch.py
[1.483s] -- Up-to-date symlink: /home/asimkumar/asitlorbotsix_ws/install/asitlorbotsix_firmware/lib/asitlorbotsix_firmware/simple_serial_transmitter.py
[1.483s] -- Up-to-date symlink: /home/asimkumar/asitlorbotsix_ws/install/asitlorbotsix_firmware/lib/asitlorbotsix_firmware/simple_serial_receiver.py
[1.483s] -- Up-to-date symlink: /home/asimkumar/asitlorbotsix_ws/install/asitlorbotsix_firmware/bin/simple_serial_receiver
[1.483s] -- Up-to-date symlink: /home/asimkumar/asitlorbotsix_ws/install/asitlorbotsix_firmware/bin/simple_serial_transmitter
[1.484s] -- Up-to-date symlink: /home/asimkumar/asitlorbotsix_ws/install/asitlorbotsix_firmware/share/asitlorbotsix_firmware/environment/library_path.sh
[1.484s] -- Up-to-date symlink: /home/asimkumar/asitlorbotsix_ws/install/asitlorbotsix_firmware/share/asitlorbotsix_firmware/environment/library_path.dsv
[1.484s] -- Up-to-date symlink: /home/asimkumar/asitlorbotsix_ws/install/asitlorbotsix_firmware/share/ament_index/resource_index/package_run_dependencies/asitlorbotsix_firmware
[1.484s] -- Up-to-date symlink: /home/asimkumar/asitlorbotsix_ws/install/asitlorbotsix_firmware/share/ament_index/resource_index/parent_prefix_path/asitlorbotsix_firmware
[1.484s] -- Up-to-date symlink: /home/asimkumar/asitlorbotsix_ws/install/asitlorbotsix_firmware/share/asitlorbotsix_firmware/environment/ament_prefix_path.sh
[1.484s] -- Up-to-date symlink: /home/asimkumar/asitlorbotsix_ws/install/asitlorbotsix_firmware/share/asitlorbotsix_firmware/environment/ament_prefix_path.dsv
[1.484s] -- Up-to-date symlink: /home/asimkumar/asitlorbotsix_ws/install/asitlorbotsix_firmware/share/asitlorbotsix_firmware/environment/path.sh
[1.485s] -- Up-to-date symlink: /home/asimkumar/asitlorbotsix_ws/install/asitlorbotsix_firmware/share/asitlorbotsix_firmware/environment/path.dsv
[1.485s] -- Up-to-date symlink: /home/asimkumar/asitlorbotsix_ws/install/asitlorbotsix_firmware/share/asitlorbotsix_firmware/local_setup.bash
[1.485s] -- Up-to-date symlink: /home/asimkumar/asitlorbotsix_ws/install/asitlorbotsix_firmware/share/asitlorbotsix_firmware/local_setup.sh
[1.485s] -- Up-to-date symlink: /home/asimkumar/asitlorbotsix_ws/install/asitlorbotsix_firmware/share/asitlorbotsix_firmware/local_setup.zsh
[1.485s] -- Up-to-date symlink: /home/asimkumar/asitlorbotsix_ws/install/asitlorbotsix_firmware/share/asitlorbotsix_firmware/local_setup.dsv
[1.485s] -- Symlinking: /home/asimkumar/asitlorbotsix_ws/install/asitlorbotsix_firmware/share/asitlorbotsix_firmware/package.dsv
[1.510s] -- Up-to-date symlink: /home/asimkumar/asitlorbotsix_ws/install/asitlorbotsix_firmware/share/ament_index/resource_index/packages/asitlorbotsix_firmware
[1.511s] -- Up-to-date symlink: /home/asimkumar/asitlorbotsix_ws/install/asitlorbotsix_firmware/share/ament_index/resource_index/hardware_interface__pluginlib__plugin/asitlorbotsix_firmware
[1.511s] -- Up-to-date symlink: /home/asimkumar/asitlorbotsix_ws/install/asitlorbotsix_firmware/share/asitlorbotsix_firmware/cmake/ament_cmake_export_include_directories-extras.cmake
[1.512s] -- Up-to-date symlink: /home/asimkumar/asitlorbotsix_ws/install/asitlorbotsix_firmware/share/asitlorbotsix_firmware/cmake/ament_cmake_export_libraries-extras.cmake
[1.512s] -- Up-to-date symlink: /home/asimkumar/asitlorbotsix_ws/install/asitlorbotsix_firmware/share/asitlorbotsix_firmware/cmake/ament_cmake_export_dependencies-extras.cmake
[1.512s] -- Up-to-date symlink: /home/asimkumar/asitlorbotsix_ws/install/asitlorbotsix_firmware/share/asitlorbotsix_firmware/cmake/asitlorbotsix_firmwareConfig.cmake
[1.512s] -- Up-to-date symlink: /home/asimkumar/asitlorbotsix_ws/install/asitlorbotsix_firmware/share/asitlorbotsix_firmware/cmake/asitlorbotsix_firmwareConfig-version.cmake
[1.512s] -- Up-to-date symlink: /home/asimkumar/asitlorbotsix_ws/install/asitlorbotsix_firmware/share/asitlorbotsix_firmware/package.xml
[1.584s] Listing '/home/asimkumar/asitlorbotsix_ws/install/asitlorbotsix_firmware/local/lib/python3.10/dist-packages/asitlorbotsix_firmware'...
[1.611s] Invoked command in '/home/asimkumar/asitlorbotsix_ws/build/asitlorbotsix_firmware' returned '0': CMAKE_PREFIX_PATH=${CMAKE_PREFIX_PATH}:/home/asimkumar/asitlorbotsix_ws/install/asitlorbot_six:/opt/ros/humble /usr/bin/cmake --install /home/asimkumar/asitlorbotsix_ws/build/asitlorbotsix_firmware
