[0.479s] Invoking command in '/home/asimkumar/asitlorbotsix_ws/build/asitlorbotsix_firmware': CMAKE_PREFIX_PATH=${CMAKE_PREFIX_PATH}:/home/asimkumar/asitlorbotsix_ws/install/asitlorbot_six:/opt/ros/humble /usr/bin/cmake --build /home/asimkumar/asitlorbotsix_ws/build/asitlorbotsix_firmware -- -j8 -l8
[0.522s] -- Found ament_cmake: 1.3.8 (/opt/ros/humble/share/ament_cmake/cmake)
[0.750s] -- Override CMake install command with custom implementation using symlinks instead of copying resources
[0.760s] -- Found rclcpp: 16.0.8 (/opt/ros/humble/share/rclcpp/cmake)
[0.804s] -- Found rosidl_generator_c: 3.1.5 (/opt/ros/humble/share/rosidl_generator_c/cmake)
[0.809s] -- Found rosidl_adapter: 3.1.5 (/opt/ros/humble/share/rosidl_adapter/cmake)
[0.818s] -- Found rosidl_generator_cpp: 3.1.5 (/opt/ros/humble/share/rosidl_generator_cpp/cmake)
[0.836s] -- Using all available rosidl_typesupport_c: rosidl_typesupport_fastrtps_c;rosidl_typesupport_introspection_c
[0.859s] -- Using all available rosidl_typesupport_cpp: rosidl_typesupport_fastrtps_cpp;rosidl_typesupport_introspection_cpp
[0.946s] -- Found rmw_implementation_cmake: 6.1.1 (/opt/ros/humble/share/rmw_implementation_cmake/cmake)
[0.948s] -- Found rmw_cyclonedds_cpp: 1.3.4 (/opt/ros/humble/share/rmw_cyclonedds_cpp/cmake)
[0.991s] -- Using RMW implementation 'rmw_cyclonedds_cpp' as default
[1.228s] -- Found rclpy: 3.3.12 (/opt/ros/humble/share/rclpy/cmake)
[1.229s] -- Found hardware_interface: 2.40.0 (/opt/ros/humble/share/hardware_interface/cmake)
[2.323s] -- Configuring done
[2.386s] -- Generating done
[2.390s] -- Build files have been written to: /home/asimkumar/asitlorbotsix_ws/build/asitlorbotsix_firmware
[2.468s] [ 16%] [32mBuilding CXX object CMakeFiles/asitlorbotsix_firmware.dir/src/asitlorbotsix_interface.cpp.o[0m
[2.471s] [ 33%] [32mBuilding CXX object CMakeFiles/simple_serial_transmitter.dir/src/simple_serial_transmitter.cpp.o[0m
[2.471s] [ 50%] [32mBuilding CXX object CMakeFiles/simple_serial_receiver.dir/src/simple_serial_receiver.cpp.o[0m
[2.485s] [ 50%] Built target ament_cmake_python_symlink_asitlorbotsix_firmware
[2.859s] running egg_info
[2.859s] creating asitlorbotsix_firmware.egg-info
[2.860s] writing asitlorbotsix_firmware.egg-info/PKG-INFO
[2.860s] writing dependency_links to asitlorbotsix_firmware.egg-info/dependency_links.txt
[2.860s] writing top-level names to asitlorbotsix_firmware.egg-info/top_level.txt
[2.861s] writing manifest file 'asitlorbotsix_firmware.egg-info/SOURCES.txt'
[2.863s] reading manifest file 'asitlorbotsix_firmware.egg-info/SOURCES.txt'
[2.864s] writing manifest file 'asitlorbotsix_firmware.egg-info/SOURCES.txt'
[2.915s] [ 50%] Built target ament_cmake_python_build_asitlorbotsix_firmware_egg
[7.186s] [ 66%] [32m[1mLinking CXX shared library libasitlorbotsix_firmware.so[0m
[7.585s] [ 66%] Built target asitlorbotsix_firmware
[8.415s] [ 83%] [32m[1mLinking CXX executable simple_serial_receiver[0m
[8.705s] [ 83%] Built target simple_serial_receiver
[11.868s] [100%] [32m[1mLinking CXX executable simple_serial_transmitter[0m
[12.295s] [100%] Built target simple_serial_transmitter
[12.311s] Invoked command in '/home/asimkumar/asitlorbotsix_ws/build/asitlorbotsix_firmware' returned '0': CMAKE_PREFIX_PATH=${CMAKE_PREFIX_PATH}:/home/asimkumar/asitlorbotsix_ws/install/asitlorbot_six:/opt/ros/humble /usr/bin/cmake --build /home/asimkumar/asitlorbotsix_ws/build/asitlorbotsix_firmware -- -j8 -l8
[12.378s] Invoking command in '/home/asimkumar/asitlorbotsix_ws/build/asitlorbotsix_firmware': CMAKE_PREFIX_PATH=${CMAKE_PREFIX_PATH}:/home/asimkumar/asitlorbotsix_ws/install/asitlorbot_six:/opt/ros/humble /usr/bin/cmake --install /home/asimkumar/asitlorbotsix_ws/build/asitlorbotsix_firmware
[12.388s] -- Install configuration: ""
[12.388s] -- Execute custom install script
[12.388s] -- Symlinking: /home/asimkumar/asitlorbotsix_ws/install/asitlorbotsix_firmware/share/asitlorbotsix_firmware/environment/pythonpath.sh
[12.401s] -- Symlinking: /home/asimkumar/asitlorbotsix_ws/install/asitlorbotsix_firmware/share/asitlorbotsix_firmware/environment/pythonpath.dsv
[12.412s] -- Symlinking: /home/asimkumar/asitlorbotsix_ws/install/asitlorbotsix_firmware/local/lib/python3.10/dist-packages/asitlorbotsix_firmware-0.0.0-py3.10.egg-info/PKG-INFO
[12.425s] -- Symlinking: /home/asimkumar/asitlorbotsix_ws/install/asitlorbotsix_firmware/local/lib/python3.10/dist-packages/asitlorbotsix_firmware-0.0.0-py3.10.egg-info/SOURCES.txt
[12.437s] -- Symlinking: /home/asimkumar/asitlorbotsix_ws/install/asitlorbotsix_firmware/local/lib/python3.10/dist-packages/asitlorbotsix_firmware-0.0.0-py3.10.egg-info/dependency_links.txt
[12.448s] -- Symlinking: /home/asimkumar/asitlorbotsix_ws/install/asitlorbotsix_firmware/local/lib/python3.10/dist-packages/asitlorbotsix_firmware-0.0.0-py3.10.egg-info/top_level.txt
[12.462s] -- Symlinking: /home/asimkumar/asitlorbotsix_ws/install/asitlorbotsix_firmware/local/lib/python3.10/dist-packages/asitlorbotsix_firmware/__init__.py
[12.475s] -- Symlinking: /home/asimkumar/asitlorbotsix_ws/install/asitlorbotsix_firmware/share/asitlorbotsix_firmware//asitlorbotsix_interface.xml
[12.489s] -- Symlinking: /home/asimkumar/asitlorbotsix_ws/install/asitlorbotsix_firmware/lib/libasitlorbotsix_firmware.so
[12.502s] -- Symlinking: /home/asimkumar/asitlorbotsix_ws/install/asitlorbotsix_firmware/include/include/asitlorbotsix_firmware/asitlorbotsix_interface.hpp
[12.514s] [31mCMake Error at ament_cmake_symlink_install/ament_cmake_symlink_install.cmake:100 (message):
[12.514s]   ament_cmake_symlink_install_directory() can't find
[12.514s]   '/home/asimkumar/asitlorbotsix_ws/src/asitlorbotsix_firmware/launch'
[12.514s] Call Stack (most recent call first):
[12.515s]   ament_cmake_symlink_install/ament_cmake_symlink_install.cmake:335 (ament_cmake_symlink_install_directory)
[12.515s]   cmake_install.cmake:46 (include)
[12.515s] 
[12.515s] [0m
[12.517s] Invoked command in '/home/asimkumar/asitlorbotsix_ws/build/asitlorbotsix_firmware' returned '1': CMAKE_PREFIX_PATH=${CMAKE_PREFIX_PATH}:/home/asimkumar/asitlorbotsix_ws/install/asitlorbot_six:/opt/ros/humble /usr/bin/cmake --install /home/asimkumar/asitlorbotsix_ws/build/asitlorbotsix_firmware
