[0.096s] DEBUG:colcon:Command line arguments: ['/usr/bin/colcon', 'build', '--symlink-install']
[0.096s] DEBUG:colcon:Parsed command line arguments: Namespace(log_base=None, log_level=None, verb_name='build', build_base='build', install_base='install', merge_install=False, symlink_install=True, test_result_base=None, continue_on_error=False, executor='parallel', parallel_workers=8, event_handlers=None, ignore_user_meta=False, metas=['./colcon.meta'], base_paths=['.'], packages_ignore=None, packages_ignore_regex=None, paths=None, packages_up_to=None, packages_up_to_regex=None, packages_above=None, packages_above_and_dependencies=None, packages_above_depth=None, packages_select_by_dep=None, packages_skip_by_dep=None, packages_skip_up_to=None, packages_select_build_failed=False, packages_skip_build_finished=False, packages_select_test_failures=False, packages_skip_test_passed=False, packages_select=None, packages_skip=None, packages_select_regex=None, packages_skip_regex=None, packages_start=None, packages_end=None, allow_overriding=[], cmake_args=None, cmake_target=None, cmake_target_skip_unavailable=False, cmake_clean_cache=False, cmake_clean_first=False, cmake_force_configure=False, ament_cmake_args=None, catkin_cmake_args=None, catkin_skip_building_tests=False, verb_parser=<colcon_defaults.argument_parser.defaults.DefaultArgumentsDecorator object at 0x7389916e98d0>, verb_extension=<colcon_core.verb.build.BuildVerb object at 0x738991857190>, main=<bound method BuildVerb.main of <colcon_core.verb.build.BuildVerb object at 0x738991857190>>)
[0.272s] Level 1:colcon.colcon_core.package_discovery:discover_packages(colcon_meta) check parameters
[0.273s] Level 1:colcon.colcon_core.package_discovery:discover_packages(recursive) check parameters
[0.273s] Level 1:colcon.colcon_core.package_discovery:discover_packages(ignore) check parameters
[0.273s] Level 1:colcon.colcon_core.package_discovery:discover_packages(path) check parameters
[0.273s] Level 1:colcon.colcon_core.package_discovery:discover_packages(colcon_meta) discover
[0.273s] Level 1:colcon.colcon_core.package_discovery:discover_packages(recursive) discover
[0.273s] INFO:colcon.colcon_core.package_discovery:Crawling recursively for packages in '/home/asimkumar/asitlorbotsix_ws'
[0.273s] Level 1:colcon.colcon_core.package_identification:_identify(.) by extensions ['ignore', 'ignore_ament_install']
[0.273s] Level 1:colcon.colcon_core.package_identification:_identify(.) by extension 'ignore'
[0.273s] Level 1:colcon.colcon_core.package_identification:_identify(.) by extension 'ignore_ament_install'
[0.273s] Level 1:colcon.colcon_core.package_identification:_identify(.) by extensions ['colcon_pkg']
[0.273s] Level 1:colcon.colcon_core.package_identification:_identify(.) by extension 'colcon_pkg'
[0.273s] Level 1:colcon.colcon_core.package_identification:_identify(.) by extensions ['colcon_meta']
[0.273s] Level 1:colcon.colcon_core.package_identification:_identify(.) by extension 'colcon_meta'
[0.273s] Level 1:colcon.colcon_core.package_identification:_identify(.) by extensions ['ros']
[0.273s] Level 1:colcon.colcon_core.package_identification:_identify(.) by extension 'ros'
[0.283s] Level 1:colcon.colcon_core.package_identification:_identify(.) by extensions ['cmake', 'python']
[0.283s] Level 1:colcon.colcon_core.package_identification:_identify(.) by extension 'cmake'
[0.283s] Level 1:colcon.colcon_core.package_identification:_identify(.) by extension 'python'
[0.283s] Level 1:colcon.colcon_core.package_identification:_identify(.) by extensions ['python_setup_py']
[0.283s] Level 1:colcon.colcon_core.package_identification:_identify(.) by extension 'python_setup_py'
[0.283s] Level 1:colcon.colcon_core.package_identification:_identify(build) by extensions ['ignore', 'ignore_ament_install']
[0.283s] Level 1:colcon.colcon_core.package_identification:_identify(build) by extension 'ignore'
[0.283s] Level 1:colcon.colcon_core.package_identification:_identify(build) ignored
[0.283s] Level 1:colcon.colcon_core.package_identification:_identify(install) by extensions ['ignore', 'ignore_ament_install']
[0.283s] Level 1:colcon.colcon_core.package_identification:_identify(install) by extension 'ignore'
[0.283s] Level 1:colcon.colcon_core.package_identification:_identify(install) ignored
[0.284s] Level 1:colcon.colcon_core.package_identification:_identify(log) by extensions ['ignore', 'ignore_ament_install']
[0.284s] Level 1:colcon.colcon_core.package_identification:_identify(log) by extension 'ignore'
[0.284s] Level 1:colcon.colcon_core.package_identification:_identify(log) ignored
[0.284s] Level 1:colcon.colcon_core.package_identification:_identify(src) by extensions ['ignore', 'ignore_ament_install']
[0.284s] Level 1:colcon.colcon_core.package_identification:_identify(src) by extension 'ignore'
[0.284s] Level 1:colcon.colcon_core.package_identification:_identify(src) by extension 'ignore_ament_install'
[0.284s] Level 1:colcon.colcon_core.package_identification:_identify(src) by extensions ['colcon_pkg']
[0.284s] Level 1:colcon.colcon_core.package_identification:_identify(src) by extension 'colcon_pkg'
[0.284s] Level 1:colcon.colcon_core.package_identification:_identify(src) by extensions ['colcon_meta']
[0.284s] Level 1:colcon.colcon_core.package_identification:_identify(src) by extension 'colcon_meta'
[0.284s] Level 1:colcon.colcon_core.package_identification:_identify(src) by extensions ['ros']
[0.284s] Level 1:colcon.colcon_core.package_identification:_identify(src) by extension 'ros'
[0.284s] Level 1:colcon.colcon_core.package_identification:_identify(src) by extensions ['cmake', 'python']
[0.284s] Level 1:colcon.colcon_core.package_identification:_identify(src) by extension 'cmake'
[0.284s] Level 1:colcon.colcon_core.package_identification:_identify(src) by extension 'python'
[0.284s] Level 1:colcon.colcon_core.package_identification:_identify(src) by extensions ['python_setup_py']
[0.284s] Level 1:colcon.colcon_core.package_identification:_identify(src) by extension 'python_setup_py'
[0.284s] Level 1:colcon.colcon_core.package_identification:_identify(src/asitlorbot_six) by extensions ['ignore', 'ignore_ament_install']
[0.284s] Level 1:colcon.colcon_core.package_identification:_identify(src/asitlorbot_six) by extension 'ignore'
[0.284s] Level 1:colcon.colcon_core.package_identification:_identify(src/asitlorbot_six) by extension 'ignore_ament_install'
[0.285s] Level 1:colcon.colcon_core.package_identification:_identify(src/asitlorbot_six) by extensions ['colcon_pkg']
[0.285s] Level 1:colcon.colcon_core.package_identification:_identify(src/asitlorbot_six) by extension 'colcon_pkg'
[0.285s] Level 1:colcon.colcon_core.package_identification:_identify(src/asitlorbot_six) by extensions ['colcon_meta']
[0.285s] Level 1:colcon.colcon_core.package_identification:_identify(src/asitlorbot_six) by extension 'colcon_meta'
[0.285s] Level 1:colcon.colcon_core.package_identification:_identify(src/asitlorbot_six) by extensions ['ros']
[0.285s] Level 1:colcon.colcon_core.package_identification:_identify(src/asitlorbot_six) by extension 'ros'
[0.287s] DEBUG:colcon.colcon_core.package_identification:Package 'src/asitlorbot_six' with type 'ros.ament_python' and name 'asitlorbot_six'
[0.287s] Level 1:colcon.colcon_core.package_identification:_identify(src/asitlorbotsix_autonomy) by extensions ['ignore', 'ignore_ament_install']
[0.287s] Level 1:colcon.colcon_core.package_identification:_identify(src/asitlorbotsix_autonomy) by extension 'ignore'
[0.287s] Level 1:colcon.colcon_core.package_identification:_identify(src/asitlorbotsix_autonomy) by extension 'ignore_ament_install'
[0.287s] Level 1:colcon.colcon_core.package_identification:_identify(src/asitlorbotsix_autonomy) by extensions ['colcon_pkg']
[0.287s] Level 1:colcon.colcon_core.package_identification:_identify(src/asitlorbotsix_autonomy) by extension 'colcon_pkg'
[0.287s] Level 1:colcon.colcon_core.package_identification:_identify(src/asitlorbotsix_autonomy) by extensions ['colcon_meta']
[0.287s] Level 1:colcon.colcon_core.package_identification:_identify(src/asitlorbotsix_autonomy) by extension 'colcon_meta'
[0.287s] Level 1:colcon.colcon_core.package_identification:_identify(src/asitlorbotsix_autonomy) by extensions ['ros']
[0.287s] Level 1:colcon.colcon_core.package_identification:_identify(src/asitlorbotsix_autonomy) by extension 'ros'
[0.289s] DEBUG:colcon.colcon_core.package_identification:Package 'src/asitlorbotsix_autonomy' with type 'ros.ament_cmake' and name 'asitlorbotsix_autonomy'
[0.289s] Level 1:colcon.colcon_core.package_identification:_identify(src/asitlorbotsix_cpp_examples) by extensions ['ignore', 'ignore_ament_install']
[0.289s] Level 1:colcon.colcon_core.package_identification:_identify(src/asitlorbotsix_cpp_examples) by extension 'ignore'
[0.289s] Level 1:colcon.colcon_core.package_identification:_identify(src/asitlorbotsix_cpp_examples) by extension 'ignore_ament_install'
[0.289s] Level 1:colcon.colcon_core.package_identification:_identify(src/asitlorbotsix_cpp_examples) by extensions ['colcon_pkg']
[0.289s] Level 1:colcon.colcon_core.package_identification:_identify(src/asitlorbotsix_cpp_examples) by extension 'colcon_pkg'
[0.290s] Level 1:colcon.colcon_core.package_identification:_identify(src/asitlorbotsix_cpp_examples) by extensions ['colcon_meta']
[0.290s] Level 1:colcon.colcon_core.package_identification:_identify(src/asitlorbotsix_cpp_examples) by extension 'colcon_meta'
[0.290s] Level 1:colcon.colcon_core.package_identification:_identify(src/asitlorbotsix_cpp_examples) by extensions ['ros']
[0.290s] Level 1:colcon.colcon_core.package_identification:_identify(src/asitlorbotsix_cpp_examples) by extension 'ros'
[0.291s] DEBUG:colcon.colcon_core.package_identification:Package 'src/asitlorbotsix_cpp_examples' with type 'ros.ament_cmake' and name 'asitlorbotsix_cpp_examples'
[0.291s] Level 1:colcon.colcon_core.package_identification:_identify(src/asitlorbotsix_description) by extensions ['ignore', 'ignore_ament_install']
[0.291s] Level 1:colcon.colcon_core.package_identification:_identify(src/asitlorbotsix_description) by extension 'ignore'
[0.291s] Level 1:colcon.colcon_core.package_identification:_identify(src/asitlorbotsix_description) by extension 'ignore_ament_install'
[0.291s] Level 1:colcon.colcon_core.package_identification:_identify(src/asitlorbotsix_description) by extensions ['colcon_pkg']
[0.291s] Level 1:colcon.colcon_core.package_identification:_identify(src/asitlorbotsix_description) by extension 'colcon_pkg'
[0.291s] Level 1:colcon.colcon_core.package_identification:_identify(src/asitlorbotsix_description) by extensions ['colcon_meta']
[0.291s] Level 1:colcon.colcon_core.package_identification:_identify(src/asitlorbotsix_description) by extension 'colcon_meta'
[0.291s] Level 1:colcon.colcon_core.package_identification:_identify(src/asitlorbotsix_description) by extensions ['ros']
[0.291s] Level 1:colcon.colcon_core.package_identification:_identify(src/asitlorbotsix_description) by extension 'ros'
[0.292s] DEBUG:colcon.colcon_core.package_identification:Package 'src/asitlorbotsix_description' with type 'ros.ament_cmake' and name 'asitlorbotsix_description'
[0.292s] Level 1:colcon.colcon_core.package_identification:_identify(src/asitlorbotsix_firmware) by extensions ['ignore', 'ignore_ament_install']
[0.292s] Level 1:colcon.colcon_core.package_identification:_identify(src/asitlorbotsix_firmware) by extension 'ignore'
[0.292s] Level 1:colcon.colcon_core.package_identification:_identify(src/asitlorbotsix_firmware) by extension 'ignore_ament_install'
[0.292s] Level 1:colcon.colcon_core.package_identification:_identify(src/asitlorbotsix_firmware) by extensions ['colcon_pkg']
[0.292s] Level 1:colcon.colcon_core.package_identification:_identify(src/asitlorbotsix_firmware) by extension 'colcon_pkg'
[0.292s] Level 1:colcon.colcon_core.package_identification:_identify(src/asitlorbotsix_firmware) by extensions ['colcon_meta']
[0.292s] Level 1:colcon.colcon_core.package_identification:_identify(src/asitlorbotsix_firmware) by extension 'colcon_meta'
[0.292s] Level 1:colcon.colcon_core.package_identification:_identify(src/asitlorbotsix_firmware) by extensions ['ros']
[0.292s] Level 1:colcon.colcon_core.package_identification:_identify(src/asitlorbotsix_firmware) by extension 'ros'
[0.293s] DEBUG:colcon.colcon_core.package_identification:Package 'src/asitlorbotsix_firmware' with type 'ros.ament_cmake' and name 'asitlorbotsix_firmware'
[0.293s] Level 1:colcon.colcon_core.package_identification:_identify(src/asitlorbotsix_localization) by extensions ['ignore', 'ignore_ament_install']
[0.293s] Level 1:colcon.colcon_core.package_identification:_identify(src/asitlorbotsix_localization) by extension 'ignore'
[0.293s] Level 1:colcon.colcon_core.package_identification:_identify(src/asitlorbotsix_localization) by extension 'ignore_ament_install'
[0.293s] Level 1:colcon.colcon_core.package_identification:_identify(src/asitlorbotsix_localization) by extensions ['colcon_pkg']
[0.293s] Level 1:colcon.colcon_core.package_identification:_identify(src/asitlorbotsix_localization) by extension 'colcon_pkg'
[0.293s] Level 1:colcon.colcon_core.package_identification:_identify(src/asitlorbotsix_localization) by extensions ['colcon_meta']
[0.293s] Level 1:colcon.colcon_core.package_identification:_identify(src/asitlorbotsix_localization) by extension 'colcon_meta'
[0.293s] Level 1:colcon.colcon_core.package_identification:_identify(src/asitlorbotsix_localization) by extensions ['ros']
[0.293s] Level 1:colcon.colcon_core.package_identification:_identify(src/asitlorbotsix_localization) by extension 'ros'
[0.294s] DEBUG:colcon.colcon_core.package_identification:Package 'src/asitlorbotsix_localization' with type 'ros.ament_cmake' and name 'asitlorbotsix_localization'
[0.294s] Level 1:colcon.colcon_core.package_identification:_identify(src/asitlotbotsix_controller) by extensions ['ignore', 'ignore_ament_install']
[0.294s] Level 1:colcon.colcon_core.package_identification:_identify(src/asitlotbotsix_controller) by extension 'ignore'
[0.294s] Level 1:colcon.colcon_core.package_identification:_identify(src/asitlotbotsix_controller) by extension 'ignore_ament_install'
[0.294s] Level 1:colcon.colcon_core.package_identification:_identify(src/asitlotbotsix_controller) by extensions ['colcon_pkg']
[0.294s] Level 1:colcon.colcon_core.package_identification:_identify(src/asitlotbotsix_controller) by extension 'colcon_pkg'
[0.294s] Level 1:colcon.colcon_core.package_identification:_identify(src/asitlotbotsix_controller) by extensions ['colcon_meta']
[0.294s] Level 1:colcon.colcon_core.package_identification:_identify(src/asitlotbotsix_controller) by extension 'colcon_meta'
[0.294s] Level 1:colcon.colcon_core.package_identification:_identify(src/asitlotbotsix_controller) by extensions ['ros']
[0.294s] Level 1:colcon.colcon_core.package_identification:_identify(src/asitlotbotsix_controller) by extension 'ros'
[0.307s] DEBUG:colcon.colcon_core.package_identification:Package 'src/asitlotbotsix_controller' with type 'ros.ament_cmake' and name 'asitlotbotsix_controller'
[0.307s] Level 1:colcon.colcon_core.package_discovery:discover_packages(recursive) using defaults
[0.307s] Level 1:colcon.colcon_core.package_discovery:discover_packages(ignore) discover
[0.307s] Level 1:colcon.colcon_core.package_discovery:discover_packages(ignore) using defaults
[0.307s] Level 1:colcon.colcon_core.package_discovery:discover_packages(path) discover
[0.307s] Level 1:colcon.colcon_core.package_discovery:discover_packages(path) using defaults
[0.326s] Level 1:colcon.colcon_core.package_discovery:discover_packages(prefix_path) check parameters
[0.326s] Level 1:colcon.colcon_core.package_discovery:discover_packages(prefix_path) discover
[0.330s] DEBUG:colcon.colcon_installed_package_information.package_discovery:Found 7 installed packages in /home/asimkumar/asitlorbotsix_ws/install
[0.331s] DEBUG:colcon.colcon_installed_package_information.package_discovery:Found 20 installed packages in /home/asimkumar/asitlor_ws/install
[0.332s] DEBUG:colcon.colcon_installed_package_information.package_discovery:Found 1 installed packages in /home/asimkumar/turtlebot3_1/install
[0.333s] DEBUG:colcon.colcon_installed_package_information.package_discovery:Found 392 installed packages in /opt/ros/humble
[0.336s] Level 1:colcon.colcon_core.package_discovery:discover_packages(prefix_path) using defaults
[0.379s] Level 5:colcon.colcon_core.verb:set package 'asitlorbot_six' build argument 'cmake_args' from command line to 'None'
[0.379s] Level 5:colcon.colcon_core.verb:set package 'asitlorbot_six' build argument 'cmake_target' from command line to 'None'
[0.379s] Level 5:colcon.colcon_core.verb:set package 'asitlorbot_six' build argument 'cmake_target_skip_unavailable' from command line to 'False'
[0.379s] Level 5:colcon.colcon_core.verb:set package 'asitlorbot_six' build argument 'cmake_clean_cache' from command line to 'False'
[0.379s] Level 5:colcon.colcon_core.verb:set package 'asitlorbot_six' build argument 'cmake_clean_first' from command line to 'False'
[0.379s] Level 5:colcon.colcon_core.verb:set package 'asitlorbot_six' build argument 'cmake_force_configure' from command line to 'False'
[0.379s] Level 5:colcon.colcon_core.verb:set package 'asitlorbot_six' build argument 'ament_cmake_args' from command line to 'None'
[0.379s] Level 5:colcon.colcon_core.verb:set package 'asitlorbot_six' build argument 'catkin_cmake_args' from command line to 'None'
[0.379s] Level 5:colcon.colcon_core.verb:set package 'asitlorbot_six' build argument 'catkin_skip_building_tests' from command line to 'False'
[0.379s] DEBUG:colcon.colcon_core.verb:Building package 'asitlorbot_six' with the following arguments: {'ament_cmake_args': None, 'build_base': '/home/asimkumar/asitlorbotsix_ws/build/asitlorbot_six', 'catkin_cmake_args': None, 'catkin_skip_building_tests': False, 'cmake_args': None, 'cmake_clean_cache': False, 'cmake_clean_first': False, 'cmake_force_configure': False, 'cmake_target': None, 'cmake_target_skip_unavailable': False, 'install_base': '/home/asimkumar/asitlorbotsix_ws/install/asitlorbot_six', 'merge_install': False, 'path': '/home/asimkumar/asitlorbotsix_ws/src/asitlorbot_six', 'symlink_install': True, 'test_result_base': None}
[0.380s] Level 5:colcon.colcon_core.verb:set package 'asitlorbotsix_autonomy' build argument 'cmake_args' from command line to 'None'
[0.380s] Level 5:colcon.colcon_core.verb:set package 'asitlorbotsix_autonomy' build argument 'cmake_target' from command line to 'None'
[0.380s] Level 5:colcon.colcon_core.verb:set package 'asitlorbotsix_autonomy' build argument 'cmake_target_skip_unavailable' from command line to 'False'
[0.380s] Level 5:colcon.colcon_core.verb:set package 'asitlorbotsix_autonomy' build argument 'cmake_clean_cache' from command line to 'False'
[0.380s] Level 5:colcon.colcon_core.verb:set package 'asitlorbotsix_autonomy' build argument 'cmake_clean_first' from command line to 'False'
[0.380s] Level 5:colcon.colcon_core.verb:set package 'asitlorbotsix_autonomy' build argument 'cmake_force_configure' from command line to 'False'
[0.380s] Level 5:colcon.colcon_core.verb:set package 'asitlorbotsix_autonomy' build argument 'ament_cmake_args' from command line to 'None'
[0.380s] Level 5:colcon.colcon_core.verb:set package 'asitlorbotsix_autonomy' build argument 'catkin_cmake_args' from command line to 'None'
[0.380s] Level 5:colcon.colcon_core.verb:set package 'asitlorbotsix_autonomy' build argument 'catkin_skip_building_tests' from command line to 'False'
[0.380s] DEBUG:colcon.colcon_core.verb:Building package 'asitlorbotsix_autonomy' with the following arguments: {'ament_cmake_args': None, 'build_base': '/home/asimkumar/asitlorbotsix_ws/build/asitlorbotsix_autonomy', 'catkin_cmake_args': None, 'catkin_skip_building_tests': False, 'cmake_args': None, 'cmake_clean_cache': False, 'cmake_clean_first': False, 'cmake_force_configure': False, 'cmake_target': None, 'cmake_target_skip_unavailable': False, 'install_base': '/home/asimkumar/asitlorbotsix_ws/install/asitlorbotsix_autonomy', 'merge_install': False, 'path': '/home/asimkumar/asitlorbotsix_ws/src/asitlorbotsix_autonomy', 'symlink_install': True, 'test_result_base': None}
[0.380s] Level 5:colcon.colcon_core.verb:set package 'asitlorbotsix_cpp_examples' build argument 'cmake_args' from command line to 'None'
[0.380s] Level 5:colcon.colcon_core.verb:set package 'asitlorbotsix_cpp_examples' build argument 'cmake_target' from command line to 'None'
[0.380s] Level 5:colcon.colcon_core.verb:set package 'asitlorbotsix_cpp_examples' build argument 'cmake_target_skip_unavailable' from command line to 'False'
[0.380s] Level 5:colcon.colcon_core.verb:set package 'asitlorbotsix_cpp_examples' build argument 'cmake_clean_cache' from command line to 'False'
[0.380s] Level 5:colcon.colcon_core.verb:set package 'asitlorbotsix_cpp_examples' build argument 'cmake_clean_first' from command line to 'False'
[0.380s] Level 5:colcon.colcon_core.verb:set package 'asitlorbotsix_cpp_examples' build argument 'cmake_force_configure' from command line to 'False'
[0.380s] Level 5:colcon.colcon_core.verb:set package 'asitlorbotsix_cpp_examples' build argument 'ament_cmake_args' from command line to 'None'
[0.381s] Level 5:colcon.colcon_core.verb:set package 'asitlorbotsix_cpp_examples' build argument 'catkin_cmake_args' from command line to 'None'
[0.381s] Level 5:colcon.colcon_core.verb:set package 'asitlorbotsix_cpp_examples' build argument 'catkin_skip_building_tests' from command line to 'False'
[0.381s] DEBUG:colcon.colcon_core.verb:Building package 'asitlorbotsix_cpp_examples' with the following arguments: {'ament_cmake_args': None, 'build_base': '/home/asimkumar/asitlorbotsix_ws/build/asitlorbotsix_cpp_examples', 'catkin_cmake_args': None, 'catkin_skip_building_tests': False, 'cmake_args': None, 'cmake_clean_cache': False, 'cmake_clean_first': False, 'cmake_force_configure': False, 'cmake_target': None, 'cmake_target_skip_unavailable': False, 'install_base': '/home/asimkumar/asitlorbotsix_ws/install/asitlorbotsix_cpp_examples', 'merge_install': False, 'path': '/home/asimkumar/asitlorbotsix_ws/src/asitlorbotsix_cpp_examples', 'symlink_install': True, 'test_result_base': None}
[0.381s] Level 5:colcon.colcon_core.verb:set package 'asitlorbotsix_description' build argument 'cmake_args' from command line to 'None'
[0.381s] Level 5:colcon.colcon_core.verb:set package 'asitlorbotsix_description' build argument 'cmake_target' from command line to 'None'
[0.381s] Level 5:colcon.colcon_core.verb:set package 'asitlorbotsix_description' build argument 'cmake_target_skip_unavailable' from command line to 'False'
[0.381s] Level 5:colcon.colcon_core.verb:set package 'asitlorbotsix_description' build argument 'cmake_clean_cache' from command line to 'False'
[0.381s] Level 5:colcon.colcon_core.verb:set package 'asitlorbotsix_description' build argument 'cmake_clean_first' from command line to 'False'
[0.381s] Level 5:colcon.colcon_core.verb:set package 'asitlorbotsix_description' build argument 'cmake_force_configure' from command line to 'False'
[0.381s] Level 5:colcon.colcon_core.verb:set package 'asitlorbotsix_description' build argument 'ament_cmake_args' from command line to 'None'
[0.381s] Level 5:colcon.colcon_core.verb:set package 'asitlorbotsix_description' build argument 'catkin_cmake_args' from command line to 'None'
[0.381s] Level 5:colcon.colcon_core.verb:set package 'asitlorbotsix_description' build argument 'catkin_skip_building_tests' from command line to 'False'
[0.381s] DEBUG:colcon.colcon_core.verb:Building package 'asitlorbotsix_description' with the following arguments: {'ament_cmake_args': None, 'build_base': '/home/asimkumar/asitlorbotsix_ws/build/asitlorbotsix_description', 'catkin_cmake_args': None, 'catkin_skip_building_tests': False, 'cmake_args': None, 'cmake_clean_cache': False, 'cmake_clean_first': False, 'cmake_force_configure': False, 'cmake_target': None, 'cmake_target_skip_unavailable': False, 'install_base': '/home/asimkumar/asitlorbotsix_ws/install/asitlorbotsix_description', 'merge_install': False, 'path': '/home/asimkumar/asitlorbotsix_ws/src/asitlorbotsix_description', 'symlink_install': True, 'test_result_base': None}
[0.381s] Level 5:colcon.colcon_core.verb:set package 'asitlorbotsix_firmware' build argument 'cmake_args' from command line to 'None'
[0.381s] Level 5:colcon.colcon_core.verb:set package 'asitlorbotsix_firmware' build argument 'cmake_target' from command line to 'None'
[0.381s] Level 5:colcon.colcon_core.verb:set package 'asitlorbotsix_firmware' build argument 'cmake_target_skip_unavailable' from command line to 'False'
[0.381s] Level 5:colcon.colcon_core.verb:set package 'asitlorbotsix_firmware' build argument 'cmake_clean_cache' from command line to 'False'
[0.381s] Level 5:colcon.colcon_core.verb:set package 'asitlorbotsix_firmware' build argument 'cmake_clean_first' from command line to 'False'
[0.382s] Level 5:colcon.colcon_core.verb:set package 'asitlorbotsix_firmware' build argument 'cmake_force_configure' from command line to 'False'
[0.382s] Level 5:colcon.colcon_core.verb:set package 'asitlorbotsix_firmware' build argument 'ament_cmake_args' from command line to 'None'
[0.382s] Level 5:colcon.colcon_core.verb:set package 'asitlorbotsix_firmware' build argument 'catkin_cmake_args' from command line to 'None'
[0.382s] Level 5:colcon.colcon_core.verb:set package 'asitlorbotsix_firmware' build argument 'catkin_skip_building_tests' from command line to 'False'
[0.382s] DEBUG:colcon.colcon_core.verb:Building package 'asitlorbotsix_firmware' with the following arguments: {'ament_cmake_args': None, 'build_base': '/home/asimkumar/asitlorbotsix_ws/build/asitlorbotsix_firmware', 'catkin_cmake_args': None, 'catkin_skip_building_tests': False, 'cmake_args': None, 'cmake_clean_cache': False, 'cmake_clean_first': False, 'cmake_force_configure': False, 'cmake_target': None, 'cmake_target_skip_unavailable': False, 'install_base': '/home/asimkumar/asitlorbotsix_ws/install/asitlorbotsix_firmware', 'merge_install': False, 'path': '/home/asimkumar/asitlorbotsix_ws/src/asitlorbotsix_firmware', 'symlink_install': True, 'test_result_base': None}
[0.382s] Level 5:colcon.colcon_core.verb:set package 'asitlorbotsix_localization' build argument 'cmake_args' from command line to 'None'
[0.382s] Level 5:colcon.colcon_core.verb:set package 'asitlorbotsix_localization' build argument 'cmake_target' from command line to 'None'
[0.382s] Level 5:colcon.colcon_core.verb:set package 'asitlorbotsix_localization' build argument 'cmake_target_skip_unavailable' from command line to 'False'
[0.382s] Level 5:colcon.colcon_core.verb:set package 'asitlorbotsix_localization' build argument 'cmake_clean_cache' from command line to 'False'
[0.382s] Level 5:colcon.colcon_core.verb:set package 'asitlorbotsix_localization' build argument 'cmake_clean_first' from command line to 'False'
[0.382s] Level 5:colcon.colcon_core.verb:set package 'asitlorbotsix_localization' build argument 'cmake_force_configure' from command line to 'False'
[0.382s] Level 5:colcon.colcon_core.verb:set package 'asitlorbotsix_localization' build argument 'ament_cmake_args' from command line to 'None'
[0.382s] Level 5:colcon.colcon_core.verb:set package 'asitlorbotsix_localization' build argument 'catkin_cmake_args' from command line to 'None'
[0.382s] Level 5:colcon.colcon_core.verb:set package 'asitlorbotsix_localization' build argument 'catkin_skip_building_tests' from command line to 'False'
[0.382s] DEBUG:colcon.colcon_core.verb:Building package 'asitlorbotsix_localization' with the following arguments: {'ament_cmake_args': None, 'build_base': '/home/asimkumar/asitlorbotsix_ws/build/asitlorbotsix_localization', 'catkin_cmake_args': None, 'catkin_skip_building_tests': False, 'cmake_args': None, 'cmake_clean_cache': False, 'cmake_clean_first': False, 'cmake_force_configure': False, 'cmake_target': None, 'cmake_target_skip_unavailable': False, 'install_base': '/home/asimkumar/asitlorbotsix_ws/install/asitlorbotsix_localization', 'merge_install': False, 'path': '/home/asimkumar/asitlorbotsix_ws/src/asitlorbotsix_localization', 'symlink_install': True, 'test_result_base': None}
[0.382s] Level 5:colcon.colcon_core.verb:set package 'asitlotbotsix_controller' build argument 'cmake_args' from command line to 'None'
[0.382s] Level 5:colcon.colcon_core.verb:set package 'asitlotbotsix_controller' build argument 'cmake_target' from command line to 'None'
[0.382s] Level 5:colcon.colcon_core.verb:set package 'asitlotbotsix_controller' build argument 'cmake_target_skip_unavailable' from command line to 'False'
[0.383s] Level 5:colcon.colcon_core.verb:set package 'asitlotbotsix_controller' build argument 'cmake_clean_cache' from command line to 'False'
[0.383s] Level 5:colcon.colcon_core.verb:set package 'asitlotbotsix_controller' build argument 'cmake_clean_first' from command line to 'False'
[0.383s] Level 5:colcon.colcon_core.verb:set package 'asitlotbotsix_controller' build argument 'cmake_force_configure' from command line to 'False'
[0.383s] Level 5:colcon.colcon_core.verb:set package 'asitlotbotsix_controller' build argument 'ament_cmake_args' from command line to 'None'
[0.383s] Level 5:colcon.colcon_core.verb:set package 'asitlotbotsix_controller' build argument 'catkin_cmake_args' from command line to 'None'
[0.383s] Level 5:colcon.colcon_core.verb:set package 'asitlotbotsix_controller' build argument 'catkin_skip_building_tests' from command line to 'False'
[0.383s] DEBUG:colcon.colcon_core.verb:Building package 'asitlotbotsix_controller' with the following arguments: {'ament_cmake_args': None, 'build_base': '/home/asimkumar/asitlorbotsix_ws/build/asitlotbotsix_controller', 'catkin_cmake_args': None, 'catkin_skip_building_tests': False, 'cmake_args': None, 'cmake_clean_cache': False, 'cmake_clean_first': False, 'cmake_force_configure': False, 'cmake_target': None, 'cmake_target_skip_unavailable': False, 'install_base': '/home/asimkumar/asitlorbotsix_ws/install/asitlotbotsix_controller', 'merge_install': False, 'path': '/home/asimkumar/asitlorbotsix_ws/src/asitlotbotsix_controller', 'symlink_install': True, 'test_result_base': None}
[0.383s] INFO:colcon.colcon_core.executor:Executing jobs using 'parallel' executor
[0.384s] DEBUG:colcon.colcon_parallel_executor.executor.parallel:run_until_complete
[0.384s] INFO:colcon.colcon_ros.task.ament_python.build:Building ROS package in '/home/asimkumar/asitlorbotsix_ws/src/asitlorbot_six' with build type 'ament_python'
[0.384s] Level 1:colcon.colcon_core.shell:create_environment_hook('asitlorbot_six', 'ament_prefix_path')
[0.386s] INFO:colcon.colcon_core.plugin_system:Skipping extension 'colcon_core.shell.bat': Not used on non-Windows systems
[0.387s] INFO:colcon.colcon_core.shell:Creating environment hook '/home/asimkumar/asitlorbotsix_ws/install/asitlorbot_six/share/asitlorbot_six/hook/ament_prefix_path.ps1'
[0.387s] INFO:colcon.colcon_core.shell:Creating environment descriptor '/home/asimkumar/asitlorbotsix_ws/install/asitlorbot_six/share/asitlorbot_six/hook/ament_prefix_path.dsv'
[0.388s] INFO:colcon.colcon_core.shell:Creating environment hook '/home/asimkumar/asitlorbotsix_ws/install/asitlorbot_six/share/asitlorbot_six/hook/ament_prefix_path.sh'
[0.389s] INFO:colcon.colcon_core.shell:Skip shell extension 'powershell' for command environment: Not usable outside of PowerShell
[0.389s] DEBUG:colcon.colcon_core.shell:Skip shell extension 'dsv' for command environment
[0.394s] INFO:colcon.colcon_ros.task.ament_cmake.build:Building ROS package in '/home/asimkumar/asitlorbotsix_ws/src/asitlorbotsix_autonomy' with build type 'ament_cmake'
[0.394s] INFO:colcon.colcon_cmake.task.cmake.build:Building CMake package in '/home/asimkumar/asitlorbotsix_ws/src/asitlorbotsix_autonomy'
[0.395s] INFO:colcon.colcon_core.shell:Skip shell extension 'powershell' for command environment: Not usable outside of PowerShell
[0.395s] DEBUG:colcon.colcon_core.shell:Skip shell extension 'dsv' for command environment
[0.400s] INFO:colcon.colcon_ros.task.ament_cmake.build:Building ROS package in '/home/asimkumar/asitlorbotsix_ws/src/asitlorbotsix_cpp_examples' with build type 'ament_cmake'
[0.401s] INFO:colcon.colcon_cmake.task.cmake.build:Building CMake package in '/home/asimkumar/asitlorbotsix_ws/src/asitlorbotsix_cpp_examples'
[0.401s] INFO:colcon.colcon_core.shell:Skip shell extension 'powershell' for command environment: Not usable outside of PowerShell
[0.401s] DEBUG:colcon.colcon_core.shell:Skip shell extension 'dsv' for command environment
[0.407s] INFO:colcon.colcon_ros.task.ament_cmake.build:Building ROS package in '/home/asimkumar/asitlorbotsix_ws/src/asitlorbotsix_description' with build type 'ament_cmake'
[0.407s] INFO:colcon.colcon_cmake.task.cmake.build:Building CMake package in '/home/asimkumar/asitlorbotsix_ws/src/asitlorbotsix_description'
[0.407s] INFO:colcon.colcon_core.shell:Skip shell extension 'powershell' for command environment: Not usable outside of PowerShell
[0.407s] DEBUG:colcon.colcon_core.shell:Skip shell extension 'dsv' for command environment
[0.413s] INFO:colcon.colcon_ros.task.ament_cmake.build:Building ROS package in '/home/asimkumar/asitlorbotsix_ws/src/asitlorbotsix_firmware' with build type 'ament_cmake'
[0.414s] INFO:colcon.colcon_cmake.task.cmake.build:Building CMake package in '/home/asimkumar/asitlorbotsix_ws/src/asitlorbotsix_firmware'
[0.414s] INFO:colcon.colcon_core.shell:Skip shell extension 'powershell' for command environment: Not usable outside of PowerShell
[0.415s] DEBUG:colcon.colcon_core.shell:Skip shell extension 'dsv' for command environment
[0.421s] INFO:colcon.colcon_ros.task.ament_cmake.build:Building ROS package in '/home/asimkumar/asitlorbotsix_ws/src/asitlorbotsix_localization' with build type 'ament_cmake'
[0.421s] INFO:colcon.colcon_cmake.task.cmake.build:Building CMake package in '/home/asimkumar/asitlorbotsix_ws/src/asitlorbotsix_localization'
[0.422s] INFO:colcon.colcon_core.shell:Skip shell extension 'powershell' for command environment: Not usable outside of PowerShell
[0.422s] DEBUG:colcon.colcon_core.shell:Skip shell extension 'dsv' for command environment
[0.428s] INFO:colcon.colcon_ros.task.ament_cmake.build:Building ROS package in '/home/asimkumar/asitlorbotsix_ws/src/asitlotbotsix_controller' with build type 'ament_cmake'
[0.428s] INFO:colcon.colcon_cmake.task.cmake.build:Building CMake package in '/home/asimkumar/asitlorbotsix_ws/src/asitlotbotsix_controller'
[0.429s] INFO:colcon.colcon_core.shell:Skip shell extension 'powershell' for command environment: Not usable outside of PowerShell
[0.429s] DEBUG:colcon.colcon_core.shell:Skip shell extension 'dsv' for command environment
[0.708s] INFO:colcon.colcon_core.task.python.build:Building Python package in '/home/asimkumar/asitlorbotsix_ws/src/asitlorbot_six'
[0.709s] INFO:colcon.colcon_core.shell:Skip shell extension 'powershell' for command environment: Not usable outside of PowerShell
[0.709s] DEBUG:colcon.colcon_core.shell:Skip shell extension 'dsv' for command environment
[0.723s] DEBUG:colcon.colcon_core.event_handler.log_command:Invoking command in '/home/asimkumar/asitlorbotsix_ws/build/asitlorbotsix_autonomy': CMAKE_PREFIX_PATH=${CMAKE_PREFIX_PATH}:/home/asimkumar/asitlorbotsix_ws/install/asitlorbot_six:/opt/ros/humble /usr/bin/cmake --build /home/asimkumar/asitlorbotsix_ws/build/asitlorbotsix_autonomy -- -j8 -l8
[0.725s] DEBUG:colcon.colcon_core.event_handler.log_command:Invoking command in '/home/asimkumar/asitlorbotsix_ws/build/asitlorbotsix_cpp_examples': CMAKE_PREFIX_PATH=${CMAKE_PREFIX_PATH}:/home/asimkumar/asitlorbotsix_ws/install/asitlorbot_six:/opt/ros/humble /usr/bin/cmake --build /home/asimkumar/asitlorbotsix_ws/build/asitlorbotsix_cpp_examples -- -j8 -l8
[0.729s] DEBUG:colcon.colcon_core.event_handler.log_command:Invoking command in '/home/asimkumar/asitlorbotsix_ws/build/asitlorbotsix_description': CMAKE_PREFIX_PATH=${CMAKE_PREFIX_PATH}:/home/asimkumar/asitlorbotsix_ws/install/asitlorbot_six:/opt/ros/humble /usr/bin/cmake --build /home/asimkumar/asitlorbotsix_ws/build/asitlorbotsix_description -- -j8 -l8
[0.735s] DEBUG:colcon.colcon_core.event_handler.log_command:Invoking command in '/home/asimkumar/asitlorbotsix_ws/build/asitlorbotsix_firmware': CMAKE_PREFIX_PATH=${CMAKE_PREFIX_PATH}:/home/asimkumar/asitlorbotsix_ws/install/asitlorbot_six:/opt/ros/humble /usr/bin/cmake --build /home/asimkumar/asitlorbotsix_ws/build/asitlorbotsix_firmware -- -j8 -l8
[0.747s] DEBUG:colcon.colcon_core.event_handler.log_command:Invoking command in '/home/asimkumar/asitlorbotsix_ws/build/asitlorbotsix_localization': CMAKE_PREFIX_PATH=${CMAKE_PREFIX_PATH}:/home/asimkumar/asitlorbotsix_ws/install/asitlorbot_six:/opt/ros/humble /usr/bin/cmake --build /home/asimkumar/asitlorbotsix_ws/build/asitlorbotsix_localization -- -j8 -l8
[0.761s] DEBUG:colcon.colcon_core.event_handler.log_command:Invoking command in '/home/asimkumar/asitlorbotsix_ws/build/asitlotbotsix_controller': CMAKE_PREFIX_PATH=${CMAKE_PREFIX_PATH}:/home/asimkumar/asitlorbotsix_ws/install/asitlorbot_six:/opt/ros/humble /usr/bin/cmake --build /home/asimkumar/asitlorbotsix_ws/build/asitlotbotsix_controller -- -j8 -l8
[0.797s] DEBUG:colcon.colcon_core.event_handler.log_command:Invoked command in '/home/asimkumar/asitlorbotsix_ws/build/asitlorbotsix_description' returned '0': CMAKE_PREFIX_PATH=${CMAKE_PREFIX_PATH}:/home/asimkumar/asitlorbotsix_ws/install/asitlorbot_six:/opt/ros/humble /usr/bin/cmake --build /home/asimkumar/asitlorbotsix_ws/build/asitlorbotsix_description -- -j8 -l8
[0.869s] DEBUG:colcon.colcon_core.event_handler.log_command:Invoked command in '/home/asimkumar/asitlorbotsix_ws/build/asitlorbotsix_cpp_examples' returned '0': CMAKE_PREFIX_PATH=${CMAKE_PREFIX_PATH}:/home/asimkumar/asitlorbotsix_ws/install/asitlorbot_six:/opt/ros/humble /usr/bin/cmake --build /home/asimkumar/asitlorbotsix_ws/build/asitlorbotsix_cpp_examples -- -j8 -l8
[0.896s] DEBUG:colcon.colcon_core.event_handler.log_command:Invoking command in '/home/asimkumar/asitlorbotsix_ws/build/asitlorbotsix_description': CMAKE_PREFIX_PATH=${CMAKE_PREFIX_PATH}:/home/asimkumar/asitlorbotsix_ws/install/asitlorbot_six:/opt/ros/humble /usr/bin/cmake --install /home/asimkumar/asitlorbotsix_ws/build/asitlorbotsix_description
[0.940s] DEBUG:colcon.colcon_core.event_handler.log_command:Invoking command in '/home/asimkumar/asitlorbotsix_ws/build/asitlorbotsix_cpp_examples': CMAKE_PREFIX_PATH=${CMAKE_PREFIX_PATH}:/home/asimkumar/asitlorbotsix_ws/install/asitlorbot_six:/opt/ros/humble /usr/bin/cmake --install /home/asimkumar/asitlorbotsix_ws/build/asitlorbotsix_cpp_examples
[0.945s] Level 1:colcon.colcon_core.environment:create_environment_scripts_only(asitlorbotsix_description)
[0.950s] Level 1:colcon.colcon_core.environment:checking '/home/asimkumar/asitlorbotsix_ws/install/asitlorbotsix_description' for CMake module files
[0.950s] DEBUG:colcon.colcon_core.event_handler.log_command:Invoked command in '/home/asimkumar/asitlorbotsix_ws/build/asitlorbotsix_description' returned '0': CMAKE_PREFIX_PATH=${CMAKE_PREFIX_PATH}:/home/asimkumar/asitlorbotsix_ws/install/asitlorbot_six:/opt/ros/humble /usr/bin/cmake --install /home/asimkumar/asitlorbotsix_ws/build/asitlorbotsix_description
[0.951s] Level 1:colcon.colcon_core.environment:checking '/home/asimkumar/asitlorbotsix_ws/install/asitlorbotsix_description' for CMake config files
[0.952s] Level 1:colcon.colcon_core.shell:create_environment_hook('asitlorbotsix_description', 'cmake_prefix_path')
[0.953s] INFO:colcon.colcon_core.shell:Creating environment hook '/home/asimkumar/asitlorbotsix_ws/install/asitlorbotsix_description/share/asitlorbotsix_description/hook/cmake_prefix_path.ps1'
[0.954s] INFO:colcon.colcon_core.shell:Creating environment descriptor '/home/asimkumar/asitlorbotsix_ws/install/asitlorbotsix_description/share/asitlorbotsix_description/hook/cmake_prefix_path.dsv'
[0.956s] INFO:colcon.colcon_core.shell:Creating environment hook '/home/asimkumar/asitlorbotsix_ws/install/asitlorbotsix_description/share/asitlorbotsix_description/hook/cmake_prefix_path.sh'
[0.964s] Level 1:colcon.colcon_core.environment:checking '/home/asimkumar/asitlorbotsix_ws/install/asitlorbotsix_description/bin'
[0.964s] Level 1:colcon.colcon_core.environment:checking '/home/asimkumar/asitlorbotsix_ws/install/asitlorbotsix_description/lib/pkgconfig/asitlorbotsix_description.pc'
[0.965s] Level 1:colcon.colcon_core.environment:checking '/home/asimkumar/asitlorbotsix_ws/install/asitlorbotsix_description/lib/python3.10/site-packages'
[0.965s] Level 1:colcon.colcon_core.environment:checking '/home/asimkumar/asitlorbotsix_ws/install/asitlorbotsix_description/bin'
[0.966s] INFO:colcon.colcon_core.shell:Creating package script '/home/asimkumar/asitlorbotsix_ws/install/asitlorbotsix_description/share/asitlorbotsix_description/package.ps1'
[0.969s] INFO:colcon.colcon_core.shell:Creating package descriptor '/home/asimkumar/asitlorbotsix_ws/install/asitlorbotsix_description/share/asitlorbotsix_description/package.dsv'
[0.970s] INFO:colcon.colcon_core.shell:Creating package script '/home/asimkumar/asitlorbotsix_ws/install/asitlorbotsix_description/share/asitlorbotsix_description/package.sh'
[0.972s] INFO:colcon.colcon_core.shell:Creating package script '/home/asimkumar/asitlorbotsix_ws/install/asitlorbotsix_description/share/asitlorbotsix_description/package.bash'
[0.974s] INFO:colcon.colcon_core.shell:Creating package script '/home/asimkumar/asitlorbotsix_ws/install/asitlorbotsix_description/share/asitlorbotsix_description/package.zsh'
[0.976s] Level 1:colcon.colcon_core.environment:create_file_with_runtime_dependencies(/home/asimkumar/asitlorbotsix_ws/install/asitlorbotsix_description/share/colcon-core/packages/asitlorbotsix_description)
[0.994s] Level 1:colcon.colcon_core.environment:create_environment_scripts_only(asitlorbotsix_cpp_examples)
[0.995s] Level 1:colcon.colcon_core.environment:checking '/home/asimkumar/asitlorbotsix_ws/install/asitlorbotsix_cpp_examples' for CMake module files
[0.995s] DEBUG:colcon.colcon_core.event_handler.log_command:Invoked command in '/home/asimkumar/asitlorbotsix_ws/build/asitlorbotsix_cpp_examples' returned '0': CMAKE_PREFIX_PATH=${CMAKE_PREFIX_PATH}:/home/asimkumar/asitlorbotsix_ws/install/asitlorbot_six:/opt/ros/humble /usr/bin/cmake --install /home/asimkumar/asitlorbotsix_ws/build/asitlorbotsix_cpp_examples
[0.996s] Level 1:colcon.colcon_core.environment:checking '/home/asimkumar/asitlorbotsix_ws/install/asitlorbotsix_cpp_examples' for CMake config files
[0.996s] Level 1:colcon.colcon_core.shell:create_environment_hook('asitlorbotsix_cpp_examples', 'cmake_prefix_path')
[0.997s] INFO:colcon.colcon_core.shell:Creating environment hook '/home/asimkumar/asitlorbotsix_ws/install/asitlorbotsix_cpp_examples/share/asitlorbotsix_cpp_examples/hook/cmake_prefix_path.ps1'
[0.998s] INFO:colcon.colcon_core.shell:Creating environment descriptor '/home/asimkumar/asitlorbotsix_ws/install/asitlorbotsix_cpp_examples/share/asitlorbotsix_cpp_examples/hook/cmake_prefix_path.dsv'
[0.999s] INFO:colcon.colcon_core.shell:Creating environment hook '/home/asimkumar/asitlorbotsix_ws/install/asitlorbotsix_cpp_examples/share/asitlorbotsix_cpp_examples/hook/cmake_prefix_path.sh'
[1.000s] Level 1:colcon.colcon_core.environment:checking '/home/asimkumar/asitlorbotsix_ws/install/asitlorbotsix_cpp_examples/lib'
[1.000s] Level 1:colcon.colcon_core.environment:checking '/home/asimkumar/asitlorbotsix_ws/install/asitlorbotsix_cpp_examples/bin'
[1.000s] Level 1:colcon.colcon_core.environment:checking '/home/asimkumar/asitlorbotsix_ws/install/asitlorbotsix_cpp_examples/lib/pkgconfig/asitlorbotsix_cpp_examples.pc'
[1.001s] Level 1:colcon.colcon_core.environment:checking '/home/asimkumar/asitlorbotsix_ws/install/asitlorbotsix_cpp_examples/lib/python3.10/site-packages'
[1.001s] Level 1:colcon.colcon_core.environment:checking '/home/asimkumar/asitlorbotsix_ws/install/asitlorbotsix_cpp_examples/bin'
[1.001s] INFO:colcon.colcon_core.shell:Creating package script '/home/asimkumar/asitlorbotsix_ws/install/asitlorbotsix_cpp_examples/share/asitlorbotsix_cpp_examples/package.ps1'
[1.002s] INFO:colcon.colcon_core.shell:Creating package descriptor '/home/asimkumar/asitlorbotsix_ws/install/asitlorbotsix_cpp_examples/share/asitlorbotsix_cpp_examples/package.dsv'
[1.003s] INFO:colcon.colcon_core.shell:Creating package script '/home/asimkumar/asitlorbotsix_ws/install/asitlorbotsix_cpp_examples/share/asitlorbotsix_cpp_examples/package.sh'
[1.003s] INFO:colcon.colcon_core.shell:Creating package script '/home/asimkumar/asitlorbotsix_ws/install/asitlorbotsix_cpp_examples/share/asitlorbotsix_cpp_examples/package.bash'
[1.004s] INFO:colcon.colcon_core.shell:Creating package script '/home/asimkumar/asitlorbotsix_ws/install/asitlorbotsix_cpp_examples/share/asitlorbotsix_cpp_examples/package.zsh'
[1.005s] Level 1:colcon.colcon_core.environment:create_file_with_runtime_dependencies(/home/asimkumar/asitlorbotsix_ws/install/asitlorbotsix_cpp_examples/share/colcon-core/packages/asitlorbotsix_cpp_examples)
[1.046s] Level 1:colcon.colcon_core.environment:create_environment_scripts_only(asitlorbotsix_description)
[1.046s] Level 1:colcon.colcon_core.environment:checking '/home/asimkumar/asitlorbotsix_ws/install/asitlorbotsix_description' for CMake module files
[1.047s] Level 1:colcon.colcon_core.environment:checking '/home/asimkumar/asitlorbotsix_ws/install/asitlorbotsix_description' for CMake config files
[1.048s] Level 1:colcon.colcon_core.shell:create_environment_hook('asitlorbotsix_description', 'cmake_prefix_path')
[1.049s] INFO:colcon.colcon_core.shell:Creating environment hook '/home/asimkumar/asitlorbotsix_ws/install/asitlorbotsix_description/share/asitlorbotsix_description/hook/cmake_prefix_path.ps1'
[1.050s] INFO:colcon.colcon_core.shell:Creating environment descriptor '/home/asimkumar/asitlorbotsix_ws/install/asitlorbotsix_description/share/asitlorbotsix_description/hook/cmake_prefix_path.dsv'
[1.051s] INFO:colcon.colcon_core.shell:Creating environment hook '/home/asimkumar/asitlorbotsix_ws/install/asitlorbotsix_description/share/asitlorbotsix_description/hook/cmake_prefix_path.sh'
[1.053s] Level 1:colcon.colcon_core.environment:checking '/home/asimkumar/asitlorbotsix_ws/install/asitlorbotsix_description/bin'
[1.053s] Level 1:colcon.colcon_core.environment:checking '/home/asimkumar/asitlorbotsix_ws/install/asitlorbotsix_description/lib/pkgconfig/asitlorbotsix_description.pc'
[1.055s] Level 1:colcon.colcon_core.environment:checking '/home/asimkumar/asitlorbotsix_ws/install/asitlorbotsix_description/lib/python3.10/site-packages'
[1.056s] Level 1:colcon.colcon_core.environment:checking '/home/asimkumar/asitlorbotsix_ws/install/asitlorbotsix_description/bin'
[1.056s] INFO:colcon.colcon_core.shell:Creating package script '/home/asimkumar/asitlorbotsix_ws/install/asitlorbotsix_description/share/asitlorbotsix_description/package.ps1'
[1.058s] INFO:colcon.colcon_core.shell:Creating package descriptor '/home/asimkumar/asitlorbotsix_ws/install/asitlorbotsix_description/share/asitlorbotsix_description/package.dsv'
[1.060s] INFO:colcon.colcon_core.shell:Creating package script '/home/asimkumar/asitlorbotsix_ws/install/asitlorbotsix_description/share/asitlorbotsix_description/package.sh'
[1.061s] INFO:colcon.colcon_core.shell:Creating package script '/home/asimkumar/asitlorbotsix_ws/install/asitlorbotsix_description/share/asitlorbotsix_description/package.bash'
[1.063s] INFO:colcon.colcon_core.shell:Creating package script '/home/asimkumar/asitlorbotsix_ws/install/asitlorbotsix_description/share/asitlorbotsix_description/package.zsh'
[1.064s] Level 1:colcon.colcon_core.environment:create_file_with_runtime_dependencies(/home/asimkumar/asitlorbotsix_ws/install/asitlorbotsix_description/share/colcon-core/packages/asitlorbotsix_description)
[1.070s] Level 1:colcon.colcon_core.environment:create_environment_scripts_only(asitlorbotsix_cpp_examples)
[1.071s] Level 1:colcon.colcon_core.environment:checking '/home/asimkumar/asitlorbotsix_ws/install/asitlorbotsix_cpp_examples' for CMake module files
[1.072s] Level 1:colcon.colcon_core.environment:checking '/home/asimkumar/asitlorbotsix_ws/install/asitlorbotsix_cpp_examples' for CMake config files
[1.073s] Level 1:colcon.colcon_core.shell:create_environment_hook('asitlorbotsix_cpp_examples', 'cmake_prefix_path')
[1.074s] INFO:colcon.colcon_core.shell:Creating environment hook '/home/asimkumar/asitlorbotsix_ws/install/asitlorbotsix_cpp_examples/share/asitlorbotsix_cpp_examples/hook/cmake_prefix_path.ps1'
[1.075s] INFO:colcon.colcon_core.shell:Creating environment descriptor '/home/asimkumar/asitlorbotsix_ws/install/asitlorbotsix_cpp_examples/share/asitlorbotsix_cpp_examples/hook/cmake_prefix_path.dsv'
[1.077s] INFO:colcon.colcon_core.shell:Creating environment hook '/home/asimkumar/asitlorbotsix_ws/install/asitlorbotsix_cpp_examples/share/asitlorbotsix_cpp_examples/hook/cmake_prefix_path.sh'
[1.078s] Level 1:colcon.colcon_core.environment:checking '/home/asimkumar/asitlorbotsix_ws/install/asitlorbotsix_cpp_examples/lib'
[1.079s] Level 1:colcon.colcon_core.environment:checking '/home/asimkumar/asitlorbotsix_ws/install/asitlorbotsix_cpp_examples/bin'
[1.079s] Level 1:colcon.colcon_core.environment:checking '/home/asimkumar/asitlorbotsix_ws/install/asitlorbotsix_cpp_examples/lib/pkgconfig/asitlorbotsix_cpp_examples.pc'
[1.080s] Level 1:colcon.colcon_core.environment:checking '/home/asimkumar/asitlorbotsix_ws/install/asitlorbotsix_cpp_examples/lib/python3.10/site-packages'
[1.080s] Level 1:colcon.colcon_core.environment:checking '/home/asimkumar/asitlorbotsix_ws/install/asitlorbotsix_cpp_examples/bin'
[1.081s] INFO:colcon.colcon_core.shell:Creating package script '/home/asimkumar/asitlorbotsix_ws/install/asitlorbotsix_cpp_examples/share/asitlorbotsix_cpp_examples/package.ps1'
[1.083s] INFO:colcon.colcon_core.shell:Creating package descriptor '/home/asimkumar/asitlorbotsix_ws/install/asitlorbotsix_cpp_examples/share/asitlorbotsix_cpp_examples/package.dsv'
[1.084s] INFO:colcon.colcon_core.shell:Creating package script '/home/asimkumar/asitlorbotsix_ws/install/asitlorbotsix_cpp_examples/share/asitlorbotsix_cpp_examples/package.sh'
[1.086s] INFO:colcon.colcon_core.shell:Creating package script '/home/asimkumar/asitlorbotsix_ws/install/asitlorbotsix_cpp_examples/share/asitlorbotsix_cpp_examples/package.bash'
[1.086s] INFO:colcon.colcon_core.shell:Creating package script '/home/asimkumar/asitlorbotsix_ws/install/asitlorbotsix_cpp_examples/share/asitlorbotsix_cpp_examples/package.zsh'
[1.087s] Level 1:colcon.colcon_core.environment:create_file_with_runtime_dependencies(/home/asimkumar/asitlorbotsix_ws/install/asitlorbotsix_cpp_examples/share/colcon-core/packages/asitlorbotsix_cpp_examples)
[1.354s] DEBUG:colcon.colcon_core.event_handler.log_command:Invoked command in '/home/asimkumar/asitlorbotsix_ws/build/asitlorbotsix_firmware' returned '0': CMAKE_PREFIX_PATH=${CMAKE_PREFIX_PATH}:/home/asimkumar/asitlorbotsix_ws/install/asitlorbot_six:/opt/ros/humble /usr/bin/cmake --build /home/asimkumar/asitlorbotsix_ws/build/asitlorbotsix_firmware -- -j8 -l8
[1.370s] DEBUG:colcon.colcon_core.event_handler.log_command:Invoked command in '/home/asimkumar/asitlorbotsix_ws/build/asitlotbotsix_controller' returned '0': CMAKE_PREFIX_PATH=${CMAKE_PREFIX_PATH}:/home/asimkumar/asitlorbotsix_ws/install/asitlorbot_six:/opt/ros/humble /usr/bin/cmake --build /home/asimkumar/asitlorbotsix_ws/build/asitlotbotsix_controller -- -j8 -l8
[1.409s] DEBUG:colcon.colcon_core.event_handler.log_command:Invoking command in '/home/asimkumar/asitlorbotsix_ws/build/asitlotbotsix_controller': CMAKE_PREFIX_PATH=${CMAKE_PREFIX_PATH}:/home/asimkumar/asitlorbotsix_ws/install/asitlorbot_six:/opt/ros/humble /usr/bin/cmake --install /home/asimkumar/asitlorbotsix_ws/build/asitlotbotsix_controller
[1.416s] DEBUG:colcon.colcon_core.event_handler.log_command:Invoking command in '/home/asimkumar/asitlorbotsix_ws/build/asitlorbotsix_firmware': CMAKE_PREFIX_PATH=${CMAKE_PREFIX_PATH}:/home/asimkumar/asitlorbotsix_ws/install/asitlorbot_six:/opt/ros/humble /usr/bin/cmake --install /home/asimkumar/asitlorbotsix_ws/build/asitlorbotsix_firmware
[1.420s] DEBUG:colcon.colcon_core.event_handler.log_command:Invoked command in '/home/asimkumar/asitlorbotsix_ws/build/asitlorbotsix_localization' returned '0': CMAKE_PREFIX_PATH=${CMAKE_PREFIX_PATH}:/home/asimkumar/asitlorbotsix_ws/install/asitlorbot_six:/opt/ros/humble /usr/bin/cmake --build /home/asimkumar/asitlorbotsix_ws/build/asitlorbotsix_localization -- -j8 -l8
[1.464s] DEBUG:colcon.colcon_core.event_handler.log_command:Invoking command in '/home/asimkumar/asitlorbotsix_ws/build/asitlorbot_six': PYTHONPATH=/home/asimkumar/asitlorbotsix_ws/build/asitlorbot_six/prefix_override:/home/asimkumar/asitlorbotsix_ws/install/asitlorbot_six/lib/python3.10/site-packages:${PYTHONPATH} /usr/bin/python3 -W ignore:setup.py install is deprecated setup.py develop --editable --build-directory /home/asimkumar/asitlorbotsix_ws/build/asitlorbot_six/build --no-deps symlink_data
[1.480s] DEBUG:colcon.colcon_core.event_handler.log_command:Invoking command in '/home/asimkumar/asitlorbotsix_ws/build/asitlorbotsix_localization': CMAKE_PREFIX_PATH=${CMAKE_PREFIX_PATH}:/home/asimkumar/asitlorbotsix_ws/install/asitlorbot_six:/opt/ros/humble /usr/bin/cmake --install /home/asimkumar/asitlorbotsix_ws/build/asitlorbotsix_localization
[1.506s] Level 1:colcon.colcon_core.environment:create_environment_scripts_only(asitlotbotsix_controller)
[1.507s] Level 1:colcon.colcon_core.environment:checking '/home/asimkumar/asitlorbotsix_ws/install/asitlotbotsix_controller' for CMake module files
[1.507s] Level 1:colcon.colcon_core.environment:checking '/home/asimkumar/asitlorbotsix_ws/install/asitlotbotsix_controller' for CMake config files
[1.508s] Level 1:colcon.colcon_core.shell:create_environment_hook('asitlotbotsix_controller', 'cmake_prefix_path')
[1.509s] INFO:colcon.colcon_core.shell:Creating environment hook '/home/asimkumar/asitlorbotsix_ws/install/asitlotbotsix_controller/share/asitlotbotsix_controller/hook/cmake_prefix_path.ps1'
[1.510s] INFO:colcon.colcon_core.shell:Creating environment descriptor '/home/asimkumar/asitlorbotsix_ws/install/asitlotbotsix_controller/share/asitlotbotsix_controller/hook/cmake_prefix_path.dsv'
[1.511s] DEBUG:colcon.colcon_core.event_handler.log_command:Invoked command in '/home/asimkumar/asitlorbotsix_ws/build/asitlotbotsix_controller' returned '0': CMAKE_PREFIX_PATH=${CMAKE_PREFIX_PATH}:/home/asimkumar/asitlorbotsix_ws/install/asitlorbot_six:/opt/ros/humble /usr/bin/cmake --install /home/asimkumar/asitlorbotsix_ws/build/asitlotbotsix_controller
[1.512s] INFO:colcon.colcon_core.shell:Creating environment hook '/home/asimkumar/asitlorbotsix_ws/install/asitlotbotsix_controller/share/asitlotbotsix_controller/hook/cmake_prefix_path.sh'
[1.514s] Level 1:colcon.colcon_core.environment:checking '/home/asimkumar/asitlorbotsix_ws/install/asitlotbotsix_controller/lib'
[1.514s] Level 1:colcon.colcon_core.environment:checking '/home/asimkumar/asitlorbotsix_ws/install/asitlotbotsix_controller/bin'
[1.514s] Level 1:colcon.colcon_core.environment:checking '/home/asimkumar/asitlorbotsix_ws/install/asitlotbotsix_controller/lib/pkgconfig/asitlotbotsix_controller.pc'
[1.515s] Level 1:colcon.colcon_core.environment:checking '/home/asimkumar/asitlorbotsix_ws/install/asitlotbotsix_controller/lib/python3.10/site-packages'
[1.515s] Level 1:colcon.colcon_core.environment:checking '/home/asimkumar/asitlorbotsix_ws/install/asitlotbotsix_controller/bin'
[1.515s] INFO:colcon.colcon_core.shell:Creating package script '/home/asimkumar/asitlorbotsix_ws/install/asitlotbotsix_controller/share/asitlotbotsix_controller/package.ps1'
[1.517s] INFO:colcon.colcon_core.shell:Creating package descriptor '/home/asimkumar/asitlorbotsix_ws/install/asitlotbotsix_controller/share/asitlotbotsix_controller/package.dsv'
[1.518s] INFO:colcon.colcon_core.shell:Creating package script '/home/asimkumar/asitlorbotsix_ws/install/asitlotbotsix_controller/share/asitlotbotsix_controller/package.sh'
[1.519s] INFO:colcon.colcon_core.shell:Creating package script '/home/asimkumar/asitlorbotsix_ws/install/asitlotbotsix_controller/share/asitlotbotsix_controller/package.bash'
[1.524s] INFO:colcon.colcon_core.shell:Creating package script '/home/asimkumar/asitlorbotsix_ws/install/asitlotbotsix_controller/share/asitlotbotsix_controller/package.zsh'
[1.524s] Level 1:colcon.colcon_core.environment:create_file_with_runtime_dependencies(/home/asimkumar/asitlorbotsix_ws/install/asitlotbotsix_controller/share/colcon-core/packages/asitlotbotsix_controller)
[1.527s] Level 1:colcon.colcon_core.environment:create_environment_scripts_only(asitlorbotsix_firmware)
[1.527s] Level 1:colcon.colcon_core.environment:checking '/home/asimkumar/asitlorbotsix_ws/install/asitlorbotsix_firmware' for CMake module files
[1.528s] Level 1:colcon.colcon_core.environment:checking '/home/asimkumar/asitlorbotsix_ws/install/asitlorbotsix_firmware' for CMake config files
[1.529s] Level 1:colcon.colcon_core.shell:create_environment_hook('asitlorbotsix_firmware', 'cmake_prefix_path')
[1.530s] INFO:colcon.colcon_core.shell:Creating environment hook '/home/asimkumar/asitlorbotsix_ws/install/asitlorbotsix_firmware/share/asitlorbotsix_firmware/hook/cmake_prefix_path.ps1'
[1.530s] INFO:colcon.colcon_core.shell:Creating environment descriptor '/home/asimkumar/asitlorbotsix_ws/install/asitlorbotsix_firmware/share/asitlorbotsix_firmware/hook/cmake_prefix_path.dsv'
[1.531s] INFO:colcon.colcon_core.shell:Creating environment hook '/home/asimkumar/asitlorbotsix_ws/install/asitlorbotsix_firmware/share/asitlorbotsix_firmware/hook/cmake_prefix_path.sh'
[1.532s] Level 1:colcon.colcon_core.environment:checking '/home/asimkumar/asitlorbotsix_ws/install/asitlorbotsix_firmware/lib'
[1.532s] Level 1:colcon.colcon_core.shell:create_environment_hook('asitlorbotsix_firmware', 'ld_library_path_lib')
[1.532s] INFO:colcon.colcon_core.shell:Creating environment hook '/home/asimkumar/asitlorbotsix_ws/install/asitlorbotsix_firmware/share/asitlorbotsix_firmware/hook/ld_library_path_lib.ps1'
[1.533s] INFO:colcon.colcon_core.shell:Creating environment descriptor '/home/asimkumar/asitlorbotsix_ws/install/asitlorbotsix_firmware/share/asitlorbotsix_firmware/hook/ld_library_path_lib.dsv'
[1.534s] INFO:colcon.colcon_core.shell:Creating environment hook '/home/asimkumar/asitlorbotsix_ws/install/asitlorbotsix_firmware/share/asitlorbotsix_firmware/hook/ld_library_path_lib.sh'
[1.534s] Level 1:colcon.colcon_core.environment:checking '/home/asimkumar/asitlorbotsix_ws/install/asitlorbotsix_firmware/bin'
[1.534s] Level 1:colcon.colcon_core.shell:create_environment_hook('asitlorbotsix_firmware', 'path')
[1.535s] INFO:colcon.colcon_core.shell:Creating environment hook '/home/asimkumar/asitlorbotsix_ws/install/asitlorbotsix_firmware/share/asitlorbotsix_firmware/hook/path.ps1'
[1.535s] INFO:colcon.colcon_core.shell:Creating environment descriptor '/home/asimkumar/asitlorbotsix_ws/install/asitlorbotsix_firmware/share/asitlorbotsix_firmware/hook/path.dsv'
[1.536s] INFO:colcon.colcon_core.shell:Creating environment hook '/home/asimkumar/asitlorbotsix_ws/install/asitlorbotsix_firmware/share/asitlorbotsix_firmware/hook/path.sh'
[1.537s] Level 1:colcon.colcon_core.environment:checking '/home/asimkumar/asitlorbotsix_ws/install/asitlorbotsix_firmware/lib/pkgconfig/asitlorbotsix_firmware.pc'
[1.537s] Level 1:colcon.colcon_core.environment:checking '/home/asimkumar/asitlorbotsix_ws/install/asitlorbotsix_firmware/lib/python3.10/site-packages'
[1.537s] Level 1:colcon.colcon_core.environment:checking '/home/asimkumar/asitlorbotsix_ws/install/asitlorbotsix_firmware/bin'
[1.538s] DEBUG:colcon.colcon_core.event_handler.log_command:Invoked command in '/home/asimkumar/asitlorbotsix_ws/build/asitlorbotsix_firmware' returned '0': CMAKE_PREFIX_PATH=${CMAKE_PREFIX_PATH}:/home/asimkumar/asitlorbotsix_ws/install/asitlorbot_six:/opt/ros/humble /usr/bin/cmake --install /home/asimkumar/asitlorbotsix_ws/build/asitlorbotsix_firmware
[1.538s] Level 1:colcon.colcon_core.shell:create_environment_hook('asitlorbotsix_firmware', 'pythonscriptspath')
[1.539s] INFO:colcon.colcon_core.shell:Creating environment hook '/home/asimkumar/asitlorbotsix_ws/install/asitlorbotsix_firmware/share/asitlorbotsix_firmware/hook/pythonscriptspath.ps1'
[1.539s] INFO:colcon.colcon_core.shell:Creating environment descriptor '/home/asimkumar/asitlorbotsix_ws/install/asitlorbotsix_firmware/share/asitlorbotsix_firmware/hook/pythonscriptspath.dsv'
[1.540s] INFO:colcon.colcon_core.shell:Creating environment hook '/home/asimkumar/asitlorbotsix_ws/install/asitlorbotsix_firmware/share/asitlorbotsix_firmware/hook/pythonscriptspath.sh'
[1.541s] INFO:colcon.colcon_core.shell:Creating package script '/home/asimkumar/asitlorbotsix_ws/install/asitlorbotsix_firmware/share/asitlorbotsix_firmware/package.ps1'
[1.542s] INFO:colcon.colcon_core.shell:Creating package descriptor '/home/asimkumar/asitlorbotsix_ws/install/asitlorbotsix_firmware/share/asitlorbotsix_firmware/package.dsv'
[1.543s] INFO:colcon.colcon_core.shell:Creating package script '/home/asimkumar/asitlorbotsix_ws/install/asitlorbotsix_firmware/share/asitlorbotsix_firmware/package.sh'
[1.544s] INFO:colcon.colcon_core.shell:Creating package script '/home/asimkumar/asitlorbotsix_ws/install/asitlorbotsix_firmware/share/asitlorbotsix_firmware/package.bash'
[1.544s] INFO:colcon.colcon_core.shell:Creating package script '/home/asimkumar/asitlorbotsix_ws/install/asitlorbotsix_firmware/share/asitlorbotsix_firmware/package.zsh'
[1.545s] Level 1:colcon.colcon_core.environment:create_file_with_runtime_dependencies(/home/asimkumar/asitlorbotsix_ws/install/asitlorbotsix_firmware/share/colcon-core/packages/asitlorbotsix_firmware)
[1.570s] Level 1:colcon.colcon_core.environment:create_environment_scripts_only(asitlotbotsix_controller)
[1.570s] Level 1:colcon.colcon_core.environment:checking '/home/asimkumar/asitlorbotsix_ws/install/asitlotbotsix_controller' for CMake module files
[1.571s] Level 1:colcon.colcon_core.environment:checking '/home/asimkumar/asitlorbotsix_ws/install/asitlotbotsix_controller' for CMake config files
[1.572s] Level 1:colcon.colcon_core.shell:create_environment_hook('asitlotbotsix_controller', 'cmake_prefix_path')
[1.572s] INFO:colcon.colcon_core.shell:Creating environment hook '/home/asimkumar/asitlorbotsix_ws/install/asitlotbotsix_controller/share/asitlotbotsix_controller/hook/cmake_prefix_path.ps1'
[1.573s] INFO:colcon.colcon_core.shell:Creating environment descriptor '/home/asimkumar/asitlorbotsix_ws/install/asitlotbotsix_controller/share/asitlotbotsix_controller/hook/cmake_prefix_path.dsv'
[1.573s] INFO:colcon.colcon_core.shell:Creating environment hook '/home/asimkumar/asitlorbotsix_ws/install/asitlotbotsix_controller/share/asitlotbotsix_controller/hook/cmake_prefix_path.sh'
[1.574s] Level 1:colcon.colcon_core.environment:checking '/home/asimkumar/asitlorbotsix_ws/install/asitlotbotsix_controller/lib'
[1.574s] Level 1:colcon.colcon_core.environment:checking '/home/asimkumar/asitlorbotsix_ws/install/asitlotbotsix_controller/bin'
[1.574s] Level 1:colcon.colcon_core.environment:checking '/home/asimkumar/asitlorbotsix_ws/install/asitlotbotsix_controller/lib/pkgconfig/asitlotbotsix_controller.pc'
[1.574s] Level 1:colcon.colcon_core.environment:checking '/home/asimkumar/asitlorbotsix_ws/install/asitlotbotsix_controller/lib/python3.10/site-packages'
[1.575s] Level 1:colcon.colcon_core.environment:checking '/home/asimkumar/asitlorbotsix_ws/install/asitlotbotsix_controller/bin'
[1.575s] INFO:colcon.colcon_core.shell:Creating package script '/home/asimkumar/asitlorbotsix_ws/install/asitlotbotsix_controller/share/asitlotbotsix_controller/package.ps1'
[1.576s] INFO:colcon.colcon_core.shell:Creating package descriptor '/home/asimkumar/asitlorbotsix_ws/install/asitlotbotsix_controller/share/asitlotbotsix_controller/package.dsv'
[1.576s] INFO:colcon.colcon_core.shell:Creating package script '/home/asimkumar/asitlorbotsix_ws/install/asitlotbotsix_controller/share/asitlotbotsix_controller/package.sh'
[1.577s] INFO:colcon.colcon_core.shell:Creating package script '/home/asimkumar/asitlorbotsix_ws/install/asitlotbotsix_controller/share/asitlotbotsix_controller/package.bash'
[1.578s] INFO:colcon.colcon_core.shell:Creating package script '/home/asimkumar/asitlorbotsix_ws/install/asitlotbotsix_controller/share/asitlotbotsix_controller/package.zsh'
[1.579s] Level 1:colcon.colcon_core.environment:create_file_with_runtime_dependencies(/home/asimkumar/asitlorbotsix_ws/install/asitlotbotsix_controller/share/colcon-core/packages/asitlotbotsix_controller)
[1.580s] Level 1:colcon.colcon_core.environment:create_environment_scripts_only(asitlorbotsix_localization)
[1.581s] DEBUG:colcon.colcon_core.event_handler.log_command:Invoked command in '/home/asimkumar/asitlorbotsix_ws/build/asitlorbotsix_localization' returned '0': CMAKE_PREFIX_PATH=${CMAKE_PREFIX_PATH}:/home/asimkumar/asitlorbotsix_ws/install/asitlorbot_six:/opt/ros/humble /usr/bin/cmake --install /home/asimkumar/asitlorbotsix_ws/build/asitlorbotsix_localization
[1.581s] Level 1:colcon.colcon_core.environment:checking '/home/asimkumar/asitlorbotsix_ws/install/asitlorbotsix_localization' for CMake module files
[1.582s] Level 1:colcon.colcon_core.environment:checking '/home/asimkumar/asitlorbotsix_ws/install/asitlorbotsix_localization' for CMake config files
[1.583s] Level 1:colcon.colcon_core.shell:create_environment_hook('asitlorbotsix_localization', 'cmake_prefix_path')
[1.583s] INFO:colcon.colcon_core.shell:Creating environment hook '/home/asimkumar/asitlorbotsix_ws/install/asitlorbotsix_localization/share/asitlorbotsix_localization/hook/cmake_prefix_path.ps1'
[1.584s] INFO:colcon.colcon_core.shell:Creating environment descriptor '/home/asimkumar/asitlorbotsix_ws/install/asitlorbotsix_localization/share/asitlorbotsix_localization/hook/cmake_prefix_path.dsv'
[1.584s] INFO:colcon.colcon_core.shell:Creating environment hook '/home/asimkumar/asitlorbotsix_ws/install/asitlorbotsix_localization/share/asitlorbotsix_localization/hook/cmake_prefix_path.sh'
[1.585s] Level 1:colcon.colcon_core.environment:checking '/home/asimkumar/asitlorbotsix_ws/install/asitlorbotsix_localization/lib'
[1.585s] Level 1:colcon.colcon_core.environment:checking '/home/asimkumar/asitlorbotsix_ws/install/asitlorbotsix_localization/bin'
[1.585s] Level 1:colcon.colcon_core.environment:checking '/home/asimkumar/asitlorbotsix_ws/install/asitlorbotsix_localization/lib/pkgconfig/asitlorbotsix_localization.pc'
[1.585s] Level 1:colcon.colcon_core.environment:checking '/home/asimkumar/asitlorbotsix_ws/install/asitlorbotsix_localization/lib/python3.10/site-packages'
[1.586s] Level 1:colcon.colcon_core.environment:checking '/home/asimkumar/asitlorbotsix_ws/install/asitlorbotsix_localization/bin'
[1.586s] INFO:colcon.colcon_core.shell:Creating package script '/home/asimkumar/asitlorbotsix_ws/install/asitlorbotsix_localization/share/asitlorbotsix_localization/package.ps1'
[1.587s] INFO:colcon.colcon_core.shell:Creating package descriptor '/home/asimkumar/asitlorbotsix_ws/install/asitlorbotsix_localization/share/asitlorbotsix_localization/package.dsv'
[1.588s] INFO:colcon.colcon_core.shell:Creating package script '/home/asimkumar/asitlorbotsix_ws/install/asitlorbotsix_localization/share/asitlorbotsix_localization/package.sh'
[1.589s] INFO:colcon.colcon_core.shell:Creating package script '/home/asimkumar/asitlorbotsix_ws/install/asitlorbotsix_localization/share/asitlorbotsix_localization/package.bash'
[1.589s] INFO:colcon.colcon_core.shell:Creating package script '/home/asimkumar/asitlorbotsix_ws/install/asitlorbotsix_localization/share/asitlorbotsix_localization/package.zsh'
[1.590s] Level 1:colcon.colcon_core.environment:create_file_with_runtime_dependencies(/home/asimkumar/asitlorbotsix_ws/install/asitlorbotsix_localization/share/colcon-core/packages/asitlorbotsix_localization)
[1.600s] Level 1:colcon.colcon_core.environment:create_environment_scripts_only(asitlorbotsix_firmware)
[1.601s] Level 1:colcon.colcon_core.environment:checking '/home/asimkumar/asitlorbotsix_ws/install/asitlorbotsix_firmware' for CMake module files
[1.601s] Level 1:colcon.colcon_core.environment:checking '/home/asimkumar/asitlorbotsix_ws/install/asitlorbotsix_firmware' for CMake config files
[1.602s] Level 1:colcon.colcon_core.shell:create_environment_hook('asitlorbotsix_firmware', 'cmake_prefix_path')
[1.603s] INFO:colcon.colcon_core.shell:Creating environment hook '/home/asimkumar/asitlorbotsix_ws/install/asitlorbotsix_firmware/share/asitlorbotsix_firmware/hook/cmake_prefix_path.ps1'
[1.603s] INFO:colcon.colcon_core.shell:Creating environment descriptor '/home/asimkumar/asitlorbotsix_ws/install/asitlorbotsix_firmware/share/asitlorbotsix_firmware/hook/cmake_prefix_path.dsv'
[1.604s] INFO:colcon.colcon_core.shell:Creating environment hook '/home/asimkumar/asitlorbotsix_ws/install/asitlorbotsix_firmware/share/asitlorbotsix_firmware/hook/cmake_prefix_path.sh'
[1.605s] Level 1:colcon.colcon_core.environment:checking '/home/asimkumar/asitlorbotsix_ws/install/asitlorbotsix_firmware/lib'
[1.605s] Level 1:colcon.colcon_core.shell:create_environment_hook('asitlorbotsix_firmware', 'ld_library_path_lib')
[1.605s] INFO:colcon.colcon_core.shell:Creating environment hook '/home/asimkumar/asitlorbotsix_ws/install/asitlorbotsix_firmware/share/asitlorbotsix_firmware/hook/ld_library_path_lib.ps1'
[1.606s] INFO:colcon.colcon_core.shell:Creating environment descriptor '/home/asimkumar/asitlorbotsix_ws/install/asitlorbotsix_firmware/share/asitlorbotsix_firmware/hook/ld_library_path_lib.dsv'
[1.608s] INFO:colcon.colcon_core.shell:Creating environment hook '/home/asimkumar/asitlorbotsix_ws/install/asitlorbotsix_firmware/share/asitlorbotsix_firmware/hook/ld_library_path_lib.sh'
[1.609s] Level 1:colcon.colcon_core.environment:checking '/home/asimkumar/asitlorbotsix_ws/install/asitlorbotsix_firmware/bin'
[1.609s] Level 1:colcon.colcon_core.shell:create_environment_hook('asitlorbotsix_firmware', 'path')
[1.610s] INFO:colcon.colcon_core.shell:Creating environment hook '/home/asimkumar/asitlorbotsix_ws/install/asitlorbotsix_firmware/share/asitlorbotsix_firmware/hook/path.ps1'
[1.611s] INFO:colcon.colcon_core.shell:Creating environment descriptor '/home/asimkumar/asitlorbotsix_ws/install/asitlorbotsix_firmware/share/asitlorbotsix_firmware/hook/path.dsv'
[1.611s] INFO:colcon.colcon_core.shell:Creating environment hook '/home/asimkumar/asitlorbotsix_ws/install/asitlorbotsix_firmware/share/asitlorbotsix_firmware/hook/path.sh'
[1.612s] Level 1:colcon.colcon_core.environment:checking '/home/asimkumar/asitlorbotsix_ws/install/asitlorbotsix_firmware/lib/pkgconfig/asitlorbotsix_firmware.pc'
[1.612s] Level 1:colcon.colcon_core.environment:checking '/home/asimkumar/asitlorbotsix_ws/install/asitlorbotsix_firmware/lib/python3.10/site-packages'
[1.613s] Level 1:colcon.colcon_core.environment:checking '/home/asimkumar/asitlorbotsix_ws/install/asitlorbotsix_firmware/bin'
[1.613s] Level 1:colcon.colcon_core.shell:create_environment_hook('asitlorbotsix_firmware', 'pythonscriptspath')
[1.613s] INFO:colcon.colcon_core.shell:Creating environment hook '/home/asimkumar/asitlorbotsix_ws/install/asitlorbotsix_firmware/share/asitlorbotsix_firmware/hook/pythonscriptspath.ps1'
[1.614s] INFO:colcon.colcon_core.shell:Creating environment descriptor '/home/asimkumar/asitlorbotsix_ws/install/asitlorbotsix_firmware/share/asitlorbotsix_firmware/hook/pythonscriptspath.dsv'
[1.614s] INFO:colcon.colcon_core.shell:Creating environment hook '/home/asimkumar/asitlorbotsix_ws/install/asitlorbotsix_firmware/share/asitlorbotsix_firmware/hook/pythonscriptspath.sh'
[1.615s] INFO:colcon.colcon_core.shell:Creating package script '/home/asimkumar/asitlorbotsix_ws/install/asitlorbotsix_firmware/share/asitlorbotsix_firmware/package.ps1'
[1.616s] INFO:colcon.colcon_core.shell:Creating package descriptor '/home/asimkumar/asitlorbotsix_ws/install/asitlorbotsix_firmware/share/asitlorbotsix_firmware/package.dsv'
[1.617s] INFO:colcon.colcon_core.shell:Creating package script '/home/asimkumar/asitlorbotsix_ws/install/asitlorbotsix_firmware/share/asitlorbotsix_firmware/package.sh'
[1.618s] INFO:colcon.colcon_core.shell:Creating package script '/home/asimkumar/asitlorbotsix_ws/install/asitlorbotsix_firmware/share/asitlorbotsix_firmware/package.bash'
[1.618s] INFO:colcon.colcon_core.shell:Creating package script '/home/asimkumar/asitlorbotsix_ws/install/asitlorbotsix_firmware/share/asitlorbotsix_firmware/package.zsh'
[1.619s] Level 1:colcon.colcon_core.environment:create_file_with_runtime_dependencies(/home/asimkumar/asitlorbotsix_ws/install/asitlorbotsix_firmware/share/colcon-core/packages/asitlorbotsix_firmware)
[1.628s] Level 1:colcon.colcon_core.environment:create_environment_scripts_only(asitlorbotsix_localization)
[1.628s] Level 1:colcon.colcon_core.environment:checking '/home/asimkumar/asitlorbotsix_ws/install/asitlorbotsix_localization' for CMake module files
[1.629s] Level 1:colcon.colcon_core.environment:checking '/home/asimkumar/asitlorbotsix_ws/install/asitlorbotsix_localization' for CMake config files
[1.630s] Level 1:colcon.colcon_core.shell:create_environment_hook('asitlorbotsix_localization', 'cmake_prefix_path')
[1.630s] INFO:colcon.colcon_core.shell:Creating environment hook '/home/asimkumar/asitlorbotsix_ws/install/asitlorbotsix_localization/share/asitlorbotsix_localization/hook/cmake_prefix_path.ps1'
[1.631s] INFO:colcon.colcon_core.shell:Creating environment descriptor '/home/asimkumar/asitlorbotsix_ws/install/asitlorbotsix_localization/share/asitlorbotsix_localization/hook/cmake_prefix_path.dsv'
[1.631s] INFO:colcon.colcon_core.shell:Creating environment hook '/home/asimkumar/asitlorbotsix_ws/install/asitlorbotsix_localization/share/asitlorbotsix_localization/hook/cmake_prefix_path.sh'
[1.632s] Level 1:colcon.colcon_core.environment:checking '/home/asimkumar/asitlorbotsix_ws/install/asitlorbotsix_localization/lib'
[1.632s] Level 1:colcon.colcon_core.environment:checking '/home/asimkumar/asitlorbotsix_ws/install/asitlorbotsix_localization/bin'
[1.632s] Level 1:colcon.colcon_core.environment:checking '/home/asimkumar/asitlorbotsix_ws/install/asitlorbotsix_localization/lib/pkgconfig/asitlorbotsix_localization.pc'
[1.632s] Level 1:colcon.colcon_core.environment:checking '/home/asimkumar/asitlorbotsix_ws/install/asitlorbotsix_localization/lib/python3.10/site-packages'
[1.633s] Level 1:colcon.colcon_core.environment:checking '/home/asimkumar/asitlorbotsix_ws/install/asitlorbotsix_localization/bin'
[1.633s] INFO:colcon.colcon_core.shell:Creating package script '/home/asimkumar/asitlorbotsix_ws/install/asitlorbotsix_localization/share/asitlorbotsix_localization/package.ps1'
[1.634s] INFO:colcon.colcon_core.shell:Creating package descriptor '/home/asimkumar/asitlorbotsix_ws/install/asitlorbotsix_localization/share/asitlorbotsix_localization/package.dsv'
[1.634s] INFO:colcon.colcon_core.shell:Creating package script '/home/asimkumar/asitlorbotsix_ws/install/asitlorbotsix_localization/share/asitlorbotsix_localization/package.sh'
[1.635s] INFO:colcon.colcon_core.shell:Creating package script '/home/asimkumar/asitlorbotsix_ws/install/asitlorbotsix_localization/share/asitlorbotsix_localization/package.bash'
[1.635s] INFO:colcon.colcon_core.shell:Creating package script '/home/asimkumar/asitlorbotsix_ws/install/asitlorbotsix_localization/share/asitlorbotsix_localization/package.zsh'
[1.636s] Level 1:colcon.colcon_core.environment:create_file_with_runtime_dependencies(/home/asimkumar/asitlorbotsix_ws/install/asitlorbotsix_localization/share/colcon-core/packages/asitlorbotsix_localization)
[2.082s] Level 1:colcon.colcon_core.shell:create_environment_hook('asitlorbot_six', 'pythonpath_develop')
[2.082s] DEBUG:colcon.colcon_core.event_handler.log_command:Invoked command in '/home/asimkumar/asitlorbotsix_ws/build/asitlorbot_six' returned '0': PYTHONPATH=/home/asimkumar/asitlorbotsix_ws/build/asitlorbot_six/prefix_override:/home/asimkumar/asitlorbotsix_ws/install/asitlorbot_six/lib/python3.10/site-packages:${PYTHONPATH} /usr/bin/python3 -W ignore:setup.py install is deprecated setup.py develop --editable --build-directory /home/asimkumar/asitlorbotsix_ws/build/asitlorbot_six/build --no-deps symlink_data
[2.082s] INFO:colcon.colcon_core.shell:Creating environment hook '/home/asimkumar/asitlorbotsix_ws/build/asitlorbot_six/share/asitlorbot_six/hook/pythonpath_develop.ps1'
[2.083s] INFO:colcon.colcon_core.shell:Creating environment descriptor '/home/asimkumar/asitlorbotsix_ws/build/asitlorbot_six/share/asitlorbot_six/hook/pythonpath_develop.dsv'
[2.084s] INFO:colcon.colcon_core.shell:Creating environment hook '/home/asimkumar/asitlorbotsix_ws/build/asitlorbot_six/share/asitlorbot_six/hook/pythonpath_develop.sh'
[2.084s] Level 1:colcon.colcon_core.environment:checking '/home/asimkumar/asitlorbotsix_ws/install/asitlorbot_six' for CMake module files
[2.085s] Level 1:colcon.colcon_core.environment:checking '/home/asimkumar/asitlorbotsix_ws/install/asitlorbot_six' for CMake config files
[2.085s] Level 1:colcon.colcon_core.environment:checking '/home/asimkumar/asitlorbotsix_ws/install/asitlorbot_six/lib'
[2.085s] Level 1:colcon.colcon_core.environment:checking '/home/asimkumar/asitlorbotsix_ws/install/asitlorbot_six/bin'
[2.085s] Level 1:colcon.colcon_core.environment:checking '/home/asimkumar/asitlorbotsix_ws/install/asitlorbot_six/lib/pkgconfig/asitlorbot_six.pc'
[2.086s] Level 1:colcon.colcon_core.environment:checking '/home/asimkumar/asitlorbotsix_ws/install/asitlorbot_six/lib/python3.10/site-packages'
[2.086s] Level 1:colcon.colcon_core.shell:create_environment_hook('asitlorbot_six', 'pythonpath')
[2.086s] INFO:colcon.colcon_core.shell:Creating environment hook '/home/asimkumar/asitlorbotsix_ws/install/asitlorbot_six/share/asitlorbot_six/hook/pythonpath.ps1'
[2.086s] INFO:colcon.colcon_core.shell:Creating environment descriptor '/home/asimkumar/asitlorbotsix_ws/install/asitlorbot_six/share/asitlorbot_six/hook/pythonpath.dsv'
[2.087s] INFO:colcon.colcon_core.shell:Creating environment hook '/home/asimkumar/asitlorbotsix_ws/install/asitlorbot_six/share/asitlorbot_six/hook/pythonpath.sh'
[2.088s] Level 1:colcon.colcon_core.environment:checking '/home/asimkumar/asitlorbotsix_ws/install/asitlorbot_six/bin'
[2.088s] Level 1:colcon.colcon_core.environment:create_environment_scripts_only(asitlorbot_six)
[2.088s] INFO:colcon.colcon_core.shell:Creating package script '/home/asimkumar/asitlorbotsix_ws/install/asitlorbot_six/share/asitlorbot_six/package.ps1'
[2.089s] INFO:colcon.colcon_core.shell:Creating package descriptor '/home/asimkumar/asitlorbotsix_ws/install/asitlorbot_six/share/asitlorbot_six/package.dsv'
[2.089s] INFO:colcon.colcon_core.shell:Creating package script '/home/asimkumar/asitlorbotsix_ws/install/asitlorbot_six/share/asitlorbot_six/package.sh'
[2.090s] INFO:colcon.colcon_core.shell:Creating package script '/home/asimkumar/asitlorbotsix_ws/install/asitlorbot_six/share/asitlorbot_six/package.bash'
[2.090s] INFO:colcon.colcon_core.shell:Creating package script '/home/asimkumar/asitlorbotsix_ws/install/asitlorbot_six/share/asitlorbot_six/package.zsh'
[2.090s] Level 1:colcon.colcon_core.environment:create_file_with_runtime_dependencies(/home/asimkumar/asitlorbotsix_ws/install/asitlorbot_six/share/colcon-core/packages/asitlorbot_six)
[2.368s] DEBUG:colcon.colcon_core.event_handler.log_command:Invoked command in '/home/asimkumar/asitlorbotsix_ws/build/asitlorbotsix_autonomy' returned '2': CMAKE_PREFIX_PATH=${CMAKE_PREFIX_PATH}:/home/asimkumar/asitlorbotsix_ws/install/asitlorbot_six:/opt/ros/humble /usr/bin/cmake --build /home/asimkumar/asitlorbotsix_ws/build/asitlorbotsix_autonomy -- -j8 -l8
[2.412s] Level 1:colcon.colcon_core.environment:create_environment_scripts_only(asitlorbotsix_autonomy)
[2.412s] Level 1:colcon.colcon_core.environment:checking '/home/asimkumar/asitlorbotsix_ws/install/asitlorbotsix_autonomy' for CMake module files
[2.413s] Level 1:colcon.colcon_core.environment:checking '/home/asimkumar/asitlorbotsix_ws/install/asitlorbotsix_autonomy' for CMake config files
[2.413s] Level 1:colcon.colcon_core.shell:create_environment_hook('asitlorbotsix_autonomy', 'cmake_prefix_path')
[2.413s] INFO:colcon.colcon_core.shell:Creating environment hook '/home/asimkumar/asitlorbotsix_ws/install/asitlorbotsix_autonomy/share/asitlorbotsix_autonomy/hook/cmake_prefix_path.ps1'
[2.414s] INFO:colcon.colcon_core.shell:Creating environment descriptor '/home/asimkumar/asitlorbotsix_ws/install/asitlorbotsix_autonomy/share/asitlorbotsix_autonomy/hook/cmake_prefix_path.dsv'
[2.415s] INFO:colcon.colcon_core.shell:Creating environment hook '/home/asimkumar/asitlorbotsix_ws/install/asitlorbotsix_autonomy/share/asitlorbotsix_autonomy/hook/cmake_prefix_path.sh'
[2.416s] Level 1:colcon.colcon_core.environment:checking '/home/asimkumar/asitlorbotsix_ws/install/asitlorbotsix_autonomy/bin'
[2.416s] Level 1:colcon.colcon_core.environment:checking '/home/asimkumar/asitlorbotsix_ws/install/asitlorbotsix_autonomy/lib/pkgconfig/asitlorbotsix_autonomy.pc'
[2.417s] Level 1:colcon.colcon_core.environment:checking '/home/asimkumar/asitlorbotsix_ws/install/asitlorbotsix_autonomy/lib/python3.10/site-packages'
[2.417s] Level 1:colcon.colcon_core.environment:checking '/home/asimkumar/asitlorbotsix_ws/install/asitlorbotsix_autonomy/bin'
[2.417s] INFO:colcon.colcon_core.shell:Creating package script '/home/asimkumar/asitlorbotsix_ws/install/asitlorbotsix_autonomy/share/asitlorbotsix_autonomy/package.ps1'
[2.418s] INFO:colcon.colcon_core.shell:Creating package descriptor '/home/asimkumar/asitlorbotsix_ws/install/asitlorbotsix_autonomy/share/asitlorbotsix_autonomy/package.dsv'
[2.418s] INFO:colcon.colcon_core.shell:Creating package script '/home/asimkumar/asitlorbotsix_ws/install/asitlorbotsix_autonomy/share/asitlorbotsix_autonomy/package.sh'
[2.419s] INFO:colcon.colcon_core.shell:Creating package script '/home/asimkumar/asitlorbotsix_ws/install/asitlorbotsix_autonomy/share/asitlorbotsix_autonomy/package.bash'
[2.419s] INFO:colcon.colcon_core.shell:Creating package script '/home/asimkumar/asitlorbotsix_ws/install/asitlorbotsix_autonomy/share/asitlorbotsix_autonomy/package.zsh'
[2.420s] Level 1:colcon.colcon_core.environment:create_file_with_runtime_dependencies(/home/asimkumar/asitlorbotsix_ws/install/asitlorbotsix_autonomy/share/colcon-core/packages/asitlorbotsix_autonomy)
[2.430s] DEBUG:colcon.colcon_parallel_executor.executor.parallel:closing loop
[2.430s] DEBUG:colcon.colcon_parallel_executor.executor.parallel:loop closed
[2.430s] DEBUG:colcon.colcon_parallel_executor.executor.parallel:run_until_complete finished with '2'
[2.430s] DEBUG:colcon.colcon_core.event_reactor:joining thread
[2.436s] INFO:colcon.colcon_core.plugin_system:Skipping extension 'colcon_notification.desktop_notification.terminal_notifier': Not used on non-Darwin systems
[2.436s] INFO:colcon.colcon_core.plugin_system:Skipping extension 'colcon_notification.desktop_notification.win32': Not used on non-Windows systems
[2.436s] INFO:colcon.colcon_notification.desktop_notification:Sending desktop notification using 'notify2'
[2.450s] DEBUG:colcon.colcon_core.event_reactor:joined thread
[2.451s] INFO:colcon.colcon_core.shell:Creating prefix script '/home/asimkumar/asitlorbotsix_ws/install/local_setup.ps1'
[2.452s] INFO:colcon.colcon_core.shell:Creating prefix util module '/home/asimkumar/asitlorbotsix_ws/install/_local_setup_util_ps1.py'
[2.453s] INFO:colcon.colcon_core.shell:Creating prefix chain script '/home/asimkumar/asitlorbotsix_ws/install/setup.ps1'
[2.455s] INFO:colcon.colcon_core.shell:Creating prefix script '/home/asimkumar/asitlorbotsix_ws/install/local_setup.sh'
[2.455s] INFO:colcon.colcon_core.shell:Creating prefix util module '/home/asimkumar/asitlorbotsix_ws/install/_local_setup_util_sh.py'
[2.456s] INFO:colcon.colcon_core.shell:Creating prefix chain script '/home/asimkumar/asitlorbotsix_ws/install/setup.sh'
[2.458s] INFO:colcon.colcon_core.shell:Creating prefix script '/home/asimkumar/asitlorbotsix_ws/install/local_setup.bash'
[2.459s] INFO:colcon.colcon_core.shell:Creating prefix chain script '/home/asimkumar/asitlorbotsix_ws/install/setup.bash'
[2.460s] INFO:colcon.colcon_core.shell:Creating prefix script '/home/asimkumar/asitlorbotsix_ws/install/local_setup.zsh'
[2.461s] INFO:colcon.colcon_core.shell:Creating prefix chain script '/home/asimkumar/asitlorbotsix_ws/install/setup.zsh'
