-- Found ament_cmake: 1.3.8 (/opt/ros/humble/share/ament_cmake/cmake)
-- Override CMake install command with custom implementation using symlinks instead of copying resources
-- Found rclcpp: 16.0.8 (/opt/ros/humble/share/rclcpp/cmake)
-- Found rosidl_generator_c: 3.1.5 (/opt/ros/humble/share/rosidl_generator_c/cmake)
-- Found rosidl_adapter: 3.1.5 (/opt/ros/humble/share/rosidl_adapter/cmake)
-- Found rosidl_generator_cpp: 3.1.5 (/opt/ros/humble/share/rosidl_generator_cpp/cmake)
-- Using all available rosidl_typesupport_c: rosidl_typesupport_fastrtps_c;rosidl_typesupport_introspection_c
-- Using all available rosidl_typesupport_cpp: rosidl_typesupport_fastrtps_cpp;rosidl_typesupport_introspection_cpp
-- Found rmw_implementation_cmake: 6.1.1 (/opt/ros/humble/share/rmw_implementation_cmake/cmake)
-- Found rmw_cyclonedds_cpp: 1.3.4 (/opt/ros/humble/share/rmw_cyclonedds_cpp/cmake)
-- Using RMW implementation 'rmw_cyclonedds_cpp' as default
-- Looking for pthread.h
-- Looking for pthread.h - found
-- Performing Test CMAKE_HAVE_LIBC_PTHREAD
-- Performing Test CMAKE_HAVE_LIBC_PTHREAD - Success
-- Found Threads: TRUE  
-- Found turtlesim: 1.4.2 (/opt/ros/humble/share/turtlesim/cmake)
-- Found geometry_msgs: 4.2.3 (/opt/ros/humble/share/geometry_msgs/cmake)
-- Found tf2: 0.25.6 (/opt/ros/humble/share/tf2/cmake)
-- Found tf2_ros: 0.25.6 (/opt/ros/humble/share/tf2_ros/cmake)
-- Found rclcpp_lifecycle: 16.0.8 (/opt/ros/humble/share/rclcpp_lifecycle/cmake)
-- Configuring done
-- Generating done
-- Build files have been written to: /home/asimkumar/asitlorbotsix_ws/build/asitlorbotsix_cpp_examples
[ 50%] [32mBuilding CXX object CMakeFiles/simple_lifecycle_node.dir/src/simple_lifecycle_node.cpp.o[0m
[100%] [32m[1mLinking CXX executable simple_lifecycle_node[0m
[100%] Built target simple_lifecycle_node
-- Install configuration: ""
-- Execute custom install script
-- Symlinking: /home/asimkumar/asitlorbotsix_ws/install/asitlorbotsix_cpp_examples/lib/asitlorbotsix_cpp_examples/simple_lifecycle_node
-- Up-to-date symlink: /home/asimkumar/asitlorbotsix_ws/install/asitlorbotsix_cpp_examples/share/ament_index/resource_index/package_run_dependencies/asitlorbotsix_cpp_examples
-- Up-to-date symlink: /home/asimkumar/asitlorbotsix_ws/install/asitlorbotsix_cpp_examples/share/ament_index/resource_index/parent_prefix_path/asitlorbotsix_cpp_examples
-- Up-to-date symlink: /home/asimkumar/asitlorbotsix_ws/install/asitlorbotsix_cpp_examples/share/asitlorbotsix_cpp_examples/environment/ament_prefix_path.sh
-- Up-to-date symlink: /home/asimkumar/asitlorbotsix_ws/install/asitlorbotsix_cpp_examples/share/asitlorbotsix_cpp_examples/environment/ament_prefix_path.dsv
-- Up-to-date symlink: /home/asimkumar/asitlorbotsix_ws/install/asitlorbotsix_cpp_examples/share/asitlorbotsix_cpp_examples/environment/path.sh
-- Up-to-date symlink: /home/asimkumar/asitlorbotsix_ws/install/asitlorbotsix_cpp_examples/share/asitlorbotsix_cpp_examples/environment/path.dsv
-- Up-to-date symlink: /home/asimkumar/asitlorbotsix_ws/install/asitlorbotsix_cpp_examples/share/asitlorbotsix_cpp_examples/local_setup.bash
-- Up-to-date symlink: /home/asimkumar/asitlorbotsix_ws/install/asitlorbotsix_cpp_examples/share/asitlorbotsix_cpp_examples/local_setup.sh
-- Up-to-date symlink: /home/asimkumar/asitlorbotsix_ws/install/asitlorbotsix_cpp_examples/share/asitlorbotsix_cpp_examples/local_setup.zsh
-- Up-to-date symlink: /home/asimkumar/asitlorbotsix_ws/install/asitlorbotsix_cpp_examples/share/asitlorbotsix_cpp_examples/local_setup.dsv
-- Symlinking: /home/asimkumar/asitlorbotsix_ws/install/asitlorbotsix_cpp_examples/share/asitlorbotsix_cpp_examples/package.dsv
-- Up-to-date symlink: /home/asimkumar/asitlorbotsix_ws/install/asitlorbotsix_cpp_examples/share/ament_index/resource_index/packages/asitlorbotsix_cpp_examples
-- Up-to-date symlink: /home/asimkumar/asitlorbotsix_ws/install/asitlorbotsix_cpp_examples/share/asitlorbotsix_cpp_examples/cmake/asitlorbotsix_cpp_examplesConfig.cmake
-- Up-to-date symlink: /home/asimkumar/asitlorbotsix_ws/install/asitlorbotsix_cpp_examples/share/asitlorbotsix_cpp_examples/cmake/asitlorbotsix_cpp_examplesConfig-version.cmake
-- Up-to-date symlink: /home/asimkumar/asitlorbotsix_ws/install/asitlorbotsix_cpp_examples/share/asitlorbotsix_cpp_examples/package.xml
