[0.339s] Invoking command in '/home/asimkumar/asitlorbotsix_ws/build/asitlorbotsix_cpp_examples': CMAKE_PREFIX_PATH=${CMAKE_PREFIX_PATH}:/home/asimkumar/asitlorbotsix_ws/install/asitlorbot_six:/opt/ros/humble /usr/bin/cmake --build /home/asimkumar/asitlorbotsix_ws/build/asitlorbotsix_cpp_examples -- -j8 -l8
[0.384s] -- Found ament_cmake: 1.3.8 (/opt/ros/humble/share/ament_cmake/cmake)
[0.684s] -- Override CMake install command with custom implementation using symlinks instead of copying resources
[0.707s] -- Found rclcpp: 16.0.8 (/opt/ros/humble/share/rclcpp/cmake)
[0.845s] -- Found rosidl_generator_c: 3.1.5 (/opt/ros/humble/share/rosidl_generator_c/cmake)
[0.864s] -- Found rosidl_adapter: 3.1.5 (/opt/ros/humble/share/rosidl_adapter/cmake)
[0.890s] -- Found rosidl_generator_cpp: 3.1.5 (/opt/ros/humble/share/rosidl_generator_cpp/cmake)
[0.930s] -- Using all available rosidl_typesupport_c: rosidl_typesupport_fastrtps_c;rosidl_typesupport_introspection_c
[0.984s] -- Using all available rosidl_typesupport_cpp: rosidl_typesupport_fastrtps_cpp;rosidl_typesupport_introspection_cpp
[1.145s] -- Found rmw_implementation_cmake: 6.1.1 (/opt/ros/humble/share/rmw_implementation_cmake/cmake)
[1.155s] -- Found rmw_cyclonedds_cpp: 1.3.4 (/opt/ros/humble/share/rmw_cyclonedds_cpp/cmake)
[1.242s] -- Using RMW implementation 'rmw_cyclonedds_cpp' as default
[1.274s] -- Looking for pthread.h
[1.419s] -- Looking for pthread.h - found
[1.420s] -- Performing Test CMAKE_HAVE_LIBC_PTHREAD
[1.526s] -- Performing Test CMAKE_HAVE_LIBC_PTHREAD - Success
[1.527s] -- Found Threads: TRUE  
[1.713s] -- Found turtlesim: 1.4.2 (/opt/ros/humble/share/turtlesim/cmake)
[1.868s] -- Found geometry_msgs: 4.2.3 (/opt/ros/humble/share/geometry_msgs/cmake)
[1.920s] -- Found tf2: 0.25.6 (/opt/ros/humble/share/tf2/cmake)
[1.944s] -- Found tf2_ros: 0.25.6 (/opt/ros/humble/share/tf2_ros/cmake)
[2.238s] -- Found rclcpp_lifecycle: 16.0.8 (/opt/ros/humble/share/rclcpp_lifecycle/cmake)
[2.360s] -- Configuring done
[2.374s] -- Generating done
[2.376s] -- Build files have been written to: /home/asimkumar/asitlorbotsix_ws/build/asitlorbotsix_cpp_examples
[2.430s] [ 50%] [32mBuilding CXX object CMakeFiles/simple_lifecycle_node.dir/src/simple_lifecycle_node.cpp.o[0m
[11.984s] [100%] [32m[1mLinking CXX executable simple_lifecycle_node[0m
[12.635s] [100%] Built target simple_lifecycle_node
[12.651s] Invoked command in '/home/asimkumar/asitlorbotsix_ws/build/asitlorbotsix_cpp_examples' returned '0': CMAKE_PREFIX_PATH=${CMAKE_PREFIX_PATH}:/home/asimkumar/asitlorbotsix_ws/install/asitlorbot_six:/opt/ros/humble /usr/bin/cmake --build /home/asimkumar/asitlorbotsix_ws/build/asitlorbotsix_cpp_examples -- -j8 -l8
[12.695s] Invoking command in '/home/asimkumar/asitlorbotsix_ws/build/asitlorbotsix_cpp_examples': CMAKE_PREFIX_PATH=${CMAKE_PREFIX_PATH}:/home/asimkumar/asitlorbotsix_ws/install/asitlorbot_six:/opt/ros/humble /usr/bin/cmake --install /home/asimkumar/asitlorbotsix_ws/build/asitlorbotsix_cpp_examples
[12.704s] -- Install configuration: ""
[12.705s] -- Execute custom install script
[12.705s] -- Symlinking: /home/asimkumar/asitlorbotsix_ws/install/asitlorbotsix_cpp_examples/lib/asitlorbotsix_cpp_examples/simple_lifecycle_node
[12.718s] -- Up-to-date symlink: /home/asimkumar/asitlorbotsix_ws/install/asitlorbotsix_cpp_examples/share/ament_index/resource_index/package_run_dependencies/asitlorbotsix_cpp_examples
[12.718s] -- Up-to-date symlink: /home/asimkumar/asitlorbotsix_ws/install/asitlorbotsix_cpp_examples/share/ament_index/resource_index/parent_prefix_path/asitlorbotsix_cpp_examples
[12.718s] -- Up-to-date symlink: /home/asimkumar/asitlorbotsix_ws/install/asitlorbotsix_cpp_examples/share/asitlorbotsix_cpp_examples/environment/ament_prefix_path.sh
[12.719s] -- Up-to-date symlink: /home/asimkumar/asitlorbotsix_ws/install/asitlorbotsix_cpp_examples/share/asitlorbotsix_cpp_examples/environment/ament_prefix_path.dsv
[12.719s] -- Up-to-date symlink: /home/asimkumar/asitlorbotsix_ws/install/asitlorbotsix_cpp_examples/share/asitlorbotsix_cpp_examples/environment/path.sh
[12.719s] -- Up-to-date symlink: /home/asimkumar/asitlorbotsix_ws/install/asitlorbotsix_cpp_examples/share/asitlorbotsix_cpp_examples/environment/path.dsv
[12.719s] -- Up-to-date symlink: /home/asimkumar/asitlorbotsix_ws/install/asitlorbotsix_cpp_examples/share/asitlorbotsix_cpp_examples/local_setup.bash
[12.719s] -- Up-to-date symlink: /home/asimkumar/asitlorbotsix_ws/install/asitlorbotsix_cpp_examples/share/asitlorbotsix_cpp_examples/local_setup.sh
[12.719s] -- Up-to-date symlink: /home/asimkumar/asitlorbotsix_ws/install/asitlorbotsix_cpp_examples/share/asitlorbotsix_cpp_examples/local_setup.zsh
[12.719s] -- Up-to-date symlink: /home/asimkumar/asitlorbotsix_ws/install/asitlorbotsix_cpp_examples/share/asitlorbotsix_cpp_examples/local_setup.dsv
[12.719s] -- Symlinking: /home/asimkumar/asitlorbotsix_ws/install/asitlorbotsix_cpp_examples/share/asitlorbotsix_cpp_examples/package.dsv
[12.732s] -- Up-to-date symlink: /home/asimkumar/asitlorbotsix_ws/install/asitlorbotsix_cpp_examples/share/ament_index/resource_index/packages/asitlorbotsix_cpp_examples
[12.733s] -- Up-to-date symlink: /home/asimkumar/asitlorbotsix_ws/install/asitlorbotsix_cpp_examples/share/asitlorbotsix_cpp_examples/cmake/asitlorbotsix_cpp_examplesConfig.cmake
[12.733s] -- Up-to-date symlink: /home/asimkumar/asitlorbotsix_ws/install/asitlorbotsix_cpp_examples/share/asitlorbotsix_cpp_examples/cmake/asitlorbotsix_cpp_examplesConfig-version.cmake
[12.733s] -- Up-to-date symlink: /home/asimkumar/asitlorbotsix_ws/install/asitlorbotsix_cpp_examples/share/asitlorbotsix_cpp_examples/package.xml
[12.736s] Invoked command in '/home/asimkumar/asitlorbotsix_ws/build/asitlorbotsix_cpp_examples' returned '0': CMAKE_PREFIX_PATH=${CMAKE_PREFIX_PATH}:/home/asimkumar/asitlorbotsix_ws/install/asitlorbot_six:/opt/ros/humble /usr/bin/cmake --install /home/asimkumar/asitlorbotsix_ws/build/asitlorbotsix_cpp_examples
