[0.480s] Invoking command in '/home/asimkumar/asitlorbotsix_ws/build/asitlorbotsix_firmware': CMAKE_PREFIX_PATH=${CMAKE_PREFIX_PATH}:/home/asimkumar/asitlorbotsix_ws/install/asitlorbot_six:/opt/ros/humble /usr/bin/cmake --build /home/asimkumar/asitlorbotsix_ws/build/asitlorbotsix_firmware -- -j8 -l8
[0.571s] [35m[1mConsolidate compiler generated dependencies of target asitlorbotsix_firmware[0m
[0.574s] [35m[1mConsolidate compiler generated dependencies of target simple_serial_receiver[0m
[0.578s] [35m[1mConsolidate compiler generated dependencies of target simple_serial_transmitter[0m
[0.619s] [ 33%] Built target simple_serial_receiver
[0.630s] [ 50%] Built target ament_cmake_python_symlink_asitlorbotsix_firmware
[0.630s] [ 66%] Built target asitlorbotsix_firmware
[0.631s] [100%] Built target simple_serial_transmitter
[1.027s] running egg_info
[1.028s] writing asitlorbotsix_firmware.egg-info/PKG-INFO
[1.028s] writing dependency_links to asitlorbotsix_firmware.egg-info/dependency_links.txt
[1.028s] writing top-level names to asitlorbotsix_firmware.egg-info/top_level.txt
[1.031s] reading manifest file 'asitlorbotsix_firmware.egg-info/SOURCES.txt'
[1.032s] writing manifest file 'asitlorbotsix_firmware.egg-info/SOURCES.txt'
[1.081s] [100%] Built target ament_cmake_python_build_asitlorbotsix_firmware_egg
[1.103s] Invoked command in '/home/asimkumar/asitlorbotsix_ws/build/asitlorbotsix_firmware' returned '0': CMAKE_PREFIX_PATH=${CMAKE_PREFIX_PATH}:/home/asimkumar/asitlorbotsix_ws/install/asitlorbot_six:/opt/ros/humble /usr/bin/cmake --build /home/asimkumar/asitlorbotsix_ws/build/asitlorbotsix_firmware -- -j8 -l8
[1.173s] Invoking command in '/home/asimkumar/asitlorbotsix_ws/build/asitlorbotsix_firmware': CMAKE_PREFIX_PATH=${CMAKE_PREFIX_PATH}:/home/asimkumar/asitlorbotsix_ws/install/asitlorbot_six:/opt/ros/humble /usr/bin/cmake --install /home/asimkumar/asitlorbotsix_ws/build/asitlorbotsix_firmware
[1.187s] -- Install configuration: ""
[1.188s] -- Execute custom install script
[1.188s] -- Up-to-date symlink: /home/asimkumar/asitlorbotsix_ws/install/asitlorbotsix_firmware/share/asitlorbotsix_firmware/environment/pythonpath.sh
[1.188s] -- Up-to-date symlink: /home/asimkumar/asitlorbotsix_ws/install/asitlorbotsix_firmware/share/asitlorbotsix_firmware/environment/pythonpath.dsv
[1.189s] -- Up-to-date symlink: /home/asimkumar/asitlorbotsix_ws/install/asitlorbotsix_firmware/local/lib/python3.10/dist-packages/asitlorbotsix_firmware-0.0.0-py3.10.egg-info/PKG-INFO
[1.189s] -- Up-to-date symlink: /home/asimkumar/asitlorbotsix_ws/install/asitlorbotsix_firmware/local/lib/python3.10/dist-packages/asitlorbotsix_firmware-0.0.0-py3.10.egg-info/SOURCES.txt
[1.189s] -- Up-to-date symlink: /home/asimkumar/asitlorbotsix_ws/install/asitlorbotsix_firmware/local/lib/python3.10/dist-packages/asitlorbotsix_firmware-0.0.0-py3.10.egg-info/dependency_links.txt
[1.189s] -- Up-to-date symlink: /home/asimkumar/asitlorbotsix_ws/install/asitlorbotsix_firmware/local/lib/python3.10/dist-packages/asitlorbotsix_firmware-0.0.0-py3.10.egg-info/top_level.txt
[1.190s] -- Up-to-date symlink: /home/asimkumar/asitlorbotsix_ws/install/asitlorbotsix_firmware/local/lib/python3.10/dist-packages/asitlorbotsix_firmware/__init__.py
[1.190s] -- Up-to-date symlink: /home/asimkumar/asitlorbotsix_ws/install/asitlorbotsix_firmware/share/asitlorbotsix_firmware//asitlorbotsix_interface.xml
[1.190s] -- Up-to-date symlink: /home/asimkumar/asitlorbotsix_ws/install/asitlorbotsix_firmware/lib/libasitlorbotsix_firmware.so
[1.191s] -- Up-to-date symlink: /home/asimkumar/asitlorbotsix_ws/install/asitlorbotsix_firmware/include/include/asitlorbotsix_firmware/asitlorbotsix_interface.hpp
[1.191s] -- Symlinking: /home/asimkumar/asitlorbotsix_ws/install/asitlorbotsix_firmware/share/asitlorbotsix_firmware/launch/hardware_interface.launch.py
[1.210s] [31mCMake Error at ament_cmake_symlink_install/ament_cmake_symlink_install.cmake:204 (message):
[1.210s]   ament_cmake_symlink_install_programs() can't find
[1.210s]   '/home/asimkumar/asitlorbotsix_ws/src/asitlorbotsix_firmware/asitlorbotsix_firmware/simple_serial_transmitter.py'
[1.210s] Call Stack (most recent call first):
[1.210s]   ament_cmake_symlink_install/ament_cmake_symlink_install.cmake:338 (ament_cmake_symlink_install_programs)
[1.210s]   cmake_install.cmake:46 (include)
[1.210s] 
[1.210s] [0m
[1.214s] Invoked command in '/home/asimkumar/asitlorbotsix_ws/build/asitlorbotsix_firmware' returned '1': CMAKE_PREFIX_PATH=${CMAKE_PREFIX_PATH}:/home/asimkumar/asitlorbotsix_ws/install/asitlorbot_six:/opt/ros/humble /usr/bin/cmake --install /home/asimkumar/asitlorbotsix_ws/build/asitlorbotsix_firmware
