[0.519s] Invoking command in '/home/asimkumar/asitlorbotsix_ws/build/asitlotbotsix_controller': CMAKE_PREFIX_PATH=${CMAKE_PREFIX_PATH}:/home/asimkumar/asitlorbotsix_ws/install/asitlorbot_six:/opt/ros/humble /usr/bin/cmake --build /home/asimkumar/asitlorbotsix_ws/build/asitlotbotsix_controller -- -j8 -l8
[0.692s] Built target ament_cmake_python_symlink_asitlotbotsix_controller
[1.190s] running egg_info
[1.192s] writing asitlotbotsix_controller.egg-info/PKG-INFO
[1.192s] writing dependency_links to asitlotbotsix_controller.egg-info/dependency_links.txt
[1.192s] writing top-level names to asitlotbotsix_controller.egg-info/top_level.txt
[1.198s] reading manifest file 'asitlotbotsix_controller.egg-info/SOURCES.txt'
[1.198s] writing manifest file 'asitlotbotsix_controller.egg-info/SOURCES.txt'
[1.284s] Built target ament_cmake_python_build_asitlotbotsix_controller_egg
[1.311s] Invoked command in '/home/asimkumar/asitlorbotsix_ws/build/asitlotbotsix_controller' returned '0': CMAKE_PREFIX_PATH=${CMAKE_PREFIX_PATH}:/home/asimkumar/asitlorbotsix_ws/install/asitlorbot_six:/opt/ros/humble /usr/bin/cmake --build /home/asimkumar/asitlorbotsix_ws/build/asitlotbotsix_controller -- -j8 -l8
[1.365s] Invoking command in '/home/asimkumar/asitlorbotsix_ws/build/asitlotbotsix_controller': CMAKE_PREFIX_PATH=${CMAKE_PREFIX_PATH}:/home/asimkumar/asitlorbotsix_ws/install/asitlorbot_six:/opt/ros/humble /usr/bin/cmake --install /home/asimkumar/asitlorbotsix_ws/build/asitlotbotsix_controller
[1.382s] -- Install configuration: ""
[1.384s] -- Execute custom install script
[1.384s] -- Up-to-date symlink: /home/asimkumar/asitlorbotsix_ws/install/asitlotbotsix_controller/share/asitlotbotsix_controller/environment/pythonpath.sh
[1.385s] -- Up-to-date symlink: /home/asimkumar/asitlorbotsix_ws/install/asitlotbotsix_controller/share/asitlotbotsix_controller/environment/pythonpath.dsv
[1.385s] -- Up-to-date symlink: /home/asimkumar/asitlorbotsix_ws/install/asitlotbotsix_controller/local/lib/python3.10/dist-packages/asitlotbotsix_controller-0.0.0-py3.10.egg-info/PKG-INFO
[1.385s] -- Up-to-date symlink: /home/asimkumar/asitlorbotsix_ws/install/asitlotbotsix_controller/local/lib/python3.10/dist-packages/asitlotbotsix_controller-0.0.0-py3.10.egg-info/SOURCES.txt
[1.385s] -- Up-to-date symlink: /home/asimkumar/asitlorbotsix_ws/install/asitlotbotsix_controller/local/lib/python3.10/dist-packages/asitlotbotsix_controller-0.0.0-py3.10.egg-info/dependency_links.txt
[1.386s] -- Up-to-date symlink: /home/asimkumar/asitlorbotsix_ws/install/asitlotbotsix_controller/local/lib/python3.10/dist-packages/asitlotbotsix_controller-0.0.0-py3.10.egg-info/top_level.txt
[1.386s] -- Up-to-date symlink: /home/asimkumar/asitlorbotsix_ws/install/asitlotbotsix_controller/local/lib/python3.10/dist-packages/asitlotbotsix_controller/__init__.py
[1.386s] -- Up-to-date symlink: /home/asimkumar/asitlorbotsix_ws/install/asitlotbotsix_controller/local/lib/python3.10/dist-packages/asitlotbotsix_controller/circular_motion.py
[1.387s] -- Up-to-date symlink: /home/asimkumar/asitlorbotsix_ws/install/asitlotbotsix_controller/local/lib/python3.10/dist-packages/asitlotbotsix_controller/noisy_controller.py
[1.388s] -- Up-to-date symlink: /home/asimkumar/asitlorbotsix_ws/install/asitlotbotsix_controller/share/asitlotbotsix_controller/config/asitlorbotsix_controllers.yaml
[1.388s] -- Up-to-date symlink: /home/asimkumar/asitlorbotsix_ws/install/asitlotbotsix_controller/share/asitlotbotsix_controller/launch/controller.launch.py
[1.388s] -- Up-to-date symlink: /home/asimkumar/asitlorbotsix_ws/install/asitlotbotsix_controller/lib/asitlotbotsix_controller/noisy_controller.py
[1.388s] -- Up-to-date symlink: /home/asimkumar/asitlorbotsix_ws/install/asitlotbotsix_controller/lib/asitlotbotsix_controller/circular_motion.py
[1.389s] -- Up-to-date symlink: /home/asimkumar/asitlorbotsix_ws/install/asitlotbotsix_controller/share/ament_index/resource_index/package_run_dependencies/asitlotbotsix_controller
[1.389s] -- Up-to-date symlink: /home/asimkumar/asitlorbotsix_ws/install/asitlotbotsix_controller/share/ament_index/resource_index/parent_prefix_path/asitlotbotsix_controller
[1.390s] -- Up-to-date symlink: /home/asimkumar/asitlorbotsix_ws/install/asitlotbotsix_controller/share/asitlotbotsix_controller/environment/ament_prefix_path.sh
[1.390s] -- Up-to-date symlink: /home/asimkumar/asitlorbotsix_ws/install/asitlotbotsix_controller/share/asitlotbotsix_controller/environment/ament_prefix_path.dsv
[1.390s] -- Up-to-date symlink: /home/asimkumar/asitlorbotsix_ws/install/asitlotbotsix_controller/share/asitlotbotsix_controller/environment/path.sh
[1.391s] -- Up-to-date symlink: /home/asimkumar/asitlorbotsix_ws/install/asitlotbotsix_controller/share/asitlotbotsix_controller/environment/path.dsv
[1.391s] -- Up-to-date symlink: /home/asimkumar/asitlorbotsix_ws/install/asitlotbotsix_controller/share/asitlotbotsix_controller/local_setup.bash
[1.391s] -- Up-to-date symlink: /home/asimkumar/asitlorbotsix_ws/install/asitlotbotsix_controller/share/asitlotbotsix_controller/local_setup.sh
[1.392s] -- Up-to-date symlink: /home/asimkumar/asitlorbotsix_ws/install/asitlotbotsix_controller/share/asitlotbotsix_controller/local_setup.zsh
[1.392s] -- Up-to-date symlink: /home/asimkumar/asitlorbotsix_ws/install/asitlotbotsix_controller/share/asitlotbotsix_controller/local_setup.dsv
[1.393s] -- Symlinking: /home/asimkumar/asitlorbotsix_ws/install/asitlotbotsix_controller/share/asitlotbotsix_controller/package.dsv
[1.416s] -- Up-to-date symlink: /home/asimkumar/asitlorbotsix_ws/install/asitlotbotsix_controller/share/ament_index/resource_index/packages/asitlotbotsix_controller
[1.416s] -- Up-to-date symlink: /home/asimkumar/asitlorbotsix_ws/install/asitlotbotsix_controller/share/asitlotbotsix_controller/cmake/asitlotbotsix_controllerConfig.cmake
[1.417s] -- Up-to-date symlink: /home/asimkumar/asitlorbotsix_ws/install/asitlotbotsix_controller/share/asitlotbotsix_controller/cmake/asitlotbotsix_controllerConfig-version.cmake
[1.418s] -- Up-to-date symlink: /home/asimkumar/asitlorbotsix_ws/install/asitlotbotsix_controller/share/asitlotbotsix_controller/package.xml
[1.482s] Listing '/home/asimkumar/asitlorbotsix_ws/install/asitlotbotsix_controller/local/lib/python3.10/dist-packages/asitlotbotsix_controller'...
[1.503s] Invoked command in '/home/asimkumar/asitlorbotsix_ws/build/asitlotbotsix_controller' returned '0': CMAKE_PREFIX_PATH=${CMAKE_PREFIX_PATH}:/home/asimkumar/asitlorbotsix_ws/install/asitlorbot_six:/opt/ros/humble /usr/bin/cmake --install /home/asimkumar/asitlorbotsix_ws/build/asitlotbotsix_controller
