[0.512s] Invoking command in '/home/asimkumar/asitlorbotsix_ws/build/asitlotbotsix_controller': CMAKE_PREFIX_PATH=${CMAKE_PREFIX_PATH}:/home/asimkumar/asitlorbotsix_ws/install/asitlorbot_six:/opt/ros/humble /usr/bin/cmake --build /home/asimkumar/asitlorbotsix_ws/build/asitlotbotsix_controller -- -j8 -l8
[0.696s] Built target ament_cmake_python_symlink_asitlotbotsix_controller
[1.246s] running egg_info
[1.247s] writing asitlotbotsix_controller.egg-info/PKG-INFO
[1.248s] writing dependency_links to asitlotbotsix_controller.egg-info/dependency_links.txt
[1.248s] writing top-level names to asitlotbotsix_controller.egg-info/top_level.txt
[1.253s] reading manifest file 'asitlotbotsix_controller.egg-info/SOURCES.txt'
[1.255s] writing manifest file 'asitlotbotsix_controller.egg-info/SOURCES.txt'
[1.350s] Built target ament_cmake_python_build_asitlotbotsix_controller_egg
[1.377s] Invoked command in '/home/asimkumar/asitlorbotsix_ws/build/asitlotbotsix_controller' returned '0': CMAKE_PREFIX_PATH=${CMAKE_PREFIX_PATH}:/home/asimkumar/asitlorbotsix_ws/install/asitlorbot_six:/opt/ros/humble /usr/bin/cmake --build /home/asimkumar/asitlorbotsix_ws/build/asitlotbotsix_controller -- -j8 -l8
[1.433s] Invoking command in '/home/asimkumar/asitlorbotsix_ws/build/asitlotbotsix_controller': CMAKE_PREFIX_PATH=${CMAKE_PREFIX_PATH}:/home/asimkumar/asitlorbotsix_ws/install/asitlorbot_six:/opt/ros/humble /usr/bin/cmake --install /home/asimkumar/asitlorbotsix_ws/build/asitlotbotsix_controller
[1.448s] -- Install configuration: ""
[1.451s] -- Execute custom install script
[1.454s] -- Up-to-date symlink: /home/asimkumar/asitlorbotsix_ws/install/asitlotbotsix_controller/share/asitlotbotsix_controller/environment/pythonpath.sh
[1.454s] -- Up-to-date symlink: /home/asimkumar/asitlorbotsix_ws/install/asitlotbotsix_controller/share/asitlotbotsix_controller/environment/pythonpath.dsv
[1.454s] -- Up-to-date symlink: /home/asimkumar/asitlorbotsix_ws/install/asitlotbotsix_controller/local/lib/python3.10/dist-packages/asitlotbotsix_controller-0.0.0-py3.10.egg-info/PKG-INFO
[1.455s] -- Up-to-date symlink: /home/asimkumar/asitlorbotsix_ws/install/asitlotbotsix_controller/local/lib/python3.10/dist-packages/asitlotbotsix_controller-0.0.0-py3.10.egg-info/SOURCES.txt
[1.455s] -- Up-to-date symlink: /home/asimkumar/asitlorbotsix_ws/install/asitlotbotsix_controller/local/lib/python3.10/dist-packages/asitlotbotsix_controller-0.0.0-py3.10.egg-info/dependency_links.txt
[1.455s] -- Up-to-date symlink: /home/asimkumar/asitlorbotsix_ws/install/asitlotbotsix_controller/local/lib/python3.10/dist-packages/asitlotbotsix_controller-0.0.0-py3.10.egg-info/top_level.txt
[1.455s] -- Up-to-date symlink: /home/asimkumar/asitlorbotsix_ws/install/asitlotbotsix_controller/local/lib/python3.10/dist-packages/asitlotbotsix_controller/__init__.py
[1.455s] -- Up-to-date symlink: /home/asimkumar/asitlorbotsix_ws/install/asitlotbotsix_controller/local/lib/python3.10/dist-packages/asitlotbotsix_controller/circular_motion.py
[1.455s] -- Up-to-date symlink: /home/asimkumar/asitlorbotsix_ws/install/asitlotbotsix_controller/local/lib/python3.10/dist-packages/asitlotbotsix_controller/noisy_controller.py
[1.455s] -- Up-to-date symlink: /home/asimkumar/asitlorbotsix_ws/install/asitlotbotsix_controller/share/asitlotbotsix_controller/config/asitlorbotsix_controllers.yaml
[1.455s] -- Up-to-date symlink: /home/asimkumar/asitlorbotsix_ws/install/asitlotbotsix_controller/share/asitlotbotsix_controller/launch/controller.launch.py
[1.456s] -- Up-to-date symlink: /home/asimkumar/asitlorbotsix_ws/install/asitlotbotsix_controller/lib/asitlotbotsix_controller/noisy_controller.py
[1.456s] -- Up-to-date symlink: /home/asimkumar/asitlorbotsix_ws/install/asitlotbotsix_controller/lib/asitlotbotsix_controller/circular_motion.py
[1.456s] -- Up-to-date symlink: /home/asimkumar/asitlorbotsix_ws/install/asitlotbotsix_controller/share/ament_index/resource_index/package_run_dependencies/asitlotbotsix_controller
[1.456s] -- Up-to-date symlink: /home/asimkumar/asitlorbotsix_ws/install/asitlotbotsix_controller/share/ament_index/resource_index/parent_prefix_path/asitlotbotsix_controller
[1.456s] -- Up-to-date symlink: /home/asimkumar/asitlorbotsix_ws/install/asitlotbotsix_controller/share/asitlotbotsix_controller/environment/ament_prefix_path.sh
[1.456s] -- Up-to-date symlink: /home/asimkumar/asitlorbotsix_ws/install/asitlotbotsix_controller/share/asitlotbotsix_controller/environment/ament_prefix_path.dsv
[1.456s] -- Up-to-date symlink: /home/asimkumar/asitlorbotsix_ws/install/asitlotbotsix_controller/share/asitlotbotsix_controller/environment/path.sh
[1.457s] -- Up-to-date symlink: /home/asimkumar/asitlorbotsix_ws/install/asitlotbotsix_controller/share/asitlotbotsix_controller/environment/path.dsv
[1.457s] -- Up-to-date symlink: /home/asimkumar/asitlorbotsix_ws/install/asitlotbotsix_controller/share/asitlotbotsix_controller/local_setup.bash
[1.458s] -- Up-to-date symlink: /home/asimkumar/asitlorbotsix_ws/install/asitlotbotsix_controller/share/asitlotbotsix_controller/local_setup.sh
[1.458s] -- Up-to-date symlink: /home/asimkumar/asitlorbotsix_ws/install/asitlotbotsix_controller/share/asitlotbotsix_controller/local_setup.zsh
[1.458s] -- Up-to-date symlink: /home/asimkumar/asitlorbotsix_ws/install/asitlotbotsix_controller/share/asitlotbotsix_controller/local_setup.dsv
[1.458s] -- Symlinking: /home/asimkumar/asitlorbotsix_ws/install/asitlotbotsix_controller/share/asitlotbotsix_controller/package.dsv
[1.485s] -- Up-to-date symlink: /home/asimkumar/asitlorbotsix_ws/install/asitlotbotsix_controller/share/ament_index/resource_index/packages/asitlotbotsix_controller
[1.486s] -- Up-to-date symlink: /home/asimkumar/asitlorbotsix_ws/install/asitlotbotsix_controller/share/asitlotbotsix_controller/cmake/asitlotbotsix_controllerConfig.cmake
[1.486s] -- Up-to-date symlink: /home/asimkumar/asitlorbotsix_ws/install/asitlotbotsix_controller/share/asitlotbotsix_controller/cmake/asitlotbotsix_controllerConfig-version.cmake
[1.486s] -- Up-to-date symlink: /home/asimkumar/asitlorbotsix_ws/install/asitlotbotsix_controller/share/asitlotbotsix_controller/package.xml
[1.551s] Listing '/home/asimkumar/asitlorbotsix_ws/install/asitlotbotsix_controller/local/lib/python3.10/dist-packages/asitlotbotsix_controller'...
[1.570s] Invoked command in '/home/asimkumar/asitlorbotsix_ws/build/asitlotbotsix_controller' returned '0': CMAKE_PREFIX_PATH=${CMAKE_PREFIX_PATH}:/home/asimkumar/asitlorbotsix_ws/install/asitlorbot_six:/opt/ros/humble /usr/bin/cmake --install /home/asimkumar/asitlorbotsix_ws/build/asitlotbotsix_controller
