[0.330s] Invoking command in '/home/asimkumar/asitlorbotsix_ws/build/asitlorbotsix_autonomy': CMAKE_PREFIX_PATH=${CMAKE_PREFIX_PATH}:/home/asimkumar/asitlorbotsix_ws/install/asitlorbot_six:/opt/ros/humble /usr/bin/cmake --build /home/asimkumar/asitlorbotsix_ws/build/asitlorbotsix_autonomy -- -j8 -l8
[0.374s] -- Found ament_cmake: 1.3.8 (/opt/ros/humble/share/ament_cmake/cmake)
[0.598s] -- Override CMake install command with custom implementation using symlinks instead of copying resources
[0.604s] -- Found rclcpp: 16.0.8 (/opt/ros/humble/share/rclcpp/cmake)
[0.655s] -- Found rosidl_generator_c: 3.1.5 (/opt/ros/humble/share/rosidl_generator_c/cmake)
[0.659s] -- Found rosidl_adapter: 3.1.5 (/opt/ros/humble/share/rosidl_adapter/cmake)
[0.669s] -- Found rosidl_generator_cpp: 3.1.5 (/opt/ros/humble/share/rosidl_generator_cpp/cmake)
[0.689s] -- Using all available rosidl_typesupport_c: rosidl_typesupport_fastrtps_c;rosidl_typesupport_introspection_c
[0.718s] -- Using all available rosidl_typesupport_cpp: rosidl_typesupport_fastrtps_cpp;rosidl_typesupport_introspection_cpp
[0.817s] -- Found rmw_implementation_cmake: 6.1.1 (/opt/ros/humble/share/rmw_implementation_cmake/cmake)
[0.821s] -- Found rmw_cyclonedds_cpp: 1.3.4 (/opt/ros/humble/share/rmw_cyclonedds_cpp/cmake)
[0.871s] -- Using RMW implementation 'rmw_cyclonedds_cpp' as default
[1.099s] -- Found rclcpp_action: 16.0.8 (/opt/ros/humble/share/rclcpp_action/cmake)
[1.211s] -- Found nav2_msgs: 1.1.14 (/opt/ros/humble/share/nav2_msgs/cmake)
[1.527s] -- Found tf2: 0.25.6 (/opt/ros/humble/share/tf2/cmake)
[1.536s] -- Found tf2_geometry_msgs: 0.25.6 (/opt/ros/humble/share/tf2_geometry_msgs/cmake)
[1.540s] -- Found eigen3_cmake_module: 0.1.1 (/opt/ros/humble/share/eigen3_cmake_module/cmake)
[1.542s] -- Ensuring Eigen3 include directory is part of orocos-kdl CMake target
[1.788s] -- Found ament_lint_auto: 0.12.10 (/opt/ros/humble/share/ament_lint_auto/cmake)
[1.866s] -- Added test 'cppcheck' to perform static code analysis on C / C++ code
[1.866s] -- Configured cppcheck include dirs: /home/asimkumar/asitlorbotsix_ws/src/asitlorbotsix_autonomy/include
[1.867s] -- Configured cppcheck exclude dirs and/or files: 
[1.867s] -- Added test 'flake8' to check Python code syntax and style conventions
[1.868s] -- Added test 'lint_cmake' to check CMake code style
[1.868s] -- Added test 'pep257' to check Python code against some of the docstring style conventions in PEP 257
[1.870s] -- Added test 'uncrustify' to check C / C++ code style
[1.870s] -- Configured uncrustify additional arguments: 
[1.870s] -- Added test 'xmllint' to check XML markup files
[1.871s] -- Configuring done
[1.876s] [31mCMake Error at CMakeLists.txt:27 (add_library):
[1.876s]   Cannot find source file:
[1.876s] 
[1.876s]     src/navigation_behaviors.cpp
[1.877s] 
[1.877s]   Tried extensions .c .C .c++ .cc .cpp .cxx .cu .mpp .m .M .mm .ixx .cppm .h
[1.877s]   .hh .h++ .hm .hpp .hxx .in .txx .f .F .for .f77 .f90 .f95 .f03 .hip .ispc
[1.877s] 
[1.877s] [0m
[1.878s] [31mCMake Error at CMakeLists.txt:27 (add_library):
[1.878s]   No SOURCES given to target: asitlorbotsix_autonomy
[1.879s] 
[1.879s] [0m
[1.879s] [31mCMake Error at CMakeLists.txt:42 (add_executable):
[1.879s]   No SOURCES given to target: autonomy_node
[1.879s] 
[1.879s] [0m
[1.879s] [0mCMake Generate step failed.  Build files cannot be regenerated correctly.[0m
[1.887s] gmake: *** [Makefile:226: cmake_check_build_system] Error 1
[1.890s] Invoked command in '/home/asimkumar/asitlorbotsix_ws/build/asitlorbotsix_autonomy' returned '2': CMAKE_PREFIX_PATH=${CMAKE_PREFIX_PATH}:/home/asimkumar/asitlorbotsix_ws/install/asitlorbot_six:/opt/ros/humble /usr/bin/cmake --build /home/asimkumar/asitlorbotsix_ws/build/asitlorbotsix_autonomy -- -j8 -l8
