[0.154s] DEBUG:colcon:Command line arguments: ['/usr/bin/colcon', 'build', '--symlink-install']
[0.154s] DEBUG:colcon:Parsed command line arguments: Namespace(log_base=None, log_level=None, verb_name='build', build_base='build', install_base='install', merge_install=False, symlink_install=True, test_result_base=None, continue_on_error=False, executor='parallel', parallel_workers=8, event_handlers=None, ignore_user_meta=False, metas=['./colcon.meta'], base_paths=['.'], packages_ignore=None, packages_ignore_regex=None, paths=None, packages_up_to=None, packages_up_to_regex=None, packages_above=None, packages_above_and_dependencies=None, packages_above_depth=None, packages_select_by_dep=None, packages_skip_by_dep=None, packages_skip_up_to=None, packages_select_build_failed=False, packages_skip_build_finished=False, packages_select_test_failures=False, packages_skip_test_passed=False, packages_select=None, packages_skip=None, packages_select_regex=None, packages_skip_regex=None, packages_start=None, packages_end=None, allow_overriding=[], cmake_args=None, cmake_target=None, cmake_target_skip_unavailable=False, cmake_clean_cache=False, cmake_clean_first=False, cmake_force_configure=False, ament_cmake_args=None, catkin_cmake_args=None, catkin_skip_building_tests=False, verb_parser=<colcon_defaults.argument_parser.defaults.DefaultArgumentsDecorator object at 0x7060c7e358d0>, verb_extension=<colcon_core.verb.build.BuildVerb object at 0x7060c7fa7190>, main=<bound method BuildVerb.main of <colcon_core.verb.build.BuildVerb object at 0x7060c7fa7190>>)
[0.521s] Level 1:colcon.colcon_core.package_discovery:discover_packages(colcon_meta) check parameters
[0.521s] Level 1:colcon.colcon_core.package_discovery:discover_packages(recursive) check parameters
[0.521s] Level 1:colcon.colcon_core.package_discovery:discover_packages(ignore) check parameters
[0.521s] Level 1:colcon.colcon_core.package_discovery:discover_packages(path) check parameters
[0.521s] Level 1:colcon.colcon_core.package_discovery:discover_packages(colcon_meta) discover
[0.521s] Level 1:colcon.colcon_core.package_discovery:discover_packages(recursive) discover
[0.521s] INFO:colcon.colcon_core.package_discovery:Crawling recursively for packages in '/home/asimkumar/asitlorbotsix_ws'
[0.521s] Level 1:colcon.colcon_core.package_identification:_identify(.) by extensions ['ignore', 'ignore_ament_install']
[0.521s] Level 1:colcon.colcon_core.package_identification:_identify(.) by extension 'ignore'
[0.521s] Level 1:colcon.colcon_core.package_identification:_identify(.) by extension 'ignore_ament_install'
[0.522s] Level 1:colcon.colcon_core.package_identification:_identify(.) by extensions ['colcon_pkg']
[0.522s] Level 1:colcon.colcon_core.package_identification:_identify(.) by extension 'colcon_pkg'
[0.522s] Level 1:colcon.colcon_core.package_identification:_identify(.) by extensions ['colcon_meta']
[0.522s] Level 1:colcon.colcon_core.package_identification:_identify(.) by extension 'colcon_meta'
[0.522s] Level 1:colcon.colcon_core.package_identification:_identify(.) by extensions ['ros']
[0.522s] Level 1:colcon.colcon_core.package_identification:_identify(.) by extension 'ros'
[0.541s] Level 1:colcon.colcon_core.package_identification:_identify(.) by extensions ['cmake', 'python']
[0.541s] Level 1:colcon.colcon_core.package_identification:_identify(.) by extension 'cmake'
[0.541s] Level 1:colcon.colcon_core.package_identification:_identify(.) by extension 'python'
[0.541s] Level 1:colcon.colcon_core.package_identification:_identify(.) by extensions ['python_setup_py']
[0.541s] Level 1:colcon.colcon_core.package_identification:_identify(.) by extension 'python_setup_py'
[0.541s] Level 1:colcon.colcon_core.package_identification:_identify(build) by extensions ['ignore', 'ignore_ament_install']
[0.541s] Level 1:colcon.colcon_core.package_identification:_identify(build) by extension 'ignore'
[0.541s] Level 1:colcon.colcon_core.package_identification:_identify(build) ignored
[0.542s] Level 1:colcon.colcon_core.package_identification:_identify(install) by extensions ['ignore', 'ignore_ament_install']
[0.542s] Level 1:colcon.colcon_core.package_identification:_identify(install) by extension 'ignore'
[0.542s] Level 1:colcon.colcon_core.package_identification:_identify(install) ignored
[0.542s] Level 1:colcon.colcon_core.package_identification:_identify(log) by extensions ['ignore', 'ignore_ament_install']
[0.542s] Level 1:colcon.colcon_core.package_identification:_identify(log) by extension 'ignore'
[0.542s] Level 1:colcon.colcon_core.package_identification:_identify(log) ignored
[0.543s] Level 1:colcon.colcon_core.package_identification:_identify(src) by extensions ['ignore', 'ignore_ament_install']
[0.543s] Level 1:colcon.colcon_core.package_identification:_identify(src) by extension 'ignore'
[0.543s] Level 1:colcon.colcon_core.package_identification:_identify(src) by extension 'ignore_ament_install'
[0.543s] Level 1:colcon.colcon_core.package_identification:_identify(src) by extensions ['colcon_pkg']
[0.543s] Level 1:colcon.colcon_core.package_identification:_identify(src) by extension 'colcon_pkg'
[0.543s] Level 1:colcon.colcon_core.package_identification:_identify(src) by extensions ['colcon_meta']
[0.543s] Level 1:colcon.colcon_core.package_identification:_identify(src) by extension 'colcon_meta'
[0.543s] Level 1:colcon.colcon_core.package_identification:_identify(src) by extensions ['ros']
[0.543s] Level 1:colcon.colcon_core.package_identification:_identify(src) by extension 'ros'
[0.543s] Level 1:colcon.colcon_core.package_identification:_identify(src) by extensions ['cmake', 'python']
[0.543s] Level 1:colcon.colcon_core.package_identification:_identify(src) by extension 'cmake'
[0.543s] Level 1:colcon.colcon_core.package_identification:_identify(src) by extension 'python'
[0.543s] Level 1:colcon.colcon_core.package_identification:_identify(src) by extensions ['python_setup_py']
[0.543s] Level 1:colcon.colcon_core.package_identification:_identify(src) by extension 'python_setup_py'
[0.544s] Level 1:colcon.colcon_core.package_identification:_identify(src/asitlorbot_six) by extensions ['ignore', 'ignore_ament_install']
[0.544s] Level 1:colcon.colcon_core.package_identification:_identify(src/asitlorbot_six) by extension 'ignore'
[0.544s] Level 1:colcon.colcon_core.package_identification:_identify(src/asitlorbot_six) by extension 'ignore_ament_install'
[0.544s] Level 1:colcon.colcon_core.package_identification:_identify(src/asitlorbot_six) by extensions ['colcon_pkg']
[0.544s] Level 1:colcon.colcon_core.package_identification:_identify(src/asitlorbot_six) by extension 'colcon_pkg'
[0.544s] Level 1:colcon.colcon_core.package_identification:_identify(src/asitlorbot_six) by extensions ['colcon_meta']
[0.544s] Level 1:colcon.colcon_core.package_identification:_identify(src/asitlorbot_six) by extension 'colcon_meta'
[0.544s] Level 1:colcon.colcon_core.package_identification:_identify(src/asitlorbot_six) by extensions ['ros']
[0.544s] Level 1:colcon.colcon_core.package_identification:_identify(src/asitlorbot_six) by extension 'ros'
[0.548s] DEBUG:colcon.colcon_core.package_identification:Package 'src/asitlorbot_six' with type 'ros.ament_python' and name 'asitlorbot_six'
[0.549s] Level 1:colcon.colcon_core.package_identification:_identify(src/asitlorbotsix_cpp_examples) by extensions ['ignore', 'ignore_ament_install']
[0.549s] Level 1:colcon.colcon_core.package_identification:_identify(src/asitlorbotsix_cpp_examples) by extension 'ignore'
[0.549s] Level 1:colcon.colcon_core.package_identification:_identify(src/asitlorbotsix_cpp_examples) by extension 'ignore_ament_install'
[0.549s] Level 1:colcon.colcon_core.package_identification:_identify(src/asitlorbotsix_cpp_examples) by extensions ['colcon_pkg']
[0.549s] Level 1:colcon.colcon_core.package_identification:_identify(src/asitlorbotsix_cpp_examples) by extension 'colcon_pkg'
[0.549s] Level 1:colcon.colcon_core.package_identification:_identify(src/asitlorbotsix_cpp_examples) by extensions ['colcon_meta']
[0.549s] Level 1:colcon.colcon_core.package_identification:_identify(src/asitlorbotsix_cpp_examples) by extension 'colcon_meta'
[0.549s] Level 1:colcon.colcon_core.package_identification:_identify(src/asitlorbotsix_cpp_examples) by extensions ['ros']
[0.549s] Level 1:colcon.colcon_core.package_identification:_identify(src/asitlorbotsix_cpp_examples) by extension 'ros'
[0.552s] DEBUG:colcon.colcon_core.package_identification:Package 'src/asitlorbotsix_cpp_examples' with type 'ros.ament_cmake' and name 'asitlorbotsix_cpp_examples'
[0.553s] Level 1:colcon.colcon_core.package_identification:_identify(src/asitlorbotsix_description) by extensions ['ignore', 'ignore_ament_install']
[0.553s] Level 1:colcon.colcon_core.package_identification:_identify(src/asitlorbotsix_description) by extension 'ignore'
[0.553s] Level 1:colcon.colcon_core.package_identification:_identify(src/asitlorbotsix_description) by extension 'ignore_ament_install'
[0.553s] Level 1:colcon.colcon_core.package_identification:_identify(src/asitlorbotsix_description) by extensions ['colcon_pkg']
[0.553s] Level 1:colcon.colcon_core.package_identification:_identify(src/asitlorbotsix_description) by extension 'colcon_pkg'
[0.553s] Level 1:colcon.colcon_core.package_identification:_identify(src/asitlorbotsix_description) by extensions ['colcon_meta']
[0.553s] Level 1:colcon.colcon_core.package_identification:_identify(src/asitlorbotsix_description) by extension 'colcon_meta'
[0.553s] Level 1:colcon.colcon_core.package_identification:_identify(src/asitlorbotsix_description) by extensions ['ros']
[0.553s] Level 1:colcon.colcon_core.package_identification:_identify(src/asitlorbotsix_description) by extension 'ros'
[0.554s] DEBUG:colcon.colcon_core.package_identification:Package 'src/asitlorbotsix_description' with type 'ros.ament_cmake' and name 'asitlorbotsix_description'
[0.555s] Level 1:colcon.colcon_core.package_identification:_identify(src/asitlorbotsix_firmware) by extensions ['ignore', 'ignore_ament_install']
[0.555s] Level 1:colcon.colcon_core.package_identification:_identify(src/asitlorbotsix_firmware) by extension 'ignore'
[0.555s] Level 1:colcon.colcon_core.package_identification:_identify(src/asitlorbotsix_firmware) by extension 'ignore_ament_install'
[0.555s] Level 1:colcon.colcon_core.package_identification:_identify(src/asitlorbotsix_firmware) by extensions ['colcon_pkg']
[0.555s] Level 1:colcon.colcon_core.package_identification:_identify(src/asitlorbotsix_firmware) by extension 'colcon_pkg'
[0.555s] Level 1:colcon.colcon_core.package_identification:_identify(src/asitlorbotsix_firmware) by extensions ['colcon_meta']
[0.555s] Level 1:colcon.colcon_core.package_identification:_identify(src/asitlorbotsix_firmware) by extension 'colcon_meta'
[0.555s] Level 1:colcon.colcon_core.package_identification:_identify(src/asitlorbotsix_firmware) by extensions ['ros']
[0.555s] Level 1:colcon.colcon_core.package_identification:_identify(src/asitlorbotsix_firmware) by extension 'ros'
[0.557s] DEBUG:colcon.colcon_core.package_identification:Package 'src/asitlorbotsix_firmware' with type 'ros.ament_cmake' and name 'asitlorbotsix_firmware'
[0.557s] Level 1:colcon.colcon_core.package_identification:_identify(src/asitlorbotsix_localization) by extensions ['ignore', 'ignore_ament_install']
[0.557s] Level 1:colcon.colcon_core.package_identification:_identify(src/asitlorbotsix_localization) by extension 'ignore'
[0.557s] Level 1:colcon.colcon_core.package_identification:_identify(src/asitlorbotsix_localization) by extension 'ignore_ament_install'
[0.557s] Level 1:colcon.colcon_core.package_identification:_identify(src/asitlorbotsix_localization) by extensions ['colcon_pkg']
[0.557s] Level 1:colcon.colcon_core.package_identification:_identify(src/asitlorbotsix_localization) by extension 'colcon_pkg'
[0.557s] Level 1:colcon.colcon_core.package_identification:_identify(src/asitlorbotsix_localization) by extensions ['colcon_meta']
[0.557s] Level 1:colcon.colcon_core.package_identification:_identify(src/asitlorbotsix_localization) by extension 'colcon_meta'
[0.557s] Level 1:colcon.colcon_core.package_identification:_identify(src/asitlorbotsix_localization) by extensions ['ros']
[0.558s] Level 1:colcon.colcon_core.package_identification:_identify(src/asitlorbotsix_localization) by extension 'ros'
[0.559s] DEBUG:colcon.colcon_core.package_identification:Package 'src/asitlorbotsix_localization' with type 'ros.ament_cmake' and name 'asitlorbotsix_localization'
[0.559s] Level 1:colcon.colcon_core.package_identification:_identify(src/asitlotbotsix_controller) by extensions ['ignore', 'ignore_ament_install']
[0.559s] Level 1:colcon.colcon_core.package_identification:_identify(src/asitlotbotsix_controller) by extension 'ignore'
[0.559s] Level 1:colcon.colcon_core.package_identification:_identify(src/asitlotbotsix_controller) by extension 'ignore_ament_install'
[0.559s] Level 1:colcon.colcon_core.package_identification:_identify(src/asitlotbotsix_controller) by extensions ['colcon_pkg']
[0.559s] Level 1:colcon.colcon_core.package_identification:_identify(src/asitlotbotsix_controller) by extension 'colcon_pkg'
[0.559s] Level 1:colcon.colcon_core.package_identification:_identify(src/asitlotbotsix_controller) by extensions ['colcon_meta']
[0.559s] Level 1:colcon.colcon_core.package_identification:_identify(src/asitlotbotsix_controller) by extension 'colcon_meta'
[0.559s] Level 1:colcon.colcon_core.package_identification:_identify(src/asitlotbotsix_controller) by extensions ['ros']
[0.559s] Level 1:colcon.colcon_core.package_identification:_identify(src/asitlotbotsix_controller) by extension 'ros'
[0.581s] DEBUG:colcon.colcon_core.package_identification:Package 'src/asitlotbotsix_controller' with type 'ros.ament_cmake' and name 'asitlotbotsix_controller'
[0.581s] Level 1:colcon.colcon_core.package_discovery:discover_packages(recursive) using defaults
[0.581s] Level 1:colcon.colcon_core.package_discovery:discover_packages(ignore) discover
[0.581s] Level 1:colcon.colcon_core.package_discovery:discover_packages(ignore) using defaults
[0.581s] Level 1:colcon.colcon_core.package_discovery:discover_packages(path) discover
[0.581s] Level 1:colcon.colcon_core.package_discovery:discover_packages(path) using defaults
[0.622s] Level 1:colcon.colcon_core.package_discovery:discover_packages(prefix_path) check parameters
[0.622s] Level 1:colcon.colcon_core.package_discovery:discover_packages(prefix_path) discover
[0.628s] DEBUG:colcon.colcon_installed_package_information.package_discovery:Found 6 installed packages in /home/asimkumar/asitlorbotsix_ws/install
[0.629s] DEBUG:colcon.colcon_installed_package_information.package_discovery:Found 20 installed packages in /home/asimkumar/asitlor_ws/install
[0.630s] DEBUG:colcon.colcon_installed_package_information.package_discovery:Found 1 installed packages in /home/asimkumar/turtlebot3_1/install
[0.633s] DEBUG:colcon.colcon_installed_package_information.package_discovery:Found 392 installed packages in /opt/ros/humble
[0.635s] Level 1:colcon.colcon_core.package_discovery:discover_packages(prefix_path) using defaults
[0.734s] Level 5:colcon.colcon_core.verb:set package 'asitlorbot_six' build argument 'cmake_args' from command line to 'None'
[0.734s] Level 5:colcon.colcon_core.verb:set package 'asitlorbot_six' build argument 'cmake_target' from command line to 'None'
[0.734s] Level 5:colcon.colcon_core.verb:set package 'asitlorbot_six' build argument 'cmake_target_skip_unavailable' from command line to 'False'
[0.734s] Level 5:colcon.colcon_core.verb:set package 'asitlorbot_six' build argument 'cmake_clean_cache' from command line to 'False'
[0.734s] Level 5:colcon.colcon_core.verb:set package 'asitlorbot_six' build argument 'cmake_clean_first' from command line to 'False'
[0.734s] Level 5:colcon.colcon_core.verb:set package 'asitlorbot_six' build argument 'cmake_force_configure' from command line to 'False'
[0.734s] Level 5:colcon.colcon_core.verb:set package 'asitlorbot_six' build argument 'ament_cmake_args' from command line to 'None'
[0.734s] Level 5:colcon.colcon_core.verb:set package 'asitlorbot_six' build argument 'catkin_cmake_args' from command line to 'None'
[0.734s] Level 5:colcon.colcon_core.verb:set package 'asitlorbot_six' build argument 'catkin_skip_building_tests' from command line to 'False'
[0.734s] DEBUG:colcon.colcon_core.verb:Building package 'asitlorbot_six' with the following arguments: {'ament_cmake_args': None, 'build_base': '/home/asimkumar/asitlorbotsix_ws/build/asitlorbot_six', 'catkin_cmake_args': None, 'catkin_skip_building_tests': False, 'cmake_args': None, 'cmake_clean_cache': False, 'cmake_clean_first': False, 'cmake_force_configure': False, 'cmake_target': None, 'cmake_target_skip_unavailable': False, 'install_base': '/home/asimkumar/asitlorbotsix_ws/install/asitlorbot_six', 'merge_install': False, 'path': '/home/asimkumar/asitlorbotsix_ws/src/asitlorbot_six', 'symlink_install': True, 'test_result_base': None}
[0.735s] Level 5:colcon.colcon_core.verb:set package 'asitlorbotsix_cpp_examples' build argument 'cmake_args' from command line to 'None'
[0.735s] Level 5:colcon.colcon_core.verb:set package 'asitlorbotsix_cpp_examples' build argument 'cmake_target' from command line to 'None'
[0.735s] Level 5:colcon.colcon_core.verb:set package 'asitlorbotsix_cpp_examples' build argument 'cmake_target_skip_unavailable' from command line to 'False'
[0.735s] Level 5:colcon.colcon_core.verb:set package 'asitlorbotsix_cpp_examples' build argument 'cmake_clean_cache' from command line to 'False'
[0.735s] Level 5:colcon.colcon_core.verb:set package 'asitlorbotsix_cpp_examples' build argument 'cmake_clean_first' from command line to 'False'
[0.735s] Level 5:colcon.colcon_core.verb:set package 'asitlorbotsix_cpp_examples' build argument 'cmake_force_configure' from command line to 'False'
[0.735s] Level 5:colcon.colcon_core.verb:set package 'asitlorbotsix_cpp_examples' build argument 'ament_cmake_args' from command line to 'None'
[0.735s] Level 5:colcon.colcon_core.verb:set package 'asitlorbotsix_cpp_examples' build argument 'catkin_cmake_args' from command line to 'None'
[0.735s] Level 5:colcon.colcon_core.verb:set package 'asitlorbotsix_cpp_examples' build argument 'catkin_skip_building_tests' from command line to 'False'
[0.735s] DEBUG:colcon.colcon_core.verb:Building package 'asitlorbotsix_cpp_examples' with the following arguments: {'ament_cmake_args': None, 'build_base': '/home/asimkumar/asitlorbotsix_ws/build/asitlorbotsix_cpp_examples', 'catkin_cmake_args': None, 'catkin_skip_building_tests': False, 'cmake_args': None, 'cmake_clean_cache': False, 'cmake_clean_first': False, 'cmake_force_configure': False, 'cmake_target': None, 'cmake_target_skip_unavailable': False, 'install_base': '/home/asimkumar/asitlorbotsix_ws/install/asitlorbotsix_cpp_examples', 'merge_install': False, 'path': '/home/asimkumar/asitlorbotsix_ws/src/asitlorbotsix_cpp_examples', 'symlink_install': True, 'test_result_base': None}
[0.735s] Level 5:colcon.colcon_core.verb:set package 'asitlorbotsix_description' build argument 'cmake_args' from command line to 'None'
[0.736s] Level 5:colcon.colcon_core.verb:set package 'asitlorbotsix_description' build argument 'cmake_target' from command line to 'None'
[0.736s] Level 5:colcon.colcon_core.verb:set package 'asitlorbotsix_description' build argument 'cmake_target_skip_unavailable' from command line to 'False'
[0.736s] Level 5:colcon.colcon_core.verb:set package 'asitlorbotsix_description' build argument 'cmake_clean_cache' from command line to 'False'
[0.736s] Level 5:colcon.colcon_core.verb:set package 'asitlorbotsix_description' build argument 'cmake_clean_first' from command line to 'False'
[0.736s] Level 5:colcon.colcon_core.verb:set package 'asitlorbotsix_description' build argument 'cmake_force_configure' from command line to 'False'
[0.736s] Level 5:colcon.colcon_core.verb:set package 'asitlorbotsix_description' build argument 'ament_cmake_args' from command line to 'None'
[0.736s] Level 5:colcon.colcon_core.verb:set package 'asitlorbotsix_description' build argument 'catkin_cmake_args' from command line to 'None'
[0.736s] Level 5:colcon.colcon_core.verb:set package 'asitlorbotsix_description' build argument 'catkin_skip_building_tests' from command line to 'False'
[0.736s] DEBUG:colcon.colcon_core.verb:Building package 'asitlorbotsix_description' with the following arguments: {'ament_cmake_args': None, 'build_base': '/home/asimkumar/asitlorbotsix_ws/build/asitlorbotsix_description', 'catkin_cmake_args': None, 'catkin_skip_building_tests': False, 'cmake_args': None, 'cmake_clean_cache': False, 'cmake_clean_first': False, 'cmake_force_configure': False, 'cmake_target': None, 'cmake_target_skip_unavailable': False, 'install_base': '/home/asimkumar/asitlorbotsix_ws/install/asitlorbotsix_description', 'merge_install': False, 'path': '/home/asimkumar/asitlorbotsix_ws/src/asitlorbotsix_description', 'symlink_install': True, 'test_result_base': None}
[0.736s] Level 5:colcon.colcon_core.verb:set package 'asitlorbotsix_firmware' build argument 'cmake_args' from command line to 'None'
[0.736s] Level 5:colcon.colcon_core.verb:set package 'asitlorbotsix_firmware' build argument 'cmake_target' from command line to 'None'
[0.736s] Level 5:colcon.colcon_core.verb:set package 'asitlorbotsix_firmware' build argument 'cmake_target_skip_unavailable' from command line to 'False'
[0.736s] Level 5:colcon.colcon_core.verb:set package 'asitlorbotsix_firmware' build argument 'cmake_clean_cache' from command line to 'False'
[0.736s] Level 5:colcon.colcon_core.verb:set package 'asitlorbotsix_firmware' build argument 'cmake_clean_first' from command line to 'False'
[0.736s] Level 5:colcon.colcon_core.verb:set package 'asitlorbotsix_firmware' build argument 'cmake_force_configure' from command line to 'False'
[0.736s] Level 5:colcon.colcon_core.verb:set package 'asitlorbotsix_firmware' build argument 'ament_cmake_args' from command line to 'None'
[0.736s] Level 5:colcon.colcon_core.verb:set package 'asitlorbotsix_firmware' build argument 'catkin_cmake_args' from command line to 'None'
[0.736s] Level 5:colcon.colcon_core.verb:set package 'asitlorbotsix_firmware' build argument 'catkin_skip_building_tests' from command line to 'False'
[0.736s] DEBUG:colcon.colcon_core.verb:Building package 'asitlorbotsix_firmware' with the following arguments: {'ament_cmake_args': None, 'build_base': '/home/asimkumar/asitlorbotsix_ws/build/asitlorbotsix_firmware', 'catkin_cmake_args': None, 'catkin_skip_building_tests': False, 'cmake_args': None, 'cmake_clean_cache': False, 'cmake_clean_first': False, 'cmake_force_configure': False, 'cmake_target': None, 'cmake_target_skip_unavailable': False, 'install_base': '/home/asimkumar/asitlorbotsix_ws/install/asitlorbotsix_firmware', 'merge_install': False, 'path': '/home/asimkumar/asitlorbotsix_ws/src/asitlorbotsix_firmware', 'symlink_install': True, 'test_result_base': None}
[0.737s] Level 5:colcon.colcon_core.verb:set package 'asitlorbotsix_localization' build argument 'cmake_args' from command line to 'None'
[0.737s] Level 5:colcon.colcon_core.verb:set package 'asitlorbotsix_localization' build argument 'cmake_target' from command line to 'None'
[0.737s] Level 5:colcon.colcon_core.verb:set package 'asitlorbotsix_localization' build argument 'cmake_target_skip_unavailable' from command line to 'False'
[0.737s] Level 5:colcon.colcon_core.verb:set package 'asitlorbotsix_localization' build argument 'cmake_clean_cache' from command line to 'False'
[0.737s] Level 5:colcon.colcon_core.verb:set package 'asitlorbotsix_localization' build argument 'cmake_clean_first' from command line to 'False'
[0.737s] Level 5:colcon.colcon_core.verb:set package 'asitlorbotsix_localization' build argument 'cmake_force_configure' from command line to 'False'
[0.737s] Level 5:colcon.colcon_core.verb:set package 'asitlorbotsix_localization' build argument 'ament_cmake_args' from command line to 'None'
[0.737s] Level 5:colcon.colcon_core.verb:set package 'asitlorbotsix_localization' build argument 'catkin_cmake_args' from command line to 'None'
[0.737s] Level 5:colcon.colcon_core.verb:set package 'asitlorbotsix_localization' build argument 'catkin_skip_building_tests' from command line to 'False'
[0.737s] DEBUG:colcon.colcon_core.verb:Building package 'asitlorbotsix_localization' with the following arguments: {'ament_cmake_args': None, 'build_base': '/home/asimkumar/asitlorbotsix_ws/build/asitlorbotsix_localization', 'catkin_cmake_args': None, 'catkin_skip_building_tests': False, 'cmake_args': None, 'cmake_clean_cache': False, 'cmake_clean_first': False, 'cmake_force_configure': False, 'cmake_target': None, 'cmake_target_skip_unavailable': False, 'install_base': '/home/asimkumar/asitlorbotsix_ws/install/asitlorbotsix_localization', 'merge_install': False, 'path': '/home/asimkumar/asitlorbotsix_ws/src/asitlorbotsix_localization', 'symlink_install': True, 'test_result_base': None}
[0.738s] Level 5:colcon.colcon_core.verb:set package 'asitlotbotsix_controller' build argument 'cmake_args' from command line to 'None'
[0.738s] Level 5:colcon.colcon_core.verb:set package 'asitlotbotsix_controller' build argument 'cmake_target' from command line to 'None'
[0.738s] Level 5:colcon.colcon_core.verb:set package 'asitlotbotsix_controller' build argument 'cmake_target_skip_unavailable' from command line to 'False'
[0.738s] Level 5:colcon.colcon_core.verb:set package 'asitlotbotsix_controller' build argument 'cmake_clean_cache' from command line to 'False'
[0.738s] Level 5:colcon.colcon_core.verb:set package 'asitlotbotsix_controller' build argument 'cmake_clean_first' from command line to 'False'
[0.738s] Level 5:colcon.colcon_core.verb:set package 'asitlotbotsix_controller' build argument 'cmake_force_configure' from command line to 'False'
[0.738s] Level 5:colcon.colcon_core.verb:set package 'asitlotbotsix_controller' build argument 'ament_cmake_args' from command line to 'None'
[0.738s] Level 5:colcon.colcon_core.verb:set package 'asitlotbotsix_controller' build argument 'catkin_cmake_args' from command line to 'None'
[0.738s] Level 5:colcon.colcon_core.verb:set package 'asitlotbotsix_controller' build argument 'catkin_skip_building_tests' from command line to 'False'
[0.738s] DEBUG:colcon.colcon_core.verb:Building package 'asitlotbotsix_controller' with the following arguments: {'ament_cmake_args': None, 'build_base': '/home/asimkumar/asitlorbotsix_ws/build/asitlotbotsix_controller', 'catkin_cmake_args': None, 'catkin_skip_building_tests': False, 'cmake_args': None, 'cmake_clean_cache': False, 'cmake_clean_first': False, 'cmake_force_configure': False, 'cmake_target': None, 'cmake_target_skip_unavailable': False, 'install_base': '/home/asimkumar/asitlorbotsix_ws/install/asitlotbotsix_controller', 'merge_install': False, 'path': '/home/asimkumar/asitlorbotsix_ws/src/asitlotbotsix_controller', 'symlink_install': True, 'test_result_base': None}
[0.738s] INFO:colcon.colcon_core.executor:Executing jobs using 'parallel' executor
[0.740s] DEBUG:colcon.colcon_parallel_executor.executor.parallel:run_until_complete
[0.740s] INFO:colcon.colcon_ros.task.ament_python.build:Building ROS package in '/home/asimkumar/asitlorbotsix_ws/src/asitlorbot_six' with build type 'ament_python'
[0.740s] Level 1:colcon.colcon_core.shell:create_environment_hook('asitlorbot_six', 'ament_prefix_path')
[0.746s] INFO:colcon.colcon_core.plugin_system:Skipping extension 'colcon_core.shell.bat': Not used on non-Windows systems
[0.747s] INFO:colcon.colcon_core.shell:Creating environment hook '/home/asimkumar/asitlorbotsix_ws/install/asitlorbot_six/share/asitlorbot_six/hook/ament_prefix_path.ps1'
[0.748s] INFO:colcon.colcon_core.shell:Creating environment descriptor '/home/asimkumar/asitlorbotsix_ws/install/asitlorbot_six/share/asitlorbot_six/hook/ament_prefix_path.dsv'
[0.749s] INFO:colcon.colcon_core.shell:Creating environment hook '/home/asimkumar/asitlorbotsix_ws/install/asitlorbot_six/share/asitlorbot_six/hook/ament_prefix_path.sh'
[0.750s] INFO:colcon.colcon_core.shell:Skip shell extension 'powershell' for command environment: Not usable outside of PowerShell
[0.750s] DEBUG:colcon.colcon_core.shell:Skip shell extension 'dsv' for command environment
[0.760s] INFO:colcon.colcon_ros.task.ament_cmake.build:Building ROS package in '/home/asimkumar/asitlorbotsix_ws/src/asitlorbotsix_cpp_examples' with build type 'ament_cmake'
[0.760s] INFO:colcon.colcon_cmake.task.cmake.build:Building CMake package in '/home/asimkumar/asitlorbotsix_ws/src/asitlorbotsix_cpp_examples'
[0.761s] INFO:colcon.colcon_core.shell:Skip shell extension 'powershell' for command environment: Not usable outside of PowerShell
[0.761s] DEBUG:colcon.colcon_core.shell:Skip shell extension 'dsv' for command environment
[0.772s] INFO:colcon.colcon_ros.task.ament_cmake.build:Building ROS package in '/home/asimkumar/asitlorbotsix_ws/src/asitlorbotsix_description' with build type 'ament_cmake'
[0.773s] INFO:colcon.colcon_cmake.task.cmake.build:Building CMake package in '/home/asimkumar/asitlorbotsix_ws/src/asitlorbotsix_description'
[0.774s] INFO:colcon.colcon_core.shell:Skip shell extension 'powershell' for command environment: Not usable outside of PowerShell
[0.774s] DEBUG:colcon.colcon_core.shell:Skip shell extension 'dsv' for command environment
[0.784s] INFO:colcon.colcon_ros.task.ament_cmake.build:Building ROS package in '/home/asimkumar/asitlorbotsix_ws/src/asitlorbotsix_firmware' with build type 'ament_cmake'
[0.785s] INFO:colcon.colcon_cmake.task.cmake.build:Building CMake package in '/home/asimkumar/asitlorbotsix_ws/src/asitlorbotsix_firmware'
[0.785s] INFO:colcon.colcon_core.shell:Skip shell extension 'powershell' for command environment: Not usable outside of PowerShell
[0.785s] DEBUG:colcon.colcon_core.shell:Skip shell extension 'dsv' for command environment
[0.795s] INFO:colcon.colcon_ros.task.ament_cmake.build:Building ROS package in '/home/asimkumar/asitlorbotsix_ws/src/asitlorbotsix_localization' with build type 'ament_cmake'
[0.795s] INFO:colcon.colcon_cmake.task.cmake.build:Building CMake package in '/home/asimkumar/asitlorbotsix_ws/src/asitlorbotsix_localization'
[0.796s] INFO:colcon.colcon_core.shell:Skip shell extension 'powershell' for command environment: Not usable outside of PowerShell
[0.796s] DEBUG:colcon.colcon_core.shell:Skip shell extension 'dsv' for command environment
[0.807s] INFO:colcon.colcon_ros.task.ament_cmake.build:Building ROS package in '/home/asimkumar/asitlorbotsix_ws/src/asitlotbotsix_controller' with build type 'ament_cmake'
[0.808s] INFO:colcon.colcon_cmake.task.cmake.build:Building CMake package in '/home/asimkumar/asitlorbotsix_ws/src/asitlotbotsix_controller'
[0.809s] INFO:colcon.colcon_core.shell:Skip shell extension 'powershell' for command environment: Not usable outside of PowerShell
[0.809s] DEBUG:colcon.colcon_core.shell:Skip shell extension 'dsv' for command environment
[1.264s] INFO:colcon.colcon_core.task.python.build:Building Python package in '/home/asimkumar/asitlorbotsix_ws/src/asitlorbot_six'
[1.265s] INFO:colcon.colcon_core.shell:Skip shell extension 'powershell' for command environment: Not usable outside of PowerShell
[1.265s] DEBUG:colcon.colcon_core.shell:Skip shell extension 'dsv' for command environment
[1.281s] DEBUG:colcon.colcon_core.event_handler.log_command:Invoking command in '/home/asimkumar/asitlorbotsix_ws/build/asitlorbotsix_cpp_examples': CMAKE_PREFIX_PATH=${CMAKE_PREFIX_PATH}:/home/asimkumar/asitlorbotsix_ws/install/asitlorbot_six:/opt/ros/humble /usr/bin/cmake --build /home/asimkumar/asitlorbotsix_ws/build/asitlorbotsix_cpp_examples -- -j8 -l8
[1.290s] DEBUG:colcon.colcon_core.event_handler.log_command:Invoking command in '/home/asimkumar/asitlorbotsix_ws/build/asitlorbotsix_description': CMAKE_PREFIX_PATH=${CMAKE_PREFIX_PATH}:/home/asimkumar/asitlorbotsix_ws/install/asitlorbot_six:/opt/ros/humble /usr/bin/cmake --build /home/asimkumar/asitlorbotsix_ws/build/asitlorbotsix_description -- -j8 -l8
[1.295s] DEBUG:colcon.colcon_core.event_handler.log_command:Invoking command in '/home/asimkumar/asitlorbotsix_ws/build/asitlorbotsix_firmware': CMAKE_PREFIX_PATH=${CMAKE_PREFIX_PATH}:/home/asimkumar/asitlorbotsix_ws/install/asitlorbot_six:/opt/ros/humble /usr/bin/cmake --build /home/asimkumar/asitlorbotsix_ws/build/asitlorbotsix_firmware -- -j8 -l8
[1.308s] DEBUG:colcon.colcon_core.event_handler.log_command:Invoking command in '/home/asimkumar/asitlorbotsix_ws/build/asitlorbotsix_localization': CMAKE_PREFIX_PATH=${CMAKE_PREFIX_PATH}:/home/asimkumar/asitlorbotsix_ws/install/asitlorbot_six:/opt/ros/humble /usr/bin/cmake --build /home/asimkumar/asitlorbotsix_ws/build/asitlorbotsix_localization -- -j8 -l8
[1.315s] DEBUG:colcon.colcon_core.event_handler.log_command:Invoking command in '/home/asimkumar/asitlorbotsix_ws/build/asitlotbotsix_controller': CMAKE_PREFIX_PATH=${CMAKE_PREFIX_PATH}:/home/asimkumar/asitlorbotsix_ws/install/asitlorbot_six:/opt/ros/humble /usr/bin/cmake --build /home/asimkumar/asitlorbotsix_ws/build/asitlotbotsix_controller -- -j8 -l8
[1.421s] DEBUG:colcon.colcon_core.event_handler.log_command:Invoked command in '/home/asimkumar/asitlorbotsix_ws/build/asitlorbotsix_description' returned '0': CMAKE_PREFIX_PATH=${CMAKE_PREFIX_PATH}:/home/asimkumar/asitlorbotsix_ws/install/asitlorbot_six:/opt/ros/humble /usr/bin/cmake --build /home/asimkumar/asitlorbotsix_ws/build/asitlorbotsix_description -- -j8 -l8
[1.519s] DEBUG:colcon.colcon_core.event_handler.log_command:Invoking command in '/home/asimkumar/asitlorbotsix_ws/build/asitlorbotsix_description': CMAKE_PREFIX_PATH=${CMAKE_PREFIX_PATH}:/home/asimkumar/asitlorbotsix_ws/install/asitlorbot_six:/opt/ros/humble /usr/bin/cmake --install /home/asimkumar/asitlorbotsix_ws/build/asitlorbotsix_description
[1.562s] DEBUG:colcon.colcon_core.event_handler.log_command:Invoked command in '/home/asimkumar/asitlorbotsix_ws/build/asitlorbotsix_cpp_examples' returned '0': CMAKE_PREFIX_PATH=${CMAKE_PREFIX_PATH}:/home/asimkumar/asitlorbotsix_ws/install/asitlorbot_six:/opt/ros/humble /usr/bin/cmake --build /home/asimkumar/asitlorbotsix_ws/build/asitlorbotsix_cpp_examples -- -j8 -l8
[1.592s] Level 1:colcon.colcon_core.environment:create_environment_scripts_only(asitlorbotsix_description)
[1.593s] DEBUG:colcon.colcon_core.event_handler.log_command:Invoked command in '/home/asimkumar/asitlorbotsix_ws/build/asitlorbotsix_description' returned '0': CMAKE_PREFIX_PATH=${CMAKE_PREFIX_PATH}:/home/asimkumar/asitlorbotsix_ws/install/asitlorbot_six:/opt/ros/humble /usr/bin/cmake --install /home/asimkumar/asitlorbotsix_ws/build/asitlorbotsix_description
[1.602s] Level 1:colcon.colcon_core.environment:checking '/home/asimkumar/asitlorbotsix_ws/install/asitlorbotsix_description' for CMake module files
[1.603s] Level 1:colcon.colcon_core.environment:checking '/home/asimkumar/asitlorbotsix_ws/install/asitlorbotsix_description' for CMake config files
[1.604s] Level 1:colcon.colcon_core.shell:create_environment_hook('asitlorbotsix_description', 'cmake_prefix_path')
[1.605s] INFO:colcon.colcon_core.shell:Creating environment hook '/home/asimkumar/asitlorbotsix_ws/install/asitlorbotsix_description/share/asitlorbotsix_description/hook/cmake_prefix_path.ps1'
[1.605s] INFO:colcon.colcon_core.shell:Creating environment descriptor '/home/asimkumar/asitlorbotsix_ws/install/asitlorbotsix_description/share/asitlorbotsix_description/hook/cmake_prefix_path.dsv'
[1.606s] INFO:colcon.colcon_core.shell:Creating environment hook '/home/asimkumar/asitlorbotsix_ws/install/asitlorbotsix_description/share/asitlorbotsix_description/hook/cmake_prefix_path.sh'
[1.607s] Level 1:colcon.colcon_core.environment:checking '/home/asimkumar/asitlorbotsix_ws/install/asitlorbotsix_description/bin'
[1.608s] Level 1:colcon.colcon_core.environment:checking '/home/asimkumar/asitlorbotsix_ws/install/asitlorbotsix_description/lib/pkgconfig/asitlorbotsix_description.pc'
[1.608s] Level 1:colcon.colcon_core.environment:checking '/home/asimkumar/asitlorbotsix_ws/install/asitlorbotsix_description/lib/python3.10/site-packages'
[1.608s] Level 1:colcon.colcon_core.environment:checking '/home/asimkumar/asitlorbotsix_ws/install/asitlorbotsix_description/bin'
[1.609s] INFO:colcon.colcon_core.shell:Creating package script '/home/asimkumar/asitlorbotsix_ws/install/asitlorbotsix_description/share/asitlorbotsix_description/package.ps1'
[1.611s] INFO:colcon.colcon_core.shell:Creating package descriptor '/home/asimkumar/asitlorbotsix_ws/install/asitlorbotsix_description/share/asitlorbotsix_description/package.dsv'
[1.612s] INFO:colcon.colcon_core.shell:Creating package script '/home/asimkumar/asitlorbotsix_ws/install/asitlorbotsix_description/share/asitlorbotsix_description/package.sh'
[1.614s] INFO:colcon.colcon_core.shell:Creating package script '/home/asimkumar/asitlorbotsix_ws/install/asitlorbotsix_description/share/asitlorbotsix_description/package.bash'
[1.616s] INFO:colcon.colcon_core.shell:Creating package script '/home/asimkumar/asitlorbotsix_ws/install/asitlorbotsix_description/share/asitlorbotsix_description/package.zsh'
[1.618s] Level 1:colcon.colcon_core.environment:create_file_with_runtime_dependencies(/home/asimkumar/asitlorbotsix_ws/install/asitlorbotsix_description/share/colcon-core/packages/asitlorbotsix_description)
[1.631s] DEBUG:colcon.colcon_core.event_handler.log_command:Invoking command in '/home/asimkumar/asitlorbotsix_ws/build/asitlorbotsix_cpp_examples': CMAKE_PREFIX_PATH=${CMAKE_PREFIX_PATH}:/home/asimkumar/asitlorbotsix_ws/install/asitlorbot_six:/opt/ros/humble /usr/bin/cmake --install /home/asimkumar/asitlorbotsix_ws/build/asitlorbotsix_cpp_examples
[1.687s] Level 1:colcon.colcon_core.environment:create_environment_scripts_only(asitlorbotsix_description)
[1.688s] Level 1:colcon.colcon_core.environment:checking '/home/asimkumar/asitlorbotsix_ws/install/asitlorbotsix_description' for CMake module files
[1.689s] Level 1:colcon.colcon_core.environment:checking '/home/asimkumar/asitlorbotsix_ws/install/asitlorbotsix_description' for CMake config files
[1.689s] Level 1:colcon.colcon_core.shell:create_environment_hook('asitlorbotsix_description', 'cmake_prefix_path')
[1.690s] INFO:colcon.colcon_core.shell:Creating environment hook '/home/asimkumar/asitlorbotsix_ws/install/asitlorbotsix_description/share/asitlorbotsix_description/hook/cmake_prefix_path.ps1'
[1.691s] INFO:colcon.colcon_core.shell:Creating environment descriptor '/home/asimkumar/asitlorbotsix_ws/install/asitlorbotsix_description/share/asitlorbotsix_description/hook/cmake_prefix_path.dsv'
[1.691s] INFO:colcon.colcon_core.shell:Creating environment hook '/home/asimkumar/asitlorbotsix_ws/install/asitlorbotsix_description/share/asitlorbotsix_description/hook/cmake_prefix_path.sh'
[1.693s] Level 1:colcon.colcon_core.environment:checking '/home/asimkumar/asitlorbotsix_ws/install/asitlorbotsix_description/bin'
[1.693s] Level 1:colcon.colcon_core.environment:checking '/home/asimkumar/asitlorbotsix_ws/install/asitlorbotsix_description/lib/pkgconfig/asitlorbotsix_description.pc'
[1.693s] Level 1:colcon.colcon_core.environment:checking '/home/asimkumar/asitlorbotsix_ws/install/asitlorbotsix_description/lib/python3.10/site-packages'
[1.694s] Level 1:colcon.colcon_core.environment:checking '/home/asimkumar/asitlorbotsix_ws/install/asitlorbotsix_description/bin'
[1.694s] INFO:colcon.colcon_core.shell:Creating package script '/home/asimkumar/asitlorbotsix_ws/install/asitlorbotsix_description/share/asitlorbotsix_description/package.ps1'
[1.695s] INFO:colcon.colcon_core.shell:Creating package descriptor '/home/asimkumar/asitlorbotsix_ws/install/asitlorbotsix_description/share/asitlorbotsix_description/package.dsv'
[1.696s] INFO:colcon.colcon_core.shell:Creating package script '/home/asimkumar/asitlorbotsix_ws/install/asitlorbotsix_description/share/asitlorbotsix_description/package.sh'
[1.697s] INFO:colcon.colcon_core.shell:Creating package script '/home/asimkumar/asitlorbotsix_ws/install/asitlorbotsix_description/share/asitlorbotsix_description/package.bash'
[1.699s] INFO:colcon.colcon_core.shell:Creating package script '/home/asimkumar/asitlorbotsix_ws/install/asitlorbotsix_description/share/asitlorbotsix_description/package.zsh'
[1.700s] Level 1:colcon.colcon_core.environment:create_file_with_runtime_dependencies(/home/asimkumar/asitlorbotsix_ws/install/asitlorbotsix_description/share/colcon-core/packages/asitlorbotsix_description)
[1.704s] Level 1:colcon.colcon_core.environment:create_environment_scripts_only(asitlorbotsix_cpp_examples)
[1.704s] DEBUG:colcon.colcon_core.event_handler.log_command:Invoked command in '/home/asimkumar/asitlorbotsix_ws/build/asitlorbotsix_cpp_examples' returned '0': CMAKE_PREFIX_PATH=${CMAKE_PREFIX_PATH}:/home/asimkumar/asitlorbotsix_ws/install/asitlorbot_six:/opt/ros/humble /usr/bin/cmake --install /home/asimkumar/asitlorbotsix_ws/build/asitlorbotsix_cpp_examples
[1.705s] Level 1:colcon.colcon_core.environment:checking '/home/asimkumar/asitlorbotsix_ws/install/asitlorbotsix_cpp_examples' for CMake module files
[1.706s] Level 1:colcon.colcon_core.environment:checking '/home/asimkumar/asitlorbotsix_ws/install/asitlorbotsix_cpp_examples' for CMake config files
[1.707s] Level 1:colcon.colcon_core.shell:create_environment_hook('asitlorbotsix_cpp_examples', 'cmake_prefix_path')
[1.708s] INFO:colcon.colcon_core.shell:Creating environment hook '/home/asimkumar/asitlorbotsix_ws/install/asitlorbotsix_cpp_examples/share/asitlorbotsix_cpp_examples/hook/cmake_prefix_path.ps1'
[1.709s] INFO:colcon.colcon_core.shell:Creating environment descriptor '/home/asimkumar/asitlorbotsix_ws/install/asitlorbotsix_cpp_examples/share/asitlorbotsix_cpp_examples/hook/cmake_prefix_path.dsv'
[1.709s] INFO:colcon.colcon_core.shell:Creating environment hook '/home/asimkumar/asitlorbotsix_ws/install/asitlorbotsix_cpp_examples/share/asitlorbotsix_cpp_examples/hook/cmake_prefix_path.sh'
[1.711s] Level 1:colcon.colcon_core.environment:checking '/home/asimkumar/asitlorbotsix_ws/install/asitlorbotsix_cpp_examples/lib'
[1.713s] Level 1:colcon.colcon_core.environment:checking '/home/asimkumar/asitlorbotsix_ws/install/asitlorbotsix_cpp_examples/bin'
[1.713s] Level 1:colcon.colcon_core.environment:checking '/home/asimkumar/asitlorbotsix_ws/install/asitlorbotsix_cpp_examples/lib/pkgconfig/asitlorbotsix_cpp_examples.pc'
[1.713s] Level 1:colcon.colcon_core.environment:checking '/home/asimkumar/asitlorbotsix_ws/install/asitlorbotsix_cpp_examples/lib/python3.10/site-packages'
[1.714s] Level 1:colcon.colcon_core.environment:checking '/home/asimkumar/asitlorbotsix_ws/install/asitlorbotsix_cpp_examples/bin'
[1.714s] INFO:colcon.colcon_core.shell:Creating package script '/home/asimkumar/asitlorbotsix_ws/install/asitlorbotsix_cpp_examples/share/asitlorbotsix_cpp_examples/package.ps1'
[1.715s] INFO:colcon.colcon_core.shell:Creating package descriptor '/home/asimkumar/asitlorbotsix_ws/install/asitlorbotsix_cpp_examples/share/asitlorbotsix_cpp_examples/package.dsv'
[1.716s] INFO:colcon.colcon_core.shell:Creating package script '/home/asimkumar/asitlorbotsix_ws/install/asitlorbotsix_cpp_examples/share/asitlorbotsix_cpp_examples/package.sh'
[1.718s] INFO:colcon.colcon_core.shell:Creating package script '/home/asimkumar/asitlorbotsix_ws/install/asitlorbotsix_cpp_examples/share/asitlorbotsix_cpp_examples/package.bash'
[1.719s] INFO:colcon.colcon_core.shell:Creating package script '/home/asimkumar/asitlorbotsix_ws/install/asitlorbotsix_cpp_examples/share/asitlorbotsix_cpp_examples/package.zsh'
[1.720s] Level 1:colcon.colcon_core.environment:create_file_with_runtime_dependencies(/home/asimkumar/asitlorbotsix_ws/install/asitlorbotsix_cpp_examples/share/colcon-core/packages/asitlorbotsix_cpp_examples)
[1.817s] Level 1:colcon.colcon_core.environment:create_environment_scripts_only(asitlorbotsix_cpp_examples)
[1.817s] Level 1:colcon.colcon_core.environment:checking '/home/asimkumar/asitlorbotsix_ws/install/asitlorbotsix_cpp_examples' for CMake module files
[1.818s] Level 1:colcon.colcon_core.environment:checking '/home/asimkumar/asitlorbotsix_ws/install/asitlorbotsix_cpp_examples' for CMake config files
[1.819s] Level 1:colcon.colcon_core.shell:create_environment_hook('asitlorbotsix_cpp_examples', 'cmake_prefix_path')
[1.819s] INFO:colcon.colcon_core.shell:Creating environment hook '/home/asimkumar/asitlorbotsix_ws/install/asitlorbotsix_cpp_examples/share/asitlorbotsix_cpp_examples/hook/cmake_prefix_path.ps1'
[1.820s] INFO:colcon.colcon_core.shell:Creating environment descriptor '/home/asimkumar/asitlorbotsix_ws/install/asitlorbotsix_cpp_examples/share/asitlorbotsix_cpp_examples/hook/cmake_prefix_path.dsv'
[1.821s] INFO:colcon.colcon_core.shell:Creating environment hook '/home/asimkumar/asitlorbotsix_ws/install/asitlorbotsix_cpp_examples/share/asitlorbotsix_cpp_examples/hook/cmake_prefix_path.sh'
[1.822s] Level 1:colcon.colcon_core.environment:checking '/home/asimkumar/asitlorbotsix_ws/install/asitlorbotsix_cpp_examples/lib'
[1.822s] Level 1:colcon.colcon_core.environment:checking '/home/asimkumar/asitlorbotsix_ws/install/asitlorbotsix_cpp_examples/bin'
[1.822s] Level 1:colcon.colcon_core.environment:checking '/home/asimkumar/asitlorbotsix_ws/install/asitlorbotsix_cpp_examples/lib/pkgconfig/asitlorbotsix_cpp_examples.pc'
[1.822s] Level 1:colcon.colcon_core.environment:checking '/home/asimkumar/asitlorbotsix_ws/install/asitlorbotsix_cpp_examples/lib/python3.10/site-packages'
[1.823s] Level 1:colcon.colcon_core.environment:checking '/home/asimkumar/asitlorbotsix_ws/install/asitlorbotsix_cpp_examples/bin'
[1.823s] INFO:colcon.colcon_core.shell:Creating package script '/home/asimkumar/asitlorbotsix_ws/install/asitlorbotsix_cpp_examples/share/asitlorbotsix_cpp_examples/package.ps1'
[1.824s] INFO:colcon.colcon_core.shell:Creating package descriptor '/home/asimkumar/asitlorbotsix_ws/install/asitlorbotsix_cpp_examples/share/asitlorbotsix_cpp_examples/package.dsv'
[1.825s] INFO:colcon.colcon_core.shell:Creating package script '/home/asimkumar/asitlorbotsix_ws/install/asitlorbotsix_cpp_examples/share/asitlorbotsix_cpp_examples/package.sh'
[1.826s] INFO:colcon.colcon_core.shell:Creating package script '/home/asimkumar/asitlorbotsix_ws/install/asitlorbotsix_cpp_examples/share/asitlorbotsix_cpp_examples/package.bash'
[1.827s] INFO:colcon.colcon_core.shell:Creating package script '/home/asimkumar/asitlorbotsix_ws/install/asitlorbotsix_cpp_examples/share/asitlorbotsix_cpp_examples/package.zsh'
[1.827s] Level 1:colcon.colcon_core.environment:create_file_with_runtime_dependencies(/home/asimkumar/asitlorbotsix_ws/install/asitlorbotsix_cpp_examples/share/colcon-core/packages/asitlorbotsix_cpp_examples)
[2.060s] DEBUG:colcon.colcon_core.event_handler.log_command:Invoked command in '/home/asimkumar/asitlorbotsix_ws/build/asitlorbotsix_firmware' returned '0': CMAKE_PREFIX_PATH=${CMAKE_PREFIX_PATH}:/home/asimkumar/asitlorbotsix_ws/install/asitlorbot_six:/opt/ros/humble /usr/bin/cmake --build /home/asimkumar/asitlorbotsix_ws/build/asitlorbotsix_firmware -- -j8 -l8
[2.121s] DEBUG:colcon.colcon_core.event_handler.log_command:Invoked command in '/home/asimkumar/asitlorbotsix_ws/build/asitlorbotsix_localization' returned '0': CMAKE_PREFIX_PATH=${CMAKE_PREFIX_PATH}:/home/asimkumar/asitlorbotsix_ws/install/asitlorbot_six:/opt/ros/humble /usr/bin/cmake --build /home/asimkumar/asitlorbotsix_ws/build/asitlorbotsix_localization -- -j8 -l8
[2.130s] DEBUG:colcon.colcon_core.event_handler.log_command:Invoking command in '/home/asimkumar/asitlorbotsix_ws/build/asitlorbotsix_firmware': CMAKE_PREFIX_PATH=${CMAKE_PREFIX_PATH}:/home/asimkumar/asitlorbotsix_ws/install/asitlorbot_six:/opt/ros/humble /usr/bin/cmake --install /home/asimkumar/asitlorbotsix_ws/build/asitlorbotsix_firmware
[2.165s] DEBUG:colcon.colcon_core.event_handler.log_command:Invoked command in '/home/asimkumar/asitlorbotsix_ws/build/asitlotbotsix_controller' returned '0': CMAKE_PREFIX_PATH=${CMAKE_PREFIX_PATH}:/home/asimkumar/asitlorbotsix_ws/install/asitlorbot_six:/opt/ros/humble /usr/bin/cmake --build /home/asimkumar/asitlorbotsix_ws/build/asitlotbotsix_controller -- -j8 -l8
[2.169s] DEBUG:colcon.colcon_core.event_handler.log_command:Invoking command in '/home/asimkumar/asitlorbotsix_ws/build/asitlorbotsix_localization': CMAKE_PREFIX_PATH=${CMAKE_PREFIX_PATH}:/home/asimkumar/asitlorbotsix_ws/install/asitlorbot_six:/opt/ros/humble /usr/bin/cmake --install /home/asimkumar/asitlorbotsix_ws/build/asitlorbotsix_localization
[2.214s] DEBUG:colcon.colcon_core.event_handler.log_command:Invoking command in '/home/asimkumar/asitlorbotsix_ws/build/asitlotbotsix_controller': CMAKE_PREFIX_PATH=${CMAKE_PREFIX_PATH}:/home/asimkumar/asitlorbotsix_ws/install/asitlorbot_six:/opt/ros/humble /usr/bin/cmake --install /home/asimkumar/asitlorbotsix_ws/build/asitlotbotsix_controller
[2.248s] Level 1:colcon.colcon_core.environment:create_environment_scripts_only(asitlorbotsix_firmware)
[2.249s] Level 1:colcon.colcon_core.environment:checking '/home/asimkumar/asitlorbotsix_ws/install/asitlorbotsix_firmware' for CMake module files
[2.249s] DEBUG:colcon.colcon_core.event_handler.log_command:Invoked command in '/home/asimkumar/asitlorbotsix_ws/build/asitlorbotsix_firmware' returned '0': CMAKE_PREFIX_PATH=${CMAKE_PREFIX_PATH}:/home/asimkumar/asitlorbotsix_ws/install/asitlorbot_six:/opt/ros/humble /usr/bin/cmake --install /home/asimkumar/asitlorbotsix_ws/build/asitlorbotsix_firmware
[2.250s] Level 1:colcon.colcon_core.environment:checking '/home/asimkumar/asitlorbotsix_ws/install/asitlorbotsix_firmware' for CMake config files
[2.251s] Level 1:colcon.colcon_core.shell:create_environment_hook('asitlorbotsix_firmware', 'cmake_prefix_path')
[2.252s] INFO:colcon.colcon_core.shell:Creating environment hook '/home/asimkumar/asitlorbotsix_ws/install/asitlorbotsix_firmware/share/asitlorbotsix_firmware/hook/cmake_prefix_path.ps1'
[2.253s] INFO:colcon.colcon_core.shell:Creating environment descriptor '/home/asimkumar/asitlorbotsix_ws/install/asitlorbotsix_firmware/share/asitlorbotsix_firmware/hook/cmake_prefix_path.dsv'
[2.253s] INFO:colcon.colcon_core.shell:Creating environment hook '/home/asimkumar/asitlorbotsix_ws/install/asitlorbotsix_firmware/share/asitlorbotsix_firmware/hook/cmake_prefix_path.sh'
[2.255s] Level 1:colcon.colcon_core.environment:checking '/home/asimkumar/asitlorbotsix_ws/install/asitlorbotsix_firmware/lib'
[2.255s] Level 1:colcon.colcon_core.shell:create_environment_hook('asitlorbotsix_firmware', 'ld_library_path_lib')
[2.255s] INFO:colcon.colcon_core.shell:Creating environment hook '/home/asimkumar/asitlorbotsix_ws/install/asitlorbotsix_firmware/share/asitlorbotsix_firmware/hook/ld_library_path_lib.ps1'
[2.256s] INFO:colcon.colcon_core.shell:Creating environment descriptor '/home/asimkumar/asitlorbotsix_ws/install/asitlorbotsix_firmware/share/asitlorbotsix_firmware/hook/ld_library_path_lib.dsv'
[2.257s] INFO:colcon.colcon_core.shell:Creating environment hook '/home/asimkumar/asitlorbotsix_ws/install/asitlorbotsix_firmware/share/asitlorbotsix_firmware/hook/ld_library_path_lib.sh'
[2.258s] Level 1:colcon.colcon_core.environment:checking '/home/asimkumar/asitlorbotsix_ws/install/asitlorbotsix_firmware/bin'
[2.258s] Level 1:colcon.colcon_core.shell:create_environment_hook('asitlorbotsix_firmware', 'path')
[2.258s] INFO:colcon.colcon_core.shell:Creating environment hook '/home/asimkumar/asitlorbotsix_ws/install/asitlorbotsix_firmware/share/asitlorbotsix_firmware/hook/path.ps1'
[2.259s] INFO:colcon.colcon_core.shell:Creating environment descriptor '/home/asimkumar/asitlorbotsix_ws/install/asitlorbotsix_firmware/share/asitlorbotsix_firmware/hook/path.dsv'
[2.260s] INFO:colcon.colcon_core.shell:Creating environment hook '/home/asimkumar/asitlorbotsix_ws/install/asitlorbotsix_firmware/share/asitlorbotsix_firmware/hook/path.sh'
[2.260s] Level 1:colcon.colcon_core.environment:checking '/home/asimkumar/asitlorbotsix_ws/install/asitlorbotsix_firmware/lib/pkgconfig/asitlorbotsix_firmware.pc'
[2.261s] Level 1:colcon.colcon_core.environment:checking '/home/asimkumar/asitlorbotsix_ws/install/asitlorbotsix_firmware/lib/python3.10/site-packages'
[2.261s] Level 1:colcon.colcon_core.environment:checking '/home/asimkumar/asitlorbotsix_ws/install/asitlorbotsix_firmware/bin'
[2.261s] Level 1:colcon.colcon_core.shell:create_environment_hook('asitlorbotsix_firmware', 'pythonscriptspath')
[2.262s] INFO:colcon.colcon_core.shell:Creating environment hook '/home/asimkumar/asitlorbotsix_ws/install/asitlorbotsix_firmware/share/asitlorbotsix_firmware/hook/pythonscriptspath.ps1'
[2.262s] INFO:colcon.colcon_core.shell:Creating environment descriptor '/home/asimkumar/asitlorbotsix_ws/install/asitlorbotsix_firmware/share/asitlorbotsix_firmware/hook/pythonscriptspath.dsv'
[2.263s] INFO:colcon.colcon_core.shell:Creating environment hook '/home/asimkumar/asitlorbotsix_ws/install/asitlorbotsix_firmware/share/asitlorbotsix_firmware/hook/pythonscriptspath.sh'
[2.264s] INFO:colcon.colcon_core.shell:Creating package script '/home/asimkumar/asitlorbotsix_ws/install/asitlorbotsix_firmware/share/asitlorbotsix_firmware/package.ps1'
[2.266s] INFO:colcon.colcon_core.shell:Creating package descriptor '/home/asimkumar/asitlorbotsix_ws/install/asitlorbotsix_firmware/share/asitlorbotsix_firmware/package.dsv'
[2.267s] INFO:colcon.colcon_core.shell:Creating package script '/home/asimkumar/asitlorbotsix_ws/install/asitlorbotsix_firmware/share/asitlorbotsix_firmware/package.sh'
[2.268s] INFO:colcon.colcon_core.shell:Creating package script '/home/asimkumar/asitlorbotsix_ws/install/asitlorbotsix_firmware/share/asitlorbotsix_firmware/package.bash'
[2.268s] INFO:colcon.colcon_core.shell:Creating package script '/home/asimkumar/asitlorbotsix_ws/install/asitlorbotsix_firmware/share/asitlorbotsix_firmware/package.zsh'
[2.269s] Level 1:colcon.colcon_core.environment:create_file_with_runtime_dependencies(/home/asimkumar/asitlorbotsix_ws/install/asitlorbotsix_firmware/share/colcon-core/packages/asitlorbotsix_firmware)
[2.286s] DEBUG:colcon.colcon_core.event_handler.log_command:Invoking command in '/home/asimkumar/asitlorbotsix_ws/build/asitlorbot_six': PYTHONPATH=/home/asimkumar/asitlorbotsix_ws/build/asitlorbot_six/prefix_override:/home/asimkumar/asitlorbotsix_ws/install/asitlorbot_six/lib/python3.10/site-packages:${PYTHONPATH} /usr/bin/python3 -W ignore:setup.py install is deprecated setup.py develop --editable --build-directory /home/asimkumar/asitlorbotsix_ws/build/asitlorbot_six/build --no-deps symlink_data
[2.287s] Level 1:colcon.colcon_core.environment:create_environment_scripts_only(asitlorbotsix_localization)
[2.288s] Level 1:colcon.colcon_core.environment:checking '/home/asimkumar/asitlorbotsix_ws/install/asitlorbotsix_localization' for CMake module files
[2.288s] DEBUG:colcon.colcon_core.event_handler.log_command:Invoked command in '/home/asimkumar/asitlorbotsix_ws/build/asitlorbotsix_localization' returned '0': CMAKE_PREFIX_PATH=${CMAKE_PREFIX_PATH}:/home/asimkumar/asitlorbotsix_ws/install/asitlorbot_six:/opt/ros/humble /usr/bin/cmake --install /home/asimkumar/asitlorbotsix_ws/build/asitlorbotsix_localization
[2.289s] Level 1:colcon.colcon_core.environment:checking '/home/asimkumar/asitlorbotsix_ws/install/asitlorbotsix_localization' for CMake config files
[2.291s] Level 1:colcon.colcon_core.shell:create_environment_hook('asitlorbotsix_localization', 'cmake_prefix_path')
[2.291s] INFO:colcon.colcon_core.shell:Creating environment hook '/home/asimkumar/asitlorbotsix_ws/install/asitlorbotsix_localization/share/asitlorbotsix_localization/hook/cmake_prefix_path.ps1'
[2.292s] INFO:colcon.colcon_core.shell:Creating environment descriptor '/home/asimkumar/asitlorbotsix_ws/install/asitlorbotsix_localization/share/asitlorbotsix_localization/hook/cmake_prefix_path.dsv'
[2.293s] INFO:colcon.colcon_core.shell:Creating environment hook '/home/asimkumar/asitlorbotsix_ws/install/asitlorbotsix_localization/share/asitlorbotsix_localization/hook/cmake_prefix_path.sh'
[2.294s] Level 1:colcon.colcon_core.environment:checking '/home/asimkumar/asitlorbotsix_ws/install/asitlorbotsix_localization/lib'
[2.294s] Level 1:colcon.colcon_core.environment:checking '/home/asimkumar/asitlorbotsix_ws/install/asitlorbotsix_localization/bin'
[2.294s] Level 1:colcon.colcon_core.environment:checking '/home/asimkumar/asitlorbotsix_ws/install/asitlorbotsix_localization/lib/pkgconfig/asitlorbotsix_localization.pc'
[2.294s] Level 1:colcon.colcon_core.environment:checking '/home/asimkumar/asitlorbotsix_ws/install/asitlorbotsix_localization/lib/python3.10/site-packages'
[2.295s] Level 1:colcon.colcon_core.environment:checking '/home/asimkumar/asitlorbotsix_ws/install/asitlorbotsix_localization/bin'
[2.295s] INFO:colcon.colcon_core.shell:Creating package script '/home/asimkumar/asitlorbotsix_ws/install/asitlorbotsix_localization/share/asitlorbotsix_localization/package.ps1'
[2.296s] INFO:colcon.colcon_core.shell:Creating package descriptor '/home/asimkumar/asitlorbotsix_ws/install/asitlorbotsix_localization/share/asitlorbotsix_localization/package.dsv'
[2.297s] INFO:colcon.colcon_core.shell:Creating package script '/home/asimkumar/asitlorbotsix_ws/install/asitlorbotsix_localization/share/asitlorbotsix_localization/package.sh'
[2.298s] INFO:colcon.colcon_core.shell:Creating package script '/home/asimkumar/asitlorbotsix_ws/install/asitlorbotsix_localization/share/asitlorbotsix_localization/package.bash'
[2.298s] INFO:colcon.colcon_core.shell:Creating package script '/home/asimkumar/asitlorbotsix_ws/install/asitlorbotsix_localization/share/asitlorbotsix_localization/package.zsh'
[2.299s] Level 1:colcon.colcon_core.environment:create_file_with_runtime_dependencies(/home/asimkumar/asitlorbotsix_ws/install/asitlorbotsix_localization/share/colcon-core/packages/asitlorbotsix_localization)
[2.327s] Level 1:colcon.colcon_core.environment:create_environment_scripts_only(asitlotbotsix_controller)
[2.327s] Level 1:colcon.colcon_core.environment:checking '/home/asimkumar/asitlorbotsix_ws/install/asitlotbotsix_controller' for CMake module files
[2.328s] DEBUG:colcon.colcon_core.event_handler.log_command:Invoked command in '/home/asimkumar/asitlorbotsix_ws/build/asitlotbotsix_controller' returned '0': CMAKE_PREFIX_PATH=${CMAKE_PREFIX_PATH}:/home/asimkumar/asitlorbotsix_ws/install/asitlorbot_six:/opt/ros/humble /usr/bin/cmake --install /home/asimkumar/asitlorbotsix_ws/build/asitlotbotsix_controller
[2.329s] Level 1:colcon.colcon_core.environment:checking '/home/asimkumar/asitlorbotsix_ws/install/asitlotbotsix_controller' for CMake config files
[2.330s] Level 1:colcon.colcon_core.shell:create_environment_hook('asitlotbotsix_controller', 'cmake_prefix_path')
[2.331s] INFO:colcon.colcon_core.shell:Creating environment hook '/home/asimkumar/asitlorbotsix_ws/install/asitlotbotsix_controller/share/asitlotbotsix_controller/hook/cmake_prefix_path.ps1'
[2.332s] INFO:colcon.colcon_core.shell:Creating environment descriptor '/home/asimkumar/asitlorbotsix_ws/install/asitlotbotsix_controller/share/asitlotbotsix_controller/hook/cmake_prefix_path.dsv'
[2.332s] INFO:colcon.colcon_core.shell:Creating environment hook '/home/asimkumar/asitlorbotsix_ws/install/asitlotbotsix_controller/share/asitlotbotsix_controller/hook/cmake_prefix_path.sh'
[2.333s] Level 1:colcon.colcon_core.environment:checking '/home/asimkumar/asitlorbotsix_ws/install/asitlotbotsix_controller/lib'
[2.334s] Level 1:colcon.colcon_core.environment:checking '/home/asimkumar/asitlorbotsix_ws/install/asitlotbotsix_controller/bin'
[2.334s] Level 1:colcon.colcon_core.environment:checking '/home/asimkumar/asitlorbotsix_ws/install/asitlotbotsix_controller/lib/pkgconfig/asitlotbotsix_controller.pc'
[2.334s] Level 1:colcon.colcon_core.environment:checking '/home/asimkumar/asitlorbotsix_ws/install/asitlotbotsix_controller/lib/python3.10/site-packages'
[2.334s] Level 1:colcon.colcon_core.environment:checking '/home/asimkumar/asitlorbotsix_ws/install/asitlotbotsix_controller/bin'
[2.335s] INFO:colcon.colcon_core.shell:Creating package script '/home/asimkumar/asitlorbotsix_ws/install/asitlotbotsix_controller/share/asitlotbotsix_controller/package.ps1'
[2.336s] INFO:colcon.colcon_core.shell:Creating package descriptor '/home/asimkumar/asitlorbotsix_ws/install/asitlotbotsix_controller/share/asitlotbotsix_controller/package.dsv'
[2.337s] INFO:colcon.colcon_core.shell:Creating package script '/home/asimkumar/asitlorbotsix_ws/install/asitlotbotsix_controller/share/asitlotbotsix_controller/package.sh'
[2.337s] INFO:colcon.colcon_core.shell:Creating package script '/home/asimkumar/asitlorbotsix_ws/install/asitlotbotsix_controller/share/asitlotbotsix_controller/package.bash'
[2.338s] INFO:colcon.colcon_core.shell:Creating package script '/home/asimkumar/asitlorbotsix_ws/install/asitlotbotsix_controller/share/asitlotbotsix_controller/package.zsh'
[2.339s] Level 1:colcon.colcon_core.environment:create_file_with_runtime_dependencies(/home/asimkumar/asitlorbotsix_ws/install/asitlotbotsix_controller/share/colcon-core/packages/asitlotbotsix_controller)
[2.341s] Level 1:colcon.colcon_core.environment:create_environment_scripts_only(asitlorbotsix_firmware)
[2.342s] Level 1:colcon.colcon_core.environment:checking '/home/asimkumar/asitlorbotsix_ws/install/asitlorbotsix_firmware' for CMake module files
[2.343s] Level 1:colcon.colcon_core.environment:checking '/home/asimkumar/asitlorbotsix_ws/install/asitlorbotsix_firmware' for CMake config files
[2.344s] Level 1:colcon.colcon_core.shell:create_environment_hook('asitlorbotsix_firmware', 'cmake_prefix_path')
[2.345s] INFO:colcon.colcon_core.shell:Creating environment hook '/home/asimkumar/asitlorbotsix_ws/install/asitlorbotsix_firmware/share/asitlorbotsix_firmware/hook/cmake_prefix_path.ps1'
[2.346s] INFO:colcon.colcon_core.shell:Creating environment descriptor '/home/asimkumar/asitlorbotsix_ws/install/asitlorbotsix_firmware/share/asitlorbotsix_firmware/hook/cmake_prefix_path.dsv'
[2.346s] INFO:colcon.colcon_core.shell:Creating environment hook '/home/asimkumar/asitlorbotsix_ws/install/asitlorbotsix_firmware/share/asitlorbotsix_firmware/hook/cmake_prefix_path.sh'
[2.347s] Level 1:colcon.colcon_core.environment:checking '/home/asimkumar/asitlorbotsix_ws/install/asitlorbotsix_firmware/lib'
[2.347s] Level 1:colcon.colcon_core.shell:create_environment_hook('asitlorbotsix_firmware', 'ld_library_path_lib')
[2.348s] INFO:colcon.colcon_core.shell:Creating environment hook '/home/asimkumar/asitlorbotsix_ws/install/asitlorbotsix_firmware/share/asitlorbotsix_firmware/hook/ld_library_path_lib.ps1'
[2.348s] INFO:colcon.colcon_core.shell:Creating environment descriptor '/home/asimkumar/asitlorbotsix_ws/install/asitlorbotsix_firmware/share/asitlorbotsix_firmware/hook/ld_library_path_lib.dsv'
[2.349s] INFO:colcon.colcon_core.shell:Creating environment hook '/home/asimkumar/asitlorbotsix_ws/install/asitlorbotsix_firmware/share/asitlorbotsix_firmware/hook/ld_library_path_lib.sh'
[2.350s] Level 1:colcon.colcon_core.environment:checking '/home/asimkumar/asitlorbotsix_ws/install/asitlorbotsix_firmware/bin'
[2.350s] Level 1:colcon.colcon_core.shell:create_environment_hook('asitlorbotsix_firmware', 'path')
[2.350s] INFO:colcon.colcon_core.shell:Creating environment hook '/home/asimkumar/asitlorbotsix_ws/install/asitlorbotsix_firmware/share/asitlorbotsix_firmware/hook/path.ps1'
[2.351s] INFO:colcon.colcon_core.shell:Creating environment descriptor '/home/asimkumar/asitlorbotsix_ws/install/asitlorbotsix_firmware/share/asitlorbotsix_firmware/hook/path.dsv'
[2.352s] INFO:colcon.colcon_core.shell:Creating environment hook '/home/asimkumar/asitlorbotsix_ws/install/asitlorbotsix_firmware/share/asitlorbotsix_firmware/hook/path.sh'
[2.352s] Level 1:colcon.colcon_core.environment:checking '/home/asimkumar/asitlorbotsix_ws/install/asitlorbotsix_firmware/lib/pkgconfig/asitlorbotsix_firmware.pc'
[2.353s] Level 1:colcon.colcon_core.environment:checking '/home/asimkumar/asitlorbotsix_ws/install/asitlorbotsix_firmware/lib/python3.10/site-packages'
[2.353s] Level 1:colcon.colcon_core.environment:checking '/home/asimkumar/asitlorbotsix_ws/install/asitlorbotsix_firmware/bin'
[2.353s] Level 1:colcon.colcon_core.shell:create_environment_hook('asitlorbotsix_firmware', 'pythonscriptspath')
[2.354s] INFO:colcon.colcon_core.shell:Creating environment hook '/home/asimkumar/asitlorbotsix_ws/install/asitlorbotsix_firmware/share/asitlorbotsix_firmware/hook/pythonscriptspath.ps1'
[2.354s] INFO:colcon.colcon_core.shell:Creating environment descriptor '/home/asimkumar/asitlorbotsix_ws/install/asitlorbotsix_firmware/share/asitlorbotsix_firmware/hook/pythonscriptspath.dsv'
[2.355s] INFO:colcon.colcon_core.shell:Creating environment hook '/home/asimkumar/asitlorbotsix_ws/install/asitlorbotsix_firmware/share/asitlorbotsix_firmware/hook/pythonscriptspath.sh'
[2.356s] INFO:colcon.colcon_core.shell:Creating package script '/home/asimkumar/asitlorbotsix_ws/install/asitlorbotsix_firmware/share/asitlorbotsix_firmware/package.ps1'
[2.357s] INFO:colcon.colcon_core.shell:Creating package descriptor '/home/asimkumar/asitlorbotsix_ws/install/asitlorbotsix_firmware/share/asitlorbotsix_firmware/package.dsv'
[2.359s] INFO:colcon.colcon_core.shell:Creating package script '/home/asimkumar/asitlorbotsix_ws/install/asitlorbotsix_firmware/share/asitlorbotsix_firmware/package.sh'
[2.359s] INFO:colcon.colcon_core.shell:Creating package script '/home/asimkumar/asitlorbotsix_ws/install/asitlorbotsix_firmware/share/asitlorbotsix_firmware/package.bash'
[2.360s] INFO:colcon.colcon_core.shell:Creating package script '/home/asimkumar/asitlorbotsix_ws/install/asitlorbotsix_firmware/share/asitlorbotsix_firmware/package.zsh'
[2.361s] Level 1:colcon.colcon_core.environment:create_file_with_runtime_dependencies(/home/asimkumar/asitlorbotsix_ws/install/asitlorbotsix_firmware/share/colcon-core/packages/asitlorbotsix_firmware)
[2.363s] Level 1:colcon.colcon_core.environment:create_environment_scripts_only(asitlorbotsix_localization)
[2.363s] Level 1:colcon.colcon_core.environment:checking '/home/asimkumar/asitlorbotsix_ws/install/asitlorbotsix_localization' for CMake module files
[2.364s] Level 1:colcon.colcon_core.environment:checking '/home/asimkumar/asitlorbotsix_ws/install/asitlorbotsix_localization' for CMake config files
[2.365s] Level 1:colcon.colcon_core.shell:create_environment_hook('asitlorbotsix_localization', 'cmake_prefix_path')
[2.366s] INFO:colcon.colcon_core.shell:Creating environment hook '/home/asimkumar/asitlorbotsix_ws/install/asitlorbotsix_localization/share/asitlorbotsix_localization/hook/cmake_prefix_path.ps1'
[2.367s] INFO:colcon.colcon_core.shell:Creating environment descriptor '/home/asimkumar/asitlorbotsix_ws/install/asitlorbotsix_localization/share/asitlorbotsix_localization/hook/cmake_prefix_path.dsv'
[2.367s] INFO:colcon.colcon_core.shell:Creating environment hook '/home/asimkumar/asitlorbotsix_ws/install/asitlorbotsix_localization/share/asitlorbotsix_localization/hook/cmake_prefix_path.sh'
[2.368s] Level 1:colcon.colcon_core.environment:checking '/home/asimkumar/asitlorbotsix_ws/install/asitlorbotsix_localization/lib'
[2.368s] Level 1:colcon.colcon_core.environment:checking '/home/asimkumar/asitlorbotsix_ws/install/asitlorbotsix_localization/bin'
[2.368s] Level 1:colcon.colcon_core.environment:checking '/home/asimkumar/asitlorbotsix_ws/install/asitlorbotsix_localization/lib/pkgconfig/asitlorbotsix_localization.pc'
[2.369s] Level 1:colcon.colcon_core.environment:checking '/home/asimkumar/asitlorbotsix_ws/install/asitlorbotsix_localization/lib/python3.10/site-packages'
[2.369s] Level 1:colcon.colcon_core.environment:checking '/home/asimkumar/asitlorbotsix_ws/install/asitlorbotsix_localization/bin'
[2.370s] INFO:colcon.colcon_core.shell:Creating package script '/home/asimkumar/asitlorbotsix_ws/install/asitlorbotsix_localization/share/asitlorbotsix_localization/package.ps1'
[2.371s] INFO:colcon.colcon_core.shell:Creating package descriptor '/home/asimkumar/asitlorbotsix_ws/install/asitlorbotsix_localization/share/asitlorbotsix_localization/package.dsv'
[2.372s] INFO:colcon.colcon_core.shell:Creating package script '/home/asimkumar/asitlorbotsix_ws/install/asitlorbotsix_localization/share/asitlorbotsix_localization/package.sh'
[2.373s] INFO:colcon.colcon_core.shell:Creating package script '/home/asimkumar/asitlorbotsix_ws/install/asitlorbotsix_localization/share/asitlorbotsix_localization/package.bash'
[2.375s] INFO:colcon.colcon_core.shell:Creating package script '/home/asimkumar/asitlorbotsix_ws/install/asitlorbotsix_localization/share/asitlorbotsix_localization/package.zsh'
[2.376s] Level 1:colcon.colcon_core.environment:create_file_with_runtime_dependencies(/home/asimkumar/asitlorbotsix_ws/install/asitlorbotsix_localization/share/colcon-core/packages/asitlorbotsix_localization)
[2.392s] Level 1:colcon.colcon_core.environment:create_environment_scripts_only(asitlotbotsix_controller)
[2.393s] Level 1:colcon.colcon_core.environment:checking '/home/asimkumar/asitlorbotsix_ws/install/asitlotbotsix_controller' for CMake module files
[2.394s] Level 1:colcon.colcon_core.environment:checking '/home/asimkumar/asitlorbotsix_ws/install/asitlotbotsix_controller' for CMake config files
[2.395s] Level 1:colcon.colcon_core.shell:create_environment_hook('asitlotbotsix_controller', 'cmake_prefix_path')
[2.395s] INFO:colcon.colcon_core.shell:Creating environment hook '/home/asimkumar/asitlorbotsix_ws/install/asitlotbotsix_controller/share/asitlotbotsix_controller/hook/cmake_prefix_path.ps1'
[2.396s] INFO:colcon.colcon_core.shell:Creating environment descriptor '/home/asimkumar/asitlorbotsix_ws/install/asitlotbotsix_controller/share/asitlotbotsix_controller/hook/cmake_prefix_path.dsv'
[2.396s] INFO:colcon.colcon_core.shell:Creating environment hook '/home/asimkumar/asitlorbotsix_ws/install/asitlotbotsix_controller/share/asitlotbotsix_controller/hook/cmake_prefix_path.sh'
[2.397s] Level 1:colcon.colcon_core.environment:checking '/home/asimkumar/asitlorbotsix_ws/install/asitlotbotsix_controller/lib'
[2.397s] Level 1:colcon.colcon_core.environment:checking '/home/asimkumar/asitlorbotsix_ws/install/asitlotbotsix_controller/bin'
[2.398s] Level 1:colcon.colcon_core.environment:checking '/home/asimkumar/asitlorbotsix_ws/install/asitlotbotsix_controller/lib/pkgconfig/asitlotbotsix_controller.pc'
[2.398s] Level 1:colcon.colcon_core.environment:checking '/home/asimkumar/asitlorbotsix_ws/install/asitlotbotsix_controller/lib/python3.10/site-packages'
[2.398s] Level 1:colcon.colcon_core.environment:checking '/home/asimkumar/asitlorbotsix_ws/install/asitlotbotsix_controller/bin'
[2.399s] INFO:colcon.colcon_core.shell:Creating package script '/home/asimkumar/asitlorbotsix_ws/install/asitlotbotsix_controller/share/asitlotbotsix_controller/package.ps1'
[2.400s] INFO:colcon.colcon_core.shell:Creating package descriptor '/home/asimkumar/asitlorbotsix_ws/install/asitlotbotsix_controller/share/asitlotbotsix_controller/package.dsv'
[2.400s] INFO:colcon.colcon_core.shell:Creating package script '/home/asimkumar/asitlorbotsix_ws/install/asitlotbotsix_controller/share/asitlotbotsix_controller/package.sh'
[2.401s] INFO:colcon.colcon_core.shell:Creating package script '/home/asimkumar/asitlorbotsix_ws/install/asitlotbotsix_controller/share/asitlotbotsix_controller/package.bash'
[2.402s] INFO:colcon.colcon_core.shell:Creating package script '/home/asimkumar/asitlorbotsix_ws/install/asitlotbotsix_controller/share/asitlotbotsix_controller/package.zsh'
[2.402s] Level 1:colcon.colcon_core.environment:create_file_with_runtime_dependencies(/home/asimkumar/asitlorbotsix_ws/install/asitlotbotsix_controller/share/colcon-core/packages/asitlotbotsix_controller)
[3.070s] Level 1:colcon.colcon_core.shell:create_environment_hook('asitlorbot_six', 'pythonpath_develop')
[3.071s] INFO:colcon.colcon_core.shell:Creating environment hook '/home/asimkumar/asitlorbotsix_ws/build/asitlorbot_six/share/asitlorbot_six/hook/pythonpath_develop.ps1'
[3.072s] DEBUG:colcon.colcon_core.event_handler.log_command:Invoked command in '/home/asimkumar/asitlorbotsix_ws/build/asitlorbot_six' returned '0': PYTHONPATH=/home/asimkumar/asitlorbotsix_ws/build/asitlorbot_six/prefix_override:/home/asimkumar/asitlorbotsix_ws/install/asitlorbot_six/lib/python3.10/site-packages:${PYTHONPATH} /usr/bin/python3 -W ignore:setup.py install is deprecated setup.py develop --editable --build-directory /home/asimkumar/asitlorbotsix_ws/build/asitlorbot_six/build --no-deps symlink_data
[3.072s] INFO:colcon.colcon_core.shell:Creating environment descriptor '/home/asimkumar/asitlorbotsix_ws/build/asitlorbot_six/share/asitlorbot_six/hook/pythonpath_develop.dsv'
[3.073s] INFO:colcon.colcon_core.shell:Creating environment hook '/home/asimkumar/asitlorbotsix_ws/build/asitlorbot_six/share/asitlorbot_six/hook/pythonpath_develop.sh'
[3.074s] Level 1:colcon.colcon_core.environment:checking '/home/asimkumar/asitlorbotsix_ws/install/asitlorbot_six' for CMake module files
[3.074s] Level 1:colcon.colcon_core.environment:checking '/home/asimkumar/asitlorbotsix_ws/install/asitlorbot_six' for CMake config files
[3.075s] Level 1:colcon.colcon_core.environment:checking '/home/asimkumar/asitlorbotsix_ws/install/asitlorbot_six/lib'
[3.075s] Level 1:colcon.colcon_core.environment:checking '/home/asimkumar/asitlorbotsix_ws/install/asitlorbot_six/bin'
[3.076s] Level 1:colcon.colcon_core.environment:checking '/home/asimkumar/asitlorbotsix_ws/install/asitlorbot_six/lib/pkgconfig/asitlorbot_six.pc'
[3.076s] Level 1:colcon.colcon_core.environment:checking '/home/asimkumar/asitlorbotsix_ws/install/asitlorbot_six/lib/python3.10/site-packages'
[3.076s] Level 1:colcon.colcon_core.shell:create_environment_hook('asitlorbot_six', 'pythonpath')
[3.076s] INFO:colcon.colcon_core.shell:Creating environment hook '/home/asimkumar/asitlorbotsix_ws/install/asitlorbot_six/share/asitlorbot_six/hook/pythonpath.ps1'
[3.077s] INFO:colcon.colcon_core.shell:Creating environment descriptor '/home/asimkumar/asitlorbotsix_ws/install/asitlorbot_six/share/asitlorbot_six/hook/pythonpath.dsv'
[3.078s] INFO:colcon.colcon_core.shell:Creating environment hook '/home/asimkumar/asitlorbotsix_ws/install/asitlorbot_six/share/asitlorbot_six/hook/pythonpath.sh'
[3.078s] Level 1:colcon.colcon_core.environment:checking '/home/asimkumar/asitlorbotsix_ws/install/asitlorbot_six/bin'
[3.078s] Level 1:colcon.colcon_core.environment:create_environment_scripts_only(asitlorbot_six)
[3.079s] INFO:colcon.colcon_core.shell:Creating package script '/home/asimkumar/asitlorbotsix_ws/install/asitlorbot_six/share/asitlorbot_six/package.ps1'
[3.079s] INFO:colcon.colcon_core.shell:Creating package descriptor '/home/asimkumar/asitlorbotsix_ws/install/asitlorbot_six/share/asitlorbot_six/package.dsv'
[3.080s] INFO:colcon.colcon_core.shell:Creating package script '/home/asimkumar/asitlorbotsix_ws/install/asitlorbot_six/share/asitlorbot_six/package.sh'
[3.080s] INFO:colcon.colcon_core.shell:Creating package script '/home/asimkumar/asitlorbotsix_ws/install/asitlorbot_six/share/asitlorbot_six/package.bash'
[3.081s] INFO:colcon.colcon_core.shell:Creating package script '/home/asimkumar/asitlorbotsix_ws/install/asitlorbot_six/share/asitlorbot_six/package.zsh'
[3.081s] Level 1:colcon.colcon_core.environment:create_file_with_runtime_dependencies(/home/asimkumar/asitlorbotsix_ws/install/asitlorbot_six/share/colcon-core/packages/asitlorbot_six)
[3.081s] DEBUG:colcon.colcon_parallel_executor.executor.parallel:closing loop
[3.082s] DEBUG:colcon.colcon_parallel_executor.executor.parallel:loop closed
[3.082s] DEBUG:colcon.colcon_parallel_executor.executor.parallel:run_until_complete finished with '0'
[3.082s] DEBUG:colcon.colcon_core.event_reactor:joining thread
[3.091s] INFO:colcon.colcon_core.plugin_system:Skipping extension 'colcon_notification.desktop_notification.terminal_notifier': Not used on non-Darwin systems
[3.091s] INFO:colcon.colcon_core.plugin_system:Skipping extension 'colcon_notification.desktop_notification.win32': Not used on non-Windows systems
[3.091s] INFO:colcon.colcon_notification.desktop_notification:Sending desktop notification using 'notify2'
[3.118s] DEBUG:colcon.colcon_core.event_reactor:joined thread
[3.119s] INFO:colcon.colcon_core.shell:Creating prefix script '/home/asimkumar/asitlorbotsix_ws/install/local_setup.ps1'
[3.121s] INFO:colcon.colcon_core.shell:Creating prefix util module '/home/asimkumar/asitlorbotsix_ws/install/_local_setup_util_ps1.py'
[3.123s] INFO:colcon.colcon_core.shell:Creating prefix chain script '/home/asimkumar/asitlorbotsix_ws/install/setup.ps1'
[3.127s] INFO:colcon.colcon_core.shell:Creating prefix script '/home/asimkumar/asitlorbotsix_ws/install/local_setup.sh'
[3.128s] INFO:colcon.colcon_core.shell:Creating prefix util module '/home/asimkumar/asitlorbotsix_ws/install/_local_setup_util_sh.py'
[3.129s] INFO:colcon.colcon_core.shell:Creating prefix chain script '/home/asimkumar/asitlorbotsix_ws/install/setup.sh'
[3.132s] INFO:colcon.colcon_core.shell:Creating prefix script '/home/asimkumar/asitlorbotsix_ws/install/local_setup.bash'
[3.133s] INFO:colcon.colcon_core.shell:Creating prefix chain script '/home/asimkumar/asitlorbotsix_ws/install/setup.bash'
[3.137s] INFO:colcon.colcon_core.shell:Creating prefix script '/home/asimkumar/asitlorbotsix_ws/install/local_setup.zsh'
[3.138s] INFO:colcon.colcon_core.shell:Creating prefix chain script '/home/asimkumar/asitlorbotsix_ws/install/setup.zsh'
