[0.424s] Invoking command in '/home/asimkumar/asitlorbotsix_ws/build/asitlorbotsix_description': CMAKE_PREFIX_PATH=${CMAKE_PREFIX_PATH}:/opt/ros/humble /usr/bin/cmake /home/asimkumar/asitlorbotsix_ws/src/asitlorbotsix_description -DAMENT_CMAKE_SYMLINK_INSTALL=1 -DCMAKE_INSTALL_PREFIX=/home/asimkumar/asitlorbotsix_ws/install/asitlorbotsix_description
[0.591s] -- The C compiler identification is GNU 11.4.0
[0.718s] -- The CXX compiler identification is GNU 11.4.0
[0.741s] -- Detecting C compiler ABI info
[0.869s] -- Detecting C compiler ABI info - done
[0.879s] -- Check for working C compiler: /usr/bin/cc - skipped
[0.879s] -- Detecting C compile features
[0.880s] -- Detecting C compile features - done
[0.885s] -- Detecting CXX compiler ABI info
[1.021s] -- Detecting CXX compiler ABI info - done
[1.032s] -- Check for working CXX compiler: /usr/bin/c++ - skipped
[1.032s] -- Detecting CXX compile features
[1.033s] -- Detecting CXX compile features - done
[1.045s] -- Found ament_cmake: 1.3.8 (/opt/ros/humble/share/ament_cmake/cmake)
[1.279s] -- Found Python3: /usr/bin/python3 (found version "3.10.12") found components: Interpreter 
[1.376s] -- Override CMake install command with custom implementation using symlinks instead of copying resources
[1.463s] -- Found ament_lint_auto: 0.12.10 (/opt/ros/humble/share/ament_lint_auto/cmake)
[1.598s] -- Added test 'lint_cmake' to check CMake code style
[1.600s] -- Added test 'xmllint' to check XML markup files
[1.604s] -- Configuring done
[1.608s] -- Generating done
[1.609s] -- Build files have been written to: /home/asimkumar/asitlorbotsix_ws/build/asitlorbotsix_description
[1.616s] Invoked command in '/home/asimkumar/asitlorbotsix_ws/build/asitlorbotsix_description' returned '0': CMAKE_PREFIX_PATH=${CMAKE_PREFIX_PATH}:/opt/ros/humble /usr/bin/cmake /home/asimkumar/asitlorbotsix_ws/src/asitlorbotsix_description -DAMENT_CMAKE_SYMLINK_INSTALL=1 -DCMAKE_INSTALL_PREFIX=/home/asimkumar/asitlorbotsix_ws/install/asitlorbotsix_description
[1.621s] Invoking command in '/home/asimkumar/asitlorbotsix_ws/build/asitlorbotsix_description': CMAKE_PREFIX_PATH=${CMAKE_PREFIX_PATH}:/opt/ros/humble /usr/bin/cmake --build /home/asimkumar/asitlorbotsix_ws/build/asitlorbotsix_description -- -j8 -l8
[1.691s] Invoked command in '/home/asimkumar/asitlorbotsix_ws/build/asitlorbotsix_description' returned '0': CMAKE_PREFIX_PATH=${CMAKE_PREFIX_PATH}:/opt/ros/humble /usr/bin/cmake --build /home/asimkumar/asitlorbotsix_ws/build/asitlorbotsix_description -- -j8 -l8
[1.756s] Invoking command in '/home/asimkumar/asitlorbotsix_ws/build/asitlorbotsix_description': CMAKE_PREFIX_PATH=${CMAKE_PREFIX_PATH}:/opt/ros/humble /usr/bin/cmake --install /home/asimkumar/asitlorbotsix_ws/build/asitlorbotsix_description
[1.768s] -- Install configuration: ""
[1.769s] -- Execute custom install script
[1.769s] -- Symlinking: /home/asimkumar/asitlorbotsix_ws/install/asitlorbotsix_description/share/ament_index/resource_index/package_run_dependencies/asitlorbotsix_description
[1.786s] -- Symlinking: /home/asimkumar/asitlorbotsix_ws/install/asitlorbotsix_description/share/ament_index/resource_index/parent_prefix_path/asitlorbotsix_description
[1.803s] -- Symlinking: /home/asimkumar/asitlorbotsix_ws/install/asitlorbotsix_description/share/asitlorbotsix_description/environment/ament_prefix_path.sh
[1.820s] -- Symlinking: /home/asimkumar/asitlorbotsix_ws/install/asitlorbotsix_description/share/asitlorbotsix_description/environment/ament_prefix_path.dsv
[1.838s] -- Symlinking: /home/asimkumar/asitlorbotsix_ws/install/asitlorbotsix_description/share/asitlorbotsix_description/environment/path.sh
[1.854s] -- Symlinking: /home/asimkumar/asitlorbotsix_ws/install/asitlorbotsix_description/share/asitlorbotsix_description/environment/path.dsv
[1.870s] -- Symlinking: /home/asimkumar/asitlorbotsix_ws/install/asitlorbotsix_description/share/asitlorbotsix_description/local_setup.bash
[1.886s] -- Symlinking: /home/asimkumar/asitlorbotsix_ws/install/asitlorbotsix_description/share/asitlorbotsix_description/local_setup.sh
[1.904s] -- Symlinking: /home/asimkumar/asitlorbotsix_ws/install/asitlorbotsix_description/share/asitlorbotsix_description/local_setup.zsh
[1.920s] -- Symlinking: /home/asimkumar/asitlorbotsix_ws/install/asitlorbotsix_description/share/asitlorbotsix_description/local_setup.dsv
[1.938s] -- Symlinking: /home/asimkumar/asitlorbotsix_ws/install/asitlorbotsix_description/share/asitlorbotsix_description/package.dsv
[1.954s] -- Symlinking: /home/asimkumar/asitlorbotsix_ws/install/asitlorbotsix_description/share/ament_index/resource_index/packages/asitlorbotsix_description
[1.970s] -- Symlinking: /home/asimkumar/asitlorbotsix_ws/install/asitlorbotsix_description/share/asitlorbotsix_description/cmake/asitlorbotsix_descriptionConfig.cmake
[1.986s] -- Symlinking: /home/asimkumar/asitlorbotsix_ws/install/asitlorbotsix_description/share/asitlorbotsix_description/cmake/asitlorbotsix_descriptionConfig-version.cmake
[2.003s] -- Symlinking: /home/asimkumar/asitlorbotsix_ws/install/asitlorbotsix_description/share/asitlorbotsix_description/package.xml
[2.024s] Invoked command in '/home/asimkumar/asitlorbotsix_ws/build/asitlorbotsix_description' returned '0': CMAKE_PREFIX_PATH=${CMAKE_PREFIX_PATH}:/opt/ros/humble /usr/bin/cmake --install /home/asimkumar/asitlorbotsix_ws/build/asitlorbotsix_description
