[0.517s] Invoking command in '/home/asimkumar/asitlorbotsix_ws/build/asitlorbotsix_autonomy': CMAKE_PREFIX_PATH=${CMAKE_PREFIX_PATH}:/home/asimkumar/asitlorbotsix_ws/install/asitlorbot_six:/opt/ros/humble /usr/bin/cmake --build /home/asimkumar/asitlorbotsix_ws/build/asitlorbotsix_autonomy -- -j8 -l8
[0.577s] -- Found ament_cmake: 1.3.8 (/opt/ros/humble/share/ament_cmake/cmake)
[0.996s] -- Override CMake install command with custom implementation using symlinks instead of copying resources
[1.014s] -- Found rclcpp: 16.0.8 (/opt/ros/humble/share/rclcpp/cmake)
[1.102s] -- Found rosidl_generator_c: 3.1.5 (/opt/ros/humble/share/rosidl_generator_c/cmake)
[1.104s] -- Found rosidl_adapter: 3.1.5 (/opt/ros/humble/share/rosidl_adapter/cmake)
[1.116s] -- Found rosidl_generator_cpp: 3.1.5 (/opt/ros/humble/share/rosidl_generator_cpp/cmake)
[1.145s] -- Using all available rosidl_typesupport_c: rosidl_typesupport_fastrtps_c;rosidl_typesupport_introspection_c
[1.177s] -- Using all available rosidl_typesupport_cpp: rosidl_typesupport_fastrtps_cpp;rosidl_typesupport_introspection_cpp
[1.333s] -- Found rmw_implementation_cmake: 6.1.1 (/opt/ros/humble/share/rmw_implementation_cmake/cmake)
[1.337s] -- Found rmw_cyclonedds_cpp: 1.3.4 (/opt/ros/humble/share/rmw_cyclonedds_cpp/cmake)
[1.400s] -- Using RMW implementation 'rmw_cyclonedds_cpp' as default
[1.736s] -- Found rclcpp_action: 16.0.8 (/opt/ros/humble/share/rclcpp_action/cmake)
[1.881s] -- Found nav2_msgs: 1.1.14 (/opt/ros/humble/share/nav2_msgs/cmake)
[2.331s] -- Found tf2: 0.25.6 (/opt/ros/humble/share/tf2/cmake)
[2.343s] -- Found tf2_geometry_msgs: 0.25.6 (/opt/ros/humble/share/tf2_geometry_msgs/cmake)
[2.349s] -- Found eigen3_cmake_module: 0.1.1 (/opt/ros/humble/share/eigen3_cmake_module/cmake)
[2.351s] -- Ensuring Eigen3 include directory is part of orocos-kdl CMake target
[2.716s] [31mCMake Error at CMakeLists.txt:47 (target_include_directories):
[2.717s]   Cannot specify include directories for target "asitlorbotsix_autonomy"
[2.717s]   which is not built by this project.
[2.717s] 
[2.717s] [0m
[2.717s] -- Found ament_lint_auto: 0.12.10 (/opt/ros/humble/share/ament_lint_auto/cmake)
[2.827s] -- Added test 'cppcheck' to perform static code analysis on C / C++ code
[2.827s] -- Configured cppcheck include dirs: /home/asimkumar/asitlorbotsix_ws/src/asitlorbotsix_autonomy/include
[2.827s] -- Configured cppcheck exclude dirs and/or files: 
[2.827s] -- Added test 'flake8' to check Python code syntax and style conventions
[2.829s] -- Added test 'lint_cmake' to check CMake code style
[2.829s] -- Added test 'pep257' to check Python code against some of the docstring style conventions in PEP 257
[2.832s] -- Added test 'uncrustify' to check C / C++ code style
[2.832s] -- Configured uncrustify additional arguments: 
[2.832s] -- Added test 'xmllint' to check XML markup files
[2.834s] -- Configuring incomplete, errors occurred!
[2.835s] See also "/home/asimkumar/asitlorbotsix_ws/build/asitlorbotsix_autonomy/CMakeFiles/CMakeOutput.log".
[2.848s] gmake: *** [Makefile:294: cmake_check_build_system] Error 1
[2.852s] Invoked command in '/home/asimkumar/asitlorbotsix_ws/build/asitlorbotsix_autonomy' returned '2': CMAKE_PREFIX_PATH=${CMAKE_PREFIX_PATH}:/home/asimkumar/asitlorbotsix_ws/install/asitlorbot_six:/opt/ros/humble /usr/bin/cmake --build /home/asimkumar/asitlorbotsix_ws/build/asitlorbotsix_autonomy -- -j8 -l8
