[0.148s] DEBUG:colcon:Command line arguments: ['/usr/bin/colcon', 'build', '--symlink-install']
[0.148s] DEBUG:colcon:Parsed command line arguments: Namespace(log_base=None, log_level=None, verb_name='build', build_base='build', install_base='install', merge_install=False, symlink_install=True, test_result_base=None, continue_on_error=False, executor='parallel', parallel_workers=8, event_handlers=None, ignore_user_meta=False, metas=['./colcon.meta'], base_paths=['.'], packages_ignore=None, packages_ignore_regex=None, paths=None, packages_up_to=None, packages_up_to_regex=None, packages_above=None, packages_above_and_dependencies=None, packages_above_depth=None, packages_select_by_dep=None, packages_skip_by_dep=None, packages_skip_up_to=None, packages_select_build_failed=False, packages_skip_build_finished=False, packages_select_test_failures=False, packages_skip_test_passed=False, packages_select=None, packages_skip=None, packages_select_regex=None, packages_skip_regex=None, packages_start=None, packages_end=None, allow_overriding=[], cmake_args=None, cmake_target=None, cmake_target_skip_unavailable=False, cmake_clean_cache=False, cmake_clean_first=False, cmake_force_configure=False, ament_cmake_args=None, catkin_cmake_args=None, catkin_skip_building_tests=False, verb_parser=<colcon_defaults.argument_parser.defaults.DefaultArgumentsDecorator object at 0x768f8981cf70>, verb_extension=<colcon_core.verb.build.BuildVerb object at 0x768f89982830>, main=<bound method BuildVerb.main of <colcon_core.verb.build.BuildVerb object at 0x768f89982830>>)
[0.415s] Level 1:colcon.colcon_core.package_discovery:discover_packages(colcon_meta) check parameters
[0.416s] Level 1:colcon.colcon_core.package_discovery:discover_packages(recursive) check parameters
[0.416s] Level 1:colcon.colcon_core.package_discovery:discover_packages(ignore) check parameters
[0.416s] Level 1:colcon.colcon_core.package_discovery:discover_packages(path) check parameters
[0.416s] Level 1:colcon.colcon_core.package_discovery:discover_packages(colcon_meta) discover
[0.416s] Level 1:colcon.colcon_core.package_discovery:discover_packages(recursive) discover
[0.416s] INFO:colcon.colcon_core.package_discovery:Crawling recursively for packages in '/home/asimkumar/asitlorbotsix_ws'
[0.416s] Level 1:colcon.colcon_core.package_identification:_identify(.) by extensions ['ignore', 'ignore_ament_install']
[0.416s] Level 1:colcon.colcon_core.package_identification:_identify(.) by extension 'ignore'
[0.416s] Level 1:colcon.colcon_core.package_identification:_identify(.) by extension 'ignore_ament_install'
[0.416s] Level 1:colcon.colcon_core.package_identification:_identify(.) by extensions ['colcon_pkg']
[0.416s] Level 1:colcon.colcon_core.package_identification:_identify(.) by extension 'colcon_pkg'
[0.416s] Level 1:colcon.colcon_core.package_identification:_identify(.) by extensions ['colcon_meta']
[0.416s] Level 1:colcon.colcon_core.package_identification:_identify(.) by extension 'colcon_meta'
[0.416s] Level 1:colcon.colcon_core.package_identification:_identify(.) by extensions ['ros']
[0.416s] Level 1:colcon.colcon_core.package_identification:_identify(.) by extension 'ros'
[0.431s] Level 1:colcon.colcon_core.package_identification:_identify(.) by extensions ['cmake', 'python']
[0.431s] Level 1:colcon.colcon_core.package_identification:_identify(.) by extension 'cmake'
[0.431s] Level 1:colcon.colcon_core.package_identification:_identify(.) by extension 'python'
[0.431s] Level 1:colcon.colcon_core.package_identification:_identify(.) by extensions ['python_setup_py']
[0.431s] Level 1:colcon.colcon_core.package_identification:_identify(.) by extension 'python_setup_py'
[0.431s] Level 1:colcon.colcon_core.package_identification:_identify(build) by extensions ['ignore', 'ignore_ament_install']
[0.431s] Level 1:colcon.colcon_core.package_identification:_identify(build) by extension 'ignore'
[0.431s] Level 1:colcon.colcon_core.package_identification:_identify(build) ignored
[0.432s] Level 1:colcon.colcon_core.package_identification:_identify(install) by extensions ['ignore', 'ignore_ament_install']
[0.432s] Level 1:colcon.colcon_core.package_identification:_identify(install) by extension 'ignore'
[0.432s] Level 1:colcon.colcon_core.package_identification:_identify(install) ignored
[0.432s] Level 1:colcon.colcon_core.package_identification:_identify(log) by extensions ['ignore', 'ignore_ament_install']
[0.432s] Level 1:colcon.colcon_core.package_identification:_identify(log) by extension 'ignore'
[0.432s] Level 1:colcon.colcon_core.package_identification:_identify(log) ignored
[0.432s] Level 1:colcon.colcon_core.package_identification:_identify(src) by extensions ['ignore', 'ignore_ament_install']
[0.432s] Level 1:colcon.colcon_core.package_identification:_identify(src) by extension 'ignore'
[0.432s] Level 1:colcon.colcon_core.package_identification:_identify(src) by extension 'ignore_ament_install'
[0.432s] Level 1:colcon.colcon_core.package_identification:_identify(src) by extensions ['colcon_pkg']
[0.432s] Level 1:colcon.colcon_core.package_identification:_identify(src) by extension 'colcon_pkg'
[0.433s] Level 1:colcon.colcon_core.package_identification:_identify(src) by extensions ['colcon_meta']
[0.433s] Level 1:colcon.colcon_core.package_identification:_identify(src) by extension 'colcon_meta'
[0.433s] Level 1:colcon.colcon_core.package_identification:_identify(src) by extensions ['ros']
[0.433s] Level 1:colcon.colcon_core.package_identification:_identify(src) by extension 'ros'
[0.433s] Level 1:colcon.colcon_core.package_identification:_identify(src) by extensions ['cmake', 'python']
[0.433s] Level 1:colcon.colcon_core.package_identification:_identify(src) by extension 'cmake'
[0.433s] Level 1:colcon.colcon_core.package_identification:_identify(src) by extension 'python'
[0.433s] Level 1:colcon.colcon_core.package_identification:_identify(src) by extensions ['python_setup_py']
[0.433s] Level 1:colcon.colcon_core.package_identification:_identify(src) by extension 'python_setup_py'
[0.433s] Level 1:colcon.colcon_core.package_identification:_identify(src/asitlorbot_six) by extensions ['ignore', 'ignore_ament_install']
[0.433s] Level 1:colcon.colcon_core.package_identification:_identify(src/asitlorbot_six) by extension 'ignore'
[0.433s] Level 1:colcon.colcon_core.package_identification:_identify(src/asitlorbot_six) by extension 'ignore_ament_install'
[0.433s] Level 1:colcon.colcon_core.package_identification:_identify(src/asitlorbot_six) by extensions ['colcon_pkg']
[0.433s] Level 1:colcon.colcon_core.package_identification:_identify(src/asitlorbot_six) by extension 'colcon_pkg'
[0.433s] Level 1:colcon.colcon_core.package_identification:_identify(src/asitlorbot_six) by extensions ['colcon_meta']
[0.433s] Level 1:colcon.colcon_core.package_identification:_identify(src/asitlorbot_six) by extension 'colcon_meta'
[0.433s] Level 1:colcon.colcon_core.package_identification:_identify(src/asitlorbot_six) by extensions ['ros']
[0.434s] Level 1:colcon.colcon_core.package_identification:_identify(src/asitlorbot_six) by extension 'ros'
[0.437s] DEBUG:colcon.colcon_core.package_identification:Package 'src/asitlorbot_six' with type 'ros.ament_python' and name 'asitlorbot_six'
[0.437s] Level 1:colcon.colcon_core.package_identification:_identify(src/asitlorbotsix_description) by extensions ['ignore', 'ignore_ament_install']
[0.437s] Level 1:colcon.colcon_core.package_identification:_identify(src/asitlorbotsix_description) by extension 'ignore'
[0.437s] Level 1:colcon.colcon_core.package_identification:_identify(src/asitlorbotsix_description) by extension 'ignore_ament_install'
[0.437s] Level 1:colcon.colcon_core.package_identification:_identify(src/asitlorbotsix_description) by extensions ['colcon_pkg']
[0.437s] Level 1:colcon.colcon_core.package_identification:_identify(src/asitlorbotsix_description) by extension 'colcon_pkg'
[0.437s] Level 1:colcon.colcon_core.package_identification:_identify(src/asitlorbotsix_description) by extensions ['colcon_meta']
[0.437s] Level 1:colcon.colcon_core.package_identification:_identify(src/asitlorbotsix_description) by extension 'colcon_meta'
[0.437s] Level 1:colcon.colcon_core.package_identification:_identify(src/asitlorbotsix_description) by extensions ['ros']
[0.437s] Level 1:colcon.colcon_core.package_identification:_identify(src/asitlorbotsix_description) by extension 'ros'
[0.441s] DEBUG:colcon.colcon_core.package_identification:Package 'src/asitlorbotsix_description' with type 'ros.ament_cmake' and name 'asitlorbotsix_description'
[0.441s] Level 1:colcon.colcon_core.package_identification:_identify(src/asitlotbotsix_controller) by extensions ['ignore', 'ignore_ament_install']
[0.441s] Level 1:colcon.colcon_core.package_identification:_identify(src/asitlotbotsix_controller) by extension 'ignore'
[0.441s] Level 1:colcon.colcon_core.package_identification:_identify(src/asitlotbotsix_controller) by extension 'ignore_ament_install'
[0.441s] Level 1:colcon.colcon_core.package_identification:_identify(src/asitlotbotsix_controller) by extensions ['colcon_pkg']
[0.441s] Level 1:colcon.colcon_core.package_identification:_identify(src/asitlotbotsix_controller) by extension 'colcon_pkg'
[0.441s] Level 1:colcon.colcon_core.package_identification:_identify(src/asitlotbotsix_controller) by extensions ['colcon_meta']
[0.441s] Level 1:colcon.colcon_core.package_identification:_identify(src/asitlotbotsix_controller) by extension 'colcon_meta'
[0.441s] Level 1:colcon.colcon_core.package_identification:_identify(src/asitlotbotsix_controller) by extensions ['ros']
[0.441s] Level 1:colcon.colcon_core.package_identification:_identify(src/asitlotbotsix_controller) by extension 'ros'
[0.442s] DEBUG:colcon.colcon_core.package_identification:Package 'src/asitlotbotsix_controller' with type 'ros.ament_cmake' and name 'asitlotbotsix_controller'
[0.442s] Level 1:colcon.colcon_core.package_discovery:discover_packages(recursive) using defaults
[0.442s] Level 1:colcon.colcon_core.package_discovery:discover_packages(ignore) discover
[0.442s] Level 1:colcon.colcon_core.package_discovery:discover_packages(ignore) using defaults
[0.442s] Level 1:colcon.colcon_core.package_discovery:discover_packages(path) discover
[0.442s] Level 1:colcon.colcon_core.package_discovery:discover_packages(path) using defaults
[0.483s] Level 1:colcon.colcon_core.package_discovery:discover_packages(prefix_path) check parameters
[0.483s] Level 1:colcon.colcon_core.package_discovery:discover_packages(prefix_path) discover
[0.487s] DEBUG:colcon.colcon_installed_package_information.package_discovery:Found 20 installed packages in /home/asimkumar/asitlor_ws/install
[0.488s] DEBUG:colcon.colcon_installed_package_information.package_discovery:Found 2 installed packages in /home/asimkumar/asitlorbotsix_ws/install
[0.489s] DEBUG:colcon.colcon_installed_package_information.package_discovery:Found 1 installed packages in /home/asimkumar/turtlebot3_1/install
[0.491s] DEBUG:colcon.colcon_installed_package_information.package_discovery:Found 347 installed packages in /opt/ros/humble
[0.493s] Level 1:colcon.colcon_core.package_discovery:discover_packages(prefix_path) using defaults
[0.555s] Level 5:colcon.colcon_core.verb:set package 'asitlorbot_six' build argument 'cmake_args' from command line to 'None'
[0.556s] Level 5:colcon.colcon_core.verb:set package 'asitlorbot_six' build argument 'cmake_target' from command line to 'None'
[0.556s] Level 5:colcon.colcon_core.verb:set package 'asitlorbot_six' build argument 'cmake_target_skip_unavailable' from command line to 'False'
[0.556s] Level 5:colcon.colcon_core.verb:set package 'asitlorbot_six' build argument 'cmake_clean_cache' from command line to 'False'
[0.556s] Level 5:colcon.colcon_core.verb:set package 'asitlorbot_six' build argument 'cmake_clean_first' from command line to 'False'
[0.556s] Level 5:colcon.colcon_core.verb:set package 'asitlorbot_six' build argument 'cmake_force_configure' from command line to 'False'
[0.556s] Level 5:colcon.colcon_core.verb:set package 'asitlorbot_six' build argument 'ament_cmake_args' from command line to 'None'
[0.556s] Level 5:colcon.colcon_core.verb:set package 'asitlorbot_six' build argument 'catkin_cmake_args' from command line to 'None'
[0.556s] Level 5:colcon.colcon_core.verb:set package 'asitlorbot_six' build argument 'catkin_skip_building_tests' from command line to 'False'
[0.556s] DEBUG:colcon.colcon_core.verb:Building package 'asitlorbot_six' with the following arguments: {'ament_cmake_args': None, 'build_base': '/home/asimkumar/asitlorbotsix_ws/build/asitlorbot_six', 'catkin_cmake_args': None, 'catkin_skip_building_tests': False, 'cmake_args': None, 'cmake_clean_cache': False, 'cmake_clean_first': False, 'cmake_force_configure': False, 'cmake_target': None, 'cmake_target_skip_unavailable': False, 'install_base': '/home/asimkumar/asitlorbotsix_ws/install/asitlorbot_six', 'merge_install': False, 'path': '/home/asimkumar/asitlorbotsix_ws/src/asitlorbot_six', 'symlink_install': True, 'test_result_base': None}
[0.556s] Level 5:colcon.colcon_core.verb:set package 'asitlorbotsix_description' build argument 'cmake_args' from command line to 'None'
[0.556s] Level 5:colcon.colcon_core.verb:set package 'asitlorbotsix_description' build argument 'cmake_target' from command line to 'None'
[0.556s] Level 5:colcon.colcon_core.verb:set package 'asitlorbotsix_description' build argument 'cmake_target_skip_unavailable' from command line to 'False'
[0.556s] Level 5:colcon.colcon_core.verb:set package 'asitlorbotsix_description' build argument 'cmake_clean_cache' from command line to 'False'
[0.556s] Level 5:colcon.colcon_core.verb:set package 'asitlorbotsix_description' build argument 'cmake_clean_first' from command line to 'False'
[0.556s] Level 5:colcon.colcon_core.verb:set package 'asitlorbotsix_description' build argument 'cmake_force_configure' from command line to 'False'
[0.556s] Level 5:colcon.colcon_core.verb:set package 'asitlorbotsix_description' build argument 'ament_cmake_args' from command line to 'None'
[0.557s] Level 5:colcon.colcon_core.verb:set package 'asitlorbotsix_description' build argument 'catkin_cmake_args' from command line to 'None'
[0.557s] Level 5:colcon.colcon_core.verb:set package 'asitlorbotsix_description' build argument 'catkin_skip_building_tests' from command line to 'False'
[0.557s] DEBUG:colcon.colcon_core.verb:Building package 'asitlorbotsix_description' with the following arguments: {'ament_cmake_args': None, 'build_base': '/home/asimkumar/asitlorbotsix_ws/build/asitlorbotsix_description', 'catkin_cmake_args': None, 'catkin_skip_building_tests': False, 'cmake_args': None, 'cmake_clean_cache': False, 'cmake_clean_first': False, 'cmake_force_configure': False, 'cmake_target': None, 'cmake_target_skip_unavailable': False, 'install_base': '/home/asimkumar/asitlorbotsix_ws/install/asitlorbotsix_description', 'merge_install': False, 'path': '/home/asimkumar/asitlorbotsix_ws/src/asitlorbotsix_description', 'symlink_install': True, 'test_result_base': None}
[0.557s] Level 5:colcon.colcon_core.verb:set package 'asitlotbotsix_controller' build argument 'cmake_args' from command line to 'None'
[0.557s] Level 5:colcon.colcon_core.verb:set package 'asitlotbotsix_controller' build argument 'cmake_target' from command line to 'None'
[0.557s] Level 5:colcon.colcon_core.verb:set package 'asitlotbotsix_controller' build argument 'cmake_target_skip_unavailable' from command line to 'False'
[0.557s] Level 5:colcon.colcon_core.verb:set package 'asitlotbotsix_controller' build argument 'cmake_clean_cache' from command line to 'False'
[0.557s] Level 5:colcon.colcon_core.verb:set package 'asitlotbotsix_controller' build argument 'cmake_clean_first' from command line to 'False'
[0.557s] Level 5:colcon.colcon_core.verb:set package 'asitlotbotsix_controller' build argument 'cmake_force_configure' from command line to 'False'
[0.557s] Level 5:colcon.colcon_core.verb:set package 'asitlotbotsix_controller' build argument 'ament_cmake_args' from command line to 'None'
[0.557s] Level 5:colcon.colcon_core.verb:set package 'asitlotbotsix_controller' build argument 'catkin_cmake_args' from command line to 'None'
[0.557s] Level 5:colcon.colcon_core.verb:set package 'asitlotbotsix_controller' build argument 'catkin_skip_building_tests' from command line to 'False'
[0.557s] DEBUG:colcon.colcon_core.verb:Building package 'asitlotbotsix_controller' with the following arguments: {'ament_cmake_args': None, 'build_base': '/home/asimkumar/asitlorbotsix_ws/build/asitlotbotsix_controller', 'catkin_cmake_args': None, 'catkin_skip_building_tests': False, 'cmake_args': None, 'cmake_clean_cache': False, 'cmake_clean_first': False, 'cmake_force_configure': False, 'cmake_target': None, 'cmake_target_skip_unavailable': False, 'install_base': '/home/asimkumar/asitlorbotsix_ws/install/asitlotbotsix_controller', 'merge_install': False, 'path': '/home/asimkumar/asitlorbotsix_ws/src/asitlotbotsix_controller', 'symlink_install': True, 'test_result_base': None}
[0.557s] INFO:colcon.colcon_core.executor:Executing jobs using 'parallel' executor
[0.559s] DEBUG:colcon.colcon_parallel_executor.executor.parallel:run_until_complete
[0.559s] INFO:colcon.colcon_ros.task.ament_python.build:Building ROS package in '/home/asimkumar/asitlorbotsix_ws/src/asitlorbot_six' with build type 'ament_python'
[0.559s] Level 1:colcon.colcon_core.shell:create_environment_hook('asitlorbot_six', 'ament_prefix_path')
[0.562s] INFO:colcon.colcon_core.plugin_system:Skipping extension 'colcon_core.shell.bat': Not used on non-Windows systems
[0.562s] INFO:colcon.colcon_core.shell:Creating environment hook '/home/asimkumar/asitlorbotsix_ws/install/asitlorbot_six/share/asitlorbot_six/hook/ament_prefix_path.ps1'
[0.563s] INFO:colcon.colcon_core.shell:Creating environment descriptor '/home/asimkumar/asitlorbotsix_ws/install/asitlorbot_six/share/asitlorbot_six/hook/ament_prefix_path.dsv'
[0.564s] INFO:colcon.colcon_core.shell:Creating environment hook '/home/asimkumar/asitlorbotsix_ws/install/asitlorbot_six/share/asitlorbot_six/hook/ament_prefix_path.sh'
[0.565s] INFO:colcon.colcon_core.shell:Skip shell extension 'powershell' for command environment: Not usable outside of PowerShell
[0.565s] DEBUG:colcon.colcon_core.shell:Skip shell extension 'dsv' for command environment
[0.573s] INFO:colcon.colcon_ros.task.ament_cmake.build:Building ROS package in '/home/asimkumar/asitlorbotsix_ws/src/asitlorbotsix_description' with build type 'ament_cmake'
[0.573s] INFO:colcon.colcon_cmake.task.cmake.build:Building CMake package in '/home/asimkumar/asitlorbotsix_ws/src/asitlorbotsix_description'
[0.573s] INFO:colcon.colcon_core.shell:Skip shell extension 'powershell' for command environment: Not usable outside of PowerShell
[0.573s] DEBUG:colcon.colcon_core.shell:Skip shell extension 'dsv' for command environment
[0.580s] INFO:colcon.colcon_ros.task.ament_cmake.build:Building ROS package in '/home/asimkumar/asitlorbotsix_ws/src/asitlotbotsix_controller' with build type 'ament_cmake'
[0.581s] INFO:colcon.colcon_cmake.task.cmake.build:Building CMake package in '/home/asimkumar/asitlorbotsix_ws/src/asitlotbotsix_controller'
[0.581s] INFO:colcon.colcon_core.shell:Skip shell extension 'powershell' for command environment: Not usable outside of PowerShell
[0.581s] DEBUG:colcon.colcon_core.shell:Skip shell extension 'dsv' for command environment
[1.005s] INFO:colcon.colcon_core.task.python.build:Building Python package in '/home/asimkumar/asitlorbotsix_ws/src/asitlorbot_six'
[1.005s] INFO:colcon.colcon_core.shell:Skip shell extension 'powershell' for command environment: Not usable outside of PowerShell
[1.005s] DEBUG:colcon.colcon_core.shell:Skip shell extension 'dsv' for command environment
[1.018s] DEBUG:colcon.colcon_core.event_handler.log_command:Invoking command in '/home/asimkumar/asitlorbotsix_ws/build/asitlorbotsix_description': CMAKE_PREFIX_PATH=${CMAKE_PREFIX_PATH}:/home/asimkumar/asitlorbotsix_ws/install/asitlorbot_six:/opt/ros/humble /usr/bin/cmake --build /home/asimkumar/asitlorbotsix_ws/build/asitlorbotsix_description -- -j8 -l8
[1.024s] DEBUG:colcon.colcon_core.event_handler.log_command:Invoking command in '/home/asimkumar/asitlorbotsix_ws/build/asitlotbotsix_controller': CMAKE_PREFIX_PATH=${CMAKE_PREFIX_PATH}:/home/asimkumar/asitlorbotsix_ws/install/asitlorbot_six:/opt/ros/humble /usr/bin/cmake /home/asimkumar/asitlorbotsix_ws/src/asitlotbotsix_controller -DAMENT_CMAKE_SYMLINK_INSTALL=1 -DCMAKE_INSTALL_PREFIX=/home/asimkumar/asitlorbotsix_ws/install/asitlotbotsix_controller
[1.093s] DEBUG:colcon.colcon_core.event_handler.log_command:Invoked command in '/home/asimkumar/asitlorbotsix_ws/build/asitlorbotsix_description' returned '0': CMAKE_PREFIX_PATH=${CMAKE_PREFIX_PATH}:/home/asimkumar/asitlorbotsix_ws/install/asitlorbot_six:/opt/ros/humble /usr/bin/cmake --build /home/asimkumar/asitlorbotsix_ws/build/asitlorbotsix_description -- -j8 -l8
[1.157s] DEBUG:colcon.colcon_core.event_handler.log_command:Invoking command in '/home/asimkumar/asitlorbotsix_ws/build/asitlorbotsix_description': CMAKE_PREFIX_PATH=${CMAKE_PREFIX_PATH}:/home/asimkumar/asitlorbotsix_ws/install/asitlorbot_six:/opt/ros/humble /usr/bin/cmake --install /home/asimkumar/asitlorbotsix_ws/build/asitlorbotsix_description
[1.201s] Level 1:colcon.colcon_core.environment:create_environment_scripts_only(asitlorbotsix_description)
[1.202s] DEBUG:colcon.colcon_core.event_handler.log_command:Invoked command in '/home/asimkumar/asitlorbotsix_ws/build/asitlorbotsix_description' returned '0': CMAKE_PREFIX_PATH=${CMAKE_PREFIX_PATH}:/home/asimkumar/asitlorbotsix_ws/install/asitlorbot_six:/opt/ros/humble /usr/bin/cmake --install /home/asimkumar/asitlorbotsix_ws/build/asitlorbotsix_description
[1.205s] Level 1:colcon.colcon_core.environment:checking '/home/asimkumar/asitlorbotsix_ws/install/asitlorbotsix_description' for CMake module files
[1.206s] Level 1:colcon.colcon_core.environment:checking '/home/asimkumar/asitlorbotsix_ws/install/asitlorbotsix_description' for CMake config files
[1.206s] Level 1:colcon.colcon_core.shell:create_environment_hook('asitlorbotsix_description', 'cmake_prefix_path')
[1.207s] INFO:colcon.colcon_core.shell:Creating environment hook '/home/asimkumar/asitlorbotsix_ws/install/asitlorbotsix_description/share/asitlorbotsix_description/hook/cmake_prefix_path.ps1'
[1.207s] INFO:colcon.colcon_core.shell:Creating environment descriptor '/home/asimkumar/asitlorbotsix_ws/install/asitlorbotsix_description/share/asitlorbotsix_description/hook/cmake_prefix_path.dsv'
[1.208s] INFO:colcon.colcon_core.shell:Creating environment hook '/home/asimkumar/asitlorbotsix_ws/install/asitlorbotsix_description/share/asitlorbotsix_description/hook/cmake_prefix_path.sh'
[1.209s] Level 1:colcon.colcon_core.environment:checking '/home/asimkumar/asitlorbotsix_ws/install/asitlorbotsix_description/bin'
[1.209s] Level 1:colcon.colcon_core.environment:checking '/home/asimkumar/asitlorbotsix_ws/install/asitlorbotsix_description/lib/pkgconfig/asitlorbotsix_description.pc'
[1.209s] Level 1:colcon.colcon_core.environment:checking '/home/asimkumar/asitlorbotsix_ws/install/asitlorbotsix_description/lib/python3.10/site-packages'
[1.210s] Level 1:colcon.colcon_core.environment:checking '/home/asimkumar/asitlorbotsix_ws/install/asitlorbotsix_description/bin'
[1.210s] INFO:colcon.colcon_core.shell:Creating package script '/home/asimkumar/asitlorbotsix_ws/install/asitlorbotsix_description/share/asitlorbotsix_description/package.ps1'
[1.211s] INFO:colcon.colcon_core.shell:Creating package descriptor '/home/asimkumar/asitlorbotsix_ws/install/asitlorbotsix_description/share/asitlorbotsix_description/package.dsv'
[1.212s] INFO:colcon.colcon_core.shell:Creating package script '/home/asimkumar/asitlorbotsix_ws/install/asitlorbotsix_description/share/asitlorbotsix_description/package.sh'
[1.213s] INFO:colcon.colcon_core.shell:Creating package script '/home/asimkumar/asitlorbotsix_ws/install/asitlorbotsix_description/share/asitlorbotsix_description/package.bash'
[1.214s] INFO:colcon.colcon_core.shell:Creating package script '/home/asimkumar/asitlorbotsix_ws/install/asitlorbotsix_description/share/asitlorbotsix_description/package.zsh'
[1.215s] Level 1:colcon.colcon_core.environment:create_file_with_runtime_dependencies(/home/asimkumar/asitlorbotsix_ws/install/asitlorbotsix_description/share/colcon-core/packages/asitlorbotsix_description)
[1.258s] Level 1:colcon.colcon_core.environment:create_environment_scripts_only(asitlorbotsix_description)
[1.258s] Level 1:colcon.colcon_core.environment:checking '/home/asimkumar/asitlorbotsix_ws/install/asitlorbotsix_description' for CMake module files
[1.259s] Level 1:colcon.colcon_core.environment:checking '/home/asimkumar/asitlorbotsix_ws/install/asitlorbotsix_description' for CMake config files
[1.259s] Level 1:colcon.colcon_core.shell:create_environment_hook('asitlorbotsix_description', 'cmake_prefix_path')
[1.259s] INFO:colcon.colcon_core.shell:Creating environment hook '/home/asimkumar/asitlorbotsix_ws/install/asitlorbotsix_description/share/asitlorbotsix_description/hook/cmake_prefix_path.ps1'
[1.260s] INFO:colcon.colcon_core.shell:Creating environment descriptor '/home/asimkumar/asitlorbotsix_ws/install/asitlorbotsix_description/share/asitlorbotsix_description/hook/cmake_prefix_path.dsv'
[1.261s] INFO:colcon.colcon_core.shell:Creating environment hook '/home/asimkumar/asitlorbotsix_ws/install/asitlorbotsix_description/share/asitlorbotsix_description/hook/cmake_prefix_path.sh'
[1.261s] Level 1:colcon.colcon_core.environment:checking '/home/asimkumar/asitlorbotsix_ws/install/asitlorbotsix_description/bin'
[1.261s] Level 1:colcon.colcon_core.environment:checking '/home/asimkumar/asitlorbotsix_ws/install/asitlorbotsix_description/lib/pkgconfig/asitlorbotsix_description.pc'
[1.262s] Level 1:colcon.colcon_core.environment:checking '/home/asimkumar/asitlorbotsix_ws/install/asitlorbotsix_description/lib/python3.10/site-packages'
[1.262s] Level 1:colcon.colcon_core.environment:checking '/home/asimkumar/asitlorbotsix_ws/install/asitlorbotsix_description/bin'
[1.262s] INFO:colcon.colcon_core.shell:Creating package script '/home/asimkumar/asitlorbotsix_ws/install/asitlorbotsix_description/share/asitlorbotsix_description/package.ps1'
[1.263s] INFO:colcon.colcon_core.shell:Creating package descriptor '/home/asimkumar/asitlorbotsix_ws/install/asitlorbotsix_description/share/asitlorbotsix_description/package.dsv'
[1.263s] INFO:colcon.colcon_core.shell:Creating package script '/home/asimkumar/asitlorbotsix_ws/install/asitlorbotsix_description/share/asitlorbotsix_description/package.sh'
[1.264s] INFO:colcon.colcon_core.shell:Creating package script '/home/asimkumar/asitlorbotsix_ws/install/asitlorbotsix_description/share/asitlorbotsix_description/package.bash'
[1.264s] INFO:colcon.colcon_core.shell:Creating package script '/home/asimkumar/asitlorbotsix_ws/install/asitlorbotsix_description/share/asitlorbotsix_description/package.zsh'
[1.265s] Level 1:colcon.colcon_core.environment:create_file_with_runtime_dependencies(/home/asimkumar/asitlorbotsix_ws/install/asitlorbotsix_description/share/colcon-core/packages/asitlorbotsix_description)
[1.691s] DEBUG:colcon.colcon_core.event_handler.log_command:Invoking command in '/home/asimkumar/asitlorbotsix_ws/build/asitlorbot_six': PYTHONPATH=/home/asimkumar/asitlorbotsix_ws/build/asitlorbot_six/prefix_override:/home/asimkumar/asitlorbotsix_ws/install/asitlorbot_six/lib/python3.10/site-packages:${PYTHONPATH} /usr/bin/python3 -W ignore:setup.py install is deprecated setup.py develop --editable --build-directory /home/asimkumar/asitlorbotsix_ws/build/asitlorbot_six/build --no-deps symlink_data
[2.134s] DEBUG:colcon.colcon_core.event_handler.log_command:Invoked command in '/home/asimkumar/asitlorbotsix_ws/build/asitlotbotsix_controller' returned '0': CMAKE_PREFIX_PATH=${CMAKE_PREFIX_PATH}:/home/asimkumar/asitlorbotsix_ws/install/asitlorbot_six:/opt/ros/humble /usr/bin/cmake /home/asimkumar/asitlorbotsix_ws/src/asitlotbotsix_controller -DAMENT_CMAKE_SYMLINK_INSTALL=1 -DCMAKE_INSTALL_PREFIX=/home/asimkumar/asitlorbotsix_ws/install/asitlotbotsix_controller
[2.136s] DEBUG:colcon.colcon_core.event_handler.log_command:Invoking command in '/home/asimkumar/asitlorbotsix_ws/build/asitlotbotsix_controller': CMAKE_PREFIX_PATH=${CMAKE_PREFIX_PATH}:/home/asimkumar/asitlorbotsix_ws/install/asitlorbot_six:/opt/ros/humble /usr/bin/cmake --build /home/asimkumar/asitlorbotsix_ws/build/asitlotbotsix_controller -- -j8 -l8
[2.208s] DEBUG:colcon.colcon_core.event_handler.log_command:Invoked command in '/home/asimkumar/asitlorbotsix_ws/build/asitlotbotsix_controller' returned '0': CMAKE_PREFIX_PATH=${CMAKE_PREFIX_PATH}:/home/asimkumar/asitlorbotsix_ws/install/asitlorbot_six:/opt/ros/humble /usr/bin/cmake --build /home/asimkumar/asitlorbotsix_ws/build/asitlotbotsix_controller -- -j8 -l8
[2.255s] DEBUG:colcon.colcon_core.event_handler.log_command:Invoking command in '/home/asimkumar/asitlorbotsix_ws/build/asitlotbotsix_controller': CMAKE_PREFIX_PATH=${CMAKE_PREFIX_PATH}:/home/asimkumar/asitlorbotsix_ws/install/asitlorbot_six:/opt/ros/humble /usr/bin/cmake --install /home/asimkumar/asitlorbotsix_ws/build/asitlotbotsix_controller
[2.532s] Level 1:colcon.colcon_core.shell:create_environment_hook('asitlorbot_six', 'pythonpath_develop')
[2.533s] INFO:colcon.colcon_core.shell:Creating environment hook '/home/asimkumar/asitlorbotsix_ws/build/asitlorbot_six/share/asitlorbot_six/hook/pythonpath_develop.ps1'
[2.533s] DEBUG:colcon.colcon_core.event_handler.log_command:Invoked command in '/home/asimkumar/asitlorbotsix_ws/build/asitlorbot_six' returned '0': PYTHONPATH=/home/asimkumar/asitlorbotsix_ws/build/asitlorbot_six/prefix_override:/home/asimkumar/asitlorbotsix_ws/install/asitlorbot_six/lib/python3.10/site-packages:${PYTHONPATH} /usr/bin/python3 -W ignore:setup.py install is deprecated setup.py develop --editable --build-directory /home/asimkumar/asitlorbotsix_ws/build/asitlorbot_six/build --no-deps symlink_data
[2.534s] INFO:colcon.colcon_core.shell:Creating environment descriptor '/home/asimkumar/asitlorbotsix_ws/build/asitlorbot_six/share/asitlorbot_six/hook/pythonpath_develop.dsv'
[2.534s] INFO:colcon.colcon_core.shell:Creating environment hook '/home/asimkumar/asitlorbotsix_ws/build/asitlorbot_six/share/asitlorbot_six/hook/pythonpath_develop.sh'
[2.535s] Level 1:colcon.colcon_core.environment:checking '/home/asimkumar/asitlorbotsix_ws/install/asitlorbot_six' for CMake module files
[2.536s] Level 1:colcon.colcon_core.environment:checking '/home/asimkumar/asitlorbotsix_ws/install/asitlorbot_six' for CMake config files
[2.536s] Level 1:colcon.colcon_core.environment:checking '/home/asimkumar/asitlorbotsix_ws/install/asitlorbot_six/lib'
[2.537s] Level 1:colcon.colcon_core.environment:checking '/home/asimkumar/asitlorbotsix_ws/install/asitlorbot_six/bin'
[2.537s] Level 1:colcon.colcon_core.environment:checking '/home/asimkumar/asitlorbotsix_ws/install/asitlorbot_six/lib/pkgconfig/asitlorbot_six.pc'
[2.537s] Level 1:colcon.colcon_core.environment:checking '/home/asimkumar/asitlorbotsix_ws/install/asitlorbot_six/lib/python3.10/site-packages'
[2.537s] Level 1:colcon.colcon_core.shell:create_environment_hook('asitlorbot_six', 'pythonpath')
[2.537s] INFO:colcon.colcon_core.shell:Creating environment hook '/home/asimkumar/asitlorbotsix_ws/install/asitlorbot_six/share/asitlorbot_six/hook/pythonpath.ps1'
[2.538s] INFO:colcon.colcon_core.shell:Creating environment descriptor '/home/asimkumar/asitlorbotsix_ws/install/asitlorbot_six/share/asitlorbot_six/hook/pythonpath.dsv'
[2.538s] INFO:colcon.colcon_core.shell:Creating environment hook '/home/asimkumar/asitlorbotsix_ws/install/asitlorbot_six/share/asitlorbot_six/hook/pythonpath.sh'
[2.539s] Level 1:colcon.colcon_core.environment:checking '/home/asimkumar/asitlorbotsix_ws/install/asitlorbot_six/bin'
[2.539s] Level 1:colcon.colcon_core.environment:create_environment_scripts_only(asitlorbot_six)
[2.539s] INFO:colcon.colcon_core.shell:Creating package script '/home/asimkumar/asitlorbotsix_ws/install/asitlorbot_six/share/asitlorbot_six/package.ps1'
[2.540s] INFO:colcon.colcon_core.shell:Creating package descriptor '/home/asimkumar/asitlorbotsix_ws/install/asitlorbot_six/share/asitlorbot_six/package.dsv'
[2.541s] INFO:colcon.colcon_core.shell:Creating package script '/home/asimkumar/asitlorbotsix_ws/install/asitlorbot_six/share/asitlorbot_six/package.sh'
[2.541s] INFO:colcon.colcon_core.shell:Creating package script '/home/asimkumar/asitlorbotsix_ws/install/asitlorbot_six/share/asitlorbot_six/package.bash'
[2.542s] INFO:colcon.colcon_core.shell:Creating package script '/home/asimkumar/asitlorbotsix_ws/install/asitlorbot_six/share/asitlorbot_six/package.zsh'
[2.542s] Level 1:colcon.colcon_core.environment:create_file_with_runtime_dependencies(/home/asimkumar/asitlorbotsix_ws/install/asitlorbot_six/share/colcon-core/packages/asitlorbot_six)
[2.544s] Level 1:colcon.colcon_core.environment:create_environment_scripts_only(asitlotbotsix_controller)
[2.544s] Level 1:colcon.colcon_core.environment:checking '/home/asimkumar/asitlorbotsix_ws/install/asitlotbotsix_controller' for CMake module files
[2.545s] DEBUG:colcon.colcon_core.event_handler.log_command:Invoked command in '/home/asimkumar/asitlorbotsix_ws/build/asitlotbotsix_controller' returned '0': CMAKE_PREFIX_PATH=${CMAKE_PREFIX_PATH}:/home/asimkumar/asitlorbotsix_ws/install/asitlorbot_six:/opt/ros/humble /usr/bin/cmake --install /home/asimkumar/asitlorbotsix_ws/build/asitlotbotsix_controller
[2.545s] Level 1:colcon.colcon_core.environment:checking '/home/asimkumar/asitlorbotsix_ws/install/asitlotbotsix_controller' for CMake config files
[2.546s] Level 1:colcon.colcon_core.shell:create_environment_hook('asitlotbotsix_controller', 'cmake_prefix_path')
[2.546s] INFO:colcon.colcon_core.shell:Creating environment hook '/home/asimkumar/asitlorbotsix_ws/install/asitlotbotsix_controller/share/asitlotbotsix_controller/hook/cmake_prefix_path.ps1'
[2.546s] INFO:colcon.colcon_core.shell:Creating environment descriptor '/home/asimkumar/asitlorbotsix_ws/install/asitlotbotsix_controller/share/asitlotbotsix_controller/hook/cmake_prefix_path.dsv'
[2.547s] INFO:colcon.colcon_core.shell:Creating environment hook '/home/asimkumar/asitlorbotsix_ws/install/asitlotbotsix_controller/share/asitlotbotsix_controller/hook/cmake_prefix_path.sh'
[2.547s] Level 1:colcon.colcon_core.environment:checking '/home/asimkumar/asitlorbotsix_ws/install/asitlotbotsix_controller/bin'
[2.547s] Level 1:colcon.colcon_core.environment:checking '/home/asimkumar/asitlorbotsix_ws/install/asitlotbotsix_controller/lib/pkgconfig/asitlotbotsix_controller.pc'
[2.548s] Level 1:colcon.colcon_core.environment:checking '/home/asimkumar/asitlorbotsix_ws/install/asitlotbotsix_controller/lib/python3.10/site-packages'
[2.548s] Level 1:colcon.colcon_core.environment:checking '/home/asimkumar/asitlorbotsix_ws/install/asitlotbotsix_controller/bin'
[2.548s] INFO:colcon.colcon_core.shell:Creating package script '/home/asimkumar/asitlorbotsix_ws/install/asitlotbotsix_controller/share/asitlotbotsix_controller/package.ps1'
[2.549s] INFO:colcon.colcon_core.shell:Creating package descriptor '/home/asimkumar/asitlorbotsix_ws/install/asitlotbotsix_controller/share/asitlotbotsix_controller/package.dsv'
[2.549s] INFO:colcon.colcon_core.shell:Creating package script '/home/asimkumar/asitlorbotsix_ws/install/asitlotbotsix_controller/share/asitlotbotsix_controller/package.sh'
[2.550s] INFO:colcon.colcon_core.shell:Creating package script '/home/asimkumar/asitlorbotsix_ws/install/asitlotbotsix_controller/share/asitlotbotsix_controller/package.bash'
[2.550s] INFO:colcon.colcon_core.shell:Creating package script '/home/asimkumar/asitlorbotsix_ws/install/asitlotbotsix_controller/share/asitlotbotsix_controller/package.zsh'
[2.550s] Level 1:colcon.colcon_core.environment:create_file_with_runtime_dependencies(/home/asimkumar/asitlorbotsix_ws/install/asitlotbotsix_controller/share/colcon-core/packages/asitlotbotsix_controller)
[2.595s] Level 1:colcon.colcon_core.environment:create_environment_scripts_only(asitlotbotsix_controller)
[2.595s] Level 1:colcon.colcon_core.environment:checking '/home/asimkumar/asitlorbotsix_ws/install/asitlotbotsix_controller' for CMake module files
[2.596s] Level 1:colcon.colcon_core.environment:checking '/home/asimkumar/asitlorbotsix_ws/install/asitlotbotsix_controller' for CMake config files
[2.596s] Level 1:colcon.colcon_core.shell:create_environment_hook('asitlotbotsix_controller', 'cmake_prefix_path')
[2.597s] INFO:colcon.colcon_core.shell:Creating environment hook '/home/asimkumar/asitlorbotsix_ws/install/asitlotbotsix_controller/share/asitlotbotsix_controller/hook/cmake_prefix_path.ps1'
[2.597s] INFO:colcon.colcon_core.shell:Creating environment descriptor '/home/asimkumar/asitlorbotsix_ws/install/asitlotbotsix_controller/share/asitlotbotsix_controller/hook/cmake_prefix_path.dsv'
[2.598s] INFO:colcon.colcon_core.shell:Creating environment hook '/home/asimkumar/asitlorbotsix_ws/install/asitlotbotsix_controller/share/asitlotbotsix_controller/hook/cmake_prefix_path.sh'
[2.598s] Level 1:colcon.colcon_core.environment:checking '/home/asimkumar/asitlorbotsix_ws/install/asitlotbotsix_controller/bin'
[2.598s] Level 1:colcon.colcon_core.environment:checking '/home/asimkumar/asitlorbotsix_ws/install/asitlotbotsix_controller/lib/pkgconfig/asitlotbotsix_controller.pc'
[2.598s] Level 1:colcon.colcon_core.environment:checking '/home/asimkumar/asitlorbotsix_ws/install/asitlotbotsix_controller/lib/python3.10/site-packages'
[2.599s] Level 1:colcon.colcon_core.environment:checking '/home/asimkumar/asitlorbotsix_ws/install/asitlotbotsix_controller/bin'
[2.599s] INFO:colcon.colcon_core.shell:Creating package script '/home/asimkumar/asitlorbotsix_ws/install/asitlotbotsix_controller/share/asitlotbotsix_controller/package.ps1'
[2.599s] INFO:colcon.colcon_core.shell:Creating package descriptor '/home/asimkumar/asitlorbotsix_ws/install/asitlotbotsix_controller/share/asitlotbotsix_controller/package.dsv'
[2.600s] INFO:colcon.colcon_core.shell:Creating package script '/home/asimkumar/asitlorbotsix_ws/install/asitlotbotsix_controller/share/asitlotbotsix_controller/package.sh'
[2.600s] INFO:colcon.colcon_core.shell:Creating package script '/home/asimkumar/asitlorbotsix_ws/install/asitlotbotsix_controller/share/asitlotbotsix_controller/package.bash'
[2.601s] INFO:colcon.colcon_core.shell:Creating package script '/home/asimkumar/asitlorbotsix_ws/install/asitlotbotsix_controller/share/asitlotbotsix_controller/package.zsh'
[2.601s] Level 1:colcon.colcon_core.environment:create_file_with_runtime_dependencies(/home/asimkumar/asitlorbotsix_ws/install/asitlotbotsix_controller/share/colcon-core/packages/asitlotbotsix_controller)
[2.602s] DEBUG:colcon.colcon_parallel_executor.executor.parallel:closing loop
[2.602s] DEBUG:colcon.colcon_parallel_executor.executor.parallel:loop closed
[2.602s] DEBUG:colcon.colcon_parallel_executor.executor.parallel:run_until_complete finished with '0'
[2.602s] DEBUG:colcon.colcon_core.event_reactor:joining thread
[2.610s] INFO:colcon.colcon_core.plugin_system:Skipping extension 'colcon_notification.desktop_notification.terminal_notifier': Not used on non-Darwin systems
[2.610s] INFO:colcon.colcon_core.plugin_system:Skipping extension 'colcon_notification.desktop_notification.win32': Not used on non-Windows systems
[2.610s] INFO:colcon.colcon_notification.desktop_notification:Sending desktop notification using 'notify2'
[2.626s] DEBUG:colcon.colcon_core.event_reactor:joined thread
[2.626s] INFO:colcon.colcon_core.shell:Creating prefix script '/home/asimkumar/asitlorbotsix_ws/install/local_setup.ps1'
[2.628s] INFO:colcon.colcon_core.shell:Creating prefix util module '/home/asimkumar/asitlorbotsix_ws/install/_local_setup_util_ps1.py'
[2.631s] INFO:colcon.colcon_core.shell:Creating prefix chain script '/home/asimkumar/asitlorbotsix_ws/install/setup.ps1'
[2.634s] INFO:colcon.colcon_core.shell:Creating prefix script '/home/asimkumar/asitlorbotsix_ws/install/local_setup.sh'
[2.635s] INFO:colcon.colcon_core.shell:Creating prefix util module '/home/asimkumar/asitlorbotsix_ws/install/_local_setup_util_sh.py'
[2.636s] INFO:colcon.colcon_core.shell:Creating prefix chain script '/home/asimkumar/asitlorbotsix_ws/install/setup.sh'
[2.639s] INFO:colcon.colcon_core.shell:Creating prefix script '/home/asimkumar/asitlorbotsix_ws/install/local_setup.bash'
[2.639s] INFO:colcon.colcon_core.shell:Creating prefix chain script '/home/asimkumar/asitlorbotsix_ws/install/setup.bash'
[2.642s] INFO:colcon.colcon_core.shell:Creating prefix script '/home/asimkumar/asitlorbotsix_ws/install/local_setup.zsh'
[2.643s] INFO:colcon.colcon_core.shell:Creating prefix chain script '/home/asimkumar/asitlorbotsix_ws/install/setup.zsh'
