[0.496s] Invoking command in '/home/asimkumar/asitlorbotsix_ws/build/asitlorbotsix_autonomy': CMAKE_PREFIX_PATH=${CMAKE_PREFIX_PATH}:/home/asimkumar/asitlorbotsix_ws/install/asitlorbot_six:/opt/ros/humble /usr/bin/cmake --build /home/asimkumar/asitlorbotsix_ws/build/asitlorbotsix_autonomy -- -j8 -l8
[0.557s] -- Found ament_cmake: 1.3.8 (/opt/ros/humble/share/ament_cmake/cmake)
[0.903s] -- Override CMake install command with custom implementation using symlinks instead of copying resources
[0.930s] -- Found rclcpp: 16.0.8 (/opt/ros/humble/share/rclcpp/cmake)
[1.042s] -- Found rosidl_generator_c: 3.1.5 (/opt/ros/humble/share/rosidl_generator_c/cmake)
[1.050s] -- Found rosidl_adapter: 3.1.5 (/opt/ros/humble/share/rosidl_adapter/cmake)
[1.066s] -- Found rosidl_generator_cpp: 3.1.5 (/opt/ros/humble/share/rosidl_generator_cpp/cmake)
[1.092s] -- Using all available rosidl_typesupport_c: rosidl_typesupport_fastrtps_c;rosidl_typesupport_introspection_c
[1.131s] -- Using all available rosidl_typesupport_cpp: rosidl_typesupport_fastrtps_cpp;rosidl_typesupport_introspection_cpp
[1.220s] -- Found rmw_implementation_cmake: 6.1.1 (/opt/ros/humble/share/rmw_implementation_cmake/cmake)
[1.224s] -- Found rmw_cyclonedds_cpp: 1.3.4 (/opt/ros/humble/share/rmw_cyclonedds_cpp/cmake)
[1.306s] -- Using RMW implementation 'rmw_cyclonedds_cpp' as default
[1.646s] -- Found rclcpp_action: 16.0.8 (/opt/ros/humble/share/rclcpp_action/cmake)
[1.806s] -- Found nav2_msgs: 1.1.14 (/opt/ros/humble/share/nav2_msgs/cmake)
[2.270s] -- Found tf2: 0.25.6 (/opt/ros/humble/share/tf2/cmake)
[2.288s] -- Found tf2_geometry_msgs: 0.25.6 (/opt/ros/humble/share/tf2_geometry_msgs/cmake)
[2.294s] -- Found eigen3_cmake_module: 0.1.1 (/opt/ros/humble/share/eigen3_cmake_module/cmake)
[2.296s] -- Ensuring Eigen3 include directory is part of orocos-kdl CMake target
[2.671s] -- Found ament_lint_auto: 0.12.10 (/opt/ros/humble/share/ament_lint_auto/cmake)
[2.777s] -- Added test 'cppcheck' to perform static code analysis on C / C++ code
[2.777s] -- Configured cppcheck include dirs: /home/asimkumar/asitlorbotsix_ws/src/asitlorbotsix_autonomy/include
[2.778s] -- Configured cppcheck exclude dirs and/or files: 
[2.778s] -- Added test 'flake8' to check Python code syntax and style conventions
[2.779s] -- Added test 'lint_cmake' to check CMake code style
[2.779s] -- Added test 'pep257' to check Python code against some of the docstring style conventions in PEP 257
[2.782s] -- Added test 'uncrustify' to check C / C++ code style
[2.782s] -- Configured uncrustify additional arguments: 
[2.783s] -- Added test 'xmllint' to check XML markup files
[2.784s] -- Configuring done
[2.791s] [31mCMake Error at CMakeLists.txt:40 (add_executable):
[2.791s]   Cannot find source file:
[2.791s] 
[2.791s]     src/navigation_behaviors.cpp
[2.791s] 
[2.791s]   Tried extensions .c .C .c++ .cc .cpp .cxx .cu .mpp .m .M .mm .ixx .cppm .h
[2.791s]   .hh .h++ .hm .hpp .hxx .in .txx .f .F .for .f77 .f90 .f95 .f03 .hip .ispc
[2.791s] 
[2.791s] [0m
[2.794s] [31mCMake Error at CMakeLists.txt:40 (add_executable):
[2.794s]   No SOURCES given to target: autonomy_node
[2.795s] 
[2.795s] [0m
[2.795s] [0mCMake Generate step failed.  Build files cannot be regenerated correctly.[0m
[2.804s] gmake: *** [Makefile:226: cmake_check_build_system] Error 1
[2.809s] Invoked command in '/home/asimkumar/asitlorbotsix_ws/build/asitlorbotsix_autonomy' returned '2': CMAKE_PREFIX_PATH=${CMAKE_PREFIX_PATH}:/home/asimkumar/asitlorbotsix_ws/install/asitlorbot_six:/opt/ros/humble /usr/bin/cmake --build /home/asimkumar/asitlorbotsix_ws/build/asitlorbotsix_autonomy -- -j8 -l8
