[0.489s] Invoking command in '/home/asimkumar/asitlorbotsix_ws/build/asitlorbotsix_cpp_examples': CMAKE_PREFIX_PATH=${CMAKE_PREFIX_PATH}:/home/asimkumar/asitlorbotsix_ws/install/asitlorbot_six:/opt/ros/humble /usr/bin/cmake /home/asimkumar/asitlorbotsix_ws/src/asitlorbotsix_cpp_examples -DAMENT_CMAKE_SYMLINK_INSTALL=1 -DCMAKE_INSTALL_PREFIX=/home/asimkumar/asitlorbotsix_ws/install/asitlorbotsix_cpp_examples
[0.635s] -- The C compiler identification is GNU 11.4.0
[0.770s] -- The CXX compiler identification is GNU 11.4.0
[0.789s] -- Detecting C compiler ABI info
[0.965s] -- Detecting C compiler ABI info - done
[0.982s] -- Check for working C compiler: /usr/bin/cc - skipped
[0.987s] -- Detecting C compile features
[0.988s] -- Detecting C compile features - done
[0.995s] -- Detecting CXX compiler ABI info
[1.191s] -- Detecting CXX compiler ABI info - done
[1.209s] -- Check for working CXX compiler: /usr/bin/c++ - skipped
[1.209s] -- Detecting CXX compile features
[1.209s] -- Detecting CXX compile features - done
[1.218s] -- Found ament_cmake: 1.3.8 (/opt/ros/humble/share/ament_cmake/cmake)
[1.506s] -- Found Python3: /usr/bin/python3 (found version "3.10.12") found components: Interpreter 
[1.602s] -- Override CMake install command with custom implementation using symlinks instead of copying resources
[1.697s] -- Found ament_lint_auto: 0.12.10 (/opt/ros/humble/share/ament_lint_auto/cmake)
[1.849s] -- Added test 'lint_cmake' to check CMake code style
[1.852s] -- Added test 'xmllint' to check XML markup files
[1.855s] -- Configuring done
[1.859s] -- Generating done
[1.861s] -- Build files have been written to: /home/asimkumar/asitlorbotsix_ws/build/asitlorbotsix_cpp_examples
[1.869s] Invoked command in '/home/asimkumar/asitlorbotsix_ws/build/asitlorbotsix_cpp_examples' returned '0': CMAKE_PREFIX_PATH=${CMAKE_PREFIX_PATH}:/home/asimkumar/asitlorbotsix_ws/install/asitlorbot_six:/opt/ros/humble /usr/bin/cmake /home/asimkumar/asitlorbotsix_ws/src/asitlorbotsix_cpp_examples -DAMENT_CMAKE_SYMLINK_INSTALL=1 -DCMAKE_INSTALL_PREFIX=/home/asimkumar/asitlorbotsix_ws/install/asitlorbotsix_cpp_examples
[1.870s] Invoking command in '/home/asimkumar/asitlorbotsix_ws/build/asitlorbotsix_cpp_examples': CMAKE_PREFIX_PATH=${CMAKE_PREFIX_PATH}:/home/asimkumar/asitlorbotsix_ws/install/asitlorbot_six:/opt/ros/humble /usr/bin/cmake --build /home/asimkumar/asitlorbotsix_ws/build/asitlorbotsix_cpp_examples -- -j8 -l8
[1.943s] Invoked command in '/home/asimkumar/asitlorbotsix_ws/build/asitlorbotsix_cpp_examples' returned '0': CMAKE_PREFIX_PATH=${CMAKE_PREFIX_PATH}:/home/asimkumar/asitlorbotsix_ws/install/asitlorbot_six:/opt/ros/humble /usr/bin/cmake --build /home/asimkumar/asitlorbotsix_ws/build/asitlorbotsix_cpp_examples -- -j8 -l8
[1.998s] Invoking command in '/home/asimkumar/asitlorbotsix_ws/build/asitlorbotsix_cpp_examples': CMAKE_PREFIX_PATH=${CMAKE_PREFIX_PATH}:/home/asimkumar/asitlorbotsix_ws/install/asitlorbot_six:/opt/ros/humble /usr/bin/cmake --install /home/asimkumar/asitlorbotsix_ws/build/asitlorbotsix_cpp_examples
[2.010s] -- Install configuration: ""
[2.010s] -- Execute custom install script
[2.011s] -- Symlinking: /home/asimkumar/asitlorbotsix_ws/install/asitlorbotsix_cpp_examples/share/ament_index/resource_index/package_run_dependencies/asitlorbotsix_cpp_examples
[2.030s] -- Symlinking: /home/asimkumar/asitlorbotsix_ws/install/asitlorbotsix_cpp_examples/share/ament_index/resource_index/parent_prefix_path/asitlorbotsix_cpp_examples
[2.049s] -- Symlinking: /home/asimkumar/asitlorbotsix_ws/install/asitlorbotsix_cpp_examples/share/asitlorbotsix_cpp_examples/environment/ament_prefix_path.sh
[2.066s] -- Symlinking: /home/asimkumar/asitlorbotsix_ws/install/asitlorbotsix_cpp_examples/share/asitlorbotsix_cpp_examples/environment/ament_prefix_path.dsv
[2.084s] -- Symlinking: /home/asimkumar/asitlorbotsix_ws/install/asitlorbotsix_cpp_examples/share/asitlorbotsix_cpp_examples/environment/path.sh
[2.101s] -- Symlinking: /home/asimkumar/asitlorbotsix_ws/install/asitlorbotsix_cpp_examples/share/asitlorbotsix_cpp_examples/environment/path.dsv
[2.119s] -- Symlinking: /home/asimkumar/asitlorbotsix_ws/install/asitlorbotsix_cpp_examples/share/asitlorbotsix_cpp_examples/local_setup.bash
[2.136s] -- Symlinking: /home/asimkumar/asitlorbotsix_ws/install/asitlorbotsix_cpp_examples/share/asitlorbotsix_cpp_examples/local_setup.sh
[2.152s] -- Symlinking: /home/asimkumar/asitlorbotsix_ws/install/asitlorbotsix_cpp_examples/share/asitlorbotsix_cpp_examples/local_setup.zsh
[2.168s] -- Symlinking: /home/asimkumar/asitlorbotsix_ws/install/asitlorbotsix_cpp_examples/share/asitlorbotsix_cpp_examples/local_setup.dsv
[2.185s] -- Symlinking: /home/asimkumar/asitlorbotsix_ws/install/asitlorbotsix_cpp_examples/share/asitlorbotsix_cpp_examples/package.dsv
[2.203s] -- Symlinking: /home/asimkumar/asitlorbotsix_ws/install/asitlorbotsix_cpp_examples/share/ament_index/resource_index/packages/asitlorbotsix_cpp_examples
[2.220s] -- Symlinking: /home/asimkumar/asitlorbotsix_ws/install/asitlorbotsix_cpp_examples/share/asitlorbotsix_cpp_examples/cmake/asitlorbotsix_cpp_examplesConfig.cmake
[2.240s] -- Symlinking: /home/asimkumar/asitlorbotsix_ws/install/asitlorbotsix_cpp_examples/share/asitlorbotsix_cpp_examples/cmake/asitlorbotsix_cpp_examplesConfig-version.cmake
[2.259s] -- Symlinking: /home/asimkumar/asitlorbotsix_ws/install/asitlorbotsix_cpp_examples/share/asitlorbotsix_cpp_examples/package.xml
[2.281s] Invoked command in '/home/asimkumar/asitlorbotsix_ws/build/asitlorbotsix_cpp_examples' returned '0': CMAKE_PREFIX_PATH=${CMAKE_PREFIX_PATH}:/home/asimkumar/asitlorbotsix_ws/install/asitlorbot_six:/opt/ros/humble /usr/bin/cmake --install /home/asimkumar/asitlorbotsix_ws/build/asitlorbotsix_cpp_examples
