Built target ament_cmake_python_symlink_asitlotbotsix_controller
running egg_info
writing asitlotbotsix_controller.egg-info/PKG-INFO
writing dependency_links to asitlotbotsix_controller.egg-info/dependency_links.txt
writing top-level names to asitlotbotsix_controller.egg-info/top_level.txt
reading manifest file 'asitlotbotsix_controller.egg-info/SOURCES.txt'
writing manifest file 'asitlotbotsix_controller.egg-info/SOURCES.txt'
Built target ament_cmake_python_build_asitlotbotsix_controller_egg
-- Install configuration: ""
-- Execute custom install script
-- Up-to-date symlink: /home/asimkumar/asitlorbotsix_ws/install/asitlotbotsix_controller/share/asitlotbotsix_controller/environment/pythonpath.sh
-- Up-to-date symlink: /home/asimkumar/asitlorbotsix_ws/install/asitlotbotsix_controller/share/asitlotbotsix_controller/environment/pythonpath.dsv
-- Up-to-date symlink: /home/asimkumar/asitlorbotsix_ws/install/asitlotbotsix_controller/local/lib/python3.10/dist-packages/asitlotbotsix_controller-0.0.0-py3.10.egg-info/PKG-INFO
-- Up-to-date symlink: /home/asimkumar/asitlorbotsix_ws/install/asitlotbotsix_controller/local/lib/python3.10/dist-packages/asitlotbotsix_controller-0.0.0-py3.10.egg-info/SOURCES.txt
-- Up-to-date symlink: /home/asimkumar/asitlorbotsix_ws/install/asitlotbotsix_controller/local/lib/python3.10/dist-packages/asitlotbotsix_controller-0.0.0-py3.10.egg-info/dependency_links.txt
-- Up-to-date symlink: /home/asimkumar/asitlorbotsix_ws/install/asitlotbotsix_controller/local/lib/python3.10/dist-packages/asitlotbotsix_controller-0.0.0-py3.10.egg-info/top_level.txt
-- Up-to-date symlink: /home/asimkumar/asitlorbotsix_ws/install/asitlotbotsix_controller/local/lib/python3.10/dist-packages/asitlotbotsix_controller/__init__.py
-- Up-to-date symlink: /home/asimkumar/asitlorbotsix_ws/install/asitlotbotsix_controller/local/lib/python3.10/dist-packages/asitlotbotsix_controller/circular_motion.py
-- Up-to-date symlink: /home/asimkumar/asitlorbotsix_ws/install/asitlotbotsix_controller/local/lib/python3.10/dist-packages/asitlotbotsix_controller/noisy_controller.py
-- Up-to-date symlink: /home/asimkumar/asitlorbotsix_ws/install/asitlotbotsix_controller/share/asitlotbotsix_controller/config/asitlorbotsix_controllers.yaml
-- Up-to-date symlink: /home/asimkumar/asitlorbotsix_ws/install/asitlotbotsix_controller/share/asitlotbotsix_controller/launch/controller.launch.py
-- Up-to-date symlink: /home/asimkumar/asitlorbotsix_ws/install/asitlotbotsix_controller/lib/asitlotbotsix_controller/noisy_controller.py
-- Up-to-date symlink: /home/asimkumar/asitlorbotsix_ws/install/asitlotbotsix_controller/lib/asitlotbotsix_controller/circular_motion.py
-- Up-to-date symlink: /home/asimkumar/asitlorbotsix_ws/install/asitlotbotsix_controller/share/ament_index/resource_index/package_run_dependencies/asitlotbotsix_controller
-- Up-to-date symlink: /home/asimkumar/asitlorbotsix_ws/install/asitlotbotsix_controller/share/ament_index/resource_index/parent_prefix_path/asitlotbotsix_controller
-- Up-to-date symlink: /home/asimkumar/asitlorbotsix_ws/install/asitlotbotsix_controller/share/asitlotbotsix_controller/environment/ament_prefix_path.sh
-- Up-to-date symlink: /home/asimkumar/asitlorbotsix_ws/install/asitlotbotsix_controller/share/asitlotbotsix_controller/environment/ament_prefix_path.dsv
-- Up-to-date symlink: /home/asimkumar/asitlorbotsix_ws/install/asitlotbotsix_controller/share/asitlotbotsix_controller/environment/path.sh
-- Up-to-date symlink: /home/asimkumar/asitlorbotsix_ws/install/asitlotbotsix_controller/share/asitlotbotsix_controller/environment/path.dsv
-- Up-to-date symlink: /home/asimkumar/asitlorbotsix_ws/install/asitlotbotsix_controller/share/asitlotbotsix_controller/local_setup.bash
-- Up-to-date symlink: /home/asimkumar/asitlorbotsix_ws/install/asitlotbotsix_controller/share/asitlotbotsix_controller/local_setup.sh
-- Up-to-date symlink: /home/asimkumar/asitlorbotsix_ws/install/asitlotbotsix_controller/share/asitlotbotsix_controller/local_setup.zsh
-- Up-to-date symlink: /home/asimkumar/asitlorbotsix_ws/install/asitlotbotsix_controller/share/asitlotbotsix_controller/local_setup.dsv
-- Up-to-date symlink: /home/asimkumar/asitlorbotsix_ws/install/asitlotbotsix_controller/share/asitlotbotsix_controller/package.dsv
-- Up-to-date symlink: /home/asimkumar/asitlorbotsix_ws/install/asitlotbotsix_controller/share/ament_index/resource_index/packages/asitlotbotsix_controller
-- Up-to-date symlink: /home/asimkumar/asitlorbotsix_ws/install/asitlotbotsix_controller/share/asitlotbotsix_controller/cmake/asitlotbotsix_controllerConfig.cmake
-- Up-to-date symlink: /home/asimkumar/asitlorbotsix_ws/install/asitlotbotsix_controller/share/asitlotbotsix_controller/cmake/asitlotbotsix_controllerConfig-version.cmake
-- Up-to-date symlink: /home/asimkumar/asitlorbotsix_ws/install/asitlotbotsix_controller/share/asitlotbotsix_controller/package.xml
Listing '/home/asimkumar/asitlorbotsix_ws/install/asitlotbotsix_controller/local/lib/python3.10/dist-packages/asitlotbotsix_controller'...
