[0.308s] Invoking command in '/home/asimkumar/asitlorbotsix_ws/build/asitlorbotsix_localization': CMAKE_PREFIX_PATH=${CMAKE_PREFIX_PATH}:/home/asimkumar/asitlorbotsix_ws/install/asitlorbot_six:/opt/ros/humble /usr/bin/cmake --build /home/asimkumar/asitlorbotsix_ws/build/asitlorbotsix_localization -- -j8 -l8
[0.430s] Built target ament_cmake_python_symlink_asitlorbotsix_localization
[0.781s] running egg_info
[0.783s] writing asitlorbotsix_localization.egg-info/PKG-INFO
[0.783s] writing dependency_links to asitlorbotsix_localization.egg-info/dependency_links.txt
[0.783s] writing top-level names to asitlorbotsix_localization.egg-info/top_level.txt
[0.786s] reading manifest file 'asitlorbotsix_localization.egg-info/SOURCES.txt'
[0.787s] writing manifest file 'asitlorbotsix_localization.egg-info/SOURCES.txt'
[0.843s] Built target ament_cmake_python_build_asitlorbotsix_localization_egg
[0.857s] Invoked command in '/home/asimkumar/asitlorbotsix_ws/build/asitlorbotsix_localization' returned '0': CMAKE_PREFIX_PATH=${CMAKE_PREFIX_PATH}:/home/asimkumar/asitlorbotsix_ws/install/asitlorbot_six:/opt/ros/humble /usr/bin/cmake --build /home/asimkumar/asitlorbotsix_ws/build/asitlorbotsix_localization -- -j8 -l8
[0.896s] Invoking command in '/home/asimkumar/asitlorbotsix_ws/build/asitlorbotsix_localization': CMAKE_PREFIX_PATH=${CMAKE_PREFIX_PATH}:/home/asimkumar/asitlorbotsix_ws/install/asitlorbot_six:/opt/ros/humble /usr/bin/cmake --install /home/asimkumar/asitlorbotsix_ws/build/asitlorbotsix_localization
[0.913s] -- Install configuration: ""
[0.913s] -- Execute custom install script
[0.913s] -- Up-to-date symlink: /home/asimkumar/asitlorbotsix_ws/install/asitlorbotsix_localization/share/asitlorbotsix_localization/environment/pythonpath.sh
[0.913s] -- Up-to-date symlink: /home/asimkumar/asitlorbotsix_ws/install/asitlorbotsix_localization/share/asitlorbotsix_localization/environment/pythonpath.dsv
[0.913s] -- Up-to-date symlink: /home/asimkumar/asitlorbotsix_ws/install/asitlorbotsix_localization/local/lib/python3.10/dist-packages/asitlorbotsix_localization-0.0.0-py3.10.egg-info/PKG-INFO
[0.913s] -- Up-to-date symlink: /home/asimkumar/asitlorbotsix_ws/install/asitlorbotsix_localization/local/lib/python3.10/dist-packages/asitlorbotsix_localization-0.0.0-py3.10.egg-info/SOURCES.txt
[0.913s] -- Up-to-date symlink: /home/asimkumar/asitlorbotsix_ws/install/asitlorbotsix_localization/local/lib/python3.10/dist-packages/asitlorbotsix_localization-0.0.0-py3.10.egg-info/dependency_links.txt
[0.913s] -- Up-to-date symlink: /home/asimkumar/asitlorbotsix_ws/install/asitlorbotsix_localization/local/lib/python3.10/dist-packages/asitlorbotsix_localization-0.0.0-py3.10.egg-info/top_level.txt
[0.913s] -- Up-to-date symlink: /home/asimkumar/asitlorbotsix_ws/install/asitlorbotsix_localization/local/lib/python3.10/dist-packages/asitlorbotsix_localization/__init__.py
[0.913s] -- Up-to-date symlink: /home/asimkumar/asitlorbotsix_ws/install/asitlorbotsix_localization/local/lib/python3.10/dist-packages/asitlorbotsix_localization/bayesian_optimization.py
[0.913s] -- Up-to-date symlink: /home/asimkumar/asitlorbotsix_ws/install/asitlorbotsix_localization/local/lib/python3.10/dist-packages/asitlorbotsix_localization/imu_republisher.py
[0.914s] -- Up-to-date symlink: /home/asimkumar/asitlorbotsix_ws/install/asitlorbotsix_localization/local/lib/python3.10/dist-packages/asitlorbotsix_localization/rmse.py
[0.914s] -- Up-to-date symlink: /home/asimkumar/asitlorbotsix_ws/install/asitlorbotsix_localization/local/lib/python3.10/dist-packages/asitlorbotsix_localization/set_init_amcl_pose.py
[0.914s] -- Up-to-date symlink: /home/asimkumar/asitlorbotsix_ws/install/asitlorbotsix_localization/local/lib/python3.10/dist-packages/asitlorbotsix_localization/test.py
[0.914s] -- Up-to-date symlink: /home/asimkumar/asitlorbotsix_ws/install/asitlorbotsix_localization/share/asitlorbotsix_localization/launch/amcl.launch
[0.914s] -- Up-to-date symlink: /home/asimkumar/asitlorbotsix_ws/install/asitlorbotsix_localization/share/asitlorbotsix_localization/launch/local_localization.launch.py
[0.914s] -- Up-to-date symlink: /home/asimkumar/asitlorbotsix_ws/install/asitlorbotsix_localization/share/asitlorbotsix_localization/launch/nav2.launch.py
[0.914s] -- Up-to-date symlink: /home/asimkumar/asitlorbotsix_ws/install/asitlorbotsix_localization/share/asitlorbotsix_localization/config/ekf.yaml
[0.914s] -- Up-to-date symlink: /home/asimkumar/asitlorbotsix_ws/install/asitlorbotsix_localization/share/asitlorbotsix_localization/maps/my_map_save_1_may.pgm
[0.914s] -- Up-to-date symlink: /home/asimkumar/asitlorbotsix_ws/install/asitlorbotsix_localization/share/asitlorbotsix_localization/maps/my_map_save_1_may.yaml
[0.914s] -- Up-to-date symlink: /home/asimkumar/asitlorbotsix_ws/install/asitlorbotsix_localization/share/asitlorbotsix_localization/maps/my_map_serial_1_may.data
[0.915s] -- Up-to-date symlink: /home/asimkumar/asitlorbotsix_ws/install/asitlorbotsix_localization/share/asitlorbotsix_localization/maps/my_map_serial_1_may.posegraph
[0.917s] -- Up-to-date symlink: /home/asimkumar/asitlorbotsix_ws/install/asitlorbotsix_localization/lib/asitlorbotsix_localization/imu_republisher.py
[0.917s] -- Up-to-date symlink: /home/asimkumar/asitlorbotsix_ws/install/asitlorbotsix_localization/lib/asitlorbotsix_localization/rmse.py
[0.917s] -- Up-to-date symlink: /home/asimkumar/asitlorbotsix_ws/install/asitlorbotsix_localization/lib/asitlorbotsix_localization/set_init_amcl_pose.py
[0.917s] -- Up-to-date symlink: /home/asimkumar/asitlorbotsix_ws/install/asitlorbotsix_localization/share/ament_index/resource_index/package_run_dependencies/asitlorbotsix_localization
[0.917s] -- Up-to-date symlink: /home/asimkumar/asitlorbotsix_ws/install/asitlorbotsix_localization/share/ament_index/resource_index/parent_prefix_path/asitlorbotsix_localization
[0.917s] -- Up-to-date symlink: /home/asimkumar/asitlorbotsix_ws/install/asitlorbotsix_localization/share/asitlorbotsix_localization/environment/ament_prefix_path.sh
[0.917s] -- Up-to-date symlink: /home/asimkumar/asitlorbotsix_ws/install/asitlorbotsix_localization/share/asitlorbotsix_localization/environment/ament_prefix_path.dsv
[0.918s] -- Up-to-date symlink: /home/asimkumar/asitlorbotsix_ws/install/asitlorbotsix_localization/share/asitlorbotsix_localization/environment/path.sh
[0.918s] -- Up-to-date symlink: /home/asimkumar/asitlorbotsix_ws/install/asitlorbotsix_localization/share/asitlorbotsix_localization/environment/path.dsv
[0.918s] -- Up-to-date symlink: /home/asimkumar/asitlorbotsix_ws/install/asitlorbotsix_localization/share/asitlorbotsix_localization/local_setup.bash
[0.918s] -- Up-to-date symlink: /home/asimkumar/asitlorbotsix_ws/install/asitlorbotsix_localization/share/asitlorbotsix_localization/local_setup.sh
[0.918s] -- Up-to-date symlink: /home/asimkumar/asitlorbotsix_ws/install/asitlorbotsix_localization/share/asitlorbotsix_localization/local_setup.zsh
[0.918s] -- Up-to-date symlink: /home/asimkumar/asitlorbotsix_ws/install/asitlorbotsix_localization/share/asitlorbotsix_localization/local_setup.dsv
[0.918s] -- Symlinking: /home/asimkumar/asitlorbotsix_ws/install/asitlorbotsix_localization/share/asitlorbotsix_localization/package.dsv
[0.932s] -- Up-to-date symlink: /home/asimkumar/asitlorbotsix_ws/install/asitlorbotsix_localization/share/ament_index/resource_index/packages/asitlorbotsix_localization
[0.932s] -- Up-to-date symlink: /home/asimkumar/asitlorbotsix_ws/install/asitlorbotsix_localization/share/asitlorbotsix_localization/cmake/asitlorbotsix_localizationConfig.cmake
[0.932s] -- Up-to-date symlink: /home/asimkumar/asitlorbotsix_ws/install/asitlorbotsix_localization/share/asitlorbotsix_localization/cmake/asitlorbotsix_localizationConfig-version.cmake
[0.932s] -- Up-to-date symlink: /home/asimkumar/asitlorbotsix_ws/install/asitlorbotsix_localization/share/asitlorbotsix_localization/package.xml
[0.979s] Listing '/home/asimkumar/asitlorbotsix_ws/install/asitlorbotsix_localization/local/lib/python3.10/dist-packages/asitlorbotsix_localization'...
[1.001s] Invoked command in '/home/asimkumar/asitlorbotsix_ws/build/asitlorbotsix_localization' returned '0': CMAKE_PREFIX_PATH=${CMAKE_PREFIX_PATH}:/home/asimkumar/asitlorbotsix_ws/install/asitlorbot_six:/opt/ros/humble /usr/bin/cmake --install /home/asimkumar/asitlorbotsix_ws/build/asitlorbotsix_localization
