[0.508s] Invoking command in '/home/asimkumar/asitlorbotsix_ws/build/asitlorbotsix_firmware': CMAKE_PREFIX_PATH=${CMAKE_PREFIX_PATH}:/home/asimkumar/asitlorbotsix_ws/install/asitlorbot_six:/opt/ros/humble /usr/bin/cmake --build /home/asimkumar/asitlorbotsix_ws/build/asitlorbotsix_firmware -- -j8 -l8
[0.683s] [ 33%] Built target asitlorbotsix_firmware
[0.698s] [ 66%] Built target simple_serial_receiver
[0.707s] [ 66%] Built target ament_cmake_python_symlink_asitlorbotsix_firmware
[0.709s] [100%] Built target simple_serial_transmitter
[1.353s] running egg_info
[1.353s] writing asitlorbotsix_firmware.egg-info/PKG-INFO
[1.358s] writing dependency_links to asitlorbotsix_firmware.egg-info/dependency_links.txt
[1.359s] writing top-level names to asitlorbotsix_firmware.egg-info/top_level.txt
[1.363s] reading manifest file 'asitlorbotsix_firmware.egg-info/SOURCES.txt'
[1.366s] writing manifest file 'asitlorbotsix_firmware.egg-info/SOURCES.txt'
[1.437s] [100%] Built target ament_cmake_python_build_asitlorbotsix_firmware_egg
[1.473s] Invoked command in '/home/asimkumar/asitlorbotsix_ws/build/asitlorbotsix_firmware' returned '0': CMAKE_PREFIX_PATH=${CMAKE_PREFIX_PATH}:/home/asimkumar/asitlorbotsix_ws/install/asitlorbot_six:/opt/ros/humble /usr/bin/cmake --build /home/asimkumar/asitlorbotsix_ws/build/asitlorbotsix_firmware -- -j8 -l8
[1.570s] Invoking command in '/home/asimkumar/asitlorbotsix_ws/build/asitlorbotsix_firmware': CMAKE_PREFIX_PATH=${CMAKE_PREFIX_PATH}:/home/asimkumar/asitlorbotsix_ws/install/asitlorbot_six:/opt/ros/humble /usr/bin/cmake --install /home/asimkumar/asitlorbotsix_ws/build/asitlorbotsix_firmware
[1.587s] -- Install configuration: ""
[1.589s] -- Execute custom install script
[1.590s] -- Up-to-date symlink: /home/asimkumar/asitlorbotsix_ws/install/asitlorbotsix_firmware/share/asitlorbotsix_firmware/environment/pythonpath.sh
[1.598s] -- Up-to-date symlink: /home/asimkumar/asitlorbotsix_ws/install/asitlorbotsix_firmware/share/asitlorbotsix_firmware/environment/pythonpath.dsv
[1.611s] -- Up-to-date symlink: /home/asimkumar/asitlorbotsix_ws/install/asitlorbotsix_firmware/local/lib/python3.10/dist-packages/asitlorbotsix_firmware-0.0.0-py3.10.egg-info/PKG-INFO
[1.614s] -- Up-to-date symlink: /home/asimkumar/asitlorbotsix_ws/install/asitlorbotsix_firmware/local/lib/python3.10/dist-packages/asitlorbotsix_firmware-0.0.0-py3.10.egg-info/SOURCES.txt
[1.617s] -- Up-to-date symlink: /home/asimkumar/asitlorbotsix_ws/install/asitlorbotsix_firmware/local/lib/python3.10/dist-packages/asitlorbotsix_firmware-0.0.0-py3.10.egg-info/dependency_links.txt
[1.619s] -- Up-to-date symlink: /home/asimkumar/asitlorbotsix_ws/install/asitlorbotsix_firmware/local/lib/python3.10/dist-packages/asitlorbotsix_firmware-0.0.0-py3.10.egg-info/top_level.txt
[1.621s] -- Up-to-date symlink: /home/asimkumar/asitlorbotsix_ws/install/asitlorbotsix_firmware/local/lib/python3.10/dist-packages/asitlorbotsix_firmware/__init__.py
[1.632s] -- Up-to-date symlink: /home/asimkumar/asitlorbotsix_ws/install/asitlorbotsix_firmware/local/lib/python3.10/dist-packages/asitlorbotsix_firmware/simple_serial_receiver.py
[1.634s] -- Up-to-date symlink: /home/asimkumar/asitlorbotsix_ws/install/asitlorbotsix_firmware/local/lib/python3.10/dist-packages/asitlorbotsix_firmware/simple_serial_transmitter.py
[1.634s] -- Up-to-date symlink: /home/asimkumar/asitlorbotsix_ws/install/asitlorbotsix_firmware/share/asitlorbotsix_firmware//asitlorbotsix_interface.xml
[1.635s] -- Up-to-date symlink: /home/asimkumar/asitlorbotsix_ws/install/asitlorbotsix_firmware/lib/libasitlorbotsix_firmware.so
[1.636s] -- Up-to-date symlink: /home/asimkumar/asitlorbotsix_ws/install/asitlorbotsix_firmware/include/include/asitlorbotsix_firmware/asitlorbotsix_interface.hpp
[1.636s] -- Up-to-date symlink: /home/asimkumar/asitlorbotsix_ws/install/asitlorbotsix_firmware/share/asitlorbotsix_firmware/launch/hardware_interface.launch.py
[1.636s] -- Up-to-date symlink: /home/asimkumar/asitlorbotsix_ws/install/asitlorbotsix_firmware/lib/asitlorbotsix_firmware/simple_serial_transmitter.py
[1.636s] -- Up-to-date symlink: /home/asimkumar/asitlorbotsix_ws/install/asitlorbotsix_firmware/lib/asitlorbotsix_firmware/simple_serial_receiver.py
[1.637s] -- Up-to-date symlink: /home/asimkumar/asitlorbotsix_ws/install/asitlorbotsix_firmware/bin/simple_serial_receiver
[1.637s] -- Up-to-date symlink: /home/asimkumar/asitlorbotsix_ws/install/asitlorbotsix_firmware/bin/simple_serial_transmitter
[1.637s] -- Up-to-date symlink: /home/asimkumar/asitlorbotsix_ws/install/asitlorbotsix_firmware/share/asitlorbotsix_firmware/environment/library_path.sh
[1.637s] -- Up-to-date symlink: /home/asimkumar/asitlorbotsix_ws/install/asitlorbotsix_firmware/share/asitlorbotsix_firmware/environment/library_path.dsv
[1.638s] -- Up-to-date symlink: /home/asimkumar/asitlorbotsix_ws/install/asitlorbotsix_firmware/share/ament_index/resource_index/package_run_dependencies/asitlorbotsix_firmware
[1.638s] -- Up-to-date symlink: /home/asimkumar/asitlorbotsix_ws/install/asitlorbotsix_firmware/share/ament_index/resource_index/parent_prefix_path/asitlorbotsix_firmware
[1.638s] -- Up-to-date symlink: /home/asimkumar/asitlorbotsix_ws/install/asitlorbotsix_firmware/share/asitlorbotsix_firmware/environment/ament_prefix_path.sh
[1.641s] -- Up-to-date symlink: /home/asimkumar/asitlorbotsix_ws/install/asitlorbotsix_firmware/share/asitlorbotsix_firmware/environment/ament_prefix_path.dsv
[1.642s] -- Up-to-date symlink: /home/asimkumar/asitlorbotsix_ws/install/asitlorbotsix_firmware/share/asitlorbotsix_firmware/environment/path.sh
[1.642s] -- Up-to-date symlink: /home/asimkumar/asitlorbotsix_ws/install/asitlorbotsix_firmware/share/asitlorbotsix_firmware/environment/path.dsv
[1.642s] -- Up-to-date symlink: /home/asimkumar/asitlorbotsix_ws/install/asitlorbotsix_firmware/share/asitlorbotsix_firmware/local_setup.bash
[1.642s] -- Up-to-date symlink: /home/asimkumar/asitlorbotsix_ws/install/asitlorbotsix_firmware/share/asitlorbotsix_firmware/local_setup.sh
[1.642s] -- Up-to-date symlink: /home/asimkumar/asitlorbotsix_ws/install/asitlorbotsix_firmware/share/asitlorbotsix_firmware/local_setup.zsh
[1.642s] -- Up-to-date symlink: /home/asimkumar/asitlorbotsix_ws/install/asitlorbotsix_firmware/share/asitlorbotsix_firmware/local_setup.dsv
[1.642s] -- Symlinking: /home/asimkumar/asitlorbotsix_ws/install/asitlorbotsix_firmware/share/asitlorbotsix_firmware/package.dsv
[1.650s] -- Up-to-date symlink: /home/asimkumar/asitlorbotsix_ws/install/asitlorbotsix_firmware/share/ament_index/resource_index/packages/asitlorbotsix_firmware
[1.650s] -- Up-to-date symlink: /home/asimkumar/asitlorbotsix_ws/install/asitlorbotsix_firmware/share/ament_index/resource_index/hardware_interface__pluginlib__plugin/asitlorbotsix_firmware
[1.651s] -- Up-to-date symlink: /home/asimkumar/asitlorbotsix_ws/install/asitlorbotsix_firmware/share/asitlorbotsix_firmware/cmake/ament_cmake_export_include_directories-extras.cmake
[1.651s] -- Up-to-date symlink: /home/asimkumar/asitlorbotsix_ws/install/asitlorbotsix_firmware/share/asitlorbotsix_firmware/cmake/ament_cmake_export_libraries-extras.cmake
[1.651s] -- Up-to-date symlink: /home/asimkumar/asitlorbotsix_ws/install/asitlorbotsix_firmware/share/asitlorbotsix_firmware/cmake/ament_cmake_export_dependencies-extras.cmake
[1.652s] -- Up-to-date symlink: /home/asimkumar/asitlorbotsix_ws/install/asitlorbotsix_firmware/share/asitlorbotsix_firmware/cmake/asitlorbotsix_firmwareConfig.cmake
[1.652s] -- Up-to-date symlink: /home/asimkumar/asitlorbotsix_ws/install/asitlorbotsix_firmware/share/asitlorbotsix_firmware/cmake/asitlorbotsix_firmwareConfig-version.cmake
[1.653s] -- Up-to-date symlink: /home/asimkumar/asitlorbotsix_ws/install/asitlorbotsix_firmware/share/asitlorbotsix_firmware/package.xml
[1.731s] Listing '/home/asimkumar/asitlorbotsix_ws/install/asitlorbotsix_firmware/local/lib/python3.10/dist-packages/asitlorbotsix_firmware'...
[1.759s] Invoked command in '/home/asimkumar/asitlorbotsix_ws/build/asitlorbotsix_firmware' returned '0': CMAKE_PREFIX_PATH=${CMAKE_PREFIX_PATH}:/home/asimkumar/asitlorbotsix_ws/install/asitlorbot_six:/opt/ros/humble /usr/bin/cmake --install /home/asimkumar/asitlorbotsix_ws/build/asitlorbotsix_firmware
