[  0%] Built target ament_cmake_python_symlink_asitlorbotsix_firmware
[ 33%] Built target simple_serial_transmitter
[ 66%] Built target simple_serial_receiver
[100%] Built target asitlorbotsix_firmware
running egg_info
writing asitlorbotsix_firmware.egg-info/PKG-INFO
writing dependency_links to asitlorbotsix_firmware.egg-info/dependency_links.txt
writing top-level names to asitlorbotsix_firmware.egg-info/top_level.txt
reading manifest file 'asitlorbotsix_firmware.egg-info/SOURCES.txt'
writing manifest file 'asitlorbotsix_firmware.egg-info/SOURCES.txt'
[100%] Built target ament_cmake_python_build_asitlorbotsix_firmware_egg
-- Install configuration: ""
-- Execute custom install script
-- Up-to-date symlink: /home/asimkumar/asitlorbotsix_ws/install/asitlorbotsix_firmware/share/asitlorbotsix_firmware/environment/pythonpath.sh
-- Up-to-date symlink: /home/asimkumar/asitlorbotsix_ws/install/asitlorbotsix_firmware/share/asitlorbotsix_firmware/environment/pythonpath.dsv
-- Up-to-date symlink: /home/asimkumar/asitlorbotsix_ws/install/asitlorbotsix_firmware/local/lib/python3.10/dist-packages/asitlorbotsix_firmware-0.0.0-py3.10.egg-info/PKG-INFO
-- Up-to-date symlink: /home/asimkumar/asitlorbotsix_ws/install/asitlorbotsix_firmware/local/lib/python3.10/dist-packages/asitlorbotsix_firmware-0.0.0-py3.10.egg-info/SOURCES.txt
-- Up-to-date symlink: /home/asimkumar/asitlorbotsix_ws/install/asitlorbotsix_firmware/local/lib/python3.10/dist-packages/asitlorbotsix_firmware-0.0.0-py3.10.egg-info/dependency_links.txt
-- Up-to-date symlink: /home/asimkumar/asitlorbotsix_ws/install/asitlorbotsix_firmware/local/lib/python3.10/dist-packages/asitlorbotsix_firmware-0.0.0-py3.10.egg-info/top_level.txt
-- Up-to-date symlink: /home/asimkumar/asitlorbotsix_ws/install/asitlorbotsix_firmware/local/lib/python3.10/dist-packages/asitlorbotsix_firmware/__init__.py
-- Up-to-date symlink: /home/asimkumar/asitlorbotsix_ws/install/asitlorbotsix_firmware/local/lib/python3.10/dist-packages/asitlorbotsix_firmware/simple_serial_receiver.py
-- Up-to-date symlink: /home/asimkumar/asitlorbotsix_ws/install/asitlorbotsix_firmware/local/lib/python3.10/dist-packages/asitlorbotsix_firmware/simple_serial_transmitter.py
-- Up-to-date symlink: /home/asimkumar/asitlorbotsix_ws/install/asitlorbotsix_firmware/share/asitlorbotsix_firmware//asitlorbotsix_interface.xml
-- Up-to-date symlink: /home/asimkumar/asitlorbotsix_ws/install/asitlorbotsix_firmware/lib/libasitlorbotsix_firmware.so
-- Up-to-date symlink: /home/asimkumar/asitlorbotsix_ws/install/asitlorbotsix_firmware/include/include/asitlorbotsix_firmware/asitlorbotsix_interface.hpp
-- Up-to-date symlink: /home/asimkumar/asitlorbotsix_ws/install/asitlorbotsix_firmware/share/asitlorbotsix_firmware/launch/hardware_interface.launch.py
-- Up-to-date symlink: /home/asimkumar/asitlorbotsix_ws/install/asitlorbotsix_firmware/lib/asitlorbotsix_firmware/simple_serial_transmitter.py
-- Up-to-date symlink: /home/asimkumar/asitlorbotsix_ws/install/asitlorbotsix_firmware/lib/asitlorbotsix_firmware/simple_serial_receiver.py
-- Up-to-date symlink: /home/asimkumar/asitlorbotsix_ws/install/asitlorbotsix_firmware/bin/simple_serial_receiver
-- Up-to-date symlink: /home/asimkumar/asitlorbotsix_ws/install/asitlorbotsix_firmware/bin/simple_serial_transmitter
-- Up-to-date symlink: /home/asimkumar/asitlorbotsix_ws/install/asitlorbotsix_firmware/share/asitlorbotsix_firmware/environment/library_path.sh
-- Up-to-date symlink: /home/asimkumar/asitlorbotsix_ws/install/asitlorbotsix_firmware/share/asitlorbotsix_firmware/environment/library_path.dsv
-- Up-to-date symlink: /home/asimkumar/asitlorbotsix_ws/install/asitlorbotsix_firmware/share/ament_index/resource_index/package_run_dependencies/asitlorbotsix_firmware
-- Up-to-date symlink: /home/asimkumar/asitlorbotsix_ws/install/asitlorbotsix_firmware/share/ament_index/resource_index/parent_prefix_path/asitlorbotsix_firmware
-- Up-to-date symlink: /home/asimkumar/asitlorbotsix_ws/install/asitlorbotsix_firmware/share/asitlorbotsix_firmware/environment/ament_prefix_path.sh
-- Up-to-date symlink: /home/asimkumar/asitlorbotsix_ws/install/asitlorbotsix_firmware/share/asitlorbotsix_firmware/environment/ament_prefix_path.dsv
-- Up-to-date symlink: /home/asimkumar/asitlorbotsix_ws/install/asitlorbotsix_firmware/share/asitlorbotsix_firmware/environment/path.sh
-- Up-to-date symlink: /home/asimkumar/asitlorbotsix_ws/install/asitlorbotsix_firmware/share/asitlorbotsix_firmware/environment/path.dsv
-- Up-to-date symlink: /home/asimkumar/asitlorbotsix_ws/install/asitlorbotsix_firmware/share/asitlorbotsix_firmware/local_setup.bash
-- Up-to-date symlink: /home/asimkumar/asitlorbotsix_ws/install/asitlorbotsix_firmware/share/asitlorbotsix_firmware/local_setup.sh
-- Up-to-date symlink: /home/asimkumar/asitlorbotsix_ws/install/asitlorbotsix_firmware/share/asitlorbotsix_firmware/local_setup.zsh
-- Up-to-date symlink: /home/asimkumar/asitlorbotsix_ws/install/asitlorbotsix_firmware/share/asitlorbotsix_firmware/local_setup.dsv
-- Symlinking: /home/asimkumar/asitlorbotsix_ws/install/asitlorbotsix_firmware/share/asitlorbotsix_firmware/package.dsv
-- Up-to-date symlink: /home/asimkumar/asitlorbotsix_ws/install/asitlorbotsix_firmware/share/ament_index/resource_index/packages/asitlorbotsix_firmware
-- Up-to-date symlink: /home/asimkumar/asitlorbotsix_ws/install/asitlorbotsix_firmware/share/ament_index/resource_index/hardware_interface__pluginlib__plugin/asitlorbotsix_firmware
-- Up-to-date symlink: /home/asimkumar/asitlorbotsix_ws/install/asitlorbotsix_firmware/share/asitlorbotsix_firmware/cmake/ament_cmake_export_include_directories-extras.cmake
-- Up-to-date symlink: /home/asimkumar/asitlorbotsix_ws/install/asitlorbotsix_firmware/share/asitlorbotsix_firmware/cmake/ament_cmake_export_libraries-extras.cmake
-- Up-to-date symlink: /home/asimkumar/asitlorbotsix_ws/install/asitlorbotsix_firmware/share/asitlorbotsix_firmware/cmake/ament_cmake_export_dependencies-extras.cmake
-- Up-to-date symlink: /home/asimkumar/asitlorbotsix_ws/install/asitlorbotsix_firmware/share/asitlorbotsix_firmware/cmake/asitlorbotsix_firmwareConfig.cmake
-- Up-to-date symlink: /home/asimkumar/asitlorbotsix_ws/install/asitlorbotsix_firmware/share/asitlorbotsix_firmware/cmake/asitlorbotsix_firmwareConfig-version.cmake
-- Up-to-date symlink: /home/asimkumar/asitlorbotsix_ws/install/asitlorbotsix_firmware/share/asitlorbotsix_firmware/package.xml
Listing '/home/asimkumar/asitlorbotsix_ws/install/asitlorbotsix_firmware/local/lib/python3.10/dist-packages/asitlorbotsix_firmware'...
