[0.490s] Invoking command in '/home/asimkumar/asitlorbotsix_ws/build/asitlorbotsix_localization': CMAKE_PREFIX_PATH=${CMAKE_PREFIX_PATH}:/home/asimkumar/asitlorbotsix_ws/install/asitlorbot_six:/opt/ros/humble /usr/bin/cmake --build /home/asimkumar/asitlorbotsix_ws/build/asitlorbotsix_localization -- -j8 -l8
[0.602s] Built target ament_cmake_python_symlink_asitlorbotsix_localization
[1.012s] running egg_info
[1.013s] writing asitlorbotsix_localization.egg-info/PKG-INFO
[1.013s] writing dependency_links to asitlorbotsix_localization.egg-info/dependency_links.txt
[1.013s] writing top-level names to asitlorbotsix_localization.egg-info/top_level.txt
[1.017s] reading manifest file 'asitlorbotsix_localization.egg-info/SOURCES.txt'
[1.018s] writing manifest file 'asitlorbotsix_localization.egg-info/SOURCES.txt'
[1.065s] Built target ament_cmake_python_build_asitlorbotsix_localization_egg
[1.087s] Invoked command in '/home/asimkumar/asitlorbotsix_ws/build/asitlorbotsix_localization' returned '0': CMAKE_PREFIX_PATH=${CMAKE_PREFIX_PATH}:/home/asimkumar/asitlorbotsix_ws/install/asitlorbot_six:/opt/ros/humble /usr/bin/cmake --build /home/asimkumar/asitlorbotsix_ws/build/asitlorbotsix_localization -- -j8 -l8
[1.138s] Invoking command in '/home/asimkumar/asitlorbotsix_ws/build/asitlorbotsix_localization': CMAKE_PREFIX_PATH=${CMAKE_PREFIX_PATH}:/home/asimkumar/asitlorbotsix_ws/install/asitlorbot_six:/opt/ros/humble /usr/bin/cmake --install /home/asimkumar/asitlorbotsix_ws/build/asitlorbotsix_localization
[1.150s] -- Install configuration: ""
[1.151s] -- Execute custom install script
[1.151s] -- Up-to-date symlink: /home/asimkumar/asitlorbotsix_ws/install/asitlorbotsix_localization/share/asitlorbotsix_localization/environment/pythonpath.sh
[1.152s] -- Up-to-date symlink: /home/asimkumar/asitlorbotsix_ws/install/asitlorbotsix_localization/share/asitlorbotsix_localization/environment/pythonpath.dsv
[1.152s] -- Up-to-date symlink: /home/asimkumar/asitlorbotsix_ws/install/asitlorbotsix_localization/local/lib/python3.10/dist-packages/asitlorbotsix_localization-0.0.0-py3.10.egg-info/PKG-INFO
[1.152s] -- Up-to-date symlink: /home/asimkumar/asitlorbotsix_ws/install/asitlorbotsix_localization/local/lib/python3.10/dist-packages/asitlorbotsix_localization-0.0.0-py3.10.egg-info/SOURCES.txt
[1.153s] -- Up-to-date symlink: /home/asimkumar/asitlorbotsix_ws/install/asitlorbotsix_localization/local/lib/python3.10/dist-packages/asitlorbotsix_localization-0.0.0-py3.10.egg-info/dependency_links.txt
[1.153s] -- Up-to-date symlink: /home/asimkumar/asitlorbotsix_ws/install/asitlorbotsix_localization/local/lib/python3.10/dist-packages/asitlorbotsix_localization-0.0.0-py3.10.egg-info/top_level.txt
[1.154s] -- Up-to-date symlink: /home/asimkumar/asitlorbotsix_ws/install/asitlorbotsix_localization/local/lib/python3.10/dist-packages/asitlorbotsix_localization/__init__.py
[1.154s] -- Up-to-date symlink: /home/asimkumar/asitlorbotsix_ws/install/asitlorbotsix_localization/local/lib/python3.10/dist-packages/asitlorbotsix_localization/imu_republisher.py
[1.154s] -- Up-to-date symlink: /home/asimkumar/asitlorbotsix_ws/install/asitlorbotsix_localization/local/lib/python3.10/dist-packages/asitlorbotsix_localization/rmse.py
[1.155s] -- Up-to-date symlink: /home/asimkumar/asitlorbotsix_ws/install/asitlorbotsix_localization/share/asitlorbotsix_localization/launch/local_localization.launch.py
[1.155s] -- Up-to-date symlink: /home/asimkumar/asitlorbotsix_ws/install/asitlorbotsix_localization/share/asitlorbotsix_localization/config/ekf.yaml
[1.155s] -- Up-to-date symlink: /home/asimkumar/asitlorbotsix_ws/install/asitlorbotsix_localization/lib/asitlorbotsix_localization/imu_republisher.py
[1.155s] -- Up-to-date symlink: /home/asimkumar/asitlorbotsix_ws/install/asitlorbotsix_localization/lib/asitlorbotsix_localization/rmse.py
[1.156s] -- Up-to-date symlink: /home/asimkumar/asitlorbotsix_ws/install/asitlorbotsix_localization/share/ament_index/resource_index/package_run_dependencies/asitlorbotsix_localization
[1.156s] -- Up-to-date symlink: /home/asimkumar/asitlorbotsix_ws/install/asitlorbotsix_localization/share/ament_index/resource_index/parent_prefix_path/asitlorbotsix_localization
[1.156s] -- Up-to-date symlink: /home/asimkumar/asitlorbotsix_ws/install/asitlorbotsix_localization/share/asitlorbotsix_localization/environment/ament_prefix_path.sh
[1.157s] -- Up-to-date symlink: /home/asimkumar/asitlorbotsix_ws/install/asitlorbotsix_localization/share/asitlorbotsix_localization/environment/ament_prefix_path.dsv
[1.157s] -- Up-to-date symlink: /home/asimkumar/asitlorbotsix_ws/install/asitlorbotsix_localization/share/asitlorbotsix_localization/environment/path.sh
[1.157s] -- Up-to-date symlink: /home/asimkumar/asitlorbotsix_ws/install/asitlorbotsix_localization/share/asitlorbotsix_localization/environment/path.dsv
[1.157s] -- Up-to-date symlink: /home/asimkumar/asitlorbotsix_ws/install/asitlorbotsix_localization/share/asitlorbotsix_localization/local_setup.bash
[1.157s] -- Up-to-date symlink: /home/asimkumar/asitlorbotsix_ws/install/asitlorbotsix_localization/share/asitlorbotsix_localization/local_setup.sh
[1.158s] -- Up-to-date symlink: /home/asimkumar/asitlorbotsix_ws/install/asitlorbotsix_localization/share/asitlorbotsix_localization/local_setup.zsh
[1.158s] -- Up-to-date symlink: /home/asimkumar/asitlorbotsix_ws/install/asitlorbotsix_localization/share/asitlorbotsix_localization/local_setup.dsv
[1.158s] -- Symlinking: /home/asimkumar/asitlorbotsix_ws/install/asitlorbotsix_localization/share/asitlorbotsix_localization/package.dsv
[1.174s] -- Up-to-date symlink: /home/asimkumar/asitlorbotsix_ws/install/asitlorbotsix_localization/share/ament_index/resource_index/packages/asitlorbotsix_localization
[1.175s] -- Up-to-date symlink: /home/asimkumar/asitlorbotsix_ws/install/asitlorbotsix_localization/share/asitlorbotsix_localization/cmake/asitlorbotsix_localizationConfig.cmake
[1.175s] -- Up-to-date symlink: /home/asimkumar/asitlorbotsix_ws/install/asitlorbotsix_localization/share/asitlorbotsix_localization/cmake/asitlorbotsix_localizationConfig-version.cmake
[1.175s] -- Up-to-date symlink: /home/asimkumar/asitlorbotsix_ws/install/asitlorbotsix_localization/share/asitlorbotsix_localization/package.xml
[1.229s] Listing '/home/asimkumar/asitlorbotsix_ws/install/asitlorbotsix_localization/local/lib/python3.10/dist-packages/asitlorbotsix_localization'...
[1.240s] Invoked command in '/home/asimkumar/asitlorbotsix_ws/build/asitlorbotsix_localization' returned '0': CMAKE_PREFIX_PATH=${CMAKE_PREFIX_PATH}:/home/asimkumar/asitlorbotsix_ws/install/asitlorbot_six:/opt/ros/humble /usr/bin/cmake --install /home/asimkumar/asitlorbotsix_ws/build/asitlorbotsix_localization
