[0.518s] Invoking command in '/home/asimkumar/asitlorbotsix_ws/build/asitlorbotsix_autonomy': CMAKE_PREFIX_PATH=${CMAKE_PREFIX_PATH}:/home/asimkumar/asitlorbotsix_ws/install/asitlorbot_six:/opt/ros/humble /usr/bin/cmake /home/asimkumar/asitlorbotsix_ws/src/asitlorbotsix_autonomy -DAMENT_CMAKE_SYMLINK_INSTALL=1 -DCMAKE_INSTALL_PREFIX=/home/asimkumar/asitlorbotsix_ws/install/asitlorbotsix_autonomy
[0.809s] -- The C compiler identification is GNU 11.4.0
[1.133s] -- The CXX compiler identification is GNU 11.4.0
[1.172s] -- Detecting C compiler ABI info
[1.396s] -- Detecting C compiler ABI info - done
[1.412s] -- Check for working C compiler: /usr/bin/cc - skipped
[1.414s] -- Detecting C compile features
[1.420s] -- Detecting C compile features - done
[1.432s] -- Detecting CXX compiler ABI info
[1.673s] -- Detecting CXX compiler ABI info - done
[1.696s] -- Check for working CXX compiler: /usr/bin/c++ - skipped
[1.698s] -- Detecting CXX compile features
[1.699s] -- Detecting CXX compile features - done
[1.733s] -- Found ament_cmake: 1.3.8 (/opt/ros/humble/share/ament_cmake/cmake)
[2.142s] -- Found Python3: /usr/bin/python3 (found version "3.10.12") found components: Interpreter 
[2.262s] -- Override CMake install command with custom implementation using symlinks instead of copying resources
[2.382s] -- Found rclcpp: 16.0.8 (/opt/ros/humble/share/rclcpp/cmake)
[2.514s] -- Found rosidl_generator_c: 3.1.5 (/opt/ros/humble/share/rosidl_generator_c/cmake)
[2.533s] -- Found rosidl_adapter: 3.1.5 (/opt/ros/humble/share/rosidl_adapter/cmake)
[2.558s] -- Found rosidl_generator_cpp: 3.1.5 (/opt/ros/humble/share/rosidl_generator_cpp/cmake)
[2.595s] -- Using all available rosidl_typesupport_c: rosidl_typesupport_fastrtps_c;rosidl_typesupport_introspection_c
[2.645s] -- Using all available rosidl_typesupport_cpp: rosidl_typesupport_fastrtps_cpp;rosidl_typesupport_introspection_cpp
[2.818s] -- Found rmw_implementation_cmake: 6.1.1 (/opt/ros/humble/share/rmw_implementation_cmake/cmake)
[2.828s] -- Found rmw_cyclonedds_cpp: 1.3.4 (/opt/ros/humble/share/rmw_cyclonedds_cpp/cmake)
[2.913s] -- Using RMW implementation 'rmw_cyclonedds_cpp' as default
[2.944s] -- Looking for pthread.h
[3.079s] -- Looking for pthread.h - found
[3.080s] -- Performing Test CMAKE_HAVE_LIBC_PTHREAD
[3.209s] -- Performing Test CMAKE_HAVE_LIBC_PTHREAD - Success
[3.211s] -- Found Threads: TRUE  
[3.498s] -- Found ament_lint_auto: 0.12.10 (/opt/ros/humble/share/ament_lint_auto/cmake)
[3.672s] -- Added test 'lint_cmake' to check CMake code style
[3.675s] -- Added test 'xmllint' to check XML markup files
[3.680s] -- Configuring done
[3.688s] -- Generating done
[3.691s] -- Build files have been written to: /home/asimkumar/asitlorbotsix_ws/build/asitlorbotsix_autonomy
[3.705s] Invoked command in '/home/asimkumar/asitlorbotsix_ws/build/asitlorbotsix_autonomy' returned '0': CMAKE_PREFIX_PATH=${CMAKE_PREFIX_PATH}:/home/asimkumar/asitlorbotsix_ws/install/asitlorbot_six:/opt/ros/humble /usr/bin/cmake /home/asimkumar/asitlorbotsix_ws/src/asitlorbotsix_autonomy -DAMENT_CMAKE_SYMLINK_INSTALL=1 -DCMAKE_INSTALL_PREFIX=/home/asimkumar/asitlorbotsix_ws/install/asitlorbotsix_autonomy
[3.708s] Invoking command in '/home/asimkumar/asitlorbotsix_ws/build/asitlorbotsix_autonomy': CMAKE_PREFIX_PATH=${CMAKE_PREFIX_PATH}:/home/asimkumar/asitlorbotsix_ws/install/asitlorbot_six:/opt/ros/humble /usr/bin/cmake --build /home/asimkumar/asitlorbotsix_ws/build/asitlorbotsix_autonomy -- -j8 -l8
[3.784s] Invoked command in '/home/asimkumar/asitlorbotsix_ws/build/asitlorbotsix_autonomy' returned '0': CMAKE_PREFIX_PATH=${CMAKE_PREFIX_PATH}:/home/asimkumar/asitlorbotsix_ws/install/asitlorbot_six:/opt/ros/humble /usr/bin/cmake --build /home/asimkumar/asitlorbotsix_ws/build/asitlorbotsix_autonomy -- -j8 -l8
[3.834s] Invoking command in '/home/asimkumar/asitlorbotsix_ws/build/asitlorbotsix_autonomy': CMAKE_PREFIX_PATH=${CMAKE_PREFIX_PATH}:/home/asimkumar/asitlorbotsix_ws/install/asitlorbot_six:/opt/ros/humble /usr/bin/cmake --install /home/asimkumar/asitlorbotsix_ws/build/asitlorbotsix_autonomy
[3.851s] -- Install configuration: ""
[3.853s] -- Execute custom install script
[3.854s] -- Symlinking: /home/asimkumar/asitlorbotsix_ws/install/asitlorbotsix_autonomy/share/ament_index/resource_index/package_run_dependencies/asitlorbotsix_autonomy
[3.875s] -- Symlinking: /home/asimkumar/asitlorbotsix_ws/install/asitlorbotsix_autonomy/share/ament_index/resource_index/parent_prefix_path/asitlorbotsix_autonomy
[3.897s] -- Symlinking: /home/asimkumar/asitlorbotsix_ws/install/asitlorbotsix_autonomy/share/asitlorbotsix_autonomy/environment/ament_prefix_path.sh
[3.917s] -- Symlinking: /home/asimkumar/asitlorbotsix_ws/install/asitlorbotsix_autonomy/share/asitlorbotsix_autonomy/environment/ament_prefix_path.dsv
[3.935s] -- Symlinking: /home/asimkumar/asitlorbotsix_ws/install/asitlorbotsix_autonomy/share/asitlorbotsix_autonomy/environment/path.sh
[3.952s] -- Symlinking: /home/asimkumar/asitlorbotsix_ws/install/asitlorbotsix_autonomy/share/asitlorbotsix_autonomy/environment/path.dsv
[3.969s] -- Symlinking: /home/asimkumar/asitlorbotsix_ws/install/asitlorbotsix_autonomy/share/asitlorbotsix_autonomy/local_setup.bash
[3.987s] -- Symlinking: /home/asimkumar/asitlorbotsix_ws/install/asitlorbotsix_autonomy/share/asitlorbotsix_autonomy/local_setup.sh
[4.003s] -- Symlinking: /home/asimkumar/asitlorbotsix_ws/install/asitlorbotsix_autonomy/share/asitlorbotsix_autonomy/local_setup.zsh
[4.021s] -- Symlinking: /home/asimkumar/asitlorbotsix_ws/install/asitlorbotsix_autonomy/share/asitlorbotsix_autonomy/local_setup.dsv
[4.038s] -- Symlinking: /home/asimkumar/asitlorbotsix_ws/install/asitlorbotsix_autonomy/share/asitlorbotsix_autonomy/package.dsv
[4.055s] -- Symlinking: /home/asimkumar/asitlorbotsix_ws/install/asitlorbotsix_autonomy/share/ament_index/resource_index/packages/asitlorbotsix_autonomy
[4.072s] -- Symlinking: /home/asimkumar/asitlorbotsix_ws/install/asitlorbotsix_autonomy/share/asitlorbotsix_autonomy/cmake/asitlorbotsix_autonomyConfig.cmake
[4.089s] -- Symlinking: /home/asimkumar/asitlorbotsix_ws/install/asitlorbotsix_autonomy/share/asitlorbotsix_autonomy/cmake/asitlorbotsix_autonomyConfig-version.cmake
[4.107s] -- Symlinking: /home/asimkumar/asitlorbotsix_ws/install/asitlorbotsix_autonomy/share/asitlorbotsix_autonomy/package.xml
[4.129s] Invoked command in '/home/asimkumar/asitlorbotsix_ws/build/asitlorbotsix_autonomy' returned '0': CMAKE_PREFIX_PATH=${CMAKE_PREFIX_PATH}:/home/asimkumar/asitlorbotsix_ws/install/asitlorbot_six:/opt/ros/humble /usr/bin/cmake --install /home/asimkumar/asitlorbotsix_ws/build/asitlorbotsix_autonomy
