[0.534s] Invoking command in '/home/asimkumar/asitlorbotsix_ws/build/asitlotbotsix_controller': CMAKE_PREFIX_PATH=${CMAKE_PREFIX_PATH}:/home/asimkumar/asitlorbotsix_ws/install/asitlorbot_six:/opt/ros/humble /usr/bin/cmake --build /home/asimkumar/asitlorbotsix_ws/build/asitlotbotsix_controller -- -j8 -l8
[0.729s] Built target ament_cmake_python_symlink_asitlotbotsix_controller
[1.383s] running egg_info
[1.385s] writing asitlotbotsix_controller.egg-info/PKG-INFO
[1.386s] writing dependency_links to asitlotbotsix_controller.egg-info/dependency_links.txt
[1.387s] writing top-level names to asitlotbotsix_controller.egg-info/top_level.txt
[1.388s] reading manifest file 'asitlotbotsix_controller.egg-info/SOURCES.txt'
[1.393s] writing manifest file 'asitlotbotsix_controller.egg-info/SOURCES.txt'
[1.476s] Built target ament_cmake_python_build_asitlotbotsix_controller_egg
[1.506s] Invoked command in '/home/asimkumar/asitlorbotsix_ws/build/asitlotbotsix_controller' returned '0': CMAKE_PREFIX_PATH=${CMAKE_PREFIX_PATH}:/home/asimkumar/asitlorbotsix_ws/install/asitlorbot_six:/opt/ros/humble /usr/bin/cmake --build /home/asimkumar/asitlorbotsix_ws/build/asitlotbotsix_controller -- -j8 -l8
[1.586s] Invoking command in '/home/asimkumar/asitlorbotsix_ws/build/asitlotbotsix_controller': CMAKE_PREFIX_PATH=${CMAKE_PREFIX_PATH}:/home/asimkumar/asitlorbotsix_ws/install/asitlorbot_six:/opt/ros/humble /usr/bin/cmake --install /home/asimkumar/asitlorbotsix_ws/build/asitlotbotsix_controller
[1.623s] -- Install configuration: ""
[1.623s] -- Execute custom install script
[1.623s] -- Up-to-date symlink: /home/asimkumar/asitlorbotsix_ws/install/asitlotbotsix_controller/share/asitlotbotsix_controller/environment/pythonpath.sh
[1.623s] -- Up-to-date symlink: /home/asimkumar/asitlorbotsix_ws/install/asitlotbotsix_controller/share/asitlotbotsix_controller/environment/pythonpath.dsv
[1.623s] -- Up-to-date symlink: /home/asimkumar/asitlorbotsix_ws/install/asitlotbotsix_controller/local/lib/python3.10/dist-packages/asitlotbotsix_controller-0.0.0-py3.10.egg-info/PKG-INFO
[1.623s] -- Up-to-date symlink: /home/asimkumar/asitlorbotsix_ws/install/asitlotbotsix_controller/local/lib/python3.10/dist-packages/asitlotbotsix_controller-0.0.0-py3.10.egg-info/SOURCES.txt
[1.624s] -- Up-to-date symlink: /home/asimkumar/asitlorbotsix_ws/install/asitlotbotsix_controller/local/lib/python3.10/dist-packages/asitlotbotsix_controller-0.0.0-py3.10.egg-info/dependency_links.txt
[1.624s] -- Up-to-date symlink: /home/asimkumar/asitlorbotsix_ws/install/asitlotbotsix_controller/local/lib/python3.10/dist-packages/asitlotbotsix_controller-0.0.0-py3.10.egg-info/top_level.txt
[1.625s] -- Up-to-date symlink: /home/asimkumar/asitlorbotsix_ws/install/asitlotbotsix_controller/local/lib/python3.10/dist-packages/asitlotbotsix_controller/__init__.py
[1.625s] -- Up-to-date symlink: /home/asimkumar/asitlorbotsix_ws/install/asitlotbotsix_controller/local/lib/python3.10/dist-packages/asitlotbotsix_controller/circular_motion.py
[1.625s] -- Up-to-date symlink: /home/asimkumar/asitlorbotsix_ws/install/asitlotbotsix_controller/local/lib/python3.10/dist-packages/asitlotbotsix_controller/noisy_controller.py
[1.625s] -- Up-to-date symlink: /home/asimkumar/asitlorbotsix_ws/install/asitlotbotsix_controller/share/asitlotbotsix_controller/config/asitlorbotsix_controllers.yaml
[1.626s] -- Up-to-date symlink: /home/asimkumar/asitlorbotsix_ws/install/asitlotbotsix_controller/share/asitlotbotsix_controller/launch/controller.launch.py
[1.626s] -- Up-to-date symlink: /home/asimkumar/asitlorbotsix_ws/install/asitlotbotsix_controller/lib/asitlotbotsix_controller/noisy_controller.py
[1.626s] -- Up-to-date symlink: /home/asimkumar/asitlorbotsix_ws/install/asitlotbotsix_controller/lib/asitlotbotsix_controller/circular_motion.py
[1.626s] -- Up-to-date symlink: /home/asimkumar/asitlorbotsix_ws/install/asitlotbotsix_controller/share/ament_index/resource_index/package_run_dependencies/asitlotbotsix_controller
[1.626s] -- Up-to-date symlink: /home/asimkumar/asitlorbotsix_ws/install/asitlotbotsix_controller/share/ament_index/resource_index/parent_prefix_path/asitlotbotsix_controller
[1.626s] -- Up-to-date symlink: /home/asimkumar/asitlorbotsix_ws/install/asitlotbotsix_controller/share/asitlotbotsix_controller/environment/ament_prefix_path.sh
[1.627s] -- Up-to-date symlink: /home/asimkumar/asitlorbotsix_ws/install/asitlotbotsix_controller/share/asitlotbotsix_controller/environment/ament_prefix_path.dsv
[1.627s] -- Up-to-date symlink: /home/asimkumar/asitlorbotsix_ws/install/asitlotbotsix_controller/share/asitlotbotsix_controller/environment/path.sh
[1.627s] -- Up-to-date symlink: /home/asimkumar/asitlorbotsix_ws/install/asitlotbotsix_controller/share/asitlotbotsix_controller/environment/path.dsv
[1.627s] -- Up-to-date symlink: /home/asimkumar/asitlorbotsix_ws/install/asitlotbotsix_controller/share/asitlotbotsix_controller/local_setup.bash
[1.627s] -- Up-to-date symlink: /home/asimkumar/asitlorbotsix_ws/install/asitlotbotsix_controller/share/asitlotbotsix_controller/local_setup.sh
[1.627s] -- Up-to-date symlink: /home/asimkumar/asitlorbotsix_ws/install/asitlotbotsix_controller/share/asitlotbotsix_controller/local_setup.zsh
[1.627s] -- Up-to-date symlink: /home/asimkumar/asitlorbotsix_ws/install/asitlotbotsix_controller/share/asitlotbotsix_controller/local_setup.dsv
[1.628s] -- Symlinking: /home/asimkumar/asitlorbotsix_ws/install/asitlotbotsix_controller/share/asitlotbotsix_controller/package.dsv
[1.645s] -- Up-to-date symlink: /home/asimkumar/asitlorbotsix_ws/install/asitlotbotsix_controller/share/ament_index/resource_index/packages/asitlotbotsix_controller
[1.645s] -- Up-to-date symlink: /home/asimkumar/asitlorbotsix_ws/install/asitlotbotsix_controller/share/asitlotbotsix_controller/cmake/asitlotbotsix_controllerConfig.cmake
[1.645s] -- Up-to-date symlink: /home/asimkumar/asitlorbotsix_ws/install/asitlotbotsix_controller/share/asitlotbotsix_controller/cmake/asitlotbotsix_controllerConfig-version.cmake
[1.646s] -- Up-to-date symlink: /home/asimkumar/asitlorbotsix_ws/install/asitlotbotsix_controller/share/asitlotbotsix_controller/package.xml
[1.727s] Listing '/home/asimkumar/asitlorbotsix_ws/install/asitlotbotsix_controller/local/lib/python3.10/dist-packages/asitlotbotsix_controller'...
[1.784s] Invoked command in '/home/asimkumar/asitlorbotsix_ws/build/asitlotbotsix_controller' returned '0': CMAKE_PREFIX_PATH=${CMAKE_PREFIX_PATH}:/home/asimkumar/asitlorbotsix_ws/install/asitlorbot_six:/opt/ros/humble /usr/bin/cmake --install /home/asimkumar/asitlorbotsix_ws/build/asitlotbotsix_controller
